TN:
SF:src/app/global-error.tsx
FN:3,GlobalError
FNF:1
FNH:0
FNDA:0,GlobalError
DA:3,0
LF:1
LH:0
BRDA:19,0,0,0
BRDA:19,0,1,0
BRF:2
BRH:0
end_of_record
TN:
SF:src/app/layout.tsx
FN:15,RootLayout
FNF:1
FNH:0
FNDA:0,RootLayout
DA:2,0
DA:5,0
DA:6,0
DA:7,0
DA:10,0
DA:15,0
LF:6
LH:0
BRF:0
BRH:0
end_of_record
TN:
SF:src/app/page.tsx
FN:10,HomePage
FN:14,(anonymous_4)
FN:16,(anonymous_5)
FN:20,(anonymous_6)
FN:23,(anonymous_7)
FN:93,(anonymous_8)
FNF:6
FNH:0
FNDA:0,HomePage
FNDA:0,(anonymous_4)
FNDA:0,(anonymous_5)
FNDA:0,(anonymous_6)
FNDA:0,(anonymous_7)
FNDA:0,(anonymous_8)
DA:4,0
DA:6,0
DA:7,0
DA:10,0
DA:11,0
DA:12,0
DA:14,0
DA:16,0
DA:17,0
DA:20,0
DA:23,0
DA:24,0
DA:93,0
LF:13
LH:0
BRDA:31,0,0,0
BRF:1
BRH:0
end_of_record
TN:
SF:src/app/admin/layout.tsx
FN:1,AdminLayout
FNF:1
FNH:0
FNDA:0,AdminLayout
DA:1,0
DA:6,0
LF:2
LH:0
BRF:0
BRH:0
end_of_record
TN:
SF:src/app/admin/page.tsx
FN:47,AdminDashboard
FN:69,(anonymous_4)
FN:76,(anonymous_5)
FN:77,(anonymous_6)
FN:86,(anonymous_7)
FN:90,(anonymous_8)
FN:92,(anonymous_9)
FNF:7
FNH:0
FNDA:0,AdminDashboard
FNDA:0,(anonymous_4)
FNDA:0,(anonymous_5)
FNDA:0,(anonymous_6)
FNDA:0,(anonymous_7)
FNDA:0,(anonymous_8)
FNDA:0,(anonymous_9)
DA:4,0
DA:6,0
DA:7,0
DA:8,0
DA:9,0
DA:10,0
DA:11,0
DA:12,0
DA:13,0
DA:18,0
DA:19,0
DA:32,0
DA:33,0
DA:34,0
DA:35,0
DA:38,0
DA:39,0
DA:40,0
DA:41,0
DA:42,0
DA:43,0
DA:44,0
DA:45,0
DA:47,0
DA:48,0
DA:49,0
DA:50,0
DA:51,0
DA:54,0
DA:61,0
DA:67,0
DA:68,0
DA:69,0
DA:70,0
DA:71,0
DA:72,0
DA:76,0
DA:77,0
DA:78,0
DA:86,0
DA:90,0
DA:91,0
DA:92,0
DA:93,0
DA:94,0
DA:98,0
LF:46
LH:0
BRDA:204,0,0,0
BRDA:204,0,1,0
BRDA:231,1,0,0
BRF:3
BRH:0
end_of_record
TN:
SF:src/app/admin/analytics/page.tsx
FN:62,(anonymous_1)
FN:63,(anonymous_2)
FN:75,(anonymous_3)
FN:76,(anonymous_4)
FN:84,(anonymous_5)
FN:93,AdminAnalyticsPage
FN:103,(anonymous_7)
FN:104,(anonymous_8)
FN:105,(anonymous_9)
FN:108,(anonymous_10)
FN:111,(anonymous_11)
FN:112,(anonymous_12)
FN:113,(anonymous_13)
FN:125,(anonymous_14)
FN:126,(anonymous_15)
FN:127,(anonymous_16)
FN:128,(anonymous_17)
FN:138,(anonymous_18)
FN:144,(anonymous_19)
FN:165,(anonymous_20)
FN:230,(anonymous_21)
FN:371,(anonymous_22)
FN:374,(anonymous_23)
FN:381,(anonymous_24)
FN:384,(anonymous_25)
FN:391,(anonymous_26)
FN:394,(anonymous_27)
FN:484,(anonymous_28)
FN:489,(anonymous_29)
FNF:29
FNH:0
FNDA:0,(anonymous_1)
FNDA:0,(anonymous_2)
FNDA:0,(anonymous_3)
FNDA:0,(anonymous_4)
FNDA:0,(anonymous_5)
FNDA:0,AdminAnalyticsPage
FNDA:0,(anonymous_7)
FNDA:0,(anonymous_8)
FNDA:0,(anonymous_9)
FNDA:0,(anonymous_10)
FNDA:0,(anonymous_11)
FNDA:0,(anonymous_12)
FNDA:0,(anonymous_13)
FNDA:0,(anonymous_14)
FNDA:0,(anonymous_15)
FNDA:0,(anonymous_16)
FNDA:0,(anonymous_17)
FNDA:0,(anonymous_18)
FNDA:0,(anonymous_19)
FNDA:0,(anonymous_20)
FNDA:0,(anonymous_21)
FNDA:0,(anonymous_22)
FNDA:0,(anonymous_23)
FNDA:0,(anonymous_24)
FNDA:0,(anonymous_25)
FNDA:0,(anonymous_26)
FNDA:0,(anonymous_27)
FNDA:0,(anonymous_28)
FNDA:0,(anonymous_29)
DA:3,0
DA:4,0
DA:5,0
DA:6,0
DA:13,0
DA:14,0
DA:15,0
DA:21,0
DA:39,0
DA:40,0
DA:57,0
DA:59,0
DA:62,0
DA:63,0
DA:75,0
DA:76,0
DA:84,0
DA:85,0
DA:93,0
DA:94,0
DA:95,0
DA:97,0
DA:98,0
DA:99,0
DA:100,0
DA:103,0
DA:104,0
DA:105,0
DA:108,0
DA:109,0
DA:110,0
DA:111,0
DA:112,0
DA:113,0
DA:115,0
DA:125,0
DA:126,0
DA:127,0
DA:128,0
DA:131,0
DA:132,0
DA:133,0
DA:135,0
DA:138,0
DA:139,0
DA:140,0
DA:141,0
DA:144,0
DA:145,0
DA:146,0
DA:147,0
DA:165,0
DA:230,0
DA:371,0
DA:374,0
DA:381,0
DA:384,0
DA:391,0
DA:394,0
DA:484,0
DA:490,0
LF:61
LH:0
BRDA:109,0,0,0
BRDA:109,0,1,0
BRDA:120,1,0,0
BRDA:120,1,1,0
BRDA:121,2,0,0
BRDA:121,2,1,0
BRDA:139,3,0,0
BRDA:140,4,0,0
BRDA:145,5,0,0
BRDA:146,6,0,0
BRF:10
BRH:0
end_of_record
TN:
SF:src/app/admin/config/page.tsx
FN:226,SystemConfigurationPage
FN:244,(anonymous_2)
FN:251,(anonymous_3)
FN:271,(anonymous_4)
FN:272,(anonymous_5)
FN:278,(anonymous_6)
FN:290,(anonymous_7)
FN:291,(anonymous_8)
FN:310,(anonymous_9)
FN:318,(anonymous_10)
FN:322,(anonymous_11)
FN:326,(anonymous_12)
FN:336,(anonymous_13)
FN:355,(anonymous_14)
FN:376,(anonymous_15)
FN:395,(anonymous_16)
FN:402,(anonymous_17)
FN:419,(anonymous_18)
FN:436,(anonymous_19)
FN:449,(anonymous_20)
FN:460,(anonymous_21)
FN:517,(anonymous_22)
FN:524,(anonymous_23)
FN:527,(anonymous_24)
FN:553,(anonymous_25)
FN:554,(anonymous_26)
FN:574,(anonymous_27)
FN:651,(anonymous_28)
FN:685,(anonymous_29)
FNF:29
FNH:0
FNDA:0,SystemConfigurationPage
FNDA:0,(anonymous_2)
FNDA:0,(anonymous_3)
FNDA:0,(anonymous_4)
FNDA:0,(anonymous_5)
FNDA:0,(anonymous_6)
FNDA:0,(anonymous_7)
FNDA:0,(anonymous_8)
FNDA:0,(anonymous_9)
FNDA:0,(anonymous_10)
FNDA:0,(anonymous_11)
FNDA:0,(anonymous_12)
FNDA:0,(anonymous_13)
FNDA:0,(anonymous_14)
FNDA:0,(anonymous_15)
FNDA:0,(anonymous_16)
FNDA:0,(anonymous_17)
FNDA:0,(anonymous_18)
FNDA:0,(anonymous_19)
FNDA:0,(anonymous_20)
FNDA:0,(anonymous_21)
FNDA:0,(anonymous_22)
FNDA:0,(anonymous_23)
FNDA:0,(anonymous_24)
FNDA:0,(anonymous_25)
FNDA:0,(anonymous_26)
FNDA:0,(anonymous_27)
FNDA:0,(anonymous_28)
FNDA:0,(anonymous_29)
DA:3,0
DA:4,0
DA:5,0
DA:6,0
DA:7,0
DA:8,0
DA:10,0
DA:18,0
DA:21,0
DA:30,0
DA:57,0
DA:58,0
DA:60,0
DA:61,0
DA:64,0
DA:179,0
DA:218,0
DA:226,0
DA:227,0
DA:228,0
DA:229,0
DA:230,0
DA:231,0
DA:232,0
DA:233,0
DA:234,0
DA:238,0
DA:239,0
DA:241,0
DA:244,0
DA:245,0
DA:249,0
DA:251,0
DA:252,0
DA:253,0
DA:254,0
DA:259,0
DA:260,0
DA:261,0
DA:263,0
DA:271,0
DA:272,0
DA:278,0
DA:279,0
DA:280,0
DA:281,0
DA:285,0
DA:288,0
DA:289,0
DA:291,0
DA:292,0
DA:296,0
DA:300,0
DA:302,0
DA:310,0
DA:311,0
DA:312,0
DA:318,0
DA:319,0
DA:322,0
DA:323,0
DA:326,0
DA:327,0
DA:328,0
DA:330,0
DA:336,0
DA:348,0
DA:355,0
DA:376,0
DA:389,0
DA:395,0
DA:402,0
DA:419,0
DA:436,0
DA:449,0
DA:450,0
DA:460,0
DA:461,0
DA:462,0
DA:463,0
DA:464,0
DA:517,0
DA:525,0
DA:527,0
DA:553,0
DA:554,0
DA:575,0
DA:652,0
DA:686,0
LF:89
LH:0
BRDA:245,0,0,0
BRDA:245,0,1,0
BRDA:245,0,2,0
BRDA:280,1,0,0
BRDA:319,2,0,0
BRDA:319,2,1,0
BRDA:338,3,0,0
BRDA:338,3,1,0
BRDA:339,4,0,0
BRDA:348,5,0,0
BRDA:348,6,0,0
BRDA:348,6,1,0
BRDA:356,7,0,0
BRDA:356,7,1,0
BRDA:360,8,0,0
BRDA:360,8,1,0
BRDA:362,9,0,0
BRDA:377,10,0,0
BRDA:377,10,1,0
BRDA:380,11,0,0
BRDA:389,12,0,0
BRDA:393,13,0,0
BRDA:393,13,1,0
BRDA:394,14,0,0
BRDA:394,14,1,0
BRDA:396,15,0,0
BRDA:396,15,1,0
BRDA:404,16,0,0
BRDA:406,17,0,0
BRDA:420,18,0,0
BRDA:420,18,1,0
BRDA:422,19,0,0
BRDA:437,20,0,0
BRDA:437,20,1,0
BRDA:439,21,0,0
BRDA:462,22,0,0
BRDA:463,23,0,0
BRDA:482,24,0,0
BRDA:530,25,0,0
BRDA:530,25,1,0
BRDA:562,26,0,0
BRDA:562,26,1,0
BRDA:567,27,0,0
BRDA:567,27,1,0
BRDA:580,28,0,0
BRDA:585,29,0,0
BRDA:708,30,0,0
BRDA:708,30,1,0
BRDA:709,31,0,0
BRDA:709,31,1,0
BRF:50
BRH:0
end_of_record
TN:
SF:src/app/admin/security/page.tsx
FN:99,SecurityCenterPage
FN:120,(anonymous_2)
FN:122,(anonymous_3)
FN:126,(anonymous_4)
FN:132,(anonymous_5)
FN:162,(anonymous_6)
FN:172,(anonymous_7)
FN:186,(anonymous_8)
FN:196,(anonymous_9)
FN:203,(anonymous_10)
FN:205,(anonymous_11)
FN:209,(anonymous_12)
FN:241,(anonymous_13)
FN:245,(anonymous_14)
FN:288,(anonymous_15)
FN:291,(anonymous_16)
FN:356,(anonymous_17)
FN:356,(anonymous_18)
FN:372,(anonymous_19)
FN:372,(anonymous_20)
FN:388,(anonymous_21)
FN:388,(anonymous_22)
FN:435,(anonymous_23)
FN:486,(anonymous_24)
FN:493,(anonymous_25)
FN:550,(anonymous_26)
FN:563,(anonymous_27)
FN:573,(anonymous_28)
FN:578,(anonymous_29)
FN:609,(anonymous_30)
FN:709,(anonymous_31)
FN:821,(anonymous_32)
FN:855,(anonymous_33)
FN:862,(anonymous_34)
FN:869,(anonymous_35)
FN:876,(anonymous_36)
FNF:36
FNH:0
FNDA:0,SecurityCenterPage
FNDA:0,(anonymous_2)
FNDA:0,(anonymous_3)
FNDA:0,(anonymous_4)
FNDA:0,(anonymous_5)
FNDA:0,(anonymous_6)
FNDA:0,(anonymous_7)
FNDA:0,(anonymous_8)
FNDA:0,(anonymous_9)
FNDA:0,(anonymous_10)
FNDA:0,(anonymous_11)
FNDA:0,(anonymous_12)
FNDA:0,(anonymous_13)
FNDA:0,(anonymous_14)
FNDA:0,(anonymous_15)
FNDA:0,(anonymous_16)
FNDA:0,(anonymous_17)
FNDA:0,(anonymous_18)
FNDA:0,(anonymous_19)
FNDA:0,(anonymous_20)
FNDA:0,(anonymous_21)
FNDA:0,(anonymous_22)
FNDA:0,(anonymous_23)
FNDA:0,(anonymous_24)
FNDA:0,(anonymous_25)
FNDA:0,(anonymous_26)
FNDA:0,(anonymous_27)
FNDA:0,(anonymous_28)
FNDA:0,(anonymous_29)
FNDA:0,(anonymous_30)
FNDA:0,(anonymous_31)
FNDA:0,(anonymous_32)
FNDA:0,(anonymous_33)
FNDA:0,(anonymous_34)
FNDA:0,(anonymous_35)
FNDA:0,(anonymous_36)
DA:3,0
DA:4,0
DA:5,0
DA:6,0
DA:7,0
DA:8,0
DA:16,0
DA:23,0
DA:24,0
DA:25,0
DA:33,0
DA:35,0
DA:36,0
DA:63,0
DA:64,0
DA:66,0
DA:67,0
DA:70,0
DA:83,0
DA:91,0
DA:99,0
DA:100,0
DA:101,0
DA:108,0
DA:109,0
DA:110,0
DA:112,0
DA:113,0
DA:114,0
DA:115,0
DA:117,0
DA:120,0
DA:121,0
DA:122,0
DA:123,0
DA:126,0
DA:130,0
DA:132,0
DA:133,0
DA:135,0
DA:137,0
DA:138,0
DA:140,0
DA:141,0
DA:143,0
DA:144,0
DA:147,0
DA:149,0
DA:154,0
DA:162,0
DA:163,0
DA:164,0
DA:165,0
DA:166,0
DA:167,0
DA:168,0
DA:172,0
DA:173,0
DA:186,0
DA:187,0
DA:188,0
DA:189,0
DA:190,0
DA:191,0
DA:192,0
DA:196,0
DA:197,0
DA:198,0
DA:199,0
DA:200,0
DA:203,0
DA:204,0
DA:205,0
DA:206,0
DA:207,0
DA:209,0
DA:210,0
DA:212,0
DA:213,0
DA:215,0
DA:218,0
DA:241,0
DA:245,0
DA:288,0
DA:291,0
DA:356,0
DA:372,0
DA:388,0
DA:436,0
DA:486,0
DA:493,0
DA:551,0
DA:564,0
DA:573,0
DA:578,0
DA:610,0
DA:710,0
DA:821,0
DA:855,0
DA:862,0
DA:869,0
DA:876,0
LF:102
LH:0
BRDA:121,0,0,0
BRDA:130,1,0,0
BRDA:130,1,1,0
BRDA:135,2,0,0
BRDA:135,2,1,0
BRDA:135,2,2,0
BRDA:163,3,0,0
BRDA:163,3,1,0
BRDA:163,3,2,0
BRDA:163,3,3,0
BRDA:163,3,4,0
BRDA:173,4,0,0
BRDA:187,5,0,0
BRDA:187,5,1,0
BRDA:187,5,2,0
BRDA:187,5,3,0
BRDA:187,5,4,0
BRDA:197,6,0,0
BRDA:198,7,0,0
BRDA:198,8,0,0
BRDA:198,8,1,0
BRDA:198,8,2,0
BRDA:199,9,0,0
BRDA:199,10,0,0
BRDA:199,10,1,0
BRDA:199,10,2,0
BRDA:204,11,0,0
BRDA:204,11,1,0
BRDA:207,12,0,0
BRDA:207,12,1,0
BRDA:209,13,0,0
BRDA:209,13,1,0
BRDA:265,14,0,0
BRDA:265,14,1,0
BRDA:266,15,0,0
BRDA:266,15,1,0
BRDA:417,16,0,0
BRDA:481,17,0,0
BRDA:546,18,0,0
BRDA:559,19,0,0
BRDA:613,20,0,0
BRDA:613,20,1,0
BRDA:614,21,0,0
BRDA:614,21,1,0
BRDA:615,22,0,0
BRDA:615,22,1,0
BRDA:627,23,0,0
BRDA:713,24,0,0
BRDA:713,24,1,0
BRDA:714,25,0,0
BRDA:714,25,1,0
BRDA:715,26,0,0
BRDA:715,26,1,0
BRDA:733,27,0,0
BRDA:733,27,1,0
BRDA:734,28,0,0
BRDA:734,28,1,0
BRDA:820,29,0,0
BRDA:820,29,1,0
BRDA:855,30,0,0
BRDA:855,30,1,0
BRDA:862,31,0,0
BRDA:862,31,1,0
BRDA:869,32,0,0
BRDA:869,32,1,0
BRDA:876,33,0,0
BRDA:876,33,1,0
BRF:67
BRH:0
end_of_record
TN:
SF:src/app/admin/users/page.tsx
FN:73,UserManagementPage
FN:104,(anonymous_2)
FN:105,(anonymous_3)
FN:112,(anonymous_4)
FN:113,(anonymous_5)
FN:116,(anonymous_6)
FN:120,(anonymous_7)
FN:121,(anonymous_8)
FN:124,(anonymous_9)
FN:155,(anonymous_10)
FN:173,(anonymous_11)
FN:196,(anonymous_12)
FN:206,(anonymous_13)
FN:216,(anonymous_14)
FN:307,(anonymous_15)
FN:333,(anonymous_16)
FN:373,(anonymous_17)
FN:389,(anonymous_18)
FN:405,(anonymous_19)
FN:424,(anonymous_20)
FN:429,(anonymous_21)
FN:442,(anonymous_22)
FN:471,(anonymous_23)
FN:481,(anonymous_24)
FN:489,(anonymous_25)
FN:497,(anonymous_26)
FN:546,(anonymous_27)
FN:551,(anonymous_28)
FN:566,(anonymous_29)
FN:630,(anonymous_30)
FN:672,(anonymous_31)
FN:680,(anonymous_32)
FN:687,(anonymous_33)
FN:699,(anonymous_34)
FN:714,(anonymous_35)
FN:759,(anonymous_36)
FN:786,(anonymous_37)
FNF:37
FNH:0
FNDA:0,UserManagementPage
FNDA:0,(anonymous_2)
FNDA:0,(anonymous_3)
FNDA:0,(anonymous_4)
FNDA:0,(anonymous_5)
FNDA:0,(anonymous_6)
FNDA:0,(anonymous_7)
FNDA:0,(anonymous_8)
FNDA:0,(anonymous_9)
FNDA:0,(anonymous_10)
FNDA:0,(anonymous_11)
FNDA:0,(anonymous_12)
FNDA:0,(anonymous_13)
FNDA:0,(anonymous_14)
FNDA:0,(anonymous_15)
FNDA:0,(anonymous_16)
FNDA:0,(anonymous_17)
FNDA:0,(anonymous_18)
FNDA:0,(anonymous_19)
FNDA:0,(anonymous_20)
FNDA:0,(anonymous_21)
FNDA:0,(anonymous_22)
FNDA:0,(anonymous_23)
FNDA:0,(anonymous_24)
FNDA:0,(anonymous_25)
FNDA:0,(anonymous_26)
FNDA:0,(anonymous_27)
FNDA:0,(anonymous_28)
FNDA:0,(anonymous_29)
FNDA:0,(anonymous_30)
FNDA:0,(anonymous_31)
FNDA:0,(anonymous_32)
FNDA:0,(anonymous_33)
FNDA:0,(anonymous_34)
FNDA:0,(anonymous_35)
FNDA:0,(anonymous_36)
FNDA:0,(anonymous_37)
DA:3,0
DA:4,0
DA:5,0
DA:6,0
DA:7,0
DA:8,0
DA:16,0
DA:23,0
DA:24,0
DA:32,0
DA:33,0
DA:35,0
DA:59,0
DA:62,0
DA:63,0
DA:73,0
DA:74,0
DA:75,0
DA:83,0
DA:84,0
DA:85,0
DA:87,0
DA:95,0
DA:96,0
DA:97,0
DA:99,0
DA:101,0
DA:102,0
DA:104,0
DA:105,0
DA:112,0
DA:113,0
DA:114,0
DA:116,0
DA:120,0
DA:121,0
DA:124,0
DA:125,0
DA:126,0
DA:131,0
DA:134,0
DA:135,0
DA:140,0
DA:145,0
DA:147,0
DA:155,0
DA:156,0
DA:157,0
DA:158,0
DA:162,0
DA:163,0
DA:165,0
DA:173,0
DA:174,0
DA:176,0
DA:177,0
DA:181,0
DA:185,0
DA:186,0
DA:188,0
DA:196,0
DA:197,0
DA:198,0
DA:199,0
DA:200,0
DA:201,0
DA:202,0
DA:206,0
DA:207,0
DA:216,0
DA:217,0
DA:218,0
DA:224,0
DA:307,0
DA:334,0
DA:335,0
DA:373,0
DA:389,0
DA:405,0
DA:424,0
DA:429,0
DA:442,0
DA:471,0
DA:481,0
DA:489,0
DA:497,0
DA:547,0
DA:551,0
DA:566,0
DA:631,0
DA:632,0
DA:672,0
DA:681,0
DA:682,0
DA:687,0
DA:699,0
DA:714,0
DA:759,0
DA:787,0
DA:788,0
LF:100
LH:0
BRDA:88,0,0,0
BRDA:88,0,1,0
BRDA:89,1,0,0
BRDA:89,1,1,0
BRDA:90,2,0,0
BRDA:90,2,1,0
BRDA:101,3,0,0
BRDA:101,3,1,0
BRDA:102,4,0,0
BRDA:102,4,1,0
BRDA:108,5,0,0
BRDA:108,5,1,0
BRDA:114,6,0,0
BRDA:114,6,1,0
BRDA:121,7,0,0
BRDA:121,7,1,0
BRDA:125,8,0,0
BRDA:174,9,0,0
BRDA:183,10,0,0
BRDA:183,10,1,0
BRDA:197,11,0,0
BRDA:197,11,1,0
BRDA:197,11,2,0
BRDA:197,11,3,0
BRDA:197,11,4,0
BRDA:224,12,0,0
BRDA:281,13,0,0
BRDA:300,14,0,0
BRDA:341,15,0,0
BRDA:341,15,1,0
BRDA:358,16,0,0
BRDA:358,16,1,0
BRDA:459,17,0,0
BRDA:466,18,0,0
BRDA:466,18,1,0
BRDA:520,19,0,0
BRDA:531,20,0,0
BRDA:531,20,1,0
BRDA:558,21,0,0
BRDA:577,22,0,0
BRDA:577,22,1,0
BRDA:582,23,0,0
BRDA:582,23,1,0
BRDA:583,24,0,0
BRDA:583,24,1,0
BRDA:601,25,0,0
BRDA:601,25,1,0
BRDA:612,26,0,0
BRDA:612,26,1,0
BRDA:613,27,0,0
BRDA:613,27,1,0
BRDA:618,28,0,0
BRDA:618,28,1,0
BRDA:619,29,0,0
BRDA:619,29,1,0
BRDA:664,30,0,0
BRDA:664,30,1,0
BRDA:665,31,0,0
BRDA:665,31,1,0
BRDA:682,32,0,0
BRDA:682,32,1,0
BRDA:685,33,0,0
BRDA:685,33,1,0
BRDA:714,34,0,0
BRDA:714,34,1,0
BRDA:722,35,0,0
BRDA:731,36,0,0
BRDA:750,37,0,0
BRDA:778,38,0,0
BRDA:778,38,1,0
BRDA:794,39,0,0
BRDA:794,39,1,0
BRF:72
BRH:0
end_of_record
TN:
SF:src/app/admin/vms/page.tsx
FN:182,VMManagementPage
FN:199,(anonymous_2)
FN:209,(anonymous_3)
FN:210,(anonymous_4)
FN:213,(anonymous_5)
FN:217,(anonymous_6)
FN:218,(anonymous_7)
FN:221,(anonymous_8)
FN:240,(anonymous_9)
FN:258,(anonymous_10)
FN:268,(anonymous_11)
FN:278,(anonymous_12)
FN:324,(anonymous_13)
FN:340,(anonymous_14)
FN:343,(anonymous_15)
FN:359,(anonymous_16)
FN:362,(anonymous_17)
FN:378,(anonymous_18)
FN:381,(anonymous_19)
FN:410,(anonymous_20)
FN:410,(anonymous_21)
FN:417,(anonymous_22)
FN:417,(anonymous_23)
FN:433,(anonymous_24)
FN:433,(anonymous_25)
FN:462,(anonymous_26)
FN:469,(anonymous_27)
FN:474,(anonymous_28)
FN:506,(anonymous_29)
FN:519,(anonymous_30)
FN:525,(anonymous_31)
FN:690,(anonymous_32)
FN:755,(anonymous_33)
FN:780,(anonymous_34)
FN:818,(anonymous_35)
FN:849,(anonymous_36)
FN:853,(anonymous_37)
FN:862,(anonymous_38)
FN:866,(anonymous_39)
FN:875,(anonymous_40)
FN:879,(anonymous_41)
FNF:41
FNH:0
FNDA:0,VMManagementPage
FNDA:0,(anonymous_2)
FNDA:0,(anonymous_3)
FNDA:0,(anonymous_4)
FNDA:0,(anonymous_5)
FNDA:0,(anonymous_6)
FNDA:0,(anonymous_7)
FNDA:0,(anonymous_8)
FNDA:0,(anonymous_9)
FNDA:0,(anonymous_10)
FNDA:0,(anonymous_11)
FNDA:0,(anonymous_12)
FNDA:0,(anonymous_13)
FNDA:0,(anonymous_14)
FNDA:0,(anonymous_15)
FNDA:0,(anonymous_16)
FNDA:0,(anonymous_17)
FNDA:0,(anonymous_18)
FNDA:0,(anonymous_19)
FNDA:0,(anonymous_20)
FNDA:0,(anonymous_21)
FNDA:0,(anonymous_22)
FNDA:0,(anonymous_23)
FNDA:0,(anonymous_24)
FNDA:0,(anonymous_25)
FNDA:0,(anonymous_26)
FNDA:0,(anonymous_27)
FNDA:0,(anonymous_28)
FNDA:0,(anonymous_29)
FNDA:0,(anonymous_30)
FNDA:0,(anonymous_31)
FNDA:0,(anonymous_32)
FNDA:0,(anonymous_33)
FNDA:0,(anonymous_34)
FNDA:0,(anonymous_35)
FNDA:0,(anonymous_36)
FNDA:0,(anonymous_37)
FNDA:0,(anonymous_38)
FNDA:0,(anonymous_39)
FNDA:0,(anonymous_40)
FNDA:0,(anonymous_41)
DA:3,0
DA:4,0
DA:5,0
DA:6,0
DA:7,0
DA:8,0
DA:16,0
DA:23,0
DA:24,0
DA:25,0
DA:33,0
DA:34,0
DA:35,0
DA:36,0
DA:63,0
DA:64,0
DA:66,0
DA:67,0
DA:70,0
DA:149,0
DA:182,0
DA:183,0
DA:184,0
DA:185,0
DA:190,0
DA:191,0
DA:193,0
DA:194,0
DA:195,0
DA:197,0
DA:199,0
DA:200,0
DA:201,0
DA:202,0
DA:206,0
DA:209,0
DA:210,0
DA:211,0
DA:213,0
DA:217,0
DA:218,0
DA:221,0
DA:222,0
DA:223,0
DA:228,0
DA:232,0
DA:237,0
DA:240,0
DA:241,0
DA:242,0
DA:243,0
DA:247,0
DA:248,0
DA:250,0
DA:258,0
DA:259,0
DA:260,0
DA:261,0
DA:262,0
DA:263,0
DA:264,0
DA:268,0
DA:269,0
DA:278,0
DA:279,0
DA:280,0
DA:281,0
DA:324,0
DA:340,0
DA:343,0
DA:359,0
DA:362,0
DA:378,0
DA:381,0
DA:410,0
DA:417,0
DA:433,0
DA:462,0
DA:470,0
DA:474,0
DA:506,0
DA:520,0
DA:525,0
DA:690,0
DA:756,0
DA:757,0
DA:781,0
DA:818,0
DA:849,0
DA:853,0
DA:862,0
DA:866,0
DA:875,0
DA:879,0
LF:94
LH:0
BRDA:200,0,0,0
BRDA:200,0,1,0
BRDA:201,1,0,0
BRDA:201,1,1,0
BRDA:202,2,0,0
BRDA:202,2,1,0
BRDA:202,2,2,0
BRDA:206,3,0,0
BRDA:206,3,1,0
BRDA:206,3,2,0
BRDA:211,4,0,0
BRDA:211,4,1,0
BRDA:218,5,0,0
BRDA:218,5,1,0
BRDA:222,6,0,0
BRDA:259,7,0,0
BRDA:259,7,1,0
BRDA:259,7,2,0
BRDA:259,7,3,0
BRDA:259,7,4,0
BRDA:279,8,0,0
BRDA:280,9,0,0
BRDA:450,10,0,0
BRDA:457,11,0,0
BRDA:457,11,1,0
BRDA:505,12,0,0
BRDA:505,12,1,0
BRDA:617,13,0,0
BRDA:617,13,1,0
BRDA:621,14,0,0
BRDA:621,14,1,0
BRDA:683,15,0,0
BRDA:763,16,0,0
BRDA:763,16,1,0
BRDA:775,17,0,0
BRDA:784,18,0,0
BRDA:784,18,1,0
BRDA:785,19,0,0
BRDA:785,19,1,0
BRF:39
BRH:0
end_of_record
TN:
SF:src/app/analytics/page.tsx
FN:61,(anonymous_3)
FN:62,(anonymous_4)
FN:65,(anonymous_5)
FN:69,AnalyticsPage
FN:73,(anonymous_7)
FN:76,(anonymous_8)
FN:220,(anonymous_9)
FN:226,(anonymous_10)
FN:551,(anonymous_11)
FN:551,(anonymous_12)
FNF:10
FNH:0
FNDA:0,(anonymous_3)
FNDA:0,(anonymous_4)
FNDA:0,(anonymous_5)
FNDA:0,AnalyticsPage
FNDA:0,(anonymous_7)
FNDA:0,(anonymous_8)
FNDA:0,(anonymous_9)
FNDA:0,(anonymous_10)
FNDA:0,(anonymous_11)
FNDA:0,(anonymous_12)
DA:3,0
DA:6,0
DA:7,0
DA:8,0
DA:9,0
DA:10,0
DA:30,0
DA:31,0
DA:44,0
DA:47,0
DA:61,0
DA:62,0
DA:65,0
DA:66,0
DA:67,0
DA:69,0
DA:70,0
DA:71,0
DA:73,0
DA:74,0
DA:76,0
DA:77,0
DA:81,0
DA:104,0
DA:125,0
DA:146,0
DA:163,0
DA:177,0
DA:192,0
DA:203,0
DA:220,0
DA:221,0
DA:222,0
DA:223,0
DA:226,0
DA:551,0
DA:552,0
LF:37
LH:0
BRDA:221,0,0,0
BRDA:222,1,0,0
BRDA:257,2,0,0
BRDA:257,2,1,0
BRDA:551,3,0,0
BRDA:551,3,1,0
BRF:6
BRH:0
end_of_record
TN:
SF:src/app/auth/layout.tsx
FN:7,AuthLayout
FNF:1
FNH:0
FNDA:0,AuthLayout
DA:7,0
LF:1
LH:0
BRF:0
BRH:0
end_of_record
TN:
SF:src/app/auth/forgot-password/page.tsx
FN:17,ForgotPasswordPage
FN:24,onSubmit
FN:70,(anonymous_6)
FN:88,(anonymous_7)
FNF:4
FNH:0
FNDA:0,ForgotPasswordPage
FNDA:0,onSubmit
FNDA:0,(anonymous_6)
FNDA:0,(anonymous_7)
DA:4,0
DA:6,0
DA:7,0
DA:8,0
DA:9,0
DA:10,0
DA:11,0
DA:12,0
DA:13,0
DA:14,0
DA:15,0
DA:17,0
DA:18,0
DA:19,0
DA:20,0
DA:21,0
DA:22,0
DA:25,0
DA:26,0
DA:28,0
DA:29,0
DA:31,0
DA:36,0
DA:38,0
DA:44,0
DA:70,0
DA:88,0
LF:27
LH:0
BRDA:54,0,0,0
BRDA:54,0,1,0
BRDA:61,1,0,0
BRDA:93,2,0,0
BRF:4
BRH:0
end_of_record
TN:
SF:src/app/auth/login/page.tsx
FN:17,LoginPage
FN:24,onSubmit
FN:79,(anonymous_6)
FN:92,(anonymous_7)
FNF:4
FNH:0
FNDA:0,LoginPage
FNDA:0,onSubmit
FNDA:0,(anonymous_6)
FNDA:0,(anonymous_7)
DA:4,0
DA:6,0
DA:7,0
DA:8,0
DA:9,0
DA:10,0
DA:11,0
DA:12,0
DA:13,0
DA:14,0
DA:15,0
DA:17,0
DA:18,0
DA:19,0
DA:20,0
DA:21,0
DA:22,0
DA:25,0
DA:26,0
DA:28,0
DA:29,0
DA:32,0
DA:34,0
DA:40,0
DA:41,0
DA:43,0
DA:45,0
DA:47,0
DA:53,0
DA:79,0
DA:92,0
LF:31
LH:0
BRDA:36,0,0,0
BRDA:36,0,1,0
BRDA:40,1,0,0
BRDA:40,1,1,0
BRDA:97,2,0,0
BRF:5
BRH:0
end_of_record
TN:
SF:src/app/auth/register/page.tsx
FN:14,RegisterPage
FN:19,onComplete
FNF:2
FNH:0
FNDA:0,RegisterPage
FNDA:0,onComplete
DA:4,0
DA:6,0
DA:7,0
DA:8,0
DA:9,0
DA:11,0
DA:12,0
DA:14,0
DA:15,0
DA:16,0
DA:17,0
DA:20,0
DA:22,0
DA:24,0
DA:39,0
DA:40,0
DA:45,0
DA:47,0
LF:18
LH:0
BRF:0
BRH:0
end_of_record
TN:
SF:src/app/auth/setup-2fa/page.tsx
FN:18,Setup2FAPage
FN:33,(anonymous_5)
FN:37,(anonymous_6)
FN:50,(anonymous_7)
FN:75,(anonymous_8)
FN:142,(anonymous_9)
FN:157,(anonymous_10)
FN:195,(anonymous_11)
FN:224,(anonymous_12)
FNF:9
FNH:0
FNDA:0,Setup2FAPage
FNDA:0,(anonymous_5)
FNDA:0,(anonymous_6)
FNDA:0,(anonymous_7)
FNDA:0,(anonymous_8)
FNDA:0,(anonymous_9)
FNDA:0,(anonymous_10)
FNDA:0,(anonymous_11)
FNDA:0,(anonymous_12)
DA:4,0
DA:6,0
DA:7,0
DA:8,0
DA:10,0
DA:11,0
DA:12,0
DA:13,0
DA:14,0
DA:15,0
DA:16,0
DA:18,0
DA:19,0
DA:20,0
DA:21,0
DA:22,0
DA:23,0
DA:24,0
DA:27,0
DA:28,0
DA:33,0
DA:34,0
DA:37,0
DA:38,0
DA:40,0
DA:41,0
DA:42,0
DA:45,0
DA:46,0
DA:48,0
DA:50,0
DA:53,0
DA:54,0
DA:55,0
DA:60,0
DA:63,0
DA:64,0
DA:66,0
DA:75,0
DA:76,0
DA:143,0
DA:157,0
DA:195,0
DA:224,0
LF:44
LH:0
BRDA:28,0,0,0
BRDA:28,0,1,0
BRDA:40,1,0,0
BRDA:40,2,0,0
BRDA:40,2,1,0
BRDA:40,2,2,0
BRDA:53,3,0,0
BRDA:53,3,1,0
BRDA:53,4,0,0
BRDA:53,4,1,0
BRDA:63,5,0,0
BRDA:63,5,1,0
BRDA:89,6,0,0
BRDA:142,7,0,0
BRDA:142,8,0,0
BRDA:142,8,1,0
BRDA:144,9,0,0
BRDA:144,9,1,0
BRDA:174,10,0,0
BRDA:196,11,0,0
BRDA:196,11,1,0
BRDA:199,12,0,0
BRDA:207,13,0,0
BRDA:207,13,1,0
BRDA:211,14,0,0
BRDA:245,15,0,0
BRF:26
BRH:0
end_of_record
TN:
SF:src/app/core/vms/fetchAction.ts
FN:5,fetchAction
FNF:1
FNH:0
FNDA:0,fetchAction
DA:3,0
DA:5,0
DA:6,0
LF:3
LH:0
BRF:0
BRH:0
end_of_record
TN:
SF:src/app/core/vms/page.tsx
FN:28,CoreVMsPage
FN:37,(anonymous_5)
FN:43,(anonymous_6)
FN:44,(anonymous_7)
FN:45,(anonymous_8)
FN:49,(anonymous_9)
FN:55,(anonymous_10)
FN:59,(anonymous_11)
FN:71,(anonymous_12)
FN:72,(anonymous_13)
FN:76,(anonymous_14)
FN:81,(anonymous_15)
FN:82,(anonymous_16)
FN:86,(anonymous_17)
FN:91,(anonymous_18)
FN:92,(anonymous_19)
FN:96,(anonymous_20)
FN:101,(anonymous_21)
FN:102,(anonymous_22)
FN:106,(anonymous_23)
FN:111,(anonymous_24)
FN:112,(anonymous_25)
FN:116,(anonymous_26)
FN:135,(anonymous_27)
FN:146,(anonymous_28)
FN:149,(anonymous_29)
FN:153,(anonymous_30)
FN:180,(anonymous_31)
FN:197,(anonymous_32)
FN:198,(anonymous_33)
FN:199,(anonymous_34)
FN:200,(anonymous_35)
FN:201,(anonymous_36)
FN:214,(anonymous_37)
FN:214,(anonymous_38)
FN:215,(anonymous_39)
FN:215,(anonymous_40)
FNF:37
FNH:0
FNDA:0,CoreVMsPage
FNDA:0,(anonymous_5)
FNDA:0,(anonymous_6)
FNDA:0,(anonymous_7)
FNDA:0,(anonymous_8)
FNDA:0,(anonymous_9)
FNDA:0,(anonymous_10)
FNDA:0,(anonymous_11)
FNDA:0,(anonymous_12)
FNDA:0,(anonymous_13)
FNDA:0,(anonymous_14)
FNDA:0,(anonymous_15)
FNDA:0,(anonymous_16)
FNDA:0,(anonymous_17)
FNDA:0,(anonymous_18)
FNDA:0,(anonymous_19)
FNDA:0,(anonymous_20)
FNDA:0,(anonymous_21)
FNDA:0,(anonymous_22)
FNDA:0,(anonymous_23)
FNDA:0,(anonymous_24)
FNDA:0,(anonymous_25)
FNDA:0,(anonymous_26)
FNDA:0,(anonymous_27)
FNDA:0,(anonymous_28)
FNDA:0,(anonymous_29)
FNDA:0,(anonymous_30)
FNDA:0,(anonymous_31)
FNDA:0,(anonymous_32)
FNDA:0,(anonymous_33)
FNDA:0,(anonymous_34)
FNDA:0,(anonymous_35)
FNDA:0,(anonymous_36)
FNDA:0,(anonymous_37)
FNDA:0,(anonymous_38)
FNDA:0,(anonymous_39)
FNDA:0,(anonymous_40)
DA:3,0
DA:6,0
DA:7,0
DA:8,0
DA:11,0
DA:12,0
DA:15,0
DA:16,0
DA:17,0
DA:18,0
DA:19,0
DA:20,0
DA:21,0
DA:22,0
DA:24,0
DA:28,0
DA:29,0
DA:30,0
DA:31,0
DA:32,0
DA:33,0
DA:34,0
DA:37,0
DA:39,0
DA:41,0
DA:43,0
DA:44,0
DA:45,0
DA:49,0
DA:50,0
DA:51,0
DA:52,0
DA:55,0
DA:56,0
DA:59,0
DA:60,0
DA:61,0
DA:62,0
DA:63,0
DA:64,0
DA:69,0
DA:70,0
DA:71,0
DA:73,0
DA:74,0
DA:77,0
DA:80,0
DA:81,0
DA:83,0
DA:84,0
DA:87,0
DA:90,0
DA:91,0
DA:93,0
DA:94,0
DA:97,0
DA:100,0
DA:101,0
DA:103,0
DA:104,0
DA:107,0
DA:110,0
DA:111,0
DA:113,0
DA:114,0
DA:117,0
DA:121,0
DA:135,0
DA:146,0
DA:149,0
DA:153,0
DA:181,0
DA:197,0
DA:198,0
DA:199,0
DA:200,0
DA:201,0
DA:214,0
DA:215,0
LF:79
LH:0
BRDA:39,0,0,0
BRDA:39,0,1,0
BRDA:52,1,0,0
BRDA:52,2,0,0
BRDA:52,2,1,0
BRDA:60,3,0,0
BRDA:60,3,1,0
BRDA:60,3,2,0
BRDA:60,3,3,0
BRDA:77,4,0,0
BRDA:77,4,1,0
BRDA:87,5,0,0
BRDA:87,5,1,0
BRDA:97,6,0,0
BRDA:97,6,1,0
BRDA:107,7,0,0
BRDA:107,7,1,0
BRDA:117,8,0,0
BRDA:117,8,1,0
BRDA:129,9,0,0
BRDA:129,9,1,0
BRDA:129,10,0,0
BRDA:129,10,1,0
BRDA:129,11,0,0
BRDA:129,11,1,0
BRDA:130,12,0,0
BRDA:130,12,1,0
BRDA:163,13,0,0
BRDA:165,14,0,0
BRDA:164,15,0,0
BRDA:164,15,1,0
BRDA:164,15,2,0
BRDA:180,16,0,0
BRDA:180,16,1,0
BRDA:193,17,0,0
BRDA:193,17,1,0
BRDA:197,18,0,0
BRDA:197,18,1,0
BRDA:198,19,0,0
BRDA:198,19,1,0
BRDA:199,20,0,0
BRDA:199,20,1,0
BRDA:200,21,0,0
BRDA:200,21,1,0
BRDA:201,22,0,0
BRDA:201,22,1,0
BRDA:211,23,0,0
BRDA:211,23,1,0
BRDA:211,24,0,0
BRDA:211,24,1,0
BRDA:211,25,0,0
BRDA:211,25,1,0
BRDA:211,26,0,0
BRDA:211,26,1,0
BRDA:214,27,0,0
BRDA:214,27,1,0
BRDA:214,28,0,0
BRDA:214,28,1,0
BRDA:215,29,0,0
BRDA:215,29,1,0
BRDA:215,30,0,0
BRDA:215,30,1,0
BRDA:215,31,0,0
BRDA:215,31,1,0
BRF:64
BRH:0
end_of_record
TN:
SF:src/app/core/vms/[id]/page.tsx
FN:19,VMDetailPage
FN:27,(anonymous_5)
FN:42,(anonymous_6)
FN:50,(anonymous_7)
FN:104,(anonymous_8)
FN:112,(anonymous_9)
FN:113,(anonymous_10)
FN:114,(anonymous_11)
FN:115,(anonymous_12)
FN:116,(anonymous_13)
FNF:10
FNH:0
FNDA:0,VMDetailPage
FNDA:0,(anonymous_5)
FNDA:0,(anonymous_6)
FNDA:0,(anonymous_7)
FNDA:0,(anonymous_8)
FNDA:0,(anonymous_9)
FNDA:0,(anonymous_10)
FNDA:0,(anonymous_11)
FNDA:0,(anonymous_12)
FNDA:0,(anonymous_13)
DA:4,0
DA:6,0
DA:7,0
DA:8,0
DA:9,0
DA:11,0
DA:12,0
DA:14,0
DA:15,0
DA:16,0
DA:17,0
DA:19,0
DA:20,0
DA:21,0
DA:22,0
DA:23,0
DA:24,0
DA:26,0
DA:27,0
DA:28,0
DA:29,0
DA:30,0
DA:34,0
DA:36,0
DA:37,0
DA:38,0
DA:39,0
DA:40,0
DA:42,0
DA:43,0
DA:44,0
DA:45,0
DA:46,0
DA:47,0
DA:50,0
DA:51,0
DA:52,0
DA:53,0
DA:54,0
DA:55,0
DA:105,0
DA:112,0
DA:113,0
DA:114,0
DA:115,0
DA:116,0
LF:46
LH:0
BRDA:21,0,0,0
BRDA:21,0,1,0
BRDA:21,1,0,0
BRDA:21,1,1,0
BRDA:30,2,0,0
BRDA:30,3,0,0
BRDA:30,3,1,0
BRDA:43,4,0,0
BRDA:44,5,0,0
BRDA:45,6,0,0
BRDA:46,7,0,0
BRDA:47,8,0,0
BRDA:51,9,0,0
BRDA:51,10,0,0
BRDA:51,10,1,0
BRDA:52,11,0,0
BRDA:52,12,0,0
BRDA:52,12,1,0
BRDA:53,13,0,0
BRDA:53,14,0,0
BRDA:53,14,1,0
BRDA:54,15,0,0
BRDA:54,16,0,0
BRDA:54,16,1,0
BRDA:55,17,0,0
BRDA:55,18,0,0
BRDA:55,18,1,0
BRDA:69,19,0,0
BRDA:71,20,0,0
BRDA:71,21,0,0
BRDA:71,21,1,0
BRDA:73,22,0,0
BRDA:89,23,0,0
BRDA:89,23,1,0
BRDA:100,24,0,0
BRDA:100,24,1,0
BRDA:100,25,0,0
BRDA:100,25,1,0
BRDA:112,26,0,0
BRDA:112,26,1,0
BRDA:113,27,0,0
BRDA:113,27,1,0
BRDA:114,28,0,0
BRDA:114,28,1,0
BRDA:115,29,0,0
BRDA:115,29,1,0
BRDA:116,30,0,0
BRDA:116,30,1,0
BRDA:117,31,0,0
BRF:49
BRH:0
end_of_record
TN:
SF:src/app/dashboard/page-updated.tsx
FN:12,ComprehensiveDashboard
FN:15,(anonymous_4)
FN:16,(anonymous_5)
FN:20,(anonymous_6)
FNF:4
FNH:0
FNDA:0,ComprehensiveDashboard
FNDA:0,(anonymous_4)
FNDA:0,(anonymous_5)
FNDA:0,(anonymous_6)
DA:3,0
DA:6,0
DA:7,0
DA:8,0
DA:9,0
DA:10,0
DA:12,0
DA:13,0
DA:15,0
DA:16,0
DA:17,0
DA:20,0
DA:23,0
LF:13
LH:0
BRDA:23,0,0,0
BRF:1
BRH:0
end_of_record
TN:
SF:src/app/dashboard/page.tsx
FN:8,DashboardPage
FNF:1
FNH:0
FNDA:0,DashboardPage
DA:4,0
DA:6,0
DA:8,0
DA:9,0
LF:4
LH:0
BRF:0
BRH:0
end_of_record
TN:
SF:src/app/dashboard/unified-dashboard.tsx
FN:48,UnifiedDashboard
FN:70,(anonymous_2)
FN:77,(anonymous_3)
FN:78,(anonymous_4)
FN:87,(anonymous_5)
FN:91,(anonymous_6)
FN:93,(anonymous_7)
FN:99,(anonymous_8)
FN:175,(anonymous_9)
FN:177,(anonymous_10)
FN:215,(anonymous_11)
FN:339,(anonymous_12)
FNF:12
FNH:0
FNDA:0,UnifiedDashboard
FNDA:0,(anonymous_2)
FNDA:0,(anonymous_3)
FNDA:0,(anonymous_4)
FNDA:0,(anonymous_5)
FNDA:0,(anonymous_6)
FNDA:0,(anonymous_7)
FNDA:0,(anonymous_8)
FNDA:0,(anonymous_9)
FNDA:0,(anonymous_10)
FNDA:0,(anonymous_11)
FNDA:0,(anonymous_12)
DA:3,0
DA:4,0
DA:5,0
DA:6,0
DA:7,0
DA:8,0
DA:9,0
DA:10,0
DA:11,0
DA:12,0
DA:13,0
DA:19,0
DA:34,0
DA:35,0
DA:36,0
DA:37,0
DA:40,0
DA:48,0
DA:49,0
DA:50,0
DA:51,0
DA:52,0
DA:53,0
DA:56,0
DA:63,0
DA:68,0
DA:69,0
DA:70,0
DA:71,0
DA:72,0
DA:73,0
DA:77,0
DA:78,0
DA:79,0
DA:87,0
DA:91,0
DA:92,0
DA:93,0
DA:94,0
DA:95,0
DA:99,0
DA:100,0
DA:104,0
DA:107,0
DA:177,0
DA:215,0
DA:339,0
DA:361,0
LF:48
LH:0
BRDA:104,0,0,0
BRDA:104,0,1,0
BRDA:202,1,0,0
BRDA:202,1,1,0
BRDA:260,2,0,0
BRDA:260,2,1,0
BRDA:276,3,0,0
BRDA:306,4,0,0
BRF:8
BRH:0
end_of_record
TN:
SF:src/app/monitoring/page.tsx
FN:8,MonitoringPage
FNF:1
FNH:0
FNDA:0,MonitoringPage
DA:4,0
DA:6,0
DA:8,0
DA:9,0
LF:4
LH:0
BRF:0
BRH:0
end_of_record
TN:
SF:src/app/network/page.tsx
FN:153,NetworkPage
FN:161,(anonymous_4)
FN:169,(anonymous_5)
FN:180,(anonymous_6)
FN:191,(anonymous_7)
FN:201,(anonymous_8)
FN:210,(anonymous_9)
FN:218,(anonymous_10)
FN:219,(anonymous_11)
FN:220,(anonymous_12)
FN:225,(anonymous_13)
FN:229,(anonymous_14)
FN:237,(anonymous_15)
FN:363,(anonymous_16)
FN:384,(anonymous_17)
FN:494,(anonymous_18)
FN:506,(anonymous_19)
FN:583,(anonymous_20)
FNF:18
FNH:0
FNDA:0,NetworkPage
FNDA:0,(anonymous_4)
FNDA:0,(anonymous_5)
FNDA:0,(anonymous_6)
FNDA:0,(anonymous_7)
FNDA:0,(anonymous_8)
FNDA:0,(anonymous_9)
FNDA:0,(anonymous_10)
FNDA:0,(anonymous_11)
FNDA:0,(anonymous_12)
FNDA:0,(anonymous_13)
FNDA:0,(anonymous_14)
FNDA:0,(anonymous_15)
FNDA:0,(anonymous_16)
FNDA:0,(anonymous_17)
FNDA:0,(anonymous_18)
FNDA:0,(anonymous_19)
FNDA:0,(anonymous_20)
DA:4,0
DA:6,0
DA:7,0
DA:8,0
DA:9,0
DA:10,0
DA:11,0
DA:12,0
DA:13,0
DA:31,0
DA:32,0
DA:33,0
DA:36,0
DA:99,0
DA:153,0
DA:154,0
DA:155,0
DA:156,0
DA:157,0
DA:158,0
DA:161,0
DA:162,0
DA:164,0
DA:166,0
DA:169,0
DA:170,0
DA:171,0
DA:172,0
DA:174,0
DA:175,0
DA:176,0
DA:180,0
DA:181,0
DA:191,0
DA:192,0
DA:201,0
DA:202,0
DA:203,0
DA:204,0
DA:205,0
DA:206,0
DA:207,0
DA:210,0
DA:211,0
DA:212,0
DA:213,0
DA:216,0
DA:218,0
DA:219,0
DA:220,0
DA:224,0
DA:225,0
DA:229,0
DA:237,0
DA:246,0
DA:363,0
DA:385,0
DA:495,0
DA:506,0
DA:584,0
LF:60
LH:0
BRDA:162,0,0,0
BRDA:162,0,1,0
BRDA:164,1,0,0
BRDA:164,1,1,0
BRDA:166,2,0,0
BRDA:166,2,1,0
BRDA:170,3,0,0
BRDA:170,3,1,0
BRDA:170,3,2,0
BRDA:170,3,3,0
BRDA:170,3,4,0
BRDA:170,3,5,0
BRDA:181,4,0,0
BRDA:181,4,1,0
BRDA:201,5,0,0
BRDA:202,6,0,0
BRDA:204,7,0,0
BRDA:204,7,1,0
BRDA:211,8,0,0
BRDA:212,9,0,0
BRDA:446,10,0,0
BRDA:446,10,1,0
BRDA:452,11,0,0
BRDA:452,11,1,0
BRDA:537,12,0,0
BRDA:537,12,1,0
BRDA:540,13,0,0
BRDA:540,13,1,0
BRF:28
BRH:0
end_of_record
TN:
SF:src/app/security/page.tsx
FN:138,SecurityPage
FN:145,(anonymous_4)
FN:155,(anonymous_5)
FN:166,(anonymous_6)
FN:178,(anonymous_7)
FN:179,(anonymous_8)
FN:181,(anonymous_9)
FN:182,(anonymous_10)
FN:298,(anonymous_11)
FN:320,(anonymous_12)
FN:382,(anonymous_13)
FN:413,(anonymous_14)
FNF:12
FNH:0
FNDA:0,SecurityPage
FNDA:0,(anonymous_4)
FNDA:0,(anonymous_5)
FNDA:0,(anonymous_6)
FNDA:0,(anonymous_7)
FNDA:0,(anonymous_8)
FNDA:0,(anonymous_9)
FNDA:0,(anonymous_10)
FNDA:0,(anonymous_11)
FNDA:0,(anonymous_12)
FNDA:0,(anonymous_13)
FNDA:0,(anonymous_14)
DA:4,0
DA:6,0
DA:7,0
DA:8,0
DA:9,0
DA:10,0
DA:11,0
DA:12,0
DA:13,0
DA:31,0
DA:32,0
DA:33,0
DA:36,0
DA:72,0
DA:108,0
DA:138,0
DA:139,0
DA:140,0
DA:141,0
DA:142,0
DA:143,0
DA:145,0
DA:146,0
DA:147,0
DA:148,0
DA:149,0
DA:150,0
DA:151,0
DA:155,0
DA:156,0
DA:158,0
DA:159,0
DA:160,0
DA:161,0
DA:162,0
DA:166,0
DA:167,0
DA:176,0
DA:178,0
DA:179,0
DA:181,0
DA:182,0
DA:298,0
DA:321,0
DA:383,0
DA:414,0
LF:46
LH:0
BRDA:146,0,0,0
BRDA:146,0,1,0
BRDA:146,0,2,0
BRDA:146,0,3,0
BRDA:146,0,4,0
BRDA:156,1,0,0
BRDA:156,1,1,0
BRDA:156,1,2,0
BRDA:156,1,3,0
BRDA:156,1,4,0
BRDA:156,1,5,0
BRDA:179,2,0,0
BRDA:179,2,1,0
BRDA:181,3,0,0
BRDA:181,3,1,0
BRDA:217,4,0,0
BRDA:268,5,0,0
BRDA:273,6,0,0
BRDA:273,6,1,0
BRDA:274,7,0,0
BRDA:274,7,1,0
BRDA:396,8,0,0
BRDA:396,8,1,0
BRF:23
BRH:0
end_of_record
TN:
SF:src/app/settings/page.tsx
FN:36,SettingsPage
FN:77,(anonymous_4)
FN:79,(anonymous_5)
FN:81,(anonymous_6)
FN:84,(anonymous_7)
FN:85,(anonymous_8)
FN:91,(anonymous_9)
FN:92,(anonymous_10)
FN:157,(anonymous_11)
FN:163,(anonymous_12)
FN:183,(anonymous_13)
FN:190,(anonymous_14)
FN:226,(anonymous_15)
FN:239,(anonymous_16)
FN:252,(anonymous_17)
FN:264,(anonymous_18)
FN:294,(anonymous_19)
FN:311,(anonymous_20)
FN:324,(anonymous_21)
FN:330,(anonymous_22)
FN:365,(anonymous_23)
FN:384,(anonymous_24)
FN:394,(anonymous_25)
FN:404,(anonymous_26)
FN:432,(anonymous_27)
FN:443,(anonymous_28)
FN:452,(anonymous_29)
FN:492,(anonymous_30)
FN:503,(anonymous_31)
FN:513,(anonymous_32)
FNF:30
FNH:0
FNDA:0,SettingsPage
FNDA:0,(anonymous_4)
FNDA:0,(anonymous_5)
FNDA:0,(anonymous_6)
FNDA:0,(anonymous_7)
FNDA:0,(anonymous_8)
FNDA:0,(anonymous_9)
FNDA:0,(anonymous_10)
FNDA:0,(anonymous_11)
FNDA:0,(anonymous_12)
FNDA:0,(anonymous_13)
FNDA:0,(anonymous_14)
FNDA:0,(anonymous_15)
FNDA:0,(anonymous_16)
FNDA:0,(anonymous_17)
FNDA:0,(anonymous_18)
FNDA:0,(anonymous_19)
FNDA:0,(anonymous_20)
FNDA:0,(anonymous_21)
FNDA:0,(anonymous_22)
FNDA:0,(anonymous_23)
FNDA:0,(anonymous_24)
FNDA:0,(anonymous_25)
FNDA:0,(anonymous_26)
FNDA:0,(anonymous_27)
FNDA:0,(anonymous_28)
FNDA:0,(anonymous_29)
FNDA:0,(anonymous_30)
FNDA:0,(anonymous_31)
FNDA:0,(anonymous_32)
DA:4,0
DA:6,0
DA:7,0
DA:8,0
DA:9,0
DA:10,0
DA:11,0
DA:12,0
DA:13,0
DA:14,0
DA:15,0
DA:32,0
DA:33,0
DA:34,0
DA:36,0
DA:37,0
DA:75,0
DA:77,0
DA:79,0
DA:80,0
DA:81,0
DA:84,0
DA:85,0
DA:91,0
DA:92,0
DA:157,0
DA:163,0
DA:183,0
DA:190,0
DA:226,0
DA:239,0
DA:252,0
DA:264,0
DA:294,0
DA:311,0
DA:324,0
DA:330,0
DA:365,0
DA:384,0
DA:394,0
DA:404,0
DA:432,0
DA:443,0
DA:452,0
DA:492,0
DA:503,0
DA:513,0
LF:47
LH:0
BRDA:121,0,0,0
BRDA:296,1,0,0
BRDA:296,1,1,0
BRDA:297,2,0,0
BRDA:297,2,1,0
BRF:5
BRH:0
end_of_record
TN:
SF:src/app/storage/page.tsx
FN:56,StoragePage
FN:67,(anonymous_4)
FN:68,(anonymous_5)
FN:81,(anonymous_6)
FN:93,(anonymous_7)
FN:117,(anonymous_8)
FN:128,(anonymous_9)
FN:134,(anonymous_10)
FN:139,(anonymous_11)
FN:144,(anonymous_12)
FN:150,(anonymous_13)
FN:166,(anonymous_14)
FN:177,(anonymous_15)
FN:188,(anonymous_16)
FN:196,(anonymous_17)
FN:202,(anonymous_18)
FN:213,(anonymous_19)
FN:214,(anonymous_20)
FN:215,(anonymous_21)
FN:217,(anonymous_22)
FN:249,(anonymous_23)
FN:267,(anonymous_24)
FN:271,(anonymous_25)
FN:307,(anonymous_26)
FN:348,(anonymous_27)
FN:434,(anonymous_28)
FN:444,(anonymous_29)
FN:480,(anonymous_30)
FN:491,(anonymous_31)
FN:527,(anonymous_32)
FN:549,(anonymous_33)
FN:576,(anonymous_34)
FNF:32
FNH:0
FNDA:0,StoragePage
FNDA:0,(anonymous_4)
FNDA:0,(anonymous_5)
FNDA:0,(anonymous_6)
FNDA:0,(anonymous_7)
FNDA:0,(anonymous_8)
FNDA:0,(anonymous_9)
FNDA:0,(anonymous_10)
FNDA:0,(anonymous_11)
FNDA:0,(anonymous_12)
FNDA:0,(anonymous_13)
FNDA:0,(anonymous_14)
FNDA:0,(anonymous_15)
FNDA:0,(anonymous_16)
FNDA:0,(anonymous_17)
FNDA:0,(anonymous_18)
FNDA:0,(anonymous_19)
FNDA:0,(anonymous_20)
FNDA:0,(anonymous_21)
FNDA:0,(anonymous_22)
FNDA:0,(anonymous_23)
FNDA:0,(anonymous_24)
FNDA:0,(anonymous_25)
FNDA:0,(anonymous_26)
FNDA:0,(anonymous_27)
FNDA:0,(anonymous_28)
FNDA:0,(anonymous_29)
FNDA:0,(anonymous_30)
FNDA:0,(anonymous_31)
FNDA:0,(anonymous_32)
FNDA:0,(anonymous_33)
FNDA:0,(anonymous_34)
DA:3,0
DA:4,0
DA:7,0
DA:8,0
DA:9,0
DA:10,0
DA:11,0
DA:12,0
DA:13,0
DA:14,0
DA:33,0
DA:34,0
DA:56,0
DA:57,0
DA:58,0
DA:59,0
DA:60,0
DA:61,0
DA:62,0
DA:63,0
DA:64,0
DA:67,0
DA:68,0
DA:69,0
DA:70,0
DA:71,0
DA:74,0
DA:81,0
DA:93,0
DA:102,0
DA:103,0
DA:104,0
DA:106,0
DA:107,0
DA:109,0
DA:113,0
DA:117,0
DA:118,0
DA:119,0
DA:121,0
DA:122,0
DA:124,0
DA:128,0
DA:129,0
DA:130,0
DA:134,0
DA:136,0
DA:139,0
DA:141,0
DA:144,0
DA:145,0
DA:146,0
DA:147,0
DA:149,0
DA:150,0
DA:158,0
DA:160,0
DA:161,0
DA:166,0
DA:167,0
DA:169,0
DA:170,0
DA:171,0
DA:172,0
DA:173,0
DA:177,0
DA:178,0
DA:188,0
DA:189,0
DA:196,0
DA:197,0
DA:198,0
DA:199,0
DA:202,0
DA:203,0
DA:206,0
DA:213,0
DA:214,0
DA:215,0
DA:217,0
DA:220,0
DA:223,0
DA:237,0
DA:249,0
DA:267,0
DA:271,0
DA:307,0
DA:349,0
DA:434,0
DA:445,0
DA:481,0
DA:491,0
DA:527,0
DA:550,0
DA:577,0
LF:95
LH:0
BRDA:84,0,0,0
BRDA:84,0,1,0
BRDA:85,1,0,0
BRDA:85,1,1,0
BRDA:86,2,0,0
BRDA:86,2,1,0
BRDA:87,3,0,0
BRDA:87,3,1,0
BRDA:88,4,0,0
BRDA:88,4,1,0
BRDA:89,5,0,0
BRDA:89,5,1,0
BRDA:95,6,0,0
BRDA:95,6,1,0
BRDA:98,7,0,0
BRDA:98,7,1,0
BRDA:99,8,0,0
BRDA:99,8,1,0
BRDA:117,9,0,0
BRDA:117,9,1,0
BRDA:118,10,0,0
BRDA:119,11,0,0
BRDA:119,11,1,0
BRDA:119,11,2,0
BRDA:119,12,0,0
BRDA:119,12,1,0
BRDA:121,13,0,0
BRDA:121,13,1,0
BRDA:122,14,0,0
BRDA:122,14,1,0
BRDA:124,15,0,0
BRDA:124,15,1,0
BRDA:124,15,2,0
BRDA:129,16,0,0
BRDA:129,16,1,0
BRDA:145,17,0,0
BRDA:152,18,0,0
BRDA:152,18,1,0
BRDA:155,19,0,0
BRDA:155,19,1,0
BRDA:156,20,0,0
BRDA:156,20,1,0
BRDA:167,21,0,0
BRDA:167,21,1,0
BRDA:167,21,2,0
BRDA:167,21,3,0
BRDA:167,21,4,0
BRDA:167,21,5,0
BRDA:178,22,0,0
BRDA:197,23,0,0
BRDA:198,24,0,0
BRDA:206,25,0,0
BRDA:206,25,1,0
BRDA:220,26,0,0
BRDA:220,26,1,0
BRDA:223,27,0,0
BRDA:237,28,0,0
BRDA:348,29,0,0
BRDA:348,29,1,0
BRDA:444,30,0,0
BRDA:444,30,1,0
BRDA:480,31,0,0
BRDA:480,31,1,0
BRDA:485,32,0,0
BRDA:549,33,0,0
BRDA:549,33,1,0
BRDA:576,34,0,0
BRDA:576,34,1,0
BRF:68
BRH:0
end_of_record
TN:
SF:src/app/users/page.tsx
FN:109,UsersPage
FN:118,(anonymous_4)
FN:129,(anonymous_5)
FN:139,(anonymous_6)
FN:149,(anonymous_7)
FN:160,(anonymous_8)
FN:161,(anonymous_9)
FN:162,(anonymous_10)
FN:165,(anonymous_11)
FN:183,(anonymous_12)
FN:238,(anonymous_13)
FN:256,(anonymous_14)
FN:305,(anonymous_15)
FN:359,(anonymous_16)
FN:363,(anonymous_17)
FN:368,(anonymous_18)
FN:376,(anonymous_19)
FN:431,(anonymous_20)
FN:462,(anonymous_21)
FN:465,(anonymous_22)
FNF:20
FNH:0
FNDA:0,UsersPage
FNDA:0,(anonymous_4)
FNDA:0,(anonymous_5)
FNDA:0,(anonymous_6)
FNDA:0,(anonymous_7)
FNDA:0,(anonymous_8)
FNDA:0,(anonymous_9)
FNDA:0,(anonymous_10)
FNDA:0,(anonymous_11)
FNDA:0,(anonymous_12)
FNDA:0,(anonymous_13)
FNDA:0,(anonymous_14)
FNDA:0,(anonymous_15)
FNDA:0,(anonymous_16)
FNDA:0,(anonymous_17)
FNDA:0,(anonymous_18)
FNDA:0,(anonymous_19)
FNDA:0,(anonymous_20)
FNDA:0,(anonymous_21)
FNDA:0,(anonymous_22)
DA:3,0
DA:6,0
DA:7,0
DA:8,0
DA:9,0
DA:10,0
DA:11,0
DA:12,0
DA:13,0
DA:14,0
DA:32,0
DA:33,0
DA:41,0
DA:44,0
DA:103,0
DA:109,0
DA:110,0
DA:111,0
DA:112,0
DA:113,0
DA:114,0
DA:115,0
DA:118,0
DA:119,0
DA:120,0
DA:123,0
DA:124,0
DA:126,0
DA:129,0
DA:130,0
DA:131,0
DA:132,0
DA:133,0
DA:134,0
DA:135,0
DA:139,0
DA:140,0
DA:149,0
DA:150,0
DA:151,0
DA:152,0
DA:153,0
DA:154,0
DA:158,0
DA:160,0
DA:161,0
DA:162,0
DA:165,0
DA:166,0
DA:183,0
DA:238,0
DA:256,0
DA:306,0
DA:307,0
DA:359,0
DA:363,0
DA:368,0
DA:376,0
DA:432,0
DA:462,0
DA:465,0
LF:61
LH:0
BRDA:118,0,0,0
BRDA:118,0,1,0
BRDA:119,1,0,0
BRDA:119,2,0,0
BRDA:119,2,1,0
BRDA:120,3,0,0
BRDA:120,3,1,0
BRDA:120,3,2,0
BRDA:120,4,0,0
BRDA:120,4,1,0
BRDA:121,5,0,0
BRDA:121,5,1,0
BRDA:122,6,0,0
BRDA:122,6,1,0
BRDA:123,7,0,0
BRDA:123,7,1,0
BRDA:124,8,0,0
BRDA:124,8,1,0
BRDA:126,9,0,0
BRDA:126,9,1,0
BRDA:126,9,2,0
BRDA:130,10,0,0
BRDA:130,10,1,0
BRDA:130,10,2,0
BRDA:130,10,3,0
BRDA:130,10,4,0
BRDA:150,11,0,0
BRDA:150,11,1,0
BRDA:150,11,2,0
BRDA:150,11,3,0
BRDA:159,12,0,0
BRDA:159,12,1,0
BRDA:160,13,0,0
BRDA:160,13,1,0
BRDA:161,14,0,0
BRDA:161,14,1,0
BRDA:162,15,0,0
BRDA:162,15,1,0
BRDA:238,16,0,0
BRDA:238,16,1,0
BRDA:305,17,0,0
BRDA:305,18,0,0
BRDA:305,18,1,0
BRDA:306,19,0,0
BRDA:306,20,0,0
BRDA:306,20,1,0
BRDA:312,21,0,0
BRDA:312,21,1,0
BRDA:312,22,0,0
BRDA:312,22,1,0
BRDA:315,23,0,0
BRDA:315,23,1,0
BRDA:315,24,0,0
BRDA:315,24,1,0
BRDA:316,25,0,0
BRDA:316,25,1,0
BRDA:332,26,0,0
BRDA:332,26,1,0
BRDA:334,27,0,0
BRDA:334,27,1,0
BRDA:338,28,0,0
BRDA:367,29,0,0
BRDA:434,30,0,0
BRDA:434,30,1,0
BRDA:436,31,0,0
BRDA:436,31,1,0
BRF:66
BRH:0
end_of_record
TN:
SF:src/app/vms/page.tsx
FN:119,VMsPage
FN:125,(anonymous_4)
FN:127,(anonymous_5)
FN:128,(anonymous_6)
FN:140,(anonymous_7)
FN:149,(anonymous_8)
FN:160,(anonymous_9)
FN:165,(anonymous_10)
FN:176,(anonymous_11)
FN:180,(anonymous_12)
FN:180,(anonymous_13)
FN:187,(anonymous_14)
FN:194,(anonymous_15)
FN:195,(anonymous_16)
FN:196,(anonymous_17)
FN:199,(anonymous_18)
FN:214,(anonymous_19)
FN:242,(anonymous_20)
FN:268,(anonymous_21)
FN:348,(anonymous_22)
FN:387,(anonymous_23)
FN:420,(anonymous_24)
FN:472,(anonymous_25)
FN:479,(anonymous_26)
FN:488,(anonymous_27)
FN:496,(anonymous_28)
FNF:26
FNH:0
FNDA:0,VMsPage
FNDA:0,(anonymous_4)
FNDA:0,(anonymous_5)
FNDA:0,(anonymous_6)
FNDA:0,(anonymous_7)
FNDA:0,(anonymous_8)
FNDA:0,(anonymous_9)
FNDA:0,(anonymous_10)
FNDA:0,(anonymous_11)
FNDA:0,(anonymous_12)
FNDA:0,(anonymous_13)
FNDA:0,(anonymous_14)
FNDA:0,(anonymous_15)
FNDA:0,(anonymous_16)
FNDA:0,(anonymous_17)
FNDA:0,(anonymous_18)
FNDA:0,(anonymous_19)
FNDA:0,(anonymous_20)
FNDA:0,(anonymous_21)
FNDA:0,(anonymous_22)
FNDA:0,(anonymous_23)
FNDA:0,(anonymous_24)
FNDA:0,(anonymous_25)
FNDA:0,(anonymous_26)
FNDA:0,(anonymous_27)
FNDA:0,(anonymous_28)
DA:4,0
DA:6,0
DA:7,0
DA:8,0
DA:9,0
DA:10,0
DA:11,0
DA:12,0
DA:14,0
DA:38,0
DA:39,0
DA:40,0
DA:41,0
DA:42,0
DA:45,0
DA:105,0
DA:106,0
DA:107,0
DA:108,0
DA:109,0
DA:110,0
DA:111,0
DA:112,0
DA:113,0
DA:115,0
DA:116,0
DA:119,0
DA:120,0
DA:121,0
DA:122,0
DA:123,0
DA:125,0
DA:126,0
DA:127,0
DA:128,0
DA:129,0
DA:130,0
DA:132,0
DA:136,0
DA:140,0
DA:141,0
DA:142,0
DA:143,0
DA:144,0
DA:145,0
DA:149,0
DA:150,0
DA:160,0
DA:161,0
DA:162,0
DA:163,0
DA:165,0
DA:166,0
DA:167,0
DA:168,0
DA:169,0
DA:170,0
DA:172,0
DA:176,0
DA:178,0
DA:180,0
DA:181,0
DA:187,0
DA:188,0
DA:189,0
DA:192,0
DA:194,0
DA:195,0
DA:196,0
DA:199,0
DA:214,0
DA:242,0
DA:269,0
DA:348,0
DA:388,0
DA:421,0
DA:472,0
DA:479,0
DA:488,0
DA:496,0
LF:80
LH:0
BRDA:105,0,0,0
BRDA:105,0,1,0
BRDA:123,1,0,0
BRDA:123,1,1,0
BRDA:141,2,0,0
BRDA:141,2,1,0
BRDA:141,2,2,0
BRDA:141,2,3,0
BRDA:161,3,0,0
BRDA:166,4,0,0
BRDA:167,5,0,0
BRDA:167,5,1,0
BRDA:168,6,0,0
BRDA:168,6,1,0
BRDA:169,7,0,0
BRDA:169,7,1,0
BRDA:170,8,0,0
BRDA:170,8,1,0
BRDA:170,8,2,0
BRDA:181,9,0,0
BRDA:181,9,1,0
BRDA:182,10,0,0
BRDA:182,10,1,0
BRDA:182,11,0,0
BRDA:182,11,1,0
BRDA:193,12,0,0
BRDA:193,12,1,0
BRDA:194,13,0,0
BRDA:194,13,1,0
BRDA:195,14,0,0
BRDA:195,14,1,0
BRDA:196,15,0,0
BRDA:196,15,1,0
BRDA:199,16,0,0
BRDA:199,16,1,0
BRDA:200,17,0,0
BRDA:200,17,1,0
BRDA:201,18,0,0
BRDA:201,18,1,0
BRDA:202,19,0,0
BRDA:202,19,1,0
BRDA:236,20,0,0
BRDA:236,20,1,0
BRDA:236,21,0,0
BRDA:236,21,1,0
BRDA:237,22,0,0
BRDA:237,22,1,0
BRDA:268,23,0,0
BRDA:270,24,0,0
BRDA:270,24,1,0
BRDA:271,25,0,0
BRDA:271,25,1,0
BRDA:272,26,0,0
BRDA:272,26,1,0
BRDA:272,27,0,0
BRDA:272,27,1,0
BRDA:273,28,0,0
BRDA:273,28,1,0
BRDA:274,29,0,0
BRDA:274,29,1,0
BRDA:275,30,0,0
BRDA:275,30,1,0
BRDA:269,31,0,0
BRDA:269,31,1,0
BRDA:280,32,0,0
BRDA:280,32,1,0
BRDA:280,33,0,0
BRDA:280,33,1,0
BRDA:288,34,0,0
BRDA:288,34,1,0
BRDA:288,35,0,0
BRDA:288,35,1,0
BRDA:288,36,0,0
BRDA:288,36,1,0
BRDA:288,37,0,0
BRDA:288,37,1,0
BRDA:387,38,0,0
BRDA:387,39,0,0
BRDA:387,39,1,0
BRDA:389,40,0,0
BRDA:389,40,1,0
BRDA:420,41,0,0
BRDA:420,42,0,0
BRDA:420,42,1,0
BRDA:422,43,0,0
BRDA:422,43,1,0
BRDA:424,44,0,0
BRDA:424,44,1,0
BRDA:425,45,0,0
BRDA:425,45,1,0
BRDA:426,46,0,0
BRDA:426,46,1,0
BRDA:429,47,0,0
BRDA:429,47,1,0
BRDA:430,48,0,0
BRDA:430,48,1,0
BRDA:433,49,0,0
BRDA:433,49,1,0
BRDA:435,50,0,0
BRDA:435,50,1,0
BRDA:438,51,0,0
BRDA:438,51,1,0
BRDA:444,52,0,0
BRDA:444,52,1,0
BRDA:446,53,0,0
BRDA:446,53,1,0
BRDA:449,54,0,0
BRDA:449,54,1,0
BRDA:455,55,0,0
BRDA:455,55,1,0
BRDA:457,56,0,0
BRDA:457,56,1,0
BRDA:460,57,0,0
BRDA:460,57,1,0
BRDA:464,58,0,0
BRDA:464,58,1,0
BRDA:468,59,0,0
BRDA:472,60,0,0
BRDA:472,60,1,0
BRDA:479,61,0,0
BRDA:479,61,1,0
BRDA:488,62,0,0
BRDA:488,62,1,0
BRDA:496,63,0,0
BRDA:496,63,1,0
BRDA:421,64,0,0
BRDA:421,64,1,0
BRF:127
BRH:0
end_of_record
TN:
SF:src/components/error-boundary.tsx
FN:32,DefaultErrorFallback
FN:78,(anonymous_8)
FN:139,(anonymous_9)
FN:195,(anonymous_10)
FN:204,(anonymous_11)
FN:205,(anonymous_12)
FN:149,(anonymous_13)
FN:156,(anonymous_14)
FN:174,(anonymous_15)
FN:181,(anonymous_16)
FN:210,(anonymous_17)
FN:236,AsyncErrorBoundary
FN:266,NetworkError
FN:301,NotFoundError
FN:317,(anonymous_22)
FN:320,(anonymous_23)
FN:331,PermissionError
FN:361,(anonymous_25)
FNF:18
FNH:0
FNDA:0,DefaultErrorFallback
FNDA:0,(anonymous_8)
FNDA:0,(anonymous_9)
FNDA:0,(anonymous_10)
FNDA:0,(anonymous_11)
FNDA:0,(anonymous_12)
FNDA:0,(anonymous_13)
FNDA:0,(anonymous_14)
FNDA:0,(anonymous_15)
FNDA:0,(anonymous_16)
FNDA:0,(anonymous_17)
FNDA:0,AsyncErrorBoundary
FNDA:0,NetworkError
FNDA:0,NotFoundError
FNDA:0,(anonymous_22)
FNDA:0,(anonymous_23)
FNDA:0,PermissionError
FNDA:0,(anonymous_25)
DA:3,0
DA:4,0
DA:5,0
DA:6,0
DA:39,0
DA:78,0
DA:135,0
DA:140,0
DA:141,0
DA:150,0
DA:158,0
DA:159,0
DA:163,0
DA:166,0
DA:175,0
DA:176,0
DA:179,0
DA:180,0
DA:181,0
DA:184,0
DA:185,0
DA:190,0
DA:191,0
DA:195,0
DA:196,0
DA:204,0
DA:205,0
DA:211,0
DA:212,0
DA:214,0
DA:226,0
DA:236,0
DA:266,0
DA:301,0
DA:302,0
DA:317,0
DA:320,0
DA:331,0
DA:336,0
DA:361,0
LF:40
LH:0
BRDA:59,0,0,0
BRDA:62,1,0,0
BRDA:62,1,1,0
BRDA:95,2,0,0
BRDA:103,3,0,0
BRDA:103,3,1,0
BRDA:111,4,0,0
BRDA:158,5,0,0
BRDA:179,6,0,0
BRDA:179,7,0,0
BRDA:179,7,1,0
BRDA:184,8,0,0
BRDA:190,9,0,0
BRDA:190,10,0,0
BRDA:190,10,1,0
BRDA:190,10,2,0
BRDA:212,11,0,0
BRDA:214,12,0,0
BRDA:290,13,0,0
BRDA:332,14,0,0
BRF:20
BRH:0
end_of_record
TN:
SF:src/components/theme-provider.tsx
FN:7,ThemeProvider
FNF:1
FNH:0
FNDA:0,ThemeProvider
DA:3,0
DA:4,0
DA:7,0
LF:3
LH:0
BRF:0
BRH:0
end_of_record
TN:
SF:src/components/accessibility/a11y-components.tsx
FN:8,SkipToMain
FN:25,VisuallyHidden
FN:45,LiveRegion
FN:73,AccessibleAlert
FN:127,useFocusTrap
FN:128,(anonymous_21)
FN:139,(anonymous_22)
FN:158,(anonymous_23)
FN:165,useKeyboardNavigation
FN:171,(anonymous_25)
FN:175,(anonymous_26)
FN:181,(anonymous_27)
FN:203,(anonymous_28)
FN:205,(anonymous_29)
FN:220,AccessibleField
FN:275,Announce
FN:278,(anonymous_32)
FN:280,(anonymous_33)
FN:281,(anonymous_34)
FN:297,FocusRing
FN:315,useAriaDescriptions
FN:318,(anonymous_37)
FN:319,(anonymous_38)
FN:322,(anonymous_39)
FN:323,(anonymous_40)
FN:330,(anonymous_41)
FN:332,(anonymous_42)
FN:333,(anonymous_43)
FN:341,useHighContrast
FN:344,(anonymous_45)
FN:347,(anonymous_46)
FN:354,(anonymous_47)
FN:361,useReducedMotion
FN:364,(anonymous_49)
FN:367,(anonymous_50)
FN:374,(anonymous_51)
FNF:36
FNH:0
FNDA:0,SkipToMain
FNDA:0,VisuallyHidden
FNDA:0,LiveRegion
FNDA:0,AccessibleAlert
FNDA:0,useFocusTrap
FNDA:0,(anonymous_21)
FNDA:0,(anonymous_22)
FNDA:0,(anonymous_23)
FNDA:0,useKeyboardNavigation
FNDA:0,(anonymous_25)
FNDA:0,(anonymous_26)
FNDA:0,(anonymous_27)
FNDA:0,(anonymous_28)
FNDA:0,(anonymous_29)
FNDA:0,AccessibleField
FNDA:0,Announce
FNDA:0,(anonymous_32)
FNDA:0,(anonymous_33)
FNDA:0,(anonymous_34)
FNDA:0,FocusRing
FNDA:0,useAriaDescriptions
FNDA:0,(anonymous_37)
FNDA:0,(anonymous_38)
FNDA:0,(anonymous_39)
FNDA:0,(anonymous_40)
FNDA:0,(anonymous_41)
FNDA:0,(anonymous_42)
FNDA:0,(anonymous_43)
FNDA:0,useHighContrast
FNDA:0,(anonymous_45)
FNDA:0,(anonymous_46)
FNDA:0,(anonymous_47)
FNDA:0,useReducedMotion
FNDA:0,(anonymous_49)
FNDA:0,(anonymous_50)
FNDA:0,(anonymous_51)
DA:3,0
DA:4,0
DA:5,0
DA:8,0
DA:25,0
DA:45,0
DA:73,0
DA:80,0
DA:87,0
DA:127,0
DA:128,0
DA:129,0
DA:130,0
DA:132,0
DA:136,0
DA:137,0
DA:139,0
DA:140,0
DA:142,0
DA:143,0
DA:144,0
DA:145,0
DA:148,0
DA:149,0
DA:150,0
DA:155,0
DA:156,0
DA:158,0
DA:159,0
DA:165,0
DA:169,0
DA:171,0
DA:172,0
DA:174,0
DA:175,0
DA:176,0
DA:178,0
DA:180,0
DA:181,0
DA:182,0
DA:184,0
DA:187,0
DA:188,0
DA:189,0
DA:191,0
DA:193,0
DA:194,0
DA:195,0
DA:197,0
DA:198,0
DA:199,0
DA:203,0
DA:204,0
DA:205,0
DA:208,0
DA:220,0
DA:227,0
DA:228,0
DA:229,0
DA:231,0
DA:275,0
DA:276,0
DA:278,0
DA:279,0
DA:280,0
DA:281,0
DA:297,0
DA:315,0
DA:316,0
DA:318,0
DA:319,0
DA:322,0
DA:323,0
DA:324,0
DA:325,0
DA:326,0
DA:330,0
DA:331,0
DA:332,0
DA:333,0
DA:337,0
DA:341,0
DA:342,0
DA:344,0
DA:345,0
DA:347,0
DA:348,0
DA:351,0
DA:352,0
DA:354,0
DA:357,0
DA:361,0
DA:362,0
DA:364,0
DA:365,0
DA:367,0
DA:368,0
DA:371,0
DA:372,0
DA:374,0
DA:377,0
LF:101
LH:0
BRDA:27,0,0,0
BRDA:47,1,0,0
BRDA:48,2,0,0
BRDA:49,3,0,0
BRDA:74,4,0,0
BRDA:97,5,0,0
BRDA:97,5,1,0
BRDA:108,6,0,0
BRDA:113,7,0,0
BRDA:130,8,0,0
BRDA:140,9,0,0
BRDA:142,10,0,0
BRDA:142,10,1,0
BRDA:143,11,0,0
BRDA:148,12,0,0
BRDA:172,13,0,0
BRDA:172,13,1,0
BRDA:172,13,2,0
BRDA:172,13,3,0
BRDA:172,13,4,0
BRDA:172,13,5,0
BRDA:176,14,0,0
BRDA:176,14,1,0
BRDA:182,15,0,0
BRDA:182,15,1,0
BRDA:188,16,0,0
BRDA:188,17,0,0
BRDA:188,17,1,0
BRDA:234,18,0,0
BRDA:234,18,1,0
BRDA:235,19,0,0
BRDA:235,19,1,0
BRDA:236,20,0,0
BRDA:236,20,1,0
BRDA:245,21,0,0
BRDA:252,22,0,0
BRDA:260,23,0,0
BRDA:275,24,0,0
BRF:38
BRH:0
end_of_record
TN:
SF:src/components/admin/AdminMetrics.tsx
FN:73,AdminMetrics
FN:76,(anonymous_2)
FN:78,(anonymous_3)
FN:82,(anonymous_4)
FN:91,(anonymous_5)
FN:248,(anonymous_6)
FN:284,(anonymous_7)
FNF:7
FNH:0
FNDA:0,AdminMetrics
FNDA:0,(anonymous_2)
FNDA:0,(anonymous_3)
FNDA:0,(anonymous_4)
FNDA:0,(anonymous_5)
FNDA:0,(anonymous_6)
FNDA:0,(anonymous_7)
DA:3,0
DA:4,0
DA:5,0
DA:6,0
DA:23,0
DA:24,0
DA:25,0
DA:26,0
DA:29,0
DA:58,0
DA:66,0
DA:73,0
DA:74,0
DA:76,0
DA:77,0
DA:78,0
DA:79,0
DA:82,0
DA:83,0
DA:84,0
DA:85,0
DA:86,0
DA:87,0
DA:91,0
DA:92,0
DA:93,0
DA:94,0
DA:95,0
DA:96,0
DA:249,0
DA:285,0
LF:31
LH:0
BRDA:83,0,0,0
BRDA:83,0,1,0
BRDA:83,0,2,0
BRDA:83,0,3,0
BRDA:92,1,0,0
BRDA:92,1,1,0
BRDA:92,1,2,0
BRDA:92,1,3,0
BRDA:111,2,0,0
BRDA:111,2,1,0
BRDA:252,3,0,0
BRDA:252,3,1,0
BRDA:253,4,0,0
BRDA:253,4,1,0
BRDA:262,5,0,0
BRDA:262,5,1,0
BRF:16
BRH:0
end_of_record
TN:
SF:src/components/admin/AuditLogs.tsx
FN:184,AuditLogs
FN:192,(anonymous_2)
FN:207,(anonymous_3)
FN:222,(anonymous_4)
FN:231,(anonymous_5)
FN:240,(anonymous_6)
FN:248,(anonymous_7)
FN:256,(anonymous_8)
FN:259,(anonymous_9)
FN:304,(anonymous_10)
FN:314,(anonymous_11)
FN:327,(anonymous_12)
FN:380,(anonymous_13)
FN:448,(anonymous_14)
FN:477,(anonymous_15)
FNF:15
FNH:0
FNDA:0,AuditLogs
FNDA:0,(anonymous_2)
FNDA:0,(anonymous_3)
FNDA:0,(anonymous_4)
FNDA:0,(anonymous_5)
FNDA:0,(anonymous_6)
FNDA:0,(anonymous_7)
FNDA:0,(anonymous_8)
FNDA:0,(anonymous_9)
FNDA:0,(anonymous_10)
FNDA:0,(anonymous_11)
FNDA:0,(anonymous_12)
FNDA:0,(anonymous_13)
FNDA:0,(anonymous_14)
FNDA:0,(anonymous_15)
DA:3,0
DA:4,0
DA:5,0
DA:6,0
DA:7,0
DA:15,0
DA:22,0
DA:23,0
DA:48,0
DA:49,0
DA:52,0
DA:167,0
DA:177,0
DA:184,0
DA:185,0
DA:186,0
DA:187,0
DA:188,0
DA:189,0
DA:190,0
DA:192,0
DA:194,0
DA:200,0
DA:201,0
DA:202,0
DA:204,0
DA:207,0
DA:208,0
DA:222,0
DA:223,0
DA:224,0
DA:225,0
DA:226,0
DA:227,0
DA:231,0
DA:232,0
DA:233,0
DA:234,0
DA:235,0
DA:236,0
DA:240,0
DA:241,0
DA:248,0
DA:249,0
DA:250,0
DA:256,0
DA:257,0
DA:260,0
DA:264,0
DA:265,0
DA:266,0
DA:267,0
DA:268,0
DA:269,0
DA:270,0
DA:271,0
DA:272,0
DA:304,0
DA:315,0
DA:328,0
DA:381,0
DA:383,0
DA:448,0
DA:477,0
LF:64
LH:0
BRDA:194,0,0,0
BRDA:194,0,1,0
BRDA:194,0,2,0
BRDA:194,0,3,0
BRDA:194,0,4,0
BRDA:200,1,0,0
BRDA:200,1,1,0
BRDA:201,2,0,0
BRDA:201,2,1,0
BRDA:202,3,0,0
BRDA:202,3,1,0
BRDA:204,4,0,0
BRDA:204,4,1,0
BRDA:204,4,2,0
BRDA:204,4,3,0
BRDA:223,5,0,0
BRDA:223,5,1,0
BRDA:223,5,2,0
BRDA:223,5,3,0
BRDA:232,6,0,0
BRDA:232,6,1,0
BRDA:232,6,2,0
BRDA:232,6,3,0
BRDA:411,7,0,0
BRDA:424,8,0,0
BRDA:424,8,1,0
BRDA:465,9,0,0
BRDA:533,10,0,0
BRF:28
BRH:0
end_of_record
TN:
SF:src/components/admin/DatabaseEditor.tsx
FN:90,DatabaseEditor
FN:98,(anonymous_2)
FN:99,(anonymous_3)
FN:104,(anonymous_4)
FN:108,(anonymous_5)
FN:112,(anonymous_6)
FN:116,(anonymous_7)
FN:117,(anonymous_8)
FN:121,(anonymous_9)
FN:122,(anonymous_10)
FN:129,(anonymous_11)
FN:135,(anonymous_12)
FN:136,(anonymous_13)
FN:136,(anonymous_14)
FN:140,(anonymous_15)
FN:154,(anonymous_16)
FN:158,(anonymous_17)
FN:215,(anonymous_18)
FN:218,(anonymous_19)
FN:265,(anonymous_20)
FN:297,(anonymous_21)
FN:297,(anonymous_22)
FN:307,(anonymous_23)
FN:307,(anonymous_24)
FN:317,(anonymous_25)
FN:317,(anonymous_26)
FN:335,(anonymous_27)
FN:335,(anonymous_28)
FN:354,(anonymous_29)
FN:354,(anonymous_30)
FN:365,(anonymous_31)
FN:365,(anonymous_32)
FN:394,(anonymous_33)
FN:417,(anonymous_34)
FN:425,(anonymous_35)
FNF:35
FNH:0
FNDA:0,DatabaseEditor
FNDA:0,(anonymous_2)
FNDA:0,(anonymous_3)
FNDA:0,(anonymous_4)
FNDA:0,(anonymous_5)
FNDA:0,(anonymous_6)
FNDA:0,(anonymous_7)
FNDA:0,(anonymous_8)
FNDA:0,(anonymous_9)
FNDA:0,(anonymous_10)
FNDA:0,(anonymous_11)
FNDA:0,(anonymous_12)
FNDA:0,(anonymous_13)
FNDA:0,(anonymous_14)
FNDA:0,(anonymous_15)
FNDA:0,(anonymous_16)
FNDA:0,(anonymous_17)
FNDA:0,(anonymous_18)
FNDA:0,(anonymous_19)
FNDA:0,(anonymous_20)
FNDA:0,(anonymous_21)
FNDA:0,(anonymous_22)
FNDA:0,(anonymous_23)
FNDA:0,(anonymous_24)
FNDA:0,(anonymous_25)
FNDA:0,(anonymous_26)
FNDA:0,(anonymous_27)
FNDA:0,(anonymous_28)
FNDA:0,(anonymous_29)
FNDA:0,(anonymous_30)
FNDA:0,(anonymous_31)
FNDA:0,(anonymous_32)
FNDA:0,(anonymous_33)
FNDA:0,(anonymous_34)
FNDA:0,(anonymous_35)
DA:3,0
DA:4,0
DA:5,0
DA:6,0
DA:14,0
DA:21,0
DA:22,0
DA:24,0
DA:39,0
DA:40,0
DA:43,0
DA:55,0
DA:90,0
DA:91,0
DA:92,0
DA:93,0
DA:94,0
DA:95,0
DA:96,0
DA:98,0
DA:99,0
DA:100,0
DA:104,0
DA:105,0
DA:108,0
DA:109,0
DA:111,0
DA:112,0
DA:114,0
DA:116,0
DA:117,0
DA:121,0
DA:122,0
DA:125,0
DA:126,0
DA:129,0
DA:130,0
DA:131,0
DA:134,0
DA:135,0
DA:136,0
DA:137,0
DA:140,0
DA:141,0
DA:154,0
DA:155,0
DA:158,0
DA:159,0
DA:160,0
DA:161,0
DA:162,0
DA:163,0
DA:216,0
DA:218,0
DA:265,0
DA:297,0
DA:307,0
DA:317,0
DA:335,0
DA:354,0
DA:365,0
DA:395,0
DA:417,0
DA:425,0
LF:64
LH:0
BRDA:109,0,0,0
BRDA:114,1,0,0
BRDA:114,1,1,0
BRDA:117,2,0,0
BRDA:117,2,1,0
BRDA:130,3,0,0
BRDA:159,4,0,0
BRDA:159,4,1,0
BRDA:159,4,2,0
BRDA:159,4,3,0
BRDA:221,5,0,0
BRDA:221,5,1,0
BRDA:291,6,0,0
BRDA:293,7,0,0
BRDA:293,7,1,0
BRDA:297,8,0,0
BRDA:297,8,1,0
BRDA:307,9,0,0
BRDA:307,9,1,0
BRDA:317,10,0,0
BRDA:317,10,1,0
BRDA:335,11,0,0
BRDA:335,11,1,0
BRDA:354,12,0,0
BRDA:354,12,1,0
BRDA:365,13,0,0
BRDA:365,13,1,0
BRDA:411,14,0,0
BRDA:411,14,1,0
BRDA:426,15,0,0
BRDA:426,15,1,0
BRDA:458,16,0,0
BRF:32
BRH:0
end_of_record
TN:
SF:src/components/admin/RealTimeDashboard.tsx
FN:56,(anonymous_1)
FN:69,(anonymous_2)
FN:75,(anonymous_3)
FN:77,(anonymous_4)
FN:78,(anonymous_5)
FN:86,(anonymous_6)
FN:91,(anonymous_7)
FN:92,(anonymous_8)
FN:103,(anonymous_9)
FN:109,(anonymous_10)
FN:115,(anonymous_11)
FN:150,(anonymous_12)
FN:283,(anonymous_13)
FN:284,(anonymous_14)
FN:342,(anonymous_15)
FN:343,(anonymous_16)
FN:395,(anonymous_17)
FN:504,(anonymous_18)
FN:508,(anonymous_19)
FNF:19
FNH:0
FNDA:0,(anonymous_1)
FNDA:0,(anonymous_2)
FNDA:0,(anonymous_3)
FNDA:0,(anonymous_4)
FNDA:0,(anonymous_5)
FNDA:0,(anonymous_6)
FNDA:0,(anonymous_7)
FNDA:0,(anonymous_8)
FNDA:0,(anonymous_9)
FNDA:0,(anonymous_10)
FNDA:0,(anonymous_11)
FNDA:0,(anonymous_12)
FNDA:0,(anonymous_13)
FNDA:0,(anonymous_14)
FNDA:0,(anonymous_15)
FNDA:0,(anonymous_16)
FNDA:0,(anonymous_17)
FNDA:0,(anonymous_18)
FNDA:0,(anonymous_19)
DA:3,0
DA:4,0
DA:5,0
DA:6,0
DA:7,0
DA:8,0
DA:24,0
DA:25,0
DA:26,0
DA:42,0
DA:56,0
DA:67,0
DA:69,0
DA:70,0
DA:71,0
DA:72,0
DA:75,0
DA:76,0
DA:77,0
DA:78,0
DA:79,0
DA:80,0
DA:82,0
DA:86,0
DA:91,0
DA:92,0
DA:93,0
DA:96,0
DA:97,0
DA:99,0
DA:103,0
DA:104,0
DA:105,0
DA:106,0
DA:109,0
DA:115,0
DA:116,0
DA:150,0
DA:283,0
DA:284,0
DA:342,0
DA:343,0
DA:396,0
DA:505,0
DA:508,0
LF:45
LH:0
BRDA:76,0,0,0
BRDA:99,1,0,0
BRDA:99,1,1,0
BRDA:104,2,0,0
BRDA:105,3,0,0
BRDA:130,4,0,0
BRDA:139,5,0,0
BRDA:153,6,0,0
BRDA:153,6,1,0
BRDA:156,7,0,0
BRDA:156,7,1,0
BRDA:157,8,0,0
BRDA:157,8,1,0
BRDA:173,9,0,0
BRDA:192,10,0,0
BRDA:192,10,1,0
BRDA:193,11,0,0
BRDA:195,12,0,0
BRDA:195,12,1,0
BRDA:195,13,0,0
BRDA:195,13,1,0
BRDA:197,14,0,0
BRDA:197,14,1,0
BRDA:197,15,0,0
BRDA:197,15,1,0
BRDA:205,16,0,0
BRDA:205,16,1,0
BRDA:217,17,0,0
BRDA:217,17,1,0
BRDA:218,18,0,0
BRDA:220,19,0,0
BRDA:220,19,1,0
BRDA:220,20,0,0
BRDA:220,20,1,0
BRDA:222,21,0,0
BRDA:222,21,1,0
BRDA:222,22,0,0
BRDA:222,22,1,0
BRDA:230,23,0,0
BRDA:230,23,1,0
BRDA:242,24,0,0
BRDA:242,24,1,0
BRDA:243,25,0,0
BRDA:245,26,0,0
BRDA:245,26,1,0
BRDA:245,27,0,0
BRDA:245,27,1,0
BRDA:247,28,0,0
BRDA:247,28,1,0
BRDA:247,29,0,0
BRDA:247,29,1,0
BRDA:386,30,0,0
BRDA:400,31,0,0
BRDA:400,31,1,0
BRDA:401,32,0,0
BRDA:401,32,1,0
BRDA:402,33,0,0
BRDA:402,33,1,0
BRDA:403,34,0,0
BRDA:403,34,1,0
BRDA:408,35,0,0
BRDA:408,35,1,0
BRDA:409,36,0,0
BRDA:409,36,1,0
BRDA:410,37,0,0
BRDA:410,37,1,0
BRDA:411,38,0,0
BRDA:411,38,1,0
BRDA:415,39,0,0
BRDA:415,39,1,0
BRDA:418,40,0,0
BRDA:418,40,1,0
BRDA:419,41,0,0
BRDA:419,41,1,0
BRDA:420,42,0,0
BRDA:420,42,1,0
BRDA:429,43,0,0
BRDA:429,43,1,0
BRDA:432,44,0,0
BRDA:432,44,1,0
BRDA:397,45,0,0
BRDA:397,45,1,0
BRDA:438,46,0,0
BRDA:460,47,0,0
BRDA:460,47,1,0
BRDA:490,48,0,0
BRDA:490,48,1,0
BRDA:491,49,0,0
BRDA:491,49,1,0
BRDA:492,50,0,0
BRDA:492,50,1,0
BRDA:501,51,0,0
BRDA:501,51,1,0
BRDA:502,52,0,0
BRDA:502,52,1,0
BRDA:503,53,0,0
BRDA:503,53,1,0
BRDA:524,54,0,0
BRDA:524,54,1,0
BRDA:525,55,0,0
BRDA:525,55,1,0
BRDA:531,56,0,0
BRDA:531,56,1,0
BRDA:532,57,0,0
BRDA:532,57,1,0
BRDA:546,58,0,0
BRDA:546,58,1,0
BRF:107
BRH:0
end_of_record
TN:
SF:src/components/admin/RolePermissionManager.tsx
FN:122,(anonymous_1)
FN:122,(anonymous_2)
FN:174,RolePermissionManager
FN:181,(anonymous_4)
FN:195,(anonymous_5)
FN:201,(anonymous_6)
FN:205,(anonymous_7)
FN:207,(anonymous_8)
FN:207,(anonymous_9)
FN:216,(anonymous_10)
FN:217,(anonymous_11)
FN:221,(anonymous_12)
FN:221,(anonymous_13)
FN:228,(anonymous_14)
FN:233,(anonymous_15)
FN:241,(anonymous_16)
FN:253,(anonymous_17)
FN:257,(anonymous_18)
FN:258,(anonymous_19)
FN:291,(anonymous_20)
FN:294,(anonymous_21)
FN:331,(anonymous_22)
FN:342,(anonymous_23)
FN:373,(anonymous_24)
FN:395,(anonymous_25)
FN:406,(anonymous_26)
FN:430,(anonymous_27)
FN:443,(anonymous_28)
FN:450,(anonymous_29)
FN:454,(anonymous_30)
FN:495,(anonymous_31)
FN:520,(anonymous_32)
FN:521,(anonymous_33)
FN:537,(anonymous_34)
FNF:34
FNH:0
FNDA:0,(anonymous_1)
FNDA:0,(anonymous_2)
FNDA:0,RolePermissionManager
FNDA:0,(anonymous_4)
FNDA:0,(anonymous_5)
FNDA:0,(anonymous_6)
FNDA:0,(anonymous_7)
FNDA:0,(anonymous_8)
FNDA:0,(anonymous_9)
FNDA:0,(anonymous_10)
FNDA:0,(anonymous_11)
FNDA:0,(anonymous_12)
FNDA:0,(anonymous_13)
FNDA:0,(anonymous_14)
FNDA:0,(anonymous_15)
FNDA:0,(anonymous_16)
FNDA:0,(anonymous_17)
FNDA:0,(anonymous_18)
FNDA:0,(anonymous_19)
FNDA:0,(anonymous_20)
FNDA:0,(anonymous_21)
FNDA:0,(anonymous_22)
FNDA:0,(anonymous_23)
FNDA:0,(anonymous_24)
FNDA:0,(anonymous_25)
FNDA:0,(anonymous_26)
FNDA:0,(anonymous_27)
FNDA:0,(anonymous_28)
FNDA:0,(anonymous_29)
FNDA:0,(anonymous_30)
FNDA:0,(anonymous_31)
FNDA:0,(anonymous_32)
FNDA:0,(anonymous_33)
FNDA:0,(anonymous_34)
DA:3,0
DA:4,0
DA:5,0
DA:6,0
DA:7,0
DA:8,0
DA:24,0
DA:25,0
DA:26,0
DA:46,0
DA:47,0
DA:50,0
DA:114,0
DA:122,0
DA:174,0
DA:175,0
DA:176,0
DA:177,0
DA:178,0
DA:179,0
DA:181,0
DA:182,0
DA:191,0
DA:192,0
DA:195,0
DA:196,0
DA:197,0
DA:198,0
DA:201,0
DA:202,0
DA:204,0
DA:205,0
DA:207,0
DA:208,0
DA:212,0
DA:213,0
DA:216,0
DA:217,0
DA:218,0
DA:220,0
DA:221,0
DA:222,0
DA:223,0
DA:228,0
DA:229,0
DA:231,0
DA:233,0
DA:235,0
DA:241,0
DA:242,0
DA:243,0
DA:244,0
DA:245,0
DA:246,0
DA:247,0
DA:248,0
DA:249,0
DA:253,0
DA:254,0
DA:257,0
DA:258,0
DA:292,0
DA:294,0
DA:332,0
DA:333,0
DA:343,0
DA:344,0
DA:374,0
DA:375,0
DA:395,0
DA:406,0
DA:430,0
DA:444,0
DA:451,0
DA:455,0
DA:495,0
DA:521,0
DA:522,0
DA:525,0
DA:527,0
DA:538,0
LF:81
LH:0
BRDA:196,0,0,0
BRDA:202,1,0,0
BRDA:204,2,0,0
BRDA:204,2,1,0
BRDA:208,3,0,0
BRDA:208,3,1,0
BRDA:218,4,0,0
BRDA:218,5,0,0
BRDA:218,5,1,0
BRDA:220,6,0,0
BRDA:222,7,0,0
BRDA:229,8,0,0
BRDA:231,9,0,0
BRDA:231,9,1,0
BRDA:242,10,0,0
BRDA:242,10,1,0
BRDA:242,10,2,0
BRDA:242,10,3,0
BRDA:242,10,4,0
BRDA:242,10,5,0
BRDA:242,10,6,0
BRDA:297,11,0,0
BRDA:297,11,1,0
BRDA:298,12,0,0
BRDA:298,12,1,0
BRDA:299,13,0,0
BRDA:299,13,1,0
BRDA:300,14,0,0
BRDA:300,14,1,0
BRDA:301,15,0,0
BRDA:301,15,1,0
BRDA:302,16,0,0
BRDA:302,16,1,0
BRDA:303,17,0,0
BRDA:303,17,1,0
BRDA:310,18,0,0
BRDA:326,19,0,0
BRDA:363,20,0,0
BRDA:368,21,0,0
BRDA:368,21,1,0
BRDA:476,22,0,0
BRDA:483,23,0,0
BRDA:492,24,0,0
BRDA:525,25,0,0
BRF:44
BRH:0
end_of_record
TN:
SF:src/components/admin/SecurityDashboard.tsx
FN:162,SecurityDashboard
FN:166,(anonymous_2)
FN:176,(anonymous_3)
FN:186,(anonymous_4)
FN:195,(anonymous_5)
FN:203,(anonymous_6)
FN:315,(anonymous_7)
FN:319,(anonymous_8)
FN:431,(anonymous_9)
FN:477,(anonymous_10)
FNF:10
FNH:0
FNDA:0,SecurityDashboard
FNDA:0,(anonymous_2)
FNDA:0,(anonymous_3)
FNDA:0,(anonymous_4)
FNDA:0,(anonymous_5)
FNDA:0,(anonymous_6)
FNDA:0,(anonymous_7)
FNDA:0,(anonymous_8)
FNDA:0,(anonymous_9)
FNDA:0,(anonymous_10)
DA:3,0
DA:4,0
DA:5,0
DA:6,0
DA:15,0
DA:16,0
DA:40,0
DA:41,0
DA:44,0
DA:58,0
DA:105,0
DA:138,0
DA:162,0
DA:163,0
DA:164,0
DA:166,0
DA:167,0
DA:168,0
DA:169,0
DA:170,0
DA:171,0
DA:172,0
DA:176,0
DA:177,0
DA:178,0
DA:179,0
DA:180,0
DA:181,0
DA:182,0
DA:186,0
DA:187,0
DA:188,0
DA:189,0
DA:190,0
DA:191,0
DA:195,0
DA:196,0
DA:197,0
DA:203,0
DA:204,0
DA:205,0
DA:206,0
DA:208,0
DA:209,0
DA:210,0
DA:316,0
DA:319,0
DA:432,0
DA:478,0
LF:49
LH:0
BRDA:167,0,0,0
BRDA:167,0,1,0
BRDA:167,0,2,0
BRDA:167,0,3,0
BRDA:167,0,4,0
BRDA:177,1,0,0
BRDA:177,1,1,0
BRDA:177,1,2,0
BRDA:177,1,3,0
BRDA:177,1,4,0
BRDA:187,2,0,0
BRDA:187,2,1,0
BRDA:187,2,2,0
BRDA:187,2,3,0
BRDA:208,3,0,0
BRDA:209,4,0,0
BRDA:229,5,0,0
BRDA:229,5,1,0
BRDA:347,6,0,0
BRDA:347,6,1,0
BRDA:348,7,0,0
BRDA:348,7,1,0
BRDA:349,8,0,0
BRDA:349,8,1,0
BRDA:483,9,0,0
BRDA:483,9,1,0
BRF:26
BRH:0
end_of_record
TN:
SF:src/components/admin/SystemConfiguration.tsx
FN:309,SystemConfiguration
FN:310,(anonymous_2)
FN:312,(anonymous_3)
FN:313,(anonymous_4)
FN:324,(anonymous_5)
FN:325,(anonymous_6)
FN:329,(anonymous_7)
FN:333,(anonymous_8)
FN:339,(anonymous_9)
FN:342,(anonymous_10)
FN:343,(anonymous_11)
FN:351,(anonymous_12)
FN:366,(anonymous_13)
FN:381,(anonymous_14)
FN:397,(anonymous_15)
FN:419,(anonymous_16)
FN:435,(anonymous_17)
FN:440,(anonymous_18)
FN:459,(anonymous_19)
FN:519,(anonymous_20)
FN:522,(anonymous_21)
FN:545,(anonymous_22)
FN:546,(anonymous_23)
FN:557,(anonymous_24)
FNF:24
FNH:0
FNDA:0,SystemConfiguration
FNDA:0,(anonymous_2)
FNDA:0,(anonymous_3)
FNDA:0,(anonymous_4)
FNDA:0,(anonymous_5)
FNDA:0,(anonymous_6)
FNDA:0,(anonymous_7)
FNDA:0,(anonymous_8)
FNDA:0,(anonymous_9)
FNDA:0,(anonymous_10)
FNDA:0,(anonymous_11)
FNDA:0,(anonymous_12)
FNDA:0,(anonymous_13)
FNDA:0,(anonymous_14)
FNDA:0,(anonymous_15)
FNDA:0,(anonymous_16)
FNDA:0,(anonymous_17)
FNDA:0,(anonymous_18)
FNDA:0,(anonymous_19)
FNDA:0,(anonymous_20)
FNDA:0,(anonymous_21)
FNDA:0,(anonymous_22)
FNDA:0,(anonymous_23)
FNDA:0,(anonymous_24)
DA:3,0
DA:4,0
DA:5,0
DA:6,0
DA:7,0
DA:8,0
DA:9,0
DA:10,0
DA:17,0
DA:18,0
DA:40,0
DA:41,0
DA:65,0
DA:309,0
DA:310,0
DA:311,0
DA:312,0
DA:313,0
DA:314,0
DA:317,0
DA:320,0
DA:321,0
DA:322,0
DA:324,0
DA:325,0
DA:326,0
DA:329,0
DA:330,0
DA:333,0
DA:335,0
DA:336,0
DA:339,0
DA:341,0
DA:342,0
DA:343,0
DA:344,0
DA:347,0
DA:348,0
DA:351,0
DA:352,0
DA:354,0
DA:366,0
DA:381,0
DA:397,0
DA:419,0
DA:435,0
DA:441,0
DA:459,0
DA:467,0
DA:520,0
DA:522,0
DA:545,0
DA:547,0
DA:558,0
LF:54
LH:0
BRDA:354,0,0,0
BRDA:379,1,0,0
BRDA:379,1,1,0
BRDA:411,2,0,0
BRDA:411,2,1,0
BRDA:418,3,0,0
BRDA:418,3,1,0
BRDA:486,4,0,0
BRDA:495,5,0,0
BRDA:495,5,1,0
BRDA:502,6,0,0
BRDA:502,6,1,0
BRDA:505,7,0,0
BRDA:505,7,1,0
BRDA:525,8,0,0
BRDA:525,8,1,0
BRF:16
BRH:0
end_of_record
TN:
SF:src/components/admin/UserManagement.tsx
FN:113,UserManagement
FN:122,(anonymous_2)
FN:132,(anonymous_3)
FN:136,(anonymous_4)
FN:138,(anonymous_5)
FN:138,(anonymous_6)
FN:157,(anonymous_7)
FN:166,(anonymous_8)
FN:175,(anonymous_9)
FN:269,(anonymous_10)
FN:325,(anonymous_11)
FN:385,(anonymous_12)
FN:397,(anonymous_13)
FN:409,(anonymous_14)
FN:420,(anonymous_15)
FNF:15
FNH:0
FNDA:0,UserManagement
FNDA:0,(anonymous_2)
FNDA:0,(anonymous_3)
FNDA:0,(anonymous_4)
FNDA:0,(anonymous_5)
FNDA:0,(anonymous_6)
FNDA:0,(anonymous_7)
FNDA:0,(anonymous_8)
FNDA:0,(anonymous_9)
FNDA:0,(anonymous_10)
FNDA:0,(anonymous_11)
FNDA:0,(anonymous_12)
FNDA:0,(anonymous_13)
FNDA:0,(anonymous_14)
FNDA:0,(anonymous_15)
DA:3,0
DA:4,0
DA:5,0
DA:6,0
DA:7,0
DA:15,0
DA:22,0
DA:25,0
DA:44,0
DA:48,0
DA:103,0
DA:113,0
DA:114,0
DA:115,0
DA:116,0
DA:117,0
DA:118,0
DA:119,0
DA:120,0
DA:122,0
DA:123,0
DA:126,0
DA:127,0
DA:129,0
DA:132,0
DA:133,0
DA:136,0
DA:138,0
DA:139,0
DA:140,0
DA:142,0
DA:144,0
DA:146,0
DA:148,0
DA:151,0
DA:154,0
DA:157,0
DA:158,0
DA:159,0
DA:160,0
DA:161,0
DA:162,0
DA:166,0
DA:167,0
DA:175,0
DA:176,0
DA:177,0
DA:269,0
DA:326,0
DA:385,0
DA:397,0
DA:409,0
DA:420,0
LF:53
LH:0
BRDA:123,0,0,0
BRDA:123,0,1,0
BRDA:123,0,2,0
BRDA:126,1,0,0
BRDA:126,1,1,0
BRDA:127,2,0,0
BRDA:127,2,1,0
BRDA:129,3,0,0
BRDA:129,3,1,0
BRDA:129,3,2,0
BRDA:139,4,0,0
BRDA:140,5,0,0
BRDA:140,5,1,0
BRDA:140,5,2,0
BRDA:140,5,3,0
BRDA:158,6,0,0
BRDA:158,6,1,0
BRDA:158,6,2,0
BRDA:158,6,3,0
BRDA:176,7,0,0
BRDA:340,8,0,0
BRDA:340,8,1,0
BRDA:340,9,0,0
BRDA:340,9,1,0
BRDA:367,10,0,0
BRDA:367,10,1,0
BRDA:368,11,0,0
BRDA:368,11,1,0
BRDA:373,12,0,0
BRDA:373,12,1,0
BRDA:374,13,0,0
BRDA:374,13,1,0
BRDA:382,14,0,0
BRDA:393,15,0,0
BRDA:405,16,0,0
BRF:35
BRH:0
end_of_record
TN:
SF:src/components/auth/EmailVerificationFlow.tsx
FN:18,EmailVerificationFlow
FN:29,(anonymous_2)
FN:34,(anonymous_3)
FN:36,(anonymous_4)
FN:37,(anonymous_5)
FN:41,(anonymous_6)
FN:58,(anonymous_7)
FN:64,(anonymous_8)
FN:66,(anonymous_9)
FN:68,(anonymous_10)
FN:182,(anonymous_11)
FN:183,(anonymous_12)
FNF:12
FNH:0
FNDA:0,EmailVerificationFlow
FNDA:0,(anonymous_2)
FNDA:0,(anonymous_3)
FNDA:0,(anonymous_4)
FNDA:0,(anonymous_5)
FNDA:0,(anonymous_6)
FNDA:0,(anonymous_7)
FNDA:0,(anonymous_8)
FNDA:0,(anonymous_9)
FNDA:0,(anonymous_10)
FNDA:0,(anonymous_11)
FNDA:0,(anonymous_12)
DA:3,0
DA:4,0
DA:5,0
DA:6,0
DA:7,0
DA:8,0
DA:9,0
DA:18,0
DA:23,0
DA:24,0
DA:25,0
DA:26,0
DA:29,0
DA:30,0
DA:34,0
DA:35,0
DA:36,0
DA:37,0
DA:41,0
DA:42,0
DA:43,0
DA:44,0
DA:46,0
DA:47,0
DA:48,0
DA:50,0
DA:51,0
DA:52,0
DA:54,0
DA:58,0
DA:59,0
DA:60,0
DA:64,0
DA:66,0
DA:67,0
DA:68,0
DA:69,0
DA:183,0
LF:38
LH:0
BRDA:35,0,0,0
BRDA:59,1,0,0
BRDA:88,2,0,0
BRDA:88,2,1,0
BRDA:105,3,0,0
BRDA:105,3,1,0
BRDA:134,4,0,0
BRDA:172,5,0,0
BRDA:172,5,1,0
BRDA:189,6,0,0
BRDA:189,6,1,0
BRDA:205,7,0,0
BRDA:205,7,1,0
BRDA:213,8,0,0
BRDA:213,8,1,0
BRF:15
BRH:0
end_of_record
TN:
SF:src/components/auth/LoginForm.tsx
FN:15,LoginForm
FN:19,(anonymous_2)
FN:37,(anonymous_3)
FN:50,(anonymous_4)
FNF:4
FNH:0
FNDA:0,LoginForm
FNDA:0,(anonymous_2)
FNDA:0,(anonymous_3)
FNDA:0,(anonymous_4)
DA:3,0
DA:4,0
DA:5,0
DA:6,0
DA:7,0
DA:15,0
DA:16,0
DA:17,0
DA:19,0
DA:20,0
DA:21,0
DA:37,0
DA:50,0
LF:13
LH:0
BRDA:55,0,0,0
BRF:1
BRH:0
end_of_record
TN:
SF:src/components/auth/PasswordStrengthIndicator.tsx
FN:15,PasswordStrengthIndicator
FN:26,(anonymous_2)
FN:39,(anonymous_3)
FN:101,(anonymous_4)
FN:179,(anonymous_5)
FNF:5
FNH:0
FNDA:0,PasswordStrengthIndicator
FNDA:0,(anonymous_2)
FNDA:0,(anonymous_3)
FNDA:0,(anonymous_4)
FNDA:0,(anonymous_5)
DA:3,0
DA:4,0
DA:5,0
DA:6,0
DA:7,0
DA:15,0
DA:20,0
DA:26,0
DA:27,0
DA:28,0
DA:29,0
DA:31,0
DA:39,0
DA:40,0
DA:41,0
DA:48,0
DA:55,0
DA:62,0
DA:69,0
DA:76,0
DA:86,0
DA:87,0
DA:89,0
DA:102,0
DA:180,0
LF:25
LH:0
BRDA:17,0,0,0
BRDA:27,1,0,0
BRDA:27,1,1,0
BRDA:40,2,0,0
BRDA:40,2,1,0
BRDA:40,2,2,0
BRDA:40,2,3,0
BRDA:40,2,4,0
BRDA:40,2,5,0
BRDA:89,3,0,0
BRDA:106,4,0,0
BRDA:106,4,1,0
BRDA:112,5,0,0
BRDA:112,5,1,0
BRDA:113,6,0,0
BRDA:113,6,1,0
BRDA:144,7,0,0
BRDA:165,8,0,0
BRDA:165,8,1,0
BRF:19
BRH:0
end_of_record
TN:
SF:src/components/auth/RegisterForm.tsx
FN:16,RegisterForm
FN:23,(anonymous_2)
FN:45,(anonymous_3)
FN:58,(anonymous_4)
FN:74,(anonymous_5)
FN:86,(anonymous_6)
FN:99,(anonymous_7)
FNF:7
FNH:0
FNDA:0,RegisterForm
FNDA:0,(anonymous_2)
FNDA:0,(anonymous_3)
FNDA:0,(anonymous_4)
FNDA:0,(anonymous_5)
FNDA:0,(anonymous_6)
FNDA:0,(anonymous_7)
DA:3,0
DA:4,0
DA:5,0
DA:6,0
DA:7,0
DA:8,0
DA:9,0
DA:16,0
DA:17,0
DA:18,0
DA:19,0
DA:20,0
DA:21,0
DA:23,0
DA:24,0
DA:25,0
DA:27,0
DA:28,0
DA:30,0
DA:45,0
DA:58,0
DA:74,0
DA:86,0
DA:99,0
LF:24
LH:0
BRDA:25,0,0,0
BRDA:102,1,0,0
BRDA:102,1,1,0
BRDA:107,2,0,0
BRF:4
BRH:0
end_of_record
TN:
SF:src/components/auth/RegistrationWizard.tsx
FN:32,RegistrationWizard
FN:60,(anonymous_2)
FN:80,(anonymous_3)
FN:100,(anonymous_4)
FN:106,(anonymous_5)
FN:155,(anonymous_6)
FN:162,(anonymous_7)
FN:163,(anonymous_8)
FN:170,(anonymous_9)
FN:172,(anonymous_10)
FN:177,(anonymous_11)
FN:236,(anonymous_12)
FN:258,(anonymous_13)
FN:346,(anonymous_14)
FN:347,(anonymous_15)
FN:356,(anonymous_16)
FN:357,(anonymous_17)
FN:370,(anonymous_18)
FN:372,(anonymous_19)
FN:409,(anonymous_20)
FN:425,(anonymous_21)
FN:426,(anonymous_22)
FN:434,(anonymous_23)
FN:438,(anonymous_24)
FN:485,(anonymous_25)
FN:486,(anonymous_26)
FN:498,(anonymous_27)
FN:499,(anonymous_28)
FN:512,(anonymous_29)
FN:531,(anonymous_30)
FN:532,(anonymous_31)
FNF:31
FNH:0
FNDA:0,RegistrationWizard
FNDA:0,(anonymous_2)
FNDA:0,(anonymous_3)
FNDA:0,(anonymous_4)
FNDA:0,(anonymous_5)
FNDA:0,(anonymous_6)
FNDA:0,(anonymous_7)
FNDA:0,(anonymous_8)
FNDA:0,(anonymous_9)
FNDA:0,(anonymous_10)
FNDA:0,(anonymous_11)
FNDA:0,(anonymous_12)
FNDA:0,(anonymous_13)
FNDA:0,(anonymous_14)
FNDA:0,(anonymous_15)
FNDA:0,(anonymous_16)
FNDA:0,(anonymous_17)
FNDA:0,(anonymous_18)
FNDA:0,(anonymous_19)
FNDA:0,(anonymous_20)
FNDA:0,(anonymous_21)
FNDA:0,(anonymous_22)
FNDA:0,(anonymous_23)
FNDA:0,(anonymous_24)
FNDA:0,(anonymous_25)
FNDA:0,(anonymous_26)
FNDA:0,(anonymous_27)
FNDA:0,(anonymous_28)
FNDA:0,(anonymous_29)
FNDA:0,(anonymous_30)
FNDA:0,(anonymous_31)
DA:3,0
DA:4,0
DA:5,0
DA:6,0
DA:7,0
DA:8,0
DA:9,0
DA:10,0
DA:11,0
DA:12,0
DA:13,0
DA:14,0
DA:15,0
DA:16,0
DA:17,0
DA:18,0
DA:24,0
DA:25,0
DA:26,0
DA:32,0
DA:33,0
DA:34,0
DA:35,0
DA:36,0
DA:37,0
DA:38,0
DA:39,0
DA:40,0
DA:42,0
DA:56,0
DA:57,0
DA:60,0
DA:61,0
DA:66,0
DA:67,0
DA:70,0
DA:76,0
DA:80,0
DA:81,0
DA:82,0
DA:83,0
DA:86,0
DA:87,0
DA:89,0
DA:90,0
DA:92,0
DA:94,0
DA:96,0
DA:100,0
DA:101,0
DA:102,0
DA:106,0
DA:107,0
DA:109,0
DA:110,0
DA:111,0
DA:114,0
DA:116,0
DA:117,0
DA:120,0
DA:121,0
DA:122,0
DA:123,0
DA:126,0
DA:138,0
DA:139,0
DA:141,0
DA:143,0
DA:147,0
DA:148,0
DA:150,0
DA:155,0
DA:156,0
DA:157,0
DA:158,0
DA:162,0
DA:163,0
DA:165,0
DA:166,0
DA:170,0
DA:171,0
DA:172,0
DA:173,0
DA:177,0
DA:179,0
DA:183,0
DA:193,0
DA:237,0
DA:258,0
DA:346,0
DA:347,0
DA:356,0
DA:357,0
DA:370,0
DA:372,0
DA:409,0
DA:425,0
DA:426,0
DA:434,0
DA:438,0
DA:485,0
DA:486,0
DA:498,0
DA:499,0
DA:512,0
DA:531,0
DA:532,0
LF:107
LH:0
BRDA:56,0,0,0
BRDA:56,0,1,0
BRDA:66,1,0,0
BRDA:81,2,0,0
BRDA:81,3,0,0
BRDA:81,3,1,0
BRDA:101,4,0,0
BRDA:109,5,0,0
BRDA:116,6,0,0
BRDA:116,6,1,0
BRDA:122,7,0,0
BRDA:122,7,1,0
BRDA:138,8,0,0
BRDA:138,8,1,0
BRDA:156,9,0,0
BRDA:165,10,0,0
BRDA:183,11,0,0
BRDA:193,12,0,0
BRDA:225,13,0,0
BRDA:254,14,0,0
BRDA:265,15,0,0
BRDA:265,15,1,0
BRDA:299,16,0,0
BRDA:299,16,1,0
BRDA:337,17,0,0
BRDA:347,18,0,0
BRDA:347,18,1,0
BRDA:357,19,0,0
BRDA:357,19,1,0
BRDA:372,20,0,0
BRDA:372,20,1,0
BRDA:373,21,0,0
BRDA:373,21,1,0
BRDA:374,22,0,0
BRDA:374,22,1,0
BRDA:377,23,0,0
BRDA:382,24,0,0
BRDA:382,24,1,0
BRDA:389,25,0,0
BRDA:389,25,1,0
BRDA:397,26,0,0
BRDA:417,27,0,0
BRDA:417,27,1,0
BRDA:426,28,0,0
BRDA:426,28,1,0
BRDA:438,29,0,0
BRDA:438,29,1,0
BRDA:476,30,0,0
BRDA:476,30,1,0
BRDA:476,30,2,0
BRDA:476,30,3,0
BRDA:486,31,0,0
BRDA:486,31,1,0
BRDA:499,32,0,0
BRDA:499,32,1,0
BRDA:502,33,0,0
BRDA:502,33,1,0
BRDA:532,34,0,0
BRDA:532,34,1,0
BRDA:551,35,0,0
BRDA:569,36,0,0
BRDA:569,36,1,0
BRDA:584,37,0,0
BRDA:589,38,0,0
BRF:64
BRH:0
end_of_record
TN:
SF:src/components/dashboard/UnifiedDashboard.tsx
FN:19,(anonymous_5)
FN:19,(anonymous_6)
FN:34,(anonymous_9)
FN:34,(anonymous_10)
FN:49,(anonymous_13)
FN:49,(anonymous_14)
FN:64,(anonymous_17)
FN:64,(anonymous_18)
FN:79,(anonymous_21)
FN:79,(anonymous_22)
FN:93,UnifiedDashboard
FN:143,(anonymous_26)
FN:151,(anonymous_27)
FN:159,(anonymous_28)
FN:167,(anonymous_29)
FN:175,(anonymous_30)
FN:183,(anonymous_31)
FNF:17
FNH:0
FNDA:0,(anonymous_5)
FNDA:0,(anonymous_6)
FNDA:0,(anonymous_9)
FNDA:0,(anonymous_10)
FNDA:0,(anonymous_13)
FNDA:0,(anonymous_14)
FNDA:0,(anonymous_17)
FNDA:0,(anonymous_18)
FNDA:0,(anonymous_21)
FNDA:0,(anonymous_22)
FNDA:0,UnifiedDashboard
FNDA:0,(anonymous_26)
FNDA:0,(anonymous_27)
FNDA:0,(anonymous_28)
FNDA:0,(anonymous_29)
FNDA:0,(anonymous_30)
FNDA:0,(anonymous_31)
DA:3,0
DA:4,0
DA:5,0
DA:6,0
DA:9,0
DA:10,0
DA:15,0
DA:19,0
DA:34,0
DA:49,0
DA:64,0
DA:79,0
DA:93,0
DA:94,0
DA:97,0
DA:143,0
DA:151,0
DA:159,0
DA:167,0
DA:175,0
DA:183,0
LF:21
LH:0
BRDA:142,0,0,0
BRDA:142,0,1,0
BRDA:150,1,0,0
BRDA:150,1,1,0
BRDA:158,2,0,0
BRDA:158,2,1,0
BRDA:166,3,0,0
BRDA:166,3,1,0
BRDA:174,4,0,0
BRDA:174,4,1,0
BRDA:182,5,0,0
BRDA:182,5,1,0
BRDA:195,6,0,0
BRDA:276,7,0,0
BRDA:276,7,1,0
BRDA:366,8,0,0
BRDA:366,8,1,0
BRDA:367,9,0,0
BRDA:367,9,1,0
BRDA:368,10,0,0
BRDA:368,10,1,0
BRDA:369,11,0,0
BRDA:369,11,1,0
BRDA:370,12,0,0
BRDA:370,12,1,0
BRF:25
BRH:0
end_of_record
TN:
SF:src/components/dashboard/charts.tsx
FN:18,LineChart
FN:24,(anonymous_5)
FN:25,(anonymous_6)
FN:60,(anonymous_7)
FN:75,(anonymous_8)
FN:75,(anonymous_9)
FN:91,(anonymous_10)
FN:103,(anonymous_11)
FN:131,PieChart
FN:136,(anonymous_13)
FN:143,(anonymous_14)
FN:160,(anonymous_15)
FN:195,(anonymous_16)
FNF:13
FNH:0
FNDA:0,LineChart
FNDA:0,(anonymous_5)
FNDA:0,(anonymous_6)
FNDA:0,(anonymous_7)
FNDA:0,(anonymous_8)
FNDA:0,(anonymous_9)
FNDA:0,(anonymous_10)
FNDA:0,(anonymous_11)
FNDA:0,PieChart
FNDA:0,(anonymous_13)
FNDA:0,(anonymous_14)
FNDA:0,(anonymous_15)
FNDA:0,(anonymous_16)
DA:3,0
DA:18,0
DA:19,0
DA:24,0
DA:25,0
DA:26,0
DA:61,0
DA:62,0
DA:63,0
DA:75,0
DA:76,0
DA:77,0
DA:92,0
DA:93,0
DA:94,0
DA:104,0
DA:105,0
DA:106,0
DA:131,0
DA:132,0
DA:136,0
DA:139,0
DA:142,0
DA:143,0
DA:144,0
DA:145,0
DA:146,0
DA:148,0
DA:161,0
DA:162,0
DA:165,0
DA:166,0
DA:167,0
DA:168,0
DA:170,0
DA:172,0
DA:179,0
DA:196,0
LF:38
LH:0
BRDA:19,0,0,0
BRDA:19,1,0,0
BRDA:19,1,1,0
BRDA:26,2,0,0
BRDA:26,2,1,0
BRDA:76,3,0,0
BRDA:76,3,1,0
BRDA:92,4,0,0
BRDA:92,4,1,0
BRDA:104,5,0,0
BRDA:104,5,1,0
BRDA:132,6,0,0
BRDA:132,7,0,0
BRDA:132,7,1,0
BRDA:170,8,0,0
BRDA:170,8,1,0
BRF:16
BRH:0
end_of_record
TN:
SF:src/components/dashboard/execution-statistics.tsx
FN:6,ExecutionStatistics
FNF:1
FNH:0
FNDA:0,ExecutionStatistics
DA:3,0
DA:4,0
DA:6,0
DA:8,0
LF:4
LH:0
BRF:0
BRH:0
end_of_record
TN:
SF:src/components/dashboard/execution-timeline.tsx
FN:15,ExecutionTimeline
FN:55,(anonymous_3)
FNF:2
FNH:0
FNDA:0,ExecutionTimeline
FNDA:0,(anonymous_3)
DA:3,0
DA:4,0
DA:15,0
DA:17,0
DA:56,0
LF:5
LH:0
BRDA:59,0,0,0
BRDA:59,0,1,0
BRDA:60,1,0,0
BRDA:60,1,1,0
BRDA:62,2,0,0
BRDA:70,3,0,0
BRDA:70,3,1,0
BRDA:71,4,0,0
BRDA:71,4,1,0
BRDA:77,5,0,0
BRDA:77,5,1,0
BRF:11
BRH:0
end_of_record
TN:
SF:src/components/dashboard/job-execution-chart.tsx
FN:6,JobExecutionChart
FN:10,(anonymous_2)
FN:26,(anonymous_3)
FNF:3
FNH:0
FNDA:0,JobExecutionChart
FNDA:0,(anonymous_2)
FNDA:0,(anonymous_3)
DA:3,0
DA:4,0
DA:6,0
DA:7,0
DA:10,0
DA:11,0
DA:12,0
DA:13,0
DA:27,0
LF:9
LH:0
BRF:0
BRH:0
end_of_record
TN:
SF:src/components/dashboard/job-list.tsx
FN:29,JobList
FN:45,(anonymous_3)
FN:68,(anonymous_4)
FN:84,(anonymous_5)
FN:94,(anonymous_6)
FN:151,(anonymous_7)
FN:162,(anonymous_8)
FN:174,(anonymous_9)
FN:186,(anonymous_10)
FN:198,(anonymous_11)
FN:210,(anonymous_12)
FN:221,(anonymous_13)
FN:233,(anonymous_14)
FN:256,(anonymous_15)
FN:275,(anonymous_16)
FN:287,(anonymous_17)
FN:294,(anonymous_18)
FN:320,(anonymous_19)
FN:331,(anonymous_20)
FN:342,(anonymous_21)
FN:354,(anonymous_22)
FN:366,(anonymous_23)
FN:378,(anonymous_24)
FN:389,(anonymous_25)
FN:401,(anonymous_26)
FNF:25
FNH:0
FNDA:0,JobList
FNDA:0,(anonymous_3)
FNDA:0,(anonymous_4)
FNDA:0,(anonymous_5)
FNDA:0,(anonymous_6)
FNDA:0,(anonymous_7)
FNDA:0,(anonymous_8)
FNDA:0,(anonymous_9)
FNDA:0,(anonymous_10)
FNDA:0,(anonymous_11)
FNDA:0,(anonymous_12)
FNDA:0,(anonymous_13)
FNDA:0,(anonymous_14)
FNDA:0,(anonymous_15)
FNDA:0,(anonymous_16)
FNDA:0,(anonymous_17)
FNDA:0,(anonymous_18)
FNDA:0,(anonymous_19)
FNDA:0,(anonymous_20)
FNDA:0,(anonymous_21)
FNDA:0,(anonymous_22)
FNDA:0,(anonymous_23)
FNDA:0,(anonymous_24)
FNDA:0,(anonymous_25)
FNDA:0,(anonymous_26)
DA:3,0
DA:4,0
DA:5,0
DA:6,0
DA:7,0
DA:14,0
DA:15,0
DA:16,0
DA:17,0
DA:18,0
DA:26,0
DA:29,0
DA:30,0
DA:31,0
DA:32,0
DA:33,0
DA:34,0
DA:45,0
DA:46,0
DA:47,0
DA:48,0
DA:52,0
DA:53,0
DA:64,0
DA:68,0
DA:69,0
DA:71,0
DA:72,0
DA:73,0
DA:77,0
DA:78,0
DA:80,0
DA:84,0
DA:85,0
DA:86,0
DA:87,0
DA:89,0
DA:94,0
DA:95,0
DA:96,0
DA:98,0
DA:100,0
DA:104,0
DA:117,0
DA:151,0
DA:162,0
DA:174,0
DA:186,0
DA:198,0
DA:210,0
DA:221,0
DA:233,0
DA:257,0
DA:276,0
DA:280,0
DA:287,0
DA:294,0
DA:320,0
DA:331,0
DA:342,0
DA:354,0
DA:366,0
DA:378,0
DA:389,0
DA:401,0
LF:65
LH:0
BRDA:47,0,0,0
BRDA:47,0,1,0
BRDA:69,1,0,0
BRDA:72,2,0,0
BRDA:72,2,1,0
BRDA:85,3,0,0
BRDA:104,4,0,0
BRDA:117,5,0,0
BRDA:256,6,0,0
BRDA:256,6,1,0
BRDA:262,7,0,0
BRDA:262,7,1,0
BRDA:263,8,0,0
BRDA:263,8,1,0
BRDA:267,9,0,0
BRDA:267,9,1,0
BRDA:278,10,0,0
BRDA:278,10,1,0
BRDA:311,11,0,0
BRF:19
BRH:0
end_of_record
TN:
SF:src/components/dashboard/metrics-card.tsx
FN:12,MetricsCard
FN:14,(anonymous_3)
FNF:2
FNH:0
FNDA:0,MetricsCard
FNDA:0,(anonymous_3)
DA:3,0
DA:12,0
DA:14,0
DA:15,0
DA:17,0
DA:23,0
DA:30,0
DA:38,0
LF:8
LH:0
BRDA:12,0,0,0
BRDA:15,1,0,0
BRDA:15,1,1,0
BRDA:15,1,2,0
BRDA:15,1,3,0
BRF:5
BRH:0
end_of_record
TN:
SF:src/components/dashboard/node-list.tsx
FN:24,NodeList
FN:41,(anonymous_3)
FN:81,(anonymous_4)
FN:88,(anonymous_5)
FN:95,(anonymous_6)
FNF:5
FNH:0
FNDA:0,NodeList
FNDA:0,(anonymous_3)
FNDA:0,(anonymous_4)
FNDA:0,(anonymous_5)
FNDA:0,(anonymous_6)
DA:3,0
DA:24,0
DA:42,0
DA:81,0
DA:88,0
DA:95,0
LF:6
LH:0
BRDA:46,0,0,0
BRDA:46,0,1,0
BRDA:53,1,0,0
BRDA:53,1,1,0
BRDA:87,2,0,0
BRDA:105,3,0,0
BRF:6
BRH:0
end_of_record
TN:
SF:src/components/dashboard/os-selector.tsx
FN:30,OSSelector
FN:35,(anonymous_2)
FN:38,(anonymous_3)
FN:42,(anonymous_4)
FN:127,(anonymous_5)
FN:128,(anonymous_6)
FN:140,(anonymous_7)
FN:141,(anonymous_8)
FN:153,(anonymous_9)
FN:154,(anonymous_10)
FNF:10
FNH:0
FNDA:0,OSSelector
FNDA:0,(anonymous_2)
FNDA:0,(anonymous_3)
FNDA:0,(anonymous_4)
FNDA:0,(anonymous_5)
FNDA:0,(anonymous_6)
FNDA:0,(anonymous_7)
FNDA:0,(anonymous_8)
FNDA:0,(anonymous_9)
FNDA:0,(anonymous_10)
DA:1,0
DA:8,0
DA:9,0
DA:30,0
DA:31,0
DA:32,0
DA:33,0
DA:35,0
DA:38,0
DA:39,0
DA:40,0
DA:42,0
DA:45,0
DA:93,0
DA:95,0
DA:96,0
DA:98,0
DA:102,0
DA:127,0
DA:129,0
DA:140,0
DA:142,0
DA:153,0
DA:155,0
LF:24
LH:0
BRDA:116,0,0,0
BRDA:116,0,1,0
BRDA:120,1,0,0
BRDA:122,2,0,0
BRF:4
BRH:0
end_of_record
TN:
SF:src/components/dashboard/scheduling-dashboard.tsx
FN:10,SchedulingDashboard
FNF:1
FNH:0
FNDA:0,SchedulingDashboard
DA:3,0
DA:4,0
DA:5,0
DA:6,0
DA:7,0
DA:8,0
DA:10,0
DA:11,0
DA:12,0
LF:9
LH:0
BRDA:19,0,0,0
BRDA:19,0,1,0
BRDA:21,1,0,0
BRDA:21,1,1,0
BRDA:26,2,0,0
BRF:5
BRH:0
end_of_record
TN:
SF:src/components/dashboard/system-status.tsx
FN:13,SystemStatus
FNF:1
FNH:0
FNDA:0,SystemStatus
DA:3,0
DA:13,0
DA:22,0
DA:23,0
DA:26,0
DA:27,0
DA:28,0
LF:7
LH:0
BRF:0
BRH:0
end_of_record
TN:
SF:src/components/dashboard/vm-list.tsx
FN:213,VMList
FN:241,(anonymous_6)
FN:269,(anonymous_7)
FN:287,(anonymous_8)
FN:294,(anonymous_9)
FN:297,(anonymous_10)
FN:310,(anonymous_11)
FN:311,(anonymous_12)
FN:312,(anonymous_13)
FN:341,(anonymous_14)
FN:364,(anonymous_15)
FN:374,(anonymous_16)
FN:400,(anonymous_17)
FN:401,(anonymous_18)
FN:402,(anonymous_19)
FN:438,(anonymous_20)
FN:451,(anonymous_21)
FN:474,(anonymous_22)
FN:498,(anonymous_23)
FN:501,(anonymous_24)
FN:520,(anonymous_25)
FN:567,(anonymous_26)
FN:578,(anonymous_27)
FN:592,(anonymous_28)
FN:606,(anonymous_29)
FN:618,(anonymous_30)
FN:628,(anonymous_31)
FN:637,(anonymous_32)
FN:652,(anonymous_33)
FN:681,(anonymous_34)
FN:704,(anonymous_35)
FN:714,(anonymous_36)
FN:732,(anonymous_37)
FN:745,(anonymous_38)
FN:766,(anonymous_39)
FN:784,(anonymous_40)
FN:802,(anonymous_41)
FN:810,(anonymous_42)
FN:830,(anonymous_43)
FN:866,(anonymous_44)
FN:872,(anonymous_45)
FNF:41
FNH:0
FNDA:0,VMList
FNDA:0,(anonymous_6)
FNDA:0,(anonymous_7)
FNDA:0,(anonymous_8)
FNDA:0,(anonymous_9)
FNDA:0,(anonymous_10)
FNDA:0,(anonymous_11)
FNDA:0,(anonymous_12)
FNDA:0,(anonymous_13)
FNDA:0,(anonymous_14)
FNDA:0,(anonymous_15)
FNDA:0,(anonymous_16)
FNDA:0,(anonymous_17)
FNDA:0,(anonymous_18)
FNDA:0,(anonymous_19)
FNDA:0,(anonymous_20)
FNDA:0,(anonymous_21)
FNDA:0,(anonymous_22)
FNDA:0,(anonymous_23)
FNDA:0,(anonymous_24)
FNDA:0,(anonymous_25)
FNDA:0,(anonymous_26)
FNDA:0,(anonymous_27)
FNDA:0,(anonymous_28)
FNDA:0,(anonymous_29)
FNDA:0,(anonymous_30)
FNDA:0,(anonymous_31)
FNDA:0,(anonymous_32)
FNDA:0,(anonymous_33)
FNDA:0,(anonymous_34)
FNDA:0,(anonymous_35)
FNDA:0,(anonymous_36)
FNDA:0,(anonymous_37)
FNDA:0,(anonymous_38)
FNDA:0,(anonymous_39)
FNDA:0,(anonymous_40)
FNDA:0,(anonymous_41)
FNDA:0,(anonymous_42)
FNDA:0,(anonymous_43)
FNDA:0,(anonymous_44)
FNDA:0,(anonymous_45)
DA:1,0
DA:2,0
DA:10,0
DA:18,0
DA:26,0
DA:35,0
DA:36,0
DA:37,0
DA:38,0
DA:39,0
DA:46,0
DA:48,0
DA:64,0
DA:65,0
DA:99,0
DA:112,0
DA:213,0
DA:214,0
DA:215,0
DA:216,0
DA:217,0
DA:218,0
DA:219,0
DA:220,0
DA:231,0
DA:241,0
DA:267,0
DA:268,0
DA:270,0
DA:275,0
DA:277,0
DA:281,0
DA:282,0
DA:287,0
DA:288,0
DA:292,0
DA:294,0
DA:297,0
DA:298,0
DA:300,0
DA:302,0
DA:303,0
DA:305,0
DA:306,0
DA:308,0
DA:310,0
DA:311,0
DA:312,0
DA:313,0
DA:319,0
DA:321,0
DA:322,0
DA:325,0
DA:327,0
DA:330,0
DA:336,0
DA:340,0
DA:341,0
DA:343,0
DA:346,0
DA:351,0
DA:352,0
DA:358,0
DA:359,0
DA:364,0
DA:365,0
DA:367,0
DA:369,0
DA:370,0
DA:374,0
DA:377,0
DA:378,0
DA:397,0
DA:400,0
DA:401,0
DA:402,0
DA:403,0
DA:410,0
DA:416,0
DA:424,0
DA:426,0
DA:427,0
DA:433,0
DA:438,0
DA:439,0
DA:440,0
DA:441,0
DA:442,0
DA:451,0
DA:474,0
DA:499,0
DA:501,0
DA:521,0
DA:567,0
DA:579,0
DA:580,0
DA:593,0
DA:594,0
DA:607,0
DA:608,0
DA:619,0
DA:620,0
DA:629,0
DA:630,0
DA:638,0
DA:640,0
DA:641,0
DA:653,0
DA:654,0
DA:704,0
DA:714,0
DA:732,0
DA:745,0
DA:766,0
DA:784,0
DA:802,0
DA:810,0
[...]
FN:27,AuthProvider
FN:32,(anonymous_5)
FN:33,(anonymous_6)
FN:66,(anonymous_7)
FN:86,(anonymous_8)
FN:101,(anonymous_9)
FN:127,useAuth
FN:136,ProtectedRoute
FNF:8
FNH:0
FNDA:0,AuthProvider
FNDA:0,(anonymous_5)
FNDA:0,(anonymous_6)
FNDA:0,(anonymous_7)
FNDA:0,(anonymous_8)
FNDA:0,(anonymous_9)
FNDA:0,useAuth
FNDA:0,ProtectedRoute
DA:3,0
DA:4,0
DA:25,0
DA:27,0
DA:28,0
DA:29,0
DA:30,0
DA:32,0
DA:33,0
DA:34,0
DA:36,0
DA:37,0
DA:38,0
DA:40,0
DA:41,0
DA:42,0
DA:45,0
DA:55,0
DA:57,0
DA:59,0
DA:63,0
DA:66,0
DA:67,0
DA:68,0
DA:71,0
DA:72,0
DA:73,0
DA:74,0
DA:75,0
DA:76,0
DA:78,0
DA:81,0
DA:82,0
DA:86,0
DA:87,0
DA:88,0
DA:91,0
DA:92,0
DA:94,0
DA:96,0
DA:97,0
DA:101,0
DA:102,0
DA:103,0
DA:105,0
DA:107,0
DA:108,0
DA:112,0
DA:114,0
DA:127,0
DA:128,0
DA:129,0
DA:130,0
DA:132,0
DA:136,0
DA:137,0
DA:139,0
DA:143,0
DA:146,0
LF:59
LH:0
BRDA:37,0,0,0
BRDA:41,1,0,0
BRDA:41,1,1,0
BRDA:67,2,0,0
BRDA:67,3,0,0
BRDA:67,3,1,0
BRDA:73,4,0,0
BRDA:73,4,1,0
BRDA:73,5,0,0
BRDA:73,5,1,0
BRDA:87,6,0,0
BRDA:87,7,0,0
BRDA:87,7,1,0
BRDA:87,7,2,0
BRDA:87,7,3,0
BRDA:112,8,0,0
BRDA:112,8,1,0
BRDA:129,9,0,0
BRDA:139,10,0,0
BRDA:143,11,0,0
BRF:20
BRH:0
end_of_record
TN:
SF:src/lib/auth.ts
FN:44,(anonymous_3)
FN:70,(anonymous_4)
FN:77,(anonymous_5)
FN:84,(anonymous_6)
FN:91,(anonymous_7)
FN:99,(anonymous_8)
FN:128,(anonymous_9)
FN:134,(anonymous_10)
FN:142,(anonymous_11)
FN:152,(anonymous_12)
FN:160,(anonymous_13)
FNF:11
FNH:0
FNDA:0,(anonymous_3)
FNDA:0,(anonymous_4)
FNDA:0,(anonymous_5)
FNDA:0,(anonymous_6)
FNDA:0,(anonymous_7)
FNDA:0,(anonymous_8)
FNDA:0,(anonymous_9)
FNDA:0,(anonymous_10)
FNDA:0,(anonymous_11)
FNDA:0,(anonymous_12)
FNDA:0,(anonymous_13)
DA:3,0
DA:45,0
DA:47,0
DA:55,0
DA:56,0
DA:58,0
DA:59,0
DA:62,0
DA:63,0
DA:65,0
DA:66,0
DA:71,0
DA:78,0
DA:85,0
DA:92,0
DA:100,0
DA:101,0
DA:103,0
DA:106,0
DA:107,0
DA:108,0
DA:109,0
DA:114,0
DA:122,0
DA:123,0
DA:129,0
DA:130,0
DA:135,0
DA:136,0
DA:138,0
DA:143,0
DA:144,0
DA:145,0
DA:146,0
DA:153,0
DA:154,0
DA:155,0
DA:161,0
DA:166,0
DA:167,0
LF:40
LH:0
BRDA:3,0,0,0
BRDA:3,0,1,0
BRDA:44,1,0,0
BRDA:58,2,0,0
BRDA:101,3,0,0
BRDA:106,4,0,0
BRDA:108,5,0,0
BRDA:135,6,0,0
BRDA:143,7,0,0
BRDA:145,8,0,0
BRDA:153,9,0,0
BRF:11
BRH:0
end_of_record
TN:
SF:src/lib/utils.ts
FN:4,cn
FNF:1
FNH:0
FNDA:0,cn
DA:1,0
DA:2,0
DA:4,0
DA:5,0
LF:4
LH:0
BRF:0
BRH:0
end_of_record
TN:
SF:src/lib/validation.ts
FN:15,(anonymous_9)
FN:48,(anonymous_10)
FN:92,(anonymous_11)
FN:128,(anonymous_12)
FN:152,(anonymous_13)
FN:173,(anonymous_14)
FN:195,(anonymous_15)
FN:223,(anonymous_16)
FN:285,debounce
FN:291,(anonymous_18)
FN:293,(anonymous_19)
FNF:11
FNH:0
FNDA:0,(anonymous_9)
FNDA:0,(anonymous_10)
FNDA:0,(anonymous_11)
FNDA:0,(anonymous_12)
FNDA:0,(anonymous_13)
FNDA:0,(anonymous_14)
FNDA:0,(anonymous_15)
FNDA:0,(anonymous_16)
FNDA:0,debounce
FNDA:0,(anonymous_18)
FNDA:0,(anonymous_19)
DA:15,0
DA:16,0
DA:18,0
DA:19,0
DA:21,0
DA:22,0
DA:23,0
DA:27,0
DA:28,0
DA:29,0
DA:36,0
DA:37,0
DA:41,0
DA:48,0
DA:49,0
DA:50,0
DA:52,0
DA:53,0
DA:61,0
DA:62,0
DA:63,0
DA:66,0
DA:67,0
DA:69,0
DA:70,0
DA:72,0
DA:73,0
DA:75,0
DA:76,0
DA:79,0
DA:92,0
DA:93,0
DA:94,0
DA:95,0
DA:99,0
DA:100,0
DA:102,0
DA:103,0
DA:104,0
DA:107,0
DA:108,0
DA:109,0
DA:113,0
DA:114,0
DA:115,0
DA:116,0
DA:117,0
DA:118,0
DA:120,0
DA:128,0
DA:129,0
DA:131,0
DA:132,0
DA:134,0
DA:135,0
DA:137,0
DA:138,0
DA:140,0
DA:141,0
DA:145,0
DA:152,0
DA:153,0
DA:155,0
DA:156,0
DA:158,0
DA:159,0
DA:161,0
DA:162,0
DA:166,0
DA:173,0
DA:174,0
DA:176,0
DA:178,0
DA:180,0
DA:181,0
DA:183,0
DA:184,0
DA:188,0
DA:195,0
DA:196,0
DA:198,0
DA:199,0
DA:202,0
DA:223,0
DA:227,0
DA:229,0
DA:231,0
DA:232,0
DA:234,0
DA:237,0
DA:238,0
DA:239,0
DA:241,0
DA:242,0
DA:243,0
DA:245,0
DA:246,0
DA:247,0
DA:249,0
DA:252,0
DA:253,0
DA:254,0
DA:256,0
DA:257,0
DA:260,0
DA:263,0
DA:264,0
DA:265,0
DA:266,0
DA:269,0
DA:270,0
DA:273,0
DA:274,0
DA:275,0
DA:278,0
DA:285,0
DA:289,0
DA:291,0
DA:292,0
DA:293,0
LF:120
LH:0
BRDA:18,0,0,0
BRDA:18,0,1,0
BRDA:22,1,0,0
BRDA:36,2,0,0
BRDA:36,3,0,0
BRDA:36,3,1,0
BRDA:52,4,0,0
BRDA:61,5,0,0
BRDA:62,6,0,0
BRDA:62,6,1,0
BRDA:66,7,0,0
BRDA:66,7,1,0
BRDA:69,8,0,0
BRDA:69,8,1,0
BRDA:72,9,0,0
BRDA:72,9,1,0
BRDA:75,10,0,0
BRDA:75,10,1,0
BRDA:93,11,0,0
BRDA:102,12,0,0
BRDA:107,13,0,0
BRDA:114,14,0,0
BRDA:114,14,1,0
BRDA:115,15,0,0
BRDA:115,15,1,0
BRDA:116,16,0,0
BRDA:116,16,1,0
BRDA:117,17,0,0
BRDA:117,17,1,0
BRDA:131,18,0,0
BRDA:131,18,1,0
BRDA:134,19,0,0
BRDA:137,20,0,0
BRDA:140,21,0,0
BRDA:155,22,0,0
BRDA:155,22,1,0
BRDA:158,23,0,0
BRDA:161,24,0,0
BRDA:176,25,0,0
BRDA:180,26,0,0
BRDA:183,27,0,0
BRDA:198,28,0,0
BRDA:229,29,0,0
BRDA:229,29,1,0
BRDA:229,29,2,0
BRDA:229,29,3,0
BRDA:231,30,0,0
BRDA:245,31,0,0
BRDA:252,32,0,0
BRDA:253,33,0,0
BRDA:253,33,1,0
BRDA:256,34,0,0
BRDA:264,35,0,0
BRDA:269,36,0,0
BRDA:292,37,0,0
BRF:55
BRH:0
end_of_record
TN:
SF:src/lib/api/admin.ts
FN:174,(anonymous_1)
FN:189,(anonymous_2)
FN:192,(anonymous_3)
FN:195,(anonymous_4)
FN:198,(anonymous_5)
FN:204,(anonymous_6)
FN:207,(anonymous_7)
FN:213,(anonymous_8)
FN:216,(anonymous_9)
FN:222,(anonymous_10)
FN:225,(anonymous_11)
FN:240,(anonymous_12)
FN:255,(anonymous_13)
FN:258,(anonymous_14)
FN:264,(anonymous_15)
FN:267,(anonymous_16)
FN:270,(anonymous_17)
FN:273,(anonymous_18)
FN:276,(anonymous_19)
FN:289,(anonymous_20)
FNF:20
FNH:0
FNDA:0,(anonymous_1)
FNDA:0,(anonymous_2)
FNDA:0,(anonymous_3)
FNDA:0,(anonymous_4)
FNDA:0,(anonymous_5)
FNDA:0,(anonymous_6)
FNDA:0,(anonymous_7)
FNDA:0,(anonymous_8)
FNDA:0,(anonymous_9)
FNDA:0,(anonymous_10)
FNDA:0,(anonymous_11)
FNDA:0,(anonymous_12)
FNDA:0,(anonymous_13)
FNDA:0,(anonymous_14)
FNDA:0,(anonymous_15)
FNDA:0,(anonymous_16)
FNDA:0,(anonymous_17)
FNDA:0,(anonymous_18)
FNDA:0,(anonymous_19)
FNDA:0,(anonymous_20)
DA:1,0
DA:171,0
DA:180,0
DA:181,0
DA:182,0
DA:183,0
DA:184,0
DA:186,0
DA:190,0
DA:193,0
DA:196,0
DA:199,0
DA:205,0
DA:211,0
DA:214,0
DA:217,0
DA:223,0
DA:231,0
DA:232,0
DA:233,0
DA:234,0
DA:235,0
DA:237,0
DA:246,0
DA:247,0
DA:248,0
DA:249,0
DA:250,0
DA:252,0
DA:256,0
DA:259,0
DA:265,0
DA:268,0
DA:271,0
DA:274,0
DA:282,0
DA:283,0
DA:284,0
DA:286,0
DA:290,0
LF:40
LH:0
BRDA:181,0,0,0
BRDA:182,1,0,0
BRDA:183,2,0,0
BRDA:184,3,0,0
BRDA:232,4,0,0
BRDA:233,5,0,0
BRDA:234,6,0,0
BRDA:235,7,0,0
BRDA:247,8,0,0
BRDA:248,9,0,0
BRDA:249,10,0,0
BRDA:250,11,0,0
BRDA:283,12,0,0
BRDA:284,13,0,0
BRF:14
BRH:0
end_of_record
TN:
SF:src/lib/api/client.ts
FN:7,(anonymous_7)
FN:17,(anonymous_8)
FN:26,(anonymous_9)
FN:33,(anonymous_10)
FN:65,(anonymous_11)
FN:69,(anonymous_12)
FN:76,(anonymous_13)
FN:83,(anonymous_14)
FN:88,(anonymous_15)
FN:95,(anonymous_16)
FN:120,withParams
FN:130,parsePaginationHeader
FN:138,(anonymous_19)
FN:148,apiGet
FN:174,apiPost
FNF:15
FNH:4
FNDA:1,(anonymous_7)
FNDA:0,(anonymous_8)
FNDA:0,(anonymous_9)
FNDA:5,(anonymous_10)
FNDA:3,(anonymous_11)
FNDA:2,(anonymous_12)
FNDA:0,(anonymous_13)
FNDA:0,(anonymous_14)
FNDA:0,(anonymous_15)
FNDA:0,(anonymous_16)
FNDA:0,withParams
FNDA:0,parsePaginationHeader
FNDA:0,(anonymous_19)
FNDA:0,apiGet
FNDA:0,apiPost
DA:2,0
DA:5,1
DA:8,1
DA:9,1
DA:12,1
DA:13,1
DA:18,0
DA:19,0
DA:20,0
DA:21,0
DA:22,0
DA:27,0
DA:28,0
DA:29,0
DA:37,5
DA:39,5
DA:44,5
DA:45,0
DA:48,5
DA:53,5
DA:54,0
DA:55,0
DA:58,5
DA:59,0
DA:62,5
DA:66,3
DA:70,2
DA:77,0
DA:84,0
DA:89,0
DA:90,0
DA:91,0
DA:94,0
DA:95,0
DA:96,0
DA:103,0
DA:105,0
DA:106,0
DA:111,5
DA:114,1
DA:121,0
DA:122,0
DA:123,0
DA:124,0
DA:126,0
DA:127,0
DA:131,0
DA:132,0
DA:133,0
DA:136,0
DA:138,0
DA:148,0
DA:149,0
DA:150,0
DA:151,0
DA:152,0
DA:154,0
DA:155,0
DA:158,0
DA:159,0
DA:160,0
DA:161,0
DA:163,0
DA:174,0
DA:175,0
DA:176,0
DA:177,0
DA:178,0
DA:179,0
DA:180,0
LF:70
LH:16
BRDA:8,0,0,1
BRDA:8,0,1,0
BRDA:9,1,0,1
BRDA:9,1,1,0
BRDA:12,2,0,1
BRDA:13,3,0,1
BRDA:13,3,1,1
BRDA:19,4,0,0
BRDA:19,4,1,0
BRDA:19,5,0,0
BRDA:19,5,1,0
BRDA:21,6,0,0
BRDA:21,7,0,0
BRDA:21,7,1,0
BRDA:28,8,0,0
BRDA:35,9,0,0
BRDA:41,10,0,5
BRDA:41,10,1,5
BRDA:44,11,0,0
BRDA:53,12,0,0
BRDA:58,13,0,0
BRDA:72,14,0,2
BRDA:72,14,1,0
BRDA:79,15,0,0
BRDA:79,15,1,0
BRDA:94,16,0,0
BRDA:114,17,0,1
BRDA:114,17,1,1
BRDA:123,18,0,0
BRDA:124,19,0,0
BRDA:124,20,0,0
BRDA:124,20,1,0
BRDA:124,20,2,0
BRDA:132,21,0,0
BRDA:151,22,0,0
BRDA:151,22,1,0
BRDA:154,23,0,0
BRDA:159,24,0,0
BRDA:160,25,0,0
BRDA:163,26,0,0
BRDA:163,26,1,0
BRDA:176,27,0,0
BRDA:176,27,1,0
BRDA:177,28,0,0
BRDA:177,28,1,0
BRDA:179,29,0,0
BRF:46
BRH:10
end_of_record
TN:
SF:src/lib/api/storage.ts
FN:80,(anonymous_1)
FN:85,(anonymous_2)
FN:90,(anonymous_3)
FN:95,(anonymous_4)
FN:100,(anonymous_5)
FN:106,(anonymous_6)
FN:111,(anonymous_7)
FN:116,(anonymous_8)
FN:120,(anonymous_9)
FN:125,(anonymous_10)
FN:130,(anonymous_11)
FN:135,(anonymous_12)
FN:141,(anonymous_13)
FN:147,(anonymous_14)
FN:154,(anonymous_15)
FN:159,(anonymous_16)
FN:175,(anonymous_17)
FNF:17
FNH:8
FNDA:1,(anonymous_1)
FNDA:1,(anonymous_2)
FNDA:0,(anonymous_3)
FNDA:0,(anonymous_4)
FNDA:1,(anonymous_5)
FNDA:0,(anonymous_6)
FNDA:0,(anonymous_7)
FNDA:0,(anonymous_8)
FNDA:0,(anonymous_9)
FNDA:0,(anonymous_10)
FNDA:1,(anonymous_11)
FNDA:0,(anonymous_12)
FNDA:1,(anonymous_13)
FNDA:5,(anonymous_14)
FNDA:4,(anonymous_15)
FNDA:5,(anonymous_16)
FNDA:0,(anonymous_17)
DA:1,1
DA:78,19
DA:81,1
DA:82,1
DA:86,1
DA:87,1
DA:91,0
DA:92,0
DA:96,0
DA:101,1
DA:102,1
DA:103,1
DA:107,0
DA:108,0
DA:112,0
DA:113,0
DA:117,0
DA:121,0
DA:122,0
DA:126,0
DA:127,0
DA:131,1
DA:132,1
DA:136,0
DA:137,0
DA:142,1
DA:143,1
DA:148,5
DA:149,5
DA:150,4
DA:151,4
DA:155,4
DA:156,3
DA:160,5
DA:162,1
DA:165,1
DA:167,1
DA:169,1
DA:171,1
DA:176,0
DA:178,0
DA:180,0
DA:182,0
DA:184,0
DA:186,0
LF:45
LH:25
BRDA:101,0,0,0
BRDA:101,0,1,1
BRDA:149,1,0,1
BRDA:155,2,0,1
BRDA:160,3,0,1
BRDA:160,3,1,1
BRDA:160,3,2,1
BRDA:160,3,3,1
BRDA:160,3,4,1
BRDA:160,3,5,1
BRDA:176,4,0,0
BRDA:176,4,1,0
BRDA:176,4,2,0
BRDA:176,4,3,0
BRDA:176,4,4,0
BRF:15
BRH:9
end_of_record
TN:
SF:src/lib/api/vms.ts
FN:14,(anonymous_4)
FN:15,(anonymous_5)
FN:16,(anonymous_6)
FNF:3
FNH:0
FNDA:0,(anonymous_4)
FNDA:0,(anonymous_5)
FNDA:0,(anonymous_6)
DA:1,0
DA:14,0
DA:15,0
DA:16,0
DA:17,0
LF:5
LH:0
BRF:0
BRH:0
end_of_record
TN:
SF:src/lib/api/hooks/useAdmin.ts
FN:31,(anonymous_23)
FN:42,(anonymous_24)
FN:51,(anonymous_25)
FN:73,(anonymous_26)
FN:77,(anonymous_27)
FN:80,(anonymous_28)
FN:86,(anonymous_29)
FN:90,(anonymous_30)
FN:93,(anonymous_31)
FN:99,(anonymous_32)
FN:103,(anonymous_33)
FN:106,(anonymous_34)
FN:112,(anonymous_35)
FN:115,(anonymous_36)
FN:126,(anonymous_37)
FN:130,(anonymous_38)
FN:133,(anonymous_39)
FN:140,(anonymous_40)
FN:151,(anonymous_41)
FN:174,(anonymous_42)
FN:177,(anonymous_43)
FN:187,(anonymous_44)
FN:196,(anonymous_45)
FN:217,(anonymous_46)
FN:221,(anonymous_47)
FN:224,(anonymous_48)
FN:231,(anonymous_49)
FN:234,(anonymous_50)
FN:242,(anonymous_51)
FN:246,(anonymous_52)
FN:252,(anonymous_53)
FN:259,(anonymous_54)
FN:266,(anonymous_55)
FN:278,(anonymous_56)
FN:282,(anonymous_57)
FN:285,(anonymous_58)
FN:292,(anonymous_59)
FN:295,(anonymous_60)
FN:302,(anonymous_61)
FN:306,(anonymous_62)
FN:309,(anonymous_63)
FN:315,(anonymous_64)
FN:319,(anonymous_65)
FN:322,(anonymous_66)
FN:329,(anonymous_67)
FN:332,(anonymous_68)
FN:341,(anonymous_69)
FN:346,(anonymous_70)
FN:350,(anonymous_71)
FN:365,(anonymous_72)
FN:373,(anonymous_73)
FN:376,(anonymous_74)
FNF:52
FNH:0
FNDA:0,(anonymous_23)
FNDA:0,(anonymous_24)
FNDA:0,(anonymous_25)
FNDA:0,(anonymous_26)
FNDA:0,(anonymous_27)
FNDA:0,(anonymous_28)
FNDA:0,(anonymous_29)
FNDA:0,(anonymous_30)
FNDA:0,(anonymous_31)
FNDA:0,(anonymous_32)
FNDA:0,(anonymous_33)
FNDA:0,(anonymous_34)
FNDA:0,(anonymous_35)
FNDA:0,(anonymous_36)
FNDA:0,(anonymous_37)
FNDA:0,(anonymous_38)
FNDA:0,(anonymous_39)
FNDA:0,(anonymous_40)
FNDA:0,(anonymous_41)
FNDA:0,(anonymous_42)
FNDA:0,(anonymous_43)
FNDA:0,(anonymous_44)
FNDA:0,(anonymous_45)
FNDA:0,(anonymous_46)
FNDA:0,(anonymous_47)
FNDA:0,(anonymous_48)
FNDA:0,(anonymous_49)
FNDA:0,(anonymous_50)
FNDA:0,(anonymous_51)
FNDA:0,(anonymous_52)
FNDA:0,(anonymous_53)
FNDA:0,(anonymous_54)
FNDA:0,(anonymous_55)
FNDA:0,(anonymous_56)
FNDA:0,(anonymous_57)
FNDA:0,(anonymous_58)
FNDA:0,(anonymous_59)
FNDA:0,(anonymous_60)
FNDA:0,(anonymous_61)
FNDA:0,(anonymous_62)
FNDA:0,(anonymous_63)
FNDA:0,(anonymous_64)
FNDA:0,(anonymous_65)
FNDA:0,(anonymous_66)
FNDA:0,(anonymous_67)
FNDA:0,(anonymous_68)
FNDA:0,(anonymous_69)
FNDA:0,(anonymous_70)
FNDA:0,(anonymous_71)
FNDA:0,(anonymous_72)
FNDA:0,(anonymous_73)
FNDA:0,(anonymous_74)
DA:1,0
DA:2,0
DA:16,0
DA:29,0
DA:31,0
DA:42,0
DA:49,0
DA:52,0
DA:53,0
DA:54,0
DA:55,0
DA:56,0
DA:57,0
DA:59,0
DA:66,0
DA:73,0
DA:74,0
DA:76,0
DA:78,0
DA:81,0
DA:86,0
DA:87,0
DA:89,0
DA:91,0
DA:94,0
DA:99,0
DA:100,0
DA:102,0
DA:104,0
DA:107,0
DA:112,0
DA:113,0
DA:116,0
DA:119,0
DA:126,0
DA:127,0
DA:129,0
DA:131,0
DA:134,0
DA:140,0
DA:149,0
DA:152,0
DA:153,0
DA:154,0
DA:155,0
DA:156,0
DA:157,0
DA:158,0
DA:159,0
DA:161,0
DA:174,0
DA:175,0
DA:178,0
DA:179,0
DA:187,0
DA:194,0
DA:197,0
DA:198,0
DA:199,0
DA:200,0
DA:201,0
DA:202,0
DA:204,0
DA:217,0
DA:218,0
DA:220,0
DA:222,0
DA:225,0
DA:231,0
DA:232,0
DA:235,0
DA:236,0
DA:242,0
DA:243,0
DA:245,0
DA:247,0
DA:253,0
DA:259,0
DA:264,0
DA:267,0
DA:268,0
DA:269,0
DA:270,0
DA:272,0
DA:278,0
DA:279,0
DA:281,0
DA:283,0
DA:286,0
DA:292,0
DA:293,0
DA:296,0
DA:302,0
DA:303,0
DA:305,0
DA:307,0
DA:310,0
DA:315,0
DA:316,0
DA:318,0
DA:320,0
DA:323,0
DA:329,0
DA:330,0
DA:333,0
DA:334,0
DA:341,0
DA:342,0
DA:346,0
DA:347,0
DA:349,0
DA:359,0
DA:366,0
DA:367,0
DA:373,0
DA:374,0
DA:377,0
LF:117
LH:0
BRDA:53,0,0,0
BRDA:54,1,0,0
BRDA:55,2,0,0
BRDA:56,3,0,0
BRDA:57,4,0,0
BRDA:116,5,0,0
BRDA:116,5,1,0
BRDA:121,6,0,0
BRDA:121,6,1,0
BRDA:153,7,0,0
BRDA:154,8,0,0
BRDA:155,9,0,0
BRDA:156,10,0,0
BRDA:157,11,0,0
BRDA:158,12,0,0
BRDA:159,13,0,0
BRDA:178,14,0,0
BRDA:178,14,1,0
BRDA:198,15,0,0
BRDA:199,16,0,0
BRDA:200,17,0,0
BRDA:201,18,0,0
BRDA:202,19,0,0
BRDA:235,20,0,0
BRDA:235,20,1,0
BRDA:268,21,0,0
BRDA:269,22,0,0
BRDA:270,23,0,0
BRDA:333,24,0,0
BRDA:333,24,1,0
BRF:30
BRH:0
end_of_record
TN:
SF:src/lib/api/hooks/useVM.ts
FN:7,useVM
FN:10,(anonymous_2)
FNF:2
FNH:0
FNDA:0,useVM
FNDA:0,(anonymous_2)
DA:3,0
DA:4,0
DA:7,0
DA:8,0
DA:10,0
DA:14,0
LF:6
LH:0
BRDA:15,0,0,0
BRDA:15,0,1,0
BRF:2
BRH:0
end_of_record
TN:
SF:src/lib/api/hooks/useVMAction.ts
FN:7,useVMAction
FN:11,(anonymous_2)
FN:12,(anonymous_3)
FN:15,(anonymous_4)
FNF:4
FNH:0
FNDA:0,useVMAction
FNDA:0,(anonymous_2)
FNDA:0,(anonymous_3)
FNDA:0,(anonymous_4)
DA:3,0
DA:4,0
DA:7,0
DA:8,0
DA:9,0
DA:11,0
DA:16,0
LF:7
LH:0
BRF:0
BRH:0
end_of_record
TN:
SF:src/lib/api/hooks/useVMs.ts
FN:7,useVMs
FN:10,(anonymous_2)
FNF:2
FNH:0
FNDA:0,useVMs
FNDA:0,(anonymous_2)
DA:3,0
DA:4,0
DA:7,0
DA:8,0
DA:10,0
DA:14,0
LF:6
LH:0
BRDA:15,0,0,0
BRDA:15,0,1,0
BRDA:16,1,0,0
BRDA:16,1,1,0
BRF:4
BRH:0
end_of_record
TN:
SF:src/lib/ws/client.ts
FN:4,getAuthToken
FN:37,connectEvents
FN:74,(anonymous_7)
FN:79,(anonymous_8)
FN:84,(anonymous_9)
FN:104,(anonymous_10)
FN:116,(anonymous_11)
FN:151,(anonymous_12)
FN:152,(anonymous_13)
FN:153,(anonymous_14)
FN:154,(anonymous_15)
FN:174,subscribeToEvents
FN:187,unsubscribeFromEvents
FNF:13
FNH:0
FNDA:0,getAuthToken
FNDA:0,connectEvents
FNDA:0,(anonymous_7)
FNDA:0,(anonymous_8)
FNDA:0,(anonymous_9)
FNDA:0,(anonymous_10)
FNDA:0,(anonymous_11)
FNDA:0,(anonymous_12)
FNDA:0,(anonymous_13)
FNDA:0,(anonymous_14)
FNDA:0,(anonymous_15)
FNDA:0,subscribeToEvents
FNDA:0,unsubscribeFromEvents
DA:1,0
DA:5,0
DA:7,0
DA:8,0
DA:11,0
DA:12,0
DA:15,0
DA:16,0
DA:17,0
DA:18,0
DA:19,0
DA:23,0
DA:25,0
DA:37,0
DA:39,0
DA:40,0
DA:50,0
DA:52,0
DA:53,0
DA:54,0
DA:57,0
DA:58,0
DA:59,0
DA:64,0
DA:66,0
DA:68,0
DA:71,0
DA:72,0
DA:74,0
DA:75,0
DA:76,0
DA:79,0
DA:80,0
DA:81,0
DA:84,0
DA:85,0
DA:88,0
DA:89,0
DA:90,0
DA:91,0
DA:92,0
DA:93,0
DA:94,0
DA:95,0
DA:96,0
DA:97,0
DA:101,0
DA:102,0
DA:103,0
DA:104,0
DA:105,0
DA:106,0
DA:108,0
DA:110,0
DA:116,0
DA:117,0
DA:118,0
DA:121,0
DA:122,0
DA:127,0
DA:128,0
DA:129,0
DA:131,0
DA:133,0
DA:134,0
DA:135,0
DA:137,0
DA:140,0
DA:144,0
DA:146,0
DA:147,0
DA:150,0
DA:174,0
DA:175,0
DA:176,0
DA:187,0
DA:188,0
DA:189,0
LF:78
LH:0
BRDA:1,0,0,0
BRDA:1,0,1,0
BRDA:7,1,0,0
BRDA:7,1,1,0
BRDA:8,2,0,0
BRDA:11,3,0,0
BRDA:11,3,1,0
BRDA:12,4,0,0
BRDA:18,5,0,0
BRDA:18,6,0,0
BRDA:18,6,1,0
BRDA:37,7,0,0
BRDA:39,8,0,0
BRDA:46,9,0,0
BRDA:47,10,0,0
BRDA:48,11,0,0
BRDA:49,12,0,0
BRDA:57,13,0,0
BRDA:57,14,0,0
BRDA:57,14,1,0
BRDA:64,15,0,0
BRDA:64,15,1,0
BRDA:88,16,0,0
BRDA:88,16,1,0
BRDA:90,17,0,0
BRDA:90,17,1,0
BRDA:92,18,0,0
BRDA:92,18,1,0
BRDA:95,19,0,0
BRDA:101,20,0,0
BRDA:101,21,0,0
BRDA:101,21,1,0
BRDA:121,22,0,0
BRDA:121,22,1,0
BRDA:127,23,0,0
BRDA:131,24,0,0
BRDA:131,24,1,0
BRDA:134,25,0,0
BRDA:134,25,1,0
BRDA:175,26,0,0
BRDA:188,27,0,0
BRF:41
BRH:0
end_of_record
TN:
SF:src/lib/ws/useAdminWebSocket.ts
FN:21,(anonymous_7)
FN:42,(anonymous_8)
FN:44,(anonymous_9)
FN:74,(anonymous_10)
FN:76,(anonymous_11)
FN:88,(anonymous_12)
FN:93,(anonymous_13)
FN:99,(anonymous_14)
FN:101,(anonymous_15)
FN:106,(anonymous_16)
FN:111,(anonymous_17)
FN:119,(anonymous_18)
FN:123,(anonymous_19)
FN:135,(anonymous_20)
FN:141,(anonymous_21)
FN:152,(anonymous_22)
FN:189,(anonymous_23)
FN:193,(anonymous_24)
FN:215,(anonymous_25)
FN:242,(anonymous_26)
FN:243,(anonymous_27)
FN:251,(anonymous_28)
FN:252,(anonymous_29)
FN:260,(anonymous_30)
FN:269,(anonymous_31)
FN:278,(anonymous_32)
FN:287,(anonymous_33)
FN:309,(anonymous_34)
FN:315,(anonymous_35)
FN:321,(anonymous_36)
FN:330,(anonymous_37)
FN:331,(anonymous_38)
FN:356,(anonymous_39)
FNF:33
FNH:0
FNDA:0,(anonymous_7)
FNDA:0,(anonymous_8)
FNDA:0,(anonymous_9)
FNDA:0,(anonymous_10)
FNDA:0,(anonymous_11)
FNDA:0,(anonymous_12)
FNDA:0,(anonymous_13)
FNDA:0,(anonymous_14)
FNDA:0,(anonymous_15)
FNDA:0,(anonymous_16)
FNDA:0,(anonymous_17)
FNDA:0,(anonymous_18)
FNDA:0,(anonymous_19)
FNDA:0,(anonymous_20)
FNDA:0,(anonymous_21)
FNDA:0,(anonymous_22)
FNDA:0,(anonymous_23)
FNDA:0,(anonymous_24)
FNDA:0,(anonymous_25)
FNDA:0,(anonymous_26)
FNDA:0,(anonymous_27)
FNDA:0,(anonymous_28)
FNDA:0,(anonymous_29)
FNDA:0,(anonymous_30)
FNDA:0,(anonymous_31)
FNDA:0,(anonymous_32)
FNDA:0,(anonymous_33)
FNDA:0,(anonymous_34)
FNDA:0,(anonymous_35)
FNDA:0,(anonymous_36)
FNDA:0,(anonymous_37)
FNDA:0,(anonymous_38)
FNDA:0,(anonymous_39)
DA:1,0
DA:2,0
DA:3,0
DA:4,0
DA:5,0
DA:21,0
DA:22,0
DA:23,0
DA:24,0
DA:31,0
DA:33,0
DA:34,0
DA:41,0
DA:43,0
DA:44,0
DA:53,0
DA:54,0
DA:55,0
DA:62,0
DA:75,0
DA:76,0
DA:84,0
DA:85,0
DA:86,0
DA:88,0
DA:93,0
DA:94,0
DA:95,0
DA:100,0
DA:101,0
DA:107,0
DA:108,0
DA:109,0
DA:111,0
DA:116,0
DA:121,0
DA:124,0
DA:135,0
DA:136,0
DA:139,0
DA:142,0
DA:143,0
DA:146,0
DA:150,0
DA:153,0
DA:154,0
DA:163,0
DA:164,0
DA:170,0
DA:174,0
DA:176,0
DA:177,0
DA:183,0
DA:187,0
DA:190,0
DA:191,0
DA:194,0
DA:203,0
DA:204,0
DA:209,0
DA:213,0
DA:216,0
DA:217,0
DA:224,0
DA:228,0
DA:230,0
DA:234,0
DA:237,0
DA:242,0
DA:243,0
DA:251,0
DA:252,0
DA:253,0
DA:254,0
DA:260,0
DA:261,0
DA:262,0
DA:269,0
DA:270,0
DA:271,0
DA:278,0
DA:279,0
DA:280,0
DA:287,0
DA:288,0
DA:289,0
DA:297,0
DA:309,0
DA:310,0
DA:311,0
DA:312,0
DA:313,0
DA:315,0
DA:317,0
DA:318,0
DA:319,0
DA:321,0
DA:323,0
DA:324,0
DA:325,0
DA:330,0
DA:331,0
DA:332,0
DA:333,0
DA:334,0
DA:336,0
DA:337,0
DA:338,0
DA:343,0
DA:346,0
DA:356,0
DA:357,0
DA:359,0
DA:361,0
DA:363,0
DA:365,0
DA:367,0
LF:117
LH:0
BRDA:33,0,0,0
BRDA:33,0,1,0
BRDA:54,1,0,0
BRDA:80,2,0,0
BRDA:80,2,1,0
BRDA:84,3,0,0
BRDA:121,4,0,0
BRDA:121,4,1,0
BRDA:136,5,0,0
BRDA:136,5,1,0
BRDA:136,5,2,0
BRDA:136,5,3,0
BRDA:136,5,4,0
BRDA:136,5,5,0
BRDA:136,5,6,0
BRDA:142,6,0,0
BRDA:153,7,0,0
BRDA:163,8,0,0
BRDA:167,9,0,0
BRDA:167,9,1,0
BRDA:176,10,0,0
BRDA:176,11,0,0
BRDA:176,11,1,0
BRDA:190,12,0,0
BRDA:194,13,0,0
BRDA:194,13,1,0
BRDA:203,14,0,0
BRDA:203,15,0,0
BRDA:203,15,1,0
BRDA:216,16,0,0
BRDA:253,17,0,0
BRDA:261,18,0,0
BRDA:270,19,0,0
BRDA:279,20,0,0
BRDA:288,21,0,0
BRDA:332,22,0,0
BRDA:333,23,0,0
BRDA:333,24,0,0
BRDA:333,24,1,0
BRDA:334,25,0,0
BRDA:334,25,1,0
BRDA:336,26,0,0
BRDA:336,27,0,0
BRDA:336,27,1,0
BRDA:338,28,0,0
BRDA:338,28,1,0
BRDA:357,29,0,0
BRDA:357,29,1,0
BRDA:357,29,2,0
BRDA:357,29,3,0
BRDA:357,29,4,0
BRF:51
BRH:0
end_of_record
TN:
SF:src/providers/query-provider.tsx
FN:7,QueryProvider
FN:9,(anonymous_2)
FNF:2
FNH:0
FNDA:0,QueryProvider
FNDA:0,(anonymous_2)
DA:3,0
DA:4,0
DA:5,0
DA:7,0
DA:8,0
DA:10,0
LF:6
LH:0
BRF:0
BRH:0
end_of_record
