TN:
SF:src/app/global-error.tsx
FN:3,GlobalError
FNF:1
FNH:0
FNDA:0,GlobalError
DA:3,0
LF:1
LH:0
BRDA:19,0,0,0
BRDA:19,0,1,0
BRF:2
BRH:0
end_of_record
TN:
SF:src/app/layout.tsx
FN:24,RootLayout
FNF:1
FNH:0
FNDA:0,RootLayout
DA:2,0
DA:5,0
DA:6,0
DA:7,0
DA:8,0
DA:9,0
DA:10,0
DA:13,0
DA:20,0
DA:21,0
DA:22,0
DA:24,0
LF:12
LH:0
BRF:0
BRH:0
end_of_record
TN:
SF:src/app/page.tsx
FN:9,HomePage
FN:13,(anonymous_4)
FN:15,(anonymous_5)
FN:19,(anonymous_6)
FN:22,(anonymous_7)
FN:92,(anonymous_8)
FNF:6
FNH:0
FNDA:0,HomePage
FNDA:0,(anonymous_4)
FNDA:0,(anonymous_5)
FNDA:0,(anonymous_6)
FNDA:0,(anonymous_7)
FNDA:0,(anonymous_8)
DA:4,0
DA:6,0
DA:7,0
DA:9,0
DA:10,0
DA:11,0
DA:13,0
DA:15,0
DA:16,0
DA:19,0
DA:22,0
DA:23,0
DA:92,0
LF:13
LH:0
BRDA:30,0,0,0
BRF:1
BRH:0
end_of_record
TN:
SF:src/app/admin/layout.tsx
FN:4,AdminLayout
FNF:1
FNH:0
FNDA:0,AdminLayout
DA:1,0
DA:2,0
DA:4,0
LF:3
LH:0
BRF:0
BRH:0
end_of_record
TN:
SF:src/app/admin/page.tsx
FN:22,CanonicalAuditPanel
FN:28,(anonymous_3)
FN:43,(anonymous_4)
FN:47,(anonymous_5)
FN:88,(anonymous_6)
FN:112,AdminDashboard
FN:125,(anonymous_8)
FN:126,(anonymous_9)
FN:135,(anonymous_10)
FN:138,(anonymous_11)
FN:140,(anonymous_12)
FN:145,(anonymous_13)
FNF:12
FNH:0
FNDA:0,CanonicalAuditPanel
FNDA:0,(anonymous_3)
FNDA:0,(anonymous_4)
FNDA:0,(anonymous_5)
FNDA:0,(anonymous_6)
FNDA:0,AdminDashboard
FNDA:0,(anonymous_8)
FNDA:0,(anonymous_9)
FNDA:0,(anonymous_10)
FNDA:0,(anonymous_11)
FNDA:0,(anonymous_12)
FNDA:0,(anonymous_13)
DA:3,0
DA:4,0
DA:6,0
DA:7,0
DA:8,0
DA:9,0
DA:10,0
DA:11,0
DA:12,0
DA:13,0
DA:14,0
DA:15,0
DA:16,0
DA:17,0
DA:18,0
DA:19,0
DA:20,0
DA:23,0
DA:24,0
DA:25,0
DA:26,0
DA:28,0
DA:29,0
DA:30,0
DA:32,0
DA:33,0
DA:34,0
DA:36,0
DA:37,0
DA:39,0
DA:43,0
DA:44,0
DA:47,0
DA:48,0
DA:49,0
DA:50,0
DA:55,0
DA:89,0
DA:112,0
DA:113,0
DA:114,0
DA:115,0
DA:116,0
DA:122,0
DA:123,0
DA:125,0
DA:126,0
DA:127,0
DA:135,0
DA:138,0
DA:139,0
DA:140,0
DA:141,0
DA:142,0
DA:145,0
DA:146,0
DA:147,0
DA:150,0
DA:156,0
LF:59
LH:0
BRDA:36,0,0,0
BRDA:36,0,1,0
BRDA:57,1,0,0
BRDA:57,1,1,0
BRDA:76,2,0,0
BRDA:76,2,1,0
BRDA:82,3,0,0
BRDA:82,3,1,0
BRDA:83,4,0,0
BRDA:83,4,1,0
BRDA:83,5,0,0
BRDA:83,5,1,0
BRDA:83,5,2,0
BRDA:86,6,0,0
BRDA:86,6,1,0
BRDA:86,7,0,0
BRDA:86,7,1,0
BRDA:86,7,2,0
BRDA:100,8,0,0
BRDA:100,8,1,0
BRDA:151,9,0,0
BRDA:151,9,1,0
BRDA:151,9,2,0
BRDA:152,10,0,0
BRDA:152,10,1,0
BRDA:153,11,0,0
BRDA:153,11,1,0
BRDA:153,11,2,0
BRDA:188,12,0,0
BRDA:188,12,1,0
BRF:30
BRH:0
end_of_record
TN:
SF:src/app/admin/analytics/page.tsx
FN:3,AdminAnalyticsRedirect
FNF:1
FNH:0
FNDA:0,AdminAnalyticsRedirect
DA:1,0
DA:3,0
DA:4,0
LF:3
LH:0
BRF:0
BRH:0
end_of_record
TN:
SF:src/app/admin/config/page.tsx
FN:3,AdminConfigRedirect
FNF:1
FNH:0
FNDA:0,AdminConfigRedirect
DA:1,0
DA:3,0
DA:4,0
LF:3
LH:0
BRF:0
BRH:0
end_of_record
TN:
SF:src/app/admin/security/page.tsx
FN:99,SecurityCenterPage
FN:120,(anonymous_2)
FN:122,(anonymous_3)
FN:126,(anonymous_4)
FN:132,(anonymous_5)
FN:162,(anonymous_6)
FN:172,(anonymous_7)
FN:186,(anonymous_8)
FN:196,(anonymous_9)
FN:203,(anonymous_10)
FN:205,(anonymous_11)
FN:209,(anonymous_12)
FN:241,(anonymous_13)
FN:245,(anonymous_14)
FN:288,(anonymous_15)
FN:291,(anonymous_16)
FN:356,(anonymous_17)
FN:356,(anonymous_18)
FN:372,(anonymous_19)
FN:372,(anonymous_20)
FN:388,(anonymous_21)
FN:388,(anonymous_22)
FN:435,(anonymous_23)
FN:486,(anonymous_24)
FN:493,(anonymous_25)
FN:550,(anonymous_26)
FN:563,(anonymous_27)
FN:573,(anonymous_28)
FN:578,(anonymous_29)
FN:609,(anonymous_30)
FN:709,(anonymous_31)
FN:821,(anonymous_32)
FN:855,(anonymous_33)
FN:862,(anonymous_34)
FN:869,(anonymous_35)
FN:876,(anonymous_36)
FNF:36
FNH:0
FNDA:0,SecurityCenterPage
FNDA:0,(anonymous_2)
FNDA:0,(anonymous_3)
FNDA:0,(anonymous_4)
FNDA:0,(anonymous_5)
FNDA:0,(anonymous_6)
FNDA:0,(anonymous_7)
FNDA:0,(anonymous_8)
FNDA:0,(anonymous_9)
FNDA:0,(anonymous_10)
FNDA:0,(anonymous_11)
FNDA:0,(anonymous_12)
FNDA:0,(anonymous_13)
FNDA:0,(anonymous_14)
FNDA:0,(anonymous_15)
FNDA:0,(anonymous_16)
FNDA:0,(anonymous_17)
FNDA:0,(anonymous_18)
FNDA:0,(anonymous_19)
FNDA:0,(anonymous_20)
FNDA:0,(anonymous_21)
FNDA:0,(anonymous_22)
FNDA:0,(anonymous_23)
FNDA:0,(anonymous_24)
FNDA:0,(anonymous_25)
FNDA:0,(anonymous_26)
FNDA:0,(anonymous_27)
FNDA:0,(anonymous_28)
FNDA:0,(anonymous_29)
FNDA:0,(anonymous_30)
FNDA:0,(anonymous_31)
FNDA:0,(anonymous_32)
FNDA:0,(anonymous_33)
FNDA:0,(anonymous_34)
FNDA:0,(anonymous_35)
FNDA:0,(anonymous_36)
DA:3,0
DA:4,0
DA:5,0
DA:6,0
DA:7,0
DA:8,0
DA:16,0
DA:23,0
DA:24,0
DA:25,0
DA:33,0
DA:35,0
DA:36,0
DA:63,0
DA:64,0
DA:66,0
DA:67,0
DA:70,0
DA:83,0
DA:91,0
DA:99,0
DA:100,0
DA:101,0
DA:108,0
DA:109,0
DA:110,0
DA:112,0
DA:113,0
DA:114,0
DA:115,0
DA:117,0
DA:120,0
DA:121,0
DA:122,0
DA:123,0
DA:126,0
DA:130,0
DA:132,0
DA:133,0
DA:135,0
DA:137,0
DA:138,0
DA:140,0
DA:141,0
DA:143,0
DA:144,0
DA:147,0
DA:149,0
DA:154,0
DA:162,0
DA:163,0
DA:164,0
DA:165,0
DA:166,0
DA:167,0
DA:168,0
DA:172,0
DA:173,0
DA:186,0
DA:187,0
DA:188,0
DA:189,0
DA:190,0
DA:191,0
DA:192,0
DA:196,0
DA:197,0
DA:198,0
DA:199,0
DA:200,0
DA:203,0
DA:204,0
DA:205,0
DA:206,0
DA:207,0
DA:209,0
DA:210,0
DA:212,0
DA:213,0
DA:215,0
DA:218,0
DA:241,0
DA:245,0
DA:288,0
DA:291,0
DA:356,0
DA:372,0
DA:388,0
DA:436,0
DA:486,0
DA:493,0
DA:551,0
DA:564,0
DA:573,0
DA:578,0
DA:610,0
DA:710,0
DA:821,0
DA:855,0
DA:862,0
DA:869,0
DA:876,0
LF:102
LH:0
BRDA:121,0,0,0
BRDA:130,1,0,0
BRDA:130,1,1,0
BRDA:135,2,0,0
BRDA:135,2,1,0
BRDA:135,2,2,0
BRDA:163,3,0,0
BRDA:163,3,1,0
BRDA:163,3,2,0
BRDA:163,3,3,0
BRDA:163,3,4,0
BRDA:173,4,0,0
BRDA:187,5,0,0
BRDA:187,5,1,0
BRDA:187,5,2,0
BRDA:187,5,3,0
BRDA:187,5,4,0
BRDA:197,6,0,0
BRDA:198,7,0,0
BRDA:198,8,0,0
BRDA:198,8,1,0
BRDA:198,8,2,0
BRDA:199,9,0,0
BRDA:199,10,0,0
BRDA:199,10,1,0
BRDA:199,10,2,0
BRDA:204,11,0,0
BRDA:204,11,1,0
BRDA:207,12,0,0
BRDA:207,12,1,0
BRDA:209,13,0,0
BRDA:209,13,1,0
BRDA:265,14,0,0
BRDA:265,14,1,0
BRDA:266,15,0,0
BRDA:266,15,1,0
BRDA:417,16,0,0
BRDA:481,17,0,0
BRDA:546,18,0,0
BRDA:559,19,0,0
BRDA:613,20,0,0
BRDA:613,20,1,0
BRDA:614,21,0,0
BRDA:614,21,1,0
BRDA:615,22,0,0
BRDA:615,22,1,0
BRDA:627,23,0,0
BRDA:713,24,0,0
BRDA:713,24,1,0
BRDA:714,25,0,0
BRDA:714,25,1,0
BRDA:715,26,0,0
BRDA:715,26,1,0
BRDA:733,27,0,0
BRDA:733,27,1,0
BRDA:734,28,0,0
BRDA:734,28,1,0
BRDA:820,29,0,0
BRDA:820,29,1,0
BRDA:855,30,0,0
BRDA:855,30,1,0
BRDA:862,31,0,0
BRDA:862,31,1,0
BRDA:869,32,0,0
BRDA:869,32,1,0
BRDA:876,33,0,0
BRDA:876,33,1,0
BRF:67
BRH:0
end_of_record
TN:
SF:src/app/admin/users/page.tsx
FN:3,AdminUsersRedirect
FNF:1
FNH:0
FNDA:0,AdminUsersRedirect
DA:1,0
DA:3,0
DA:4,0
LF:3
LH:0
BRF:0
BRH:0
end_of_record
TN:
SF:src/app/admin/vms/page.tsx
FN:182,VMManagementPage
FN:199,(anonymous_2)
FN:209,(anonymous_3)
FN:210,(anonymous_4)
FN:213,(anonymous_5)
FN:217,(anonymous_6)
FN:218,(anonymous_7)
FN:221,(anonymous_8)
FN:240,(anonymous_9)
FN:258,(anonymous_10)
FN:268,(anonymous_11)
FN:278,(anonymous_12)
FN:324,(anonymous_13)
FN:340,(anonymous_14)
FN:343,(anonymous_15)
FN:359,(anonymous_16)
FN:362,(anonymous_17)
FN:378,(anonymous_18)
FN:381,(anonymous_19)
FN:410,(anonymous_20)
FN:410,(anonymous_21)
FN:417,(anonymous_22)
FN:417,(anonymous_23)
FN:433,(anonymous_24)
FN:433,(anonymous_25)
FN:462,(anonymous_26)
FN:469,(anonymous_27)
FN:474,(anonymous_28)
FN:506,(anonymous_29)
FN:519,(anonymous_30)
FN:525,(anonymous_31)
FN:690,(anonymous_32)
FN:755,(anonymous_33)
FN:780,(anonymous_34)
FN:818,(anonymous_35)
FN:849,(anonymous_36)
FN:853,(anonymous_37)
FN:862,(anonymous_38)
FN:866,(anonymous_39)
FN:875,(anonymous_40)
FN:879,(anonymous_41)
FNF:41
FNH:0
FNDA:0,VMManagementPage
FNDA:0,(anonymous_2)
FNDA:0,(anonymous_3)
FNDA:0,(anonymous_4)
FNDA:0,(anonymous_5)
FNDA:0,(anonymous_6)
FNDA:0,(anonymous_7)
FNDA:0,(anonymous_8)
FNDA:0,(anonymous_9)
FNDA:0,(anonymous_10)
FNDA:0,(anonymous_11)
FNDA:0,(anonymous_12)
FNDA:0,(anonymous_13)
FNDA:0,(anonymous_14)
FNDA:0,(anonymous_15)
FNDA:0,(anonymous_16)
FNDA:0,(anonymous_17)
FNDA:0,(anonymous_18)
FNDA:0,(anonymous_19)
FNDA:0,(anonymous_20)
FNDA:0,(anonymous_21)
FNDA:0,(anonymous_22)
FNDA:0,(anonymous_23)
FNDA:0,(anonymous_24)
FNDA:0,(anonymous_25)
FNDA:0,(anonymous_26)
FNDA:0,(anonymous_27)
FNDA:0,(anonymous_28)
FNDA:0,(anonymous_29)
FNDA:0,(anonymous_30)
FNDA:0,(anonymous_31)
FNDA:0,(anonymous_32)
FNDA:0,(anonymous_33)
FNDA:0,(anonymous_34)
FNDA:0,(anonymous_35)
FNDA:0,(anonymous_36)
FNDA:0,(anonymous_37)
FNDA:0,(anonymous_38)
FNDA:0,(anonymous_39)
FNDA:0,(anonymous_40)
FNDA:0,(anonymous_41)
DA:3,0
DA:4,0
DA:5,0
DA:6,0
DA:7,0
DA:8,0
DA:16,0
DA:23,0
DA:24,0
DA:25,0
DA:33,0
DA:34,0
DA:35,0
DA:36,0
DA:63,0
DA:64,0
DA:66,0
DA:67,0
DA:70,0
DA:149,0
DA:182,0
DA:183,0
DA:184,0
DA:185,0
DA:190,0
DA:191,0
DA:193,0
DA:194,0
DA:195,0
DA:197,0
DA:199,0
DA:200,0
DA:201,0
DA:202,0
DA:206,0
DA:209,0
DA:210,0
DA:211,0
DA:213,0
DA:217,0
DA:218,0
DA:221,0
DA:222,0
DA:223,0
DA:228,0
DA:232,0
DA:237,0
DA:240,0
DA:241,0
DA:242,0
DA:243,0
DA:247,0
DA:248,0
DA:250,0
DA:258,0
DA:259,0
DA:260,0
DA:261,0
DA:262,0
DA:263,0
DA:264,0
DA:268,0
DA:269,0
DA:278,0
DA:279,0
DA:280,0
DA:281,0
DA:324,0
DA:340,0
DA:343,0
DA:359,0
DA:362,0
DA:378,0
DA:381,0
DA:410,0
DA:417,0
DA:433,0
DA:462,0
DA:470,0
DA:474,0
DA:506,0
DA:520,0
DA:525,0
DA:690,0
DA:756,0
DA:757,0
DA:781,0
DA:818,0
DA:849,0
DA:853,0
DA:862,0
DA:866,0
DA:875,0
DA:879,0
LF:94
LH:0
BRDA:200,0,0,0
BRDA:200,0,1,0
BRDA:201,1,0,0
BRDA:201,1,1,0
BRDA:202,2,0,0
BRDA:202,2,1,0
BRDA:202,2,2,0
BRDA:206,3,0,0
BRDA:206,3,1,0
BRDA:206,3,2,0
BRDA:211,4,0,0
BRDA:211,4,1,0
BRDA:218,5,0,0
BRDA:218,5,1,0
BRDA:222,6,0,0
BRDA:259,7,0,0
BRDA:259,7,1,0
BRDA:259,7,2,0
BRDA:259,7,3,0
BRDA:259,7,4,0
BRDA:279,8,0,0
BRDA:280,9,0,0
BRDA:450,10,0,0
BRDA:457,11,0,0
BRDA:457,11,1,0
BRDA:505,12,0,0
BRDA:505,12,1,0
BRDA:617,13,0,0
BRDA:617,13,1,0
BRDA:621,14,0,0
BRDA:621,14,1,0
BRDA:683,15,0,0
BRDA:763,16,0,0
BRDA:763,16,1,0
BRDA:775,17,0,0
BRDA:784,18,0,0
BRDA:784,18,1,0
BRDA:785,19,0,0
BRDA:785,19,1,0
BRF:39
BRH:0
end_of_record
TN:
SF:src/app/analytics/page.tsx
FN:27,MetricPanel
FN:55,AnalyticsPage
FN:63,(anonymous_6)
FN:66,loadAnalytics
FN:70,(anonymous_8)
FN:94,(anonymous_9)
FN:99,(anonymous_10)
FN:101,(anonymous_11)
FN:102,(anonymous_12)
FN:105,(anonymous_13)
FN:107,(anonymous_14)
FN:211,(anonymous_15)
FNF:12
FNH:0
FNDA:0,MetricPanel
FNDA:0,AnalyticsPage
FNDA:0,(anonymous_6)
FNDA:0,loadAnalytics
FNDA:0,(anonymous_8)
FNDA:0,(anonymous_9)
FNDA:0,(anonymous_10)
FNDA:0,(anonymous_11)
FNDA:0,(anonymous_12)
FNDA:0,(anonymous_13)
FNDA:0,(anonymous_14)
FNDA:0,(anonymous_15)
DA:3,0
DA:5,0
DA:6,0
DA:7,0
DA:9,0
DA:10,0
DA:11,0
DA:12,0
DA:13,0
DA:14,0
DA:15,0
DA:16,0
DA:17,0
DA:18,0
DA:55,0
DA:56,0
DA:57,0
DA:58,0
DA:59,0
DA:60,0
DA:61,0
DA:63,0
DA:64,0
DA:67,0
DA:68,0
DA:70,0
DA:73,0
DA:74,0
DA:77,0
DA:78,0
DA:79,0
DA:80,0
DA:83,0
DA:84,0
DA:93,0
DA:94,0
DA:95,0
DA:99,0
DA:101,0
DA:102,0
DA:105,0
DA:107,0
DA:212,0
LF:43
LH:0
BRDA:48,0,0,0
BRDA:48,0,1,0
BRDA:73,1,0,0
BRDA:78,2,0,0
BRDA:80,3,0,0
BRDA:80,3,1,0
BRDA:83,4,0,0
BRDA:85,5,0,0
BRDA:85,5,1,0
BRDA:131,6,0,0
BRDA:131,6,1,0
BRDA:141,7,0,0
BRDA:141,7,1,0
BRDA:141,8,0,0
BRDA:141,8,1,0
BRDA:148,9,0,0
BRDA:148,9,1,0
BRDA:155,10,0,0
BRDA:155,10,1,0
BRDA:161,11,0,0
BRDA:161,11,1,0
BRDA:161,12,0,0
BRDA:161,12,1,0
BRDA:162,13,0,0
BRDA:162,13,1,0
BRDA:182,14,0,0
BRDA:182,14,1,0
BRDA:188,15,0,0
BRDA:188,15,1,0
BRDA:194,16,0,0
BRDA:194,16,1,0
BRF:31
BRH:0
end_of_record
TN:
SF:src/app/auth/layout.tsx
FN:7,AuthLayout
FNF:1
FNH:0
FNDA:0,AuthLayout
DA:7,0
LF:1
LH:0
BRF:0
BRH:0
end_of_record
TN:
SF:src/app/auth/forgot-password/page.tsx
FN:17,ForgotPasswordPage
FN:24,onSubmit
FN:70,(anonymous_6)
FN:88,(anonymous_7)
FNF:4
FNH:0
FNDA:0,ForgotPasswordPage
FNDA:0,onSubmit
FNDA:0,(anonymous_6)
FNDA:0,(anonymous_7)
DA:4,0
DA:6,0
DA:7,0
DA:8,0
DA:9,0
DA:10,0
DA:11,0
DA:12,0
DA:13,0
DA:14,0
DA:15,0
DA:17,0
DA:18,0
DA:19,0
DA:20,0
DA:21,0
DA:22,0
DA:25,0
DA:26,0
DA:28,0
DA:29,0
DA:31,0
DA:36,0
DA:38,0
DA:44,0
DA:70,0
DA:88,0
LF:27
LH:0
BRDA:54,0,0,0
BRDA:54,0,1,0
BRDA:61,1,0,0
BRDA:93,2,0,0
BRF:4
BRH:0
end_of_record
TN:
SF:src/app/auth/github/callback/page.tsx
FN:18,decodeFragmentPayload
FN:34,GitHubCallbackPage
FN:38,(anonymous_5)
FNF:3
FNH:0
FNDA:0,decodeFragmentPayload
FNDA:0,GitHubCallbackPage
FNDA:0,(anonymous_5)
DA:3,0
DA:5,0
DA:6,0
DA:13,0
DA:14,0
DA:15,0
DA:16,0
DA:19,0
DA:20,0
DA:23,0
DA:24,0
DA:25,0
DA:26,0
DA:27,0
DA:29,0
DA:30,0
DA:34,0
DA:35,0
DA:36,0
DA:38,0
DA:39,0
DA:42,0
DA:43,0
DA:44,0
DA:45,0
DA:46,0
DA:47,0
DA:48,0
DA:49,0
DA:50,0
DA:51,0
DA:52,0
DA:53,0
DA:55,0
DA:56,0
DA:61,0
DA:62,0
DA:65,0
DA:73,0
LF:39
LH:0
BRDA:19,0,0,0
BRDA:39,1,0,0
BRDA:39,1,1,0
BRDA:44,2,0,0
BRDA:44,2,1,0
BRDA:49,3,0,0
BRDA:49,3,1,0
BRDA:51,4,0,0
BRDA:51,4,1,0
BRDA:55,5,0,0
BRDA:55,6,0,0
BRDA:55,6,1,0
BRDA:55,6,2,0
BRDA:67,7,0,0
BRDA:67,7,1,0
BRDA:70,8,0,0
BRDA:70,8,1,0
BRF:17
BRH:0
end_of_record
TN:
SF:src/app/auth/login/page.tsx
FN:19,LoginPage
FN:28,onSubmit
FN:54,(anonymous_6)
FN:62,(anonymous_7)
FN:68,onGitHubLogin
FN:149,(anonymous_9)
FN:162,(anonymous_10)
FNF:7
FNH:0
FNDA:0,LoginPage
FNDA:0,onSubmit
FNDA:0,(anonymous_6)
FNDA:0,(anonymous_7)
FNDA:0,onGitHubLogin
FNDA:0,(anonymous_9)
FNDA:0,(anonymous_10)
DA:4,0
DA:6,0
DA:7,0
DA:8,0
DA:9,0
DA:10,0
DA:11,0
DA:12,0
DA:13,0
DA:14,0
DA:15,0
DA:16,0
DA:17,0
DA:19,0
DA:20,0
DA:21,0
DA:22,0
DA:23,0
DA:24,0
DA:25,0
DA:26,0
DA:29,0
DA:30,0
DA:32,0
DA:33,0
DA:35,0
DA:36,0
DA:40,0
DA:43,0
DA:44,0
DA:50,0
DA:54,0
DA:55,0
DA:59,0
DA:62,0
DA:64,0
DA:65,0
DA:69,0
DA:71,0
DA:72,0
DA:73,0
DA:75,0
DA:76,0
DA:81,0
DA:85,0
DA:149,0
DA:162,0
LF:47
LH:0
BRDA:35,0,0,0
BRDA:85,1,0,0
BRDA:85,2,0,0
BRDA:85,2,1,0
BRDA:112,3,0,0
BRDA:112,3,1,0
BRDA:114,4,0,0
BRDA:114,4,1,0
BRDA:117,5,0,0
BRDA:117,6,0,0
BRDA:117,6,1,0
BRDA:167,7,0,0
BRF:12
BRH:0
end_of_record
TN:
SF:src/app/auth/register/page.tsx
FN:13,RegisterPage
FN:17,onComplete
FNF:2
FNH:0
FNDA:0,RegisterPage
FNDA:0,onComplete
DA:4,0
DA:6,0
DA:7,0
DA:8,0
DA:10,0
DA:11,0
DA:13,0
DA:14,0
DA:15,0
DA:18,0
DA:20,0
DA:21,0
DA:28,0
DA:29,0
DA:34,0
DA:36,0
LF:16
LH:0
BRF:0
BRH:0
end_of_record
TN:
SF:src/app/auth/setup-2fa/page.tsx
FN:13,Setup2FAPage
FN:26,(anonymous_3)
FN:27,(anonymous_4)
FN:62,(anonymous_5)
FN:66,(anonymous_6)
FN:107,(anonymous_7)
FN:145,(anonymous_8)
FN:155,(anonymous_9)
FN:183,(anonymous_10)
FNF:9
FNH:0
FNDA:0,Setup2FAPage
FNDA:0,(anonymous_3)
FNDA:0,(anonymous_4)
FNDA:0,(anonymous_5)
FNDA:0,(anonymous_6)
FNDA:0,(anonymous_7)
FNDA:0,(anonymous_8)
FNDA:0,(anonymous_9)
FNDA:0,(anonymous_10)
DA:3,0
DA:4,0
DA:5,0
DA:6,0
DA:7,0
DA:8,0
DA:9,0
DA:10,0
DA:11,0
DA:13,0
DA:14,0
DA:15,0
DA:16,0
DA:17,0
DA:18,0
DA:19,0
DA:20,0
DA:21,0
DA:22,0
DA:23,0
DA:26,0
DA:27,0
DA:28,0
DA:30,0
DA:31,0
DA:32,0
DA:35,0
DA:36,0
DA:37,0
DA:38,0
DA:39,0
DA:41,0
DA:42,0
DA:48,0
DA:49,0
DA:50,0
DA:55,0
DA:59,0
DA:62,0
DA:63,0
DA:66,0
DA:67,0
DA:69,0
DA:70,0
DA:71,0
DA:74,0
DA:75,0
DA:77,0
DA:78,0
DA:79,0
DA:80,0
DA:83,0
DA:88,0
DA:89,0
DA:90,0
DA:91,0
DA:96,0
DA:99,0
DA:100,0
DA:101,0
DA:103,0
DA:107,0
DA:108,0
DA:146,0
DA:155,0
DA:183,0
LF:66
LH:0
BRDA:30,0,0,0
BRDA:69,1,0,0
BRDA:69,2,0,0
BRDA:69,2,1,0
BRDA:79,3,0,0
BRDA:88,4,0,0
BRDA:88,4,1,0
BRDA:96,5,0,0
BRDA:96,5,1,0
BRDA:100,6,0,0
BRDA:100,6,1,0
BRDA:120,7,0,0
BRDA:130,8,0,0
BRDA:166,9,0,0
BRDA:187,10,0,0
BRDA:190,11,0,0
BRDA:190,11,1,0
BRDA:197,12,0,0
BRF:18
BRH:0
end_of_record
TN:
SF:src/app/cluster/access/page.tsx
FN:11,ClusterAccessPage
FN:31,(anonymous_5)
FNF:2
FNH:0
FNDA:0,ClusterAccessPage
FNDA:0,(anonymous_5)
DA:3,0
DA:5,0
DA:6,0
DA:7,0
DA:8,0
DA:9,0
DA:11,0
DA:12,0
DA:32,0
LF:9
LH:0
BRDA:26,0,0,0
BRDA:34,1,0,0
BRDA:34,1,1,0
BRDA:34,1,2,0
BRDA:37,2,0,0
BRDA:37,2,1,0
BRF:6
BRH:0
end_of_record
TN:
SF:src/app/clusters/select/page.tsx
FN:14,ClusterSelectionPage
FN:20,(anonymous_5)
FN:22,handleSelect
FN:54,(anonymous_7)
FN:112,(anonymous_8)
FNF:5
FNH:0
FNDA:0,ClusterSelectionPage
FNDA:0,(anonymous_5)
FNDA:0,handleSelect
FNDA:0,(anonymous_7)
FNDA:0,(anonymous_8)
DA:3,0
DA:5,0
DA:6,0
DA:7,0
DA:8,0
DA:9,0
DA:10,0
DA:11,0
DA:12,0
DA:14,0
DA:15,0
DA:16,0
DA:17,0
DA:18,0
DA:20,0
DA:23,0
DA:24,0
DA:25,0
DA:26,0
DA:30,0
DA:32,0
DA:33,0
DA:39,0
DA:55,0
DA:56,0
DA:57,0
DA:60,0
DA:61,0
DA:63,0
DA:112,0
LF:30
LH:0
BRDA:20,0,0,0
BRDA:20,0,1,0
BRDA:56,1,0,0
BRDA:60,2,0,0
BRDA:60,2,1,0
BRDA:64,3,0,0
BRDA:64,3,1,0
BRDA:99,4,0,0
BRDA:99,4,1,0
BRDA:111,5,0,0
BRDA:111,5,1,0
BRDA:114,6,0,0
BRDA:115,7,0,0
BRDA:115,7,1,0
BRF:14
BRH:0
end_of_record
TN:
SF:src/app/core/vms/fetchAction.ts
FN:5,fetchAction
FNF:1
FNH:0
FNDA:0,fetchAction
DA:3,0
DA:5,0
DA:6,0
LF:3
LH:0
BRF:0
BRH:0
end_of_record
TN:
SF:src/app/core/vms/page.tsx
FN:7,CoreVMsPage
FNF:1
FNH:0
FNDA:0,CoreVMsPage
DA:3,0
DA:5,0
DA:7,0
DA:8,0
LF:4
LH:0
BRF:0
BRH:0
end_of_record
TN:
SF:src/app/core/vms/[id]/page.tsx
FN:19,VMDetailPage
FN:27,(anonymous_5)
FN:42,(anonymous_6)
FN:50,(anonymous_7)
FN:104,(anonymous_8)
FN:112,(anonymous_9)
FN:113,(anonymous_10)
FN:114,(anonymous_11)
FN:115,(anonymous_12)
FN:116,(anonymous_13)
FNF:10
FNH:0
FNDA:0,VMDetailPage
FNDA:0,(anonymous_5)
FNDA:0,(anonymous_6)
FNDA:0,(anonymous_7)
FNDA:0,(anonymous_8)
FNDA:0,(anonymous_9)
FNDA:0,(anonymous_10)
FNDA:0,(anonymous_11)
FNDA:0,(anonymous_12)
FNDA:0,(anonymous_13)
DA:4,0
DA:6,0
DA:7,0
DA:8,0
DA:9,0
DA:11,0
DA:12,0
DA:14,0
DA:15,0
DA:16,0
DA:17,0
DA:19,0
DA:20,0
DA:21,0
DA:22,0
DA:23,0
DA:24,0
DA:26,0
DA:27,0
DA:28,0
DA:29,0
DA:30,0
DA:34,0
DA:36,0
DA:37,0
DA:38,0
DA:39,0
DA:40,0
DA:42,0
DA:43,0
DA:44,0
DA:45,0
DA:46,0
DA:47,0
DA:50,0
DA:51,0
DA:52,0
DA:53,0
DA:54,0
DA:55,0
DA:105,0
DA:112,0
DA:113,0
DA:114,0
DA:115,0
DA:116,0
LF:46
LH:0
BRDA:21,0,0,0
BRDA:21,0,1,0
BRDA:21,1,0,0
BRDA:21,1,1,0
BRDA:30,2,0,0
BRDA:30,3,0,0
BRDA:30,3,1,0
BRDA:43,4,0,0
BRDA:44,5,0,0
BRDA:45,6,0,0
BRDA:46,7,0,0
BRDA:47,8,0,0
BRDA:51,9,0,0
BRDA:51,10,0,0
BRDA:51,10,1,0
BRDA:52,11,0,0
BRDA:52,12,0,0
BRDA:52,12,1,0
BRDA:53,13,0,0
BRDA:53,14,0,0
BRDA:53,14,1,0
BRDA:54,15,0,0
BRDA:54,16,0,0
BRDA:54,16,1,0
BRDA:55,17,0,0
BRDA:55,18,0,0
BRDA:55,18,1,0
BRDA:69,19,0,0
BRDA:71,20,0,0
BRDA:71,21,0,0
BRDA:71,21,1,0
BRDA:73,22,0,0
BRDA:89,23,0,0
BRDA:89,23,1,0
BRDA:100,24,0,0
BRDA:100,24,1,0
BRDA:100,25,0,0
BRDA:100,25,1,0
BRDA:112,26,0,0
BRDA:112,26,1,0
BRDA:113,27,0,0
BRDA:113,27,1,0
BRDA:114,28,0,0
BRDA:114,28,1,0
BRDA:115,29,0,0
BRDA:115,29,1,0
BRDA:116,30,0,0
BRDA:116,30,1,0
BRDA:117,31,0,0
BRF:49
BRH:0
end_of_record
TN:
SF:src/app/dashboard/page-updated.tsx
FN:12,ComprehensiveDashboard
FN:15,(anonymous_4)
FN:16,(anonymous_5)
FN:20,(anonymous_6)
FNF:4
FNH:0
FNDA:0,ComprehensiveDashboard
FNDA:0,(anonymous_4)
FNDA:0,(anonymous_5)
FNDA:0,(anonymous_6)
DA:3,0
DA:6,0
DA:7,0
DA:8,0
DA:9,0
DA:10,0
DA:12,0
DA:13,0
DA:15,0
DA:16,0
DA:17,0
DA:20,0
DA:23,0
LF:13
LH:0
BRDA:23,0,0,0
BRF:1
BRH:0
end_of_record
TN:
SF:src/app/dashboard/page.tsx
FN:9,DashboardPage
FNF:1
FNH:0
FNDA:0,DashboardPage
DA:4,0
DA:6,0
DA:7,0
DA:9,0
LF:4
LH:0
BRF:0
BRH:0
end_of_record
TN:
SF:src/app/dashboard/unified-dashboard.tsx
FN:7,LegacyUnifiedDashboardPage
FNF:1
FNH:0
FNDA:0,LegacyUnifiedDashboardPage
DA:3,0
DA:5,0
DA:7,0
DA:8,0
LF:4
LH:0
BRF:0
BRH:0
end_of_record
TN:
SF:src/app/monitoring/page.tsx
FN:8,MonitoringPage
FNF:1
FNH:0
FNDA:0,MonitoringPage
DA:4,0
DA:6,0
DA:8,0
DA:9,0
LF:4
LH:0
BRF:0
BRH:0
end_of_record
TN:
SF:src/app/network/page.tsx
FN:36,NetworkPage
FN:49,(anonymous_3)
FN:59,(anonymous_4)
FN:81,(anonymous_5)
FN:85,(anonymous_6)
FN:86,(anonymous_7)
FN:90,(anonymous_8)
FN:96,(anonymous_9)
FN:102,(anonymous_10)
FN:111,(anonymous_11)
FN:129,(anonymous_12)
FN:136,(anonymous_13)
FN:136,(anonymous_14)
FN:150,(anonymous_15)
FN:160,(anonymous_16)
FN:181,(anonymous_17)
FN:188,(anonymous_18)
FN:190,(anonymous_19)
FN:216,(anonymous_20)
FN:220,(anonymous_21)
FN:294,(anonymous_22)
FN:306,(anonymous_23)
FN:328,(anonymous_24)
FN:343,(anonymous_25)
FN:351,(anonymous_26)
FN:378,(anonymous_27)
FN:378,(anonymous_28)
FN:383,(anonymous_29)
FN:383,(anonymous_30)
FN:400,(anonymous_31)
FN:400,(anonymous_32)
FN:409,(anonymous_33)
FN:409,(anonymous_34)
FN:415,(anonymous_35)
FN:433,(anonymous_36)
FN:433,(anonymous_37)
FN:438,(anonymous_38)
FN:450,(anonymous_39)
FN:450,(anonymous_40)
FN:456,(anonymous_41)
FN:469,(anonymous_42)
FN:469,(anonymous_43)
FN:478,(anonymous_44)
FN:478,(anonymous_45)
FN:487,(anonymous_46)
FN:487,(anonymous_47)
FN:493,(anonymous_48)
FNF:47
FNH:0
FNDA:0,NetworkPage
FNDA:0,(anonymous_3)
FNDA:0,(anonymous_4)
FNDA:0,(anonymous_5)
FNDA:0,(anonymous_6)
FNDA:0,(anonymous_7)
FNDA:0,(anonymous_8)
FNDA:0,(anonymous_9)
FNDA:0,(anonymous_10)
FNDA:0,(anonymous_11)
FNDA:0,(anonymous_12)
FNDA:0,(anonymous_13)
FNDA:0,(anonymous_14)
FNDA:0,(anonymous_15)
FNDA:0,(anonymous_16)
FNDA:0,(anonymous_17)
FNDA:0,(anonymous_18)
FNDA:0,(anonymous_19)
FNDA:0,(anonymous_20)
FNDA:0,(anonymous_21)
FNDA:0,(anonymous_22)
FNDA:0,(anonymous_23)
FNDA:0,(anonymous_24)
FNDA:0,(anonymous_25)
FNDA:0,(anonymous_26)
FNDA:0,(anonymous_27)
FNDA:0,(anonymous_28)
FNDA:0,(anonymous_29)
FNDA:0,(anonymous_30)
FNDA:0,(anonymous_31)
FNDA:0,(anonymous_32)
FNDA:0,(anonymous_33)
FNDA:0,(anonymous_34)
FNDA:0,(anonymous_35)
FNDA:0,(anonymous_36)
FNDA:0,(anonymous_37)
FNDA:0,(anonymous_38)
FNDA:0,(anonymous_39)
FNDA:0,(anonymous_40)
FNDA:0,(anonymous_41)
FNDA:0,(anonymous_42)
FNDA:0,(anonymous_43)
FNDA:0,(anonymous_44)
FNDA:0,(anonymous_45)
FNDA:0,(anonymous_46)
FNDA:0,(anonymous_47)
FNDA:0,(anonymous_48)
DA:3,0
DA:4,0
DA:6,0
DA:7,0
DA:8,0
DA:9,0
DA:10,0
DA:11,0
DA:12,0
DA:13,0
DA:14,0
DA:15,0
DA:16,0
DA:17,0
DA:21,0
DA:28,0
DA:36,0
DA:37,0
DA:38,0
DA:39,0
DA:40,0
DA:41,0
DA:42,0
DA:43,0
DA:44,0
DA:45,0
DA:46,0
DA:47,0
DA:49,0
DA:50,0
DA:51,0
DA:53,0
DA:54,0
DA:55,0
DA:57,0
DA:58,0
DA:60,0
DA:61,0
DA:63,0
DA:68,0
DA:70,0
DA:73,0
DA:74,0
DA:75,0
DA:77,0
DA:81,0
DA:82,0
DA:85,0
DA:86,0
DA:87,0
DA:90,0
DA:94,0
DA:96,0
DA:102,0
DA:103,0
DA:104,0
DA:105,0
DA:111,0
DA:112,0
DA:113,0
DA:114,0
DA:119,0
DA:125,0
DA:129,0
DA:130,0
DA:131,0
DA:134,0
DA:135,0
DA:136,0
DA:137,0
DA:142,0
DA:150,0
DA:151,0
DA:152,0
DA:153,0
DA:160,0
DA:164,0
DA:165,0
DA:166,0
DA:171,0
DA:177,0
DA:181,0
DA:182,0
DA:183,0
DA:186,0
DA:187,0
DA:188,0
DA:190,0
DA:192,0
DA:197,0
DA:216,0
DA:220,0
DA:295,0
DA:306,0
DA:329,0
DA:330,0
DA:344,0
DA:351,0
DA:378,0
DA:383,0
DA:400,0
DA:409,0
DA:415,0
DA:433,0
DA:439,0
DA:450,0
DA:457,0
DA:469,0
DA:478,0
DA:487,0
DA:493,0
LF:111
LH:0
BRDA:57,0,0,0
BRDA:57,0,1,0
BRDA:73,1,0,0
BRDA:73,1,1,0
BRDA:109,2,0,0
BRDA:109,2,1,0
BRDA:121,3,0,0
BRDA:121,3,1,0
BRDA:130,4,0,0
BRDA:144,5,0,0
BRDA:144,5,1,0
BRDA:154,6,0,0
BRDA:154,6,1,0
BRDA:157,7,0,0
BRDA:157,7,1,0
BRDA:162,8,0,0
BRDA:162,8,1,0
BRDA:173,9,0,0
BRDA:173,9,1,0
BRDA:182,10,0,0
BRDA:190,11,0,0
BRDA:190,11,1,0
BRDA:199,12,0,0
BRDA:199,12,1,0
BRDA:273,13,0,0
BRDA:278,14,0,0
BRDA:280,15,0,0
BRDA:301,16,0,0
BRDA:301,16,1,0
BRDA:303,17,0,0
BRDA:303,17,1,0
BRDA:325,18,0,0
BRDA:325,18,1,0
BRDA:329,19,0,0
BRDA:329,19,1,0
BRDA:340,20,0,0
BRDA:348,21,0,0
BRDA:348,21,1,0
BRDA:348,22,0,0
BRDA:348,22,1,0
BRDA:416,23,0,0
BRDA:416,23,1,0
BRDA:416,23,2,0
BRDA:417,24,0,0
BRDA:417,24,1,0
BRDA:496,25,0,0
BRDA:496,25,1,0
BRDA:496,25,2,0
BRDA:496,25,3,0
BRDA:498,26,0,0
BRDA:498,26,1,0
BRF:51
BRH:0
end_of_record
TN:
SF:src/app/security/page.tsx
FN:5,SecurityPage
FNF:1
FNH:0
FNDA:0,SecurityPage
DA:1,0
DA:3,0
DA:5,0
DA:6,0
LF:4
LH:0
BRF:0
BRH:0
end_of_record
TN:
SF:src/app/settings/page.tsx
FN:13,SettingsPage
FN:61,(anonymous_5)
FNF:2
FNH:0
FNDA:0,SettingsPage
FNDA:0,(anonymous_5)
DA:3,0
DA:5,0
DA:6,0
DA:7,0
DA:8,0
DA:9,0
DA:10,0
DA:11,0
DA:13,0
DA:14,0
DA:15,0
DA:62,0
LF:12
LH:0
BRDA:15,0,0,0
BRDA:15,0,1,0
BRDA:15,1,0,0
BRDA:15,1,1,0
BRDA:50,2,0,0
BRDA:50,2,1,0
BRDA:55,3,0,0
BRDA:55,3,1,0
BRDA:61,4,0,0
BRDA:68,5,0,0
BRDA:68,5,1,0
BRF:11
BRH:0
end_of_record
TN:
SF:src/app/storage/page.tsx
FN:5,StoragePage
FNF:1
FNH:0
FNDA:0,StoragePage
DA:1,0
DA:3,0
DA:5,0
DA:6,0
LF:4
LH:0
BRF:0
BRH:0
end_of_record
TN:
SF:src/app/users/page.tsx
FN:35,isAdminUser
FN:44,UsersPage
FN:59,(anonymous_4)
FN:79,(anonymous_5)
FN:88,(anonymous_6)
FN:90,(anonymous_7)
FN:91,(anonymous_8)
FN:92,(anonymous_9)
FN:95,(anonymous_10)
FN:101,(anonymous_11)
FN:113,(anonymous_12)
FN:119,(anonymous_13)
FN:131,(anonymous_14)
FN:131,(anonymous_15)
FN:146,(anonymous_16)
FN:165,(anonymous_17)
FN:172,(anonymous_18)
FN:172,(anonymous_19)
FN:260,(anonymous_20)
FN:312,(anonymous_21)
FN:327,(anonymous_22)
FN:331,(anonymous_23)
FN:347,(anonymous_24)
FN:364,(anonymous_25)
FN:364,(anonymous_26)
FN:372,(anonymous_27)
FN:372,(anonymous_28)
FN:382,(anonymous_29)
FN:382,(anonymous_30)
FN:388,(anonymous_31)
FN:388,(anonymous_32)
FN:405,(anonymous_33)
FN:405,(anonymous_34)
FNF:33
FNH:0
FNDA:0,isAdminUser
FNDA:0,UsersPage
FNDA:0,(anonymous_4)
FNDA:0,(anonymous_5)
FNDA:0,(anonymous_6)
FNDA:0,(anonymous_7)
FNDA:0,(anonymous_8)
FNDA:0,(anonymous_9)
FNDA:0,(anonymous_10)
FNDA:0,(anonymous_11)
FNDA:0,(anonymous_12)
FNDA:0,(anonymous_13)
FNDA:0,(anonymous_14)
FNDA:0,(anonymous_15)
FNDA:0,(anonymous_16)
FNDA:0,(anonymous_17)
FNDA:0,(anonymous_18)
FNDA:0,(anonymous_19)
FNDA:0,(anonymous_20)
FNDA:0,(anonymous_21)
FNDA:0,(anonymous_22)
FNDA:0,(anonymous_23)
FNDA:0,(anonymous_24)
FNDA:0,(anonymous_25)
FNDA:0,(anonymous_26)
FNDA:0,(anonymous_27)
FNDA:0,(anonymous_28)
FNDA:0,(anonymous_29)
FNDA:0,(anonymous_30)
FNDA:0,(anonymous_31)
FNDA:0,(anonymous_32)
FNDA:0,(anonymous_33)
FNDA:0,(anonymous_34)
DA:3,0
DA:4,0
DA:6,0
DA:7,0
DA:8,0
DA:9,0
DA:10,0
DA:11,0
DA:12,0
DA:13,0
DA:14,0
DA:15,0
DA:16,0
DA:17,0
DA:27,0
DA:36,0
DA:37,0
DA:40,0
DA:41,0
DA:44,0
DA:45,0
DA:46,0
DA:47,0
DA:48,0
DA:49,0
DA:50,0
DA:51,0
DA:52,0
DA:53,0
DA:54,0
DA:55,0
DA:57,0
DA:59,0
DA:60,0
DA:61,0
DA:63,0
DA:64,0
DA:70,0
DA:72,0
DA:73,0
DA:75,0
DA:79,0
DA:80,0
DA:81,0
DA:82,0
DA:85,0
DA:88,0
DA:90,0
DA:91,0
DA:92,0
DA:95,0
DA:96,0
DA:97,0
DA:98,0
DA:101,0
DA:102,0
DA:103,0
DA:110,0
DA:113,0
DA:114,0
DA:115,0
DA:116,0
DA:119,0
DA:120,0
DA:122,0
DA:123,0
DA:124,0
DA:130,0
DA:131,0
DA:132,0
DA:133,0
DA:138,0
DA:144,0
DA:145,0
DA:146,0
DA:147,0
DA:153,0
DA:155,0
DA:161,0
DA:165,0
DA:166,0
DA:167,0
DA:170,0
DA:171,0
DA:172,0
DA:173,0
DA:178,0
DA:260,0
DA:313,0
DA:327,0
DA:331,0
DA:347,0
DA:364,0
DA:372,0
DA:382,0
DA:388,0
DA:405,0
LF:97
LH:0
BRDA:36,0,0,0
BRDA:40,1,0,0
BRDA:40,1,1,0
BRDA:41,2,0,0
BRDA:41,2,1,0
BRDA:67,3,0,0
BRDA:67,3,1,0
BRDA:68,4,0,0
BRDA:68,4,1,0
BRDA:72,5,0,0
BRDA:72,5,1,0
BRDA:80,6,0,0
BRDA:123,7,0,0
BRDA:123,7,1,0
BRDA:131,8,0,0
BRDA:131,8,1,0
BRDA:156,9,0,0
BRDA:156,9,1,0
BRDA:157,10,0,0
BRDA:157,10,1,0
BRDA:166,11,0,0
BRDA:180,12,0,0
BRDA:180,12,1,0
BRDA:203,13,0,0
BRDA:288,14,0,0
BRDA:293,15,0,0
BRDA:298,16,0,0
BRDA:320,17,0,0
BRDA:320,17,1,0
BRDA:321,18,0,0
BRDA:321,18,1,0
BRDA:347,19,0,0
BRDA:347,19,1,0
BRDA:350,20,0,0
BRDA:350,20,1,0
BRDA:352,21,0,0
BRDA:352,21,1,0
BRDA:375,22,0,0
BRDA:375,22,1,0
BRDA:400,23,0,0
BRDA:400,23,1,0
BRDA:404,24,0,0
BRDA:404,24,1,0
BRDA:421,25,0,0
BRDA:421,25,1,0
BRDA:421,25,2,0
BRDA:421,25,3,0
BRDA:421,25,4,0
BRDA:422,26,0,0
BRDA:422,26,1,0
BRDA:423,27,0,0
BRDA:423,27,1,0
BRF:52
BRH:0
end_of_record
TN:
SF:src/app/vms/page.tsx
FN:7,VMsPage
FNF:1
FNH:0
FNDA:0,VMsPage
DA:3,0
DA:5,0
DA:7,0
DA:8,0
LF:4
LH:0
BRF:0
BRH:0
end_of_record
TN:
SF:src/components/error-boundary.tsx
FN:32,DefaultErrorFallback
FN:78,(anonymous_8)
FN:139,(anonymous_9)
FN:195,(anonymous_10)
FN:204,(anonymous_11)
FN:205,(anonymous_12)
FN:149,(anonymous_13)
FN:156,(anonymous_14)
FN:174,(anonymous_15)
FN:181,(anonymous_16)
FN:210,(anonymous_17)
FN:236,AsyncErrorBoundary
FN:266,NetworkError
FN:301,NotFoundError
FN:317,(anonymous_22)
FN:320,(anonymous_23)
FN:331,PermissionError
FN:361,(anonymous_25)
FNF:18
FNH:0
FNDA:0,DefaultErrorFallback
FNDA:0,(anonymous_8)
FNDA:0,(anonymous_9)
FNDA:0,(anonymous_10)
FNDA:0,(anonymous_11)
FNDA:0,(anonymous_12)
FNDA:0,(anonymous_13)
FNDA:0,(anonymous_14)
FNDA:0,(anonymous_15)
FNDA:0,(anonymous_16)
FNDA:0,(anonymous_17)
FNDA:0,AsyncErrorBoundary
FNDA:0,NetworkError
FNDA:0,NotFoundError
FNDA:0,(anonymous_22)
FNDA:0,(anonymous_23)
FNDA:0,PermissionError
FNDA:0,(anonymous_25)
DA:3,0
DA:4,0
DA:5,0
DA:6,0
DA:39,0
DA:78,0
DA:135,0
DA:140,0
DA:141,0
DA:150,0
DA:158,0
DA:159,0
DA:163,0
DA:166,0
DA:175,0
DA:176,0
DA:179,0
DA:180,0
DA:181,0
DA:184,0
DA:185,0
DA:190,0
DA:191,0
DA:196,0
DA:205,0
DA:211,0
DA:212,0
DA:214,0
DA:226,0
DA:236,0
DA:266,0
DA:301,0
DA:302,0
DA:317,0
DA:320,0
DA:331,0
DA:336,0
DA:361,0
LF:38
LH:0
BRDA:59,0,0,0
BRDA:62,1,0,0
BRDA:62,1,1,0
BRDA:95,2,0,0
BRDA:103,3,0,0
BRDA:103,3,1,0
BRDA:111,4,0,0
BRDA:158,5,0,0
BRDA:179,6,0,0
BRDA:179,7,0,0
BRDA:179,7,1,0
BRDA:184,8,0,0
BRDA:190,9,0,0
BRDA:190,10,0,0
BRDA:190,10,1,0
BRDA:190,10,2,0
BRDA:212,11,0,0
BRDA:214,12,0,0
BRDA:290,13,0,0
BRDA:332,14,0,0
BRF:20
BRH:0
end_of_record
TN:
SF:src/components/protected-route.tsx
FN:12,ProtectedRoute
FN:17,(anonymous_2)
FNF:2
FNH:0
FNDA:0,ProtectedRoute
FNDA:0,(anonymous_2)
DA:3,0
DA:4,0
DA:5,0
DA:12,0
DA:13,0
DA:14,0
DA:15,0
DA:17,0
DA:18,0
DA:20,0
DA:21,0
DA:26,0
DA:38,0
DA:39,0
LF:14
LH:0
BRDA:18,0,0,0
BRDA:18,1,0,0
BRDA:18,1,1,0
BRDA:20,2,0,0
BRDA:20,2,1,0
BRDA:26,3,0,0
BRDA:38,4,0,0
BRF:7
BRH:0
end_of_record
TN:
SF:src/components/theme-provider.tsx
FN:7,ThemeProvider
FNF:1
FNH:0
FNDA:0,ThemeProvider
DA:3,0
DA:4,0
DA:7,0
LF:3
LH:0
BRF:0
BRH:0
end_of_record
TN:
SF:src/components/accessibility/a11y-components.tsx
FN:8,SkipToMain
FN:25,VisuallyHidden
FN:45,LiveRegion
FN:73,AccessibleAlert
FN:127,useFocusTrap
FN:128,(anonymous_21)
FN:139,(anonymous_22)
FN:158,(anonymous_23)
FN:165,useKeyboardNavigation
FN:171,(anonymous_25)
FN:175,(anonymous_26)
FN:181,(anonymous_27)
FN:203,(anonymous_28)
FN:205,(anonymous_29)
FN:220,AccessibleField
FN:275,Announce
FN:278,(anonymous_32)
FN:280,(anonymous_33)
FN:281,(anonymous_34)
FN:297,FocusRing
FN:315,useAriaDescriptions
FN:318,(anonymous_37)
FN:319,(anonymous_38)
FN:322,(anonymous_39)
FN:323,(anonymous_40)
FN:330,(anonymous_41)
FN:332,(anonymous_42)
FN:333,(anonymous_43)
FN:341,useHighContrast
FN:344,(anonymous_45)
FN:347,(anonymous_46)
FN:354,(anonymous_47)
FN:361,useReducedMotion
FN:364,(anonymous_49)
FN:367,(anonymous_50)
FN:374,(anonymous_51)
FNF:36
FNH:0
FNDA:0,SkipToMain
FNDA:0,VisuallyHidden
FNDA:0,LiveRegion
FNDA:0,AccessibleAlert
FNDA:0,useFocusTrap
FNDA:0,(anonymous_21)
FNDA:0,(anonymous_22)
FNDA:0,(anonymous_23)
FNDA:0,useKeyboardNavigation
FNDA:0,(anonymous_25)
FNDA:0,(anonymous_26)
FNDA:0,(anonymous_27)
FNDA:0,(anonymous_28)
FNDA:0,(anonymous_29)
FNDA:0,AccessibleField
FNDA:0,Announce
FNDA:0,(anonymous_32)
FNDA:0,(anonymous_33)
FNDA:0,(anonymous_34)
FNDA:0,FocusRing
FNDA:0,useAriaDescriptions
FNDA:0,(anonymous_37)
FNDA:0,(anonymous_38)
FNDA:0,(anonymous_39)
FNDA:0,(anonymous_40)
FNDA:0,(anonymous_41)
FNDA:0,(anonymous_42)
FNDA:0,(anonymous_43)
FNDA:0,useHighContrast
FNDA:0,(anonymous_45)
FNDA:0,(anonymous_46)
FNDA:0,(anonymous_47)
FNDA:0,useReducedMotion
FNDA:0,(anonymous_49)
FNDA:0,(anonymous_50)
FNDA:0,(anonymous_51)
DA:3,0
DA:4,0
DA:5,0
DA:8,0
DA:25,0
DA:45,0
DA:73,0
DA:80,0
DA:87,0
DA:127,0
DA:128,0
DA:129,0
DA:130,0
DA:132,0
DA:136,0
DA:137,0
DA:139,0
DA:140,0
DA:142,0
DA:143,0
DA:144,0
DA:145,0
DA:148,0
DA:149,0
DA:150,0
DA:155,0
DA:156,0
DA:158,0
DA:159,0
DA:165,0
DA:169,0
DA:171,0
DA:172,0
DA:174,0
DA:175,0
DA:176,0
DA:178,0
DA:180,0
DA:181,0
DA:182,0
DA:184,0
DA:187,0
DA:188,0
DA:189,0
DA:191,0
DA:193,0
DA:194,0
DA:195,0
DA:197,0
DA:198,0
DA:199,0
DA:203,0
DA:204,0
DA:205,0
DA:208,0
DA:220,0
DA:227,0
DA:228,0
DA:229,0
DA:231,0
DA:275,0
DA:276,0
DA:278,0
DA:279,0
DA:280,0
DA:281,0
DA:297,0
DA:315,0
DA:316,0
DA:318,0
DA:319,0
DA:322,0
DA:323,0
DA:324,0
DA:325,0
DA:326,0
DA:330,0
DA:331,0
DA:332,0
DA:333,0
DA:337,0
DA:341,0
DA:342,0
DA:344,0
DA:345,0
DA:347,0
DA:348,0
DA:351,0
DA:352,0
DA:354,0
DA:357,0
DA:361,0
DA:362,0
DA:364,0
DA:365,0
DA:367,0
DA:368,0
DA:371,0
DA:372,0
DA:374,0
DA:377,0
LF:101
LH:0
BRDA:27,0,0,0
BRDA:47,1,0,0
BRDA:48,2,0,0
BRDA:49,3,0,0
BRDA:74,4,0,0
BRDA:97,5,0,0
BRDA:97,5,1,0
BRDA:108,6,0,0
BRDA:113,7,0,0
BRDA:130,8,0,0
BRDA:140,9,0,0
BRDA:142,10,0,0
BRDA:142,10,1,0
BRDA:143,11,0,0
BRDA:148,12,0,0
BRDA:172,13,0,0
BRDA:172,13,1,0
BRDA:172,13,2,0
BRDA:172,13,3,0
BRDA:172,13,4,0
BRDA:172,13,5,0
BRDA:176,14,0,0
BRDA:176,14,1,0
BRDA:182,15,0,0
BRDA:182,15,1,0
BRDA:188,16,0,0
BRDA:188,17,0,0
BRDA:188,17,1,0
BRDA:234,18,0,0
BRDA:234,18,1,0
BRDA:235,19,0,0
BRDA:235,19,1,0
BRDA:236,20,0,0
BRDA:236,20,1,0
BRDA:245,21,0,0
BRDA:252,22,0,0
BRDA:260,23,0,0
BRDA:275,24,0,0
BRF:38
BRH:0
end_of_record
TN:
SF:src/components/admin/AdminMetrics.tsx
FN:73,AdminMetrics
FN:76,(anonymous_2)
FN:78,(anonymous_3)
FN:82,(anonymous_4)
FN:91,(anonymous_5)
FN:248,(anonymous_6)
FN:284,(anonymous_7)
FNF:7
FNH:0
FNDA:0,AdminMetrics
FNDA:0,(anonymous_2)
FNDA:0,(anonymous_3)
FNDA:0,(anonymous_4)
FNDA:0,(anonymous_5)
FNDA:0,(anonymous_6)
FNDA:0,(anonymous_7)
DA:3,0
DA:4,0
DA:5,0
DA:6,0
DA:23,0
DA:24,0
DA:25,0
DA:26,0
DA:29,0
DA:58,0
DA:66,0
DA:73,0
DA:74,0
DA:76,0
DA:77,0
DA:78,0
DA:79,0
DA:82,0
DA:83,0
DA:84,0
DA:85,0
DA:86,0
DA:87,0
DA:91,0
DA:92,0
DA:93,0
DA:94,0
DA:95,0
DA:96,0
DA:249,0
DA:285,0
LF:31
LH:0
BRDA:83,0,0,0
BRDA:83,0,1,0
BRDA:83,0,2,0
BRDA:83,0,3,0
BRDA:92,1,0,0
BRDA:92,1,1,0
BRDA:92,1,2,0
BRDA:92,1,3,0
BRDA:111,2,0,0
BRDA:111,2,1,0
BRDA:252,3,0,0
BRDA:252,3,1,0
BRDA:253,4,0,0
BRDA:253,4,1,0
BRDA:262,5,0,0
BRDA:262,5,1,0
BRF:16
BRH:0
end_of_record
TN:
SF:src/components/admin/AuditLogs.tsx
FN:184,AuditLogs
FN:192,(anonymous_2)
FN:207,(anonymous_3)
FN:222,(anonymous_4)
FN:231,(anonymous_5)
FN:240,(anonymous_6)
FN:248,(anonymous_7)
FN:256,(anonymous_8)
FN:259,(anonymous_9)
FN:304,(anonymous_10)
FN:314,(anonymous_11)
FN:327,(anonymous_12)
FN:380,(anonymous_13)
FN:448,(anonymous_14)
FN:477,(anonymous_15)
FNF:15
FNH:0
FNDA:0,AuditLogs
FNDA:0,(anonymous_2)
FNDA:0,(anonymous_3)
FNDA:0,(anonymous_4)
FNDA:0,(anonymous_5)
FNDA:0,(anonymous_6)
FNDA:0,(anonymous_7)
FNDA:0,(anonymous_8)
FNDA:0,(anonymous_9)
FNDA:0,(anonymous_10)
FNDA:0,(anonymous_11)
FNDA:0,(anonymous_12)
FNDA:0,(anonymous_13)
FNDA:0,(anonymous_14)
FNDA:0,(anonymous_15)
DA:3,0
DA:4,0
DA:5,0
DA:6,0
DA:7,0
DA:15,0
DA:22,0
DA:23,0
DA:48,0
DA:49,0
DA:52,0
DA:167,0
DA:177,0
DA:184,0
DA:185,0
DA:186,0
DA:187,0
DA:188,0
DA:189,0
DA:190,0
DA:192,0
DA:194,0
DA:200,0
DA:201,0
DA:202,0
DA:204,0
DA:207,0
DA:208,0
DA:222,0
DA:223,0
DA:224,0
DA:225,0
DA:226,0
DA:227,0
DA:231,0
DA:232,0
DA:233,0
DA:234,0
DA:235,0
DA:236,0
DA:240,0
DA:241,0
DA:248,0
DA:249,0
DA:250,0
DA:256,0
DA:257,0
DA:260,0
DA:264,0
DA:265,0
DA:266,0
DA:267,0
DA:268,0
DA:269,0
DA:270,0
DA:271,0
DA:272,0
DA:304,0
DA:315,0
DA:328,0
DA:381,0
DA:383,0
DA:448,0
DA:477,0
LF:64
LH:0
BRDA:194,0,0,0
BRDA:194,0,1,0
BRDA:194,0,2,0
BRDA:194,0,3,0
BRDA:194,0,4,0
BRDA:200,1,0,0
BRDA:200,1,1,0
BRDA:201,2,0,0
BRDA:201,2,1,0
BRDA:202,3,0,0
BRDA:202,3,1,0
BRDA:204,4,0,0
BRDA:204,4,1,0
BRDA:204,4,2,0
BRDA:204,4,3,0
BRDA:223,5,0,0
BRDA:223,5,1,0
BRDA:223,5,2,0
BRDA:223,5,3,0
BRDA:232,6,0,0
BRDA:232,6,1,0
BRDA:232,6,2,0
BRDA:232,6,3,0
BRDA:411,7,0,0
BRDA:424,8,0,0
BRDA:424,8,1,0
BRDA:465,9,0,0
BRDA:533,10,0,0
BRF:28
BRH:0
end_of_record
TN:
SF:src/components/admin/DatabaseEditor.tsx
FN:90,DatabaseEditor
FN:98,(anonymous_2)
FN:99,(anonymous_3)
FN:104,(anonymous_4)
FN:108,(anonymous_5)
FN:112,(anonymous_6)
FN:116,(anonymous_7)
FN:117,(anonymous_8)
FN:121,(anonymous_9)
FN:122,(anonymous_10)
FN:129,(anonymous_11)
FN:135,(anonymous_12)
FN:136,(anonymous_13)
FN:136,(anonymous_14)
FN:140,(anonymous_15)
FN:154,(anonymous_16)
FN:158,(anonymous_17)
FN:215,(anonymous_18)
FN:218,(anonymous_19)
FN:265,(anonymous_20)
FN:297,(anonymous_21)
FN:297,(anonymous_22)
FN:307,(anonymous_23)
FN:307,(anonymous_24)
FN:317,(anonymous_25)
FN:317,(anonymous_26)
FN:335,(anonymous_27)
FN:335,(anonymous_28)
FN:354,(anonymous_29)
FN:354,(anonymous_30)
FN:365,(anonymous_31)
FN:365,(anonymous_32)
FN:394,(anonymous_33)
FN:417,(anonymous_34)
FN:425,(anonymous_35)
FNF:35
FNH:0
FNDA:0,DatabaseEditor
FNDA:0,(anonymous_2)
FNDA:0,(anonymous_3)
FNDA:0,(anonymous_4)
FNDA:0,(anonymous_5)
FNDA:0,(anonymous_6)
FNDA:0,(anonymous_7)
FNDA:0,(anonymous_8)
FNDA:0,(anonymous_9)
FNDA:0,(anonymous_10)
FNDA:0,(anonymous_11)
FNDA:0,(anonymous_12)
FNDA:0,(anonymous_13)
FNDA:0,(anonymous_14)
FNDA:0,(anonymous_15)
FNDA:0,(anonymous_16)
FNDA:0,(anonymous_17)
FNDA:0,(anonymous_18)
FNDA:0,(anonymous_19)
FNDA:0,(anonymous_20)
FNDA:0,(anonymous_21)
FNDA:0,(anonymous_22)
FNDA:0,(anonymous_23)
FNDA:0,(anonymous_24)
FNDA:0,(anonymous_25)
FNDA:0,(anonymous_26)
FNDA:0,(anonymous_27)
FNDA:0,(anonymous_28)
FNDA:0,(anonymous_29)
FNDA:0,(anonymous_30)
FNDA:0,(anonymous_31)
FNDA:0,(anonymous_32)
FNDA:0,(anonymous_33)
FNDA:0,(anonymous_34)
FNDA:0,(anonymous_35)
DA:3,0
DA:4,0
DA:5,0
DA:6,0
DA:14,0
DA:21,0
DA:22,0
DA:24,0
DA:39,0
DA:40,0
DA:43,0
DA:55,0
DA:90,0
DA:91,0
DA:92,0
DA:93,0
DA:94,0
DA:95,0
DA:96,0
DA:98,0
DA:99,0
DA:100,0
DA:104,0
DA:105,0
DA:108,0
DA:109,0
DA:111,0
DA:112,0
DA:114,0
DA:116,0
DA:117,0
DA:121,0
DA:122,0
DA:125,0
DA:126,0
DA:129,0
DA:130,0
DA:131,0
DA:134,0
DA:135,0
DA:136,0
DA:137,0
DA:140,0
DA:141,0
DA:154,0
DA:155,0
DA:158,0
DA:159,0
DA:160,0
DA:161,0
DA:162,0
DA:163,0
DA:216,0
DA:218,0
DA:265,0
DA:297,0
DA:307,0
DA:317,0
DA:335,0
DA:354,0
DA:365,0
DA:395,0
DA:417,0
DA:425,0
LF:64
LH:0
BRDA:109,0,0,0
BRDA:114,1,0,0
BRDA:114,1,1,0
BRDA:117,2,0,0
BRDA:117,2,1,0
BRDA:130,3,0,0
BRDA:159,4,0,0
BRDA:159,4,1,0
BRDA:159,4,2,0
BRDA:159,4,3,0
BRDA:221,5,0,0
BRDA:221,5,1,0
BRDA:291,6,0,0
BRDA:293,7,0,0
BRDA:293,7,1,0
BRDA:297,8,0,0
BRDA:297,8,1,0
BRDA:307,9,0,0
BRDA:307,9,1,0
BRDA:317,10,0,0
BRDA:317,10,1,0
BRDA:335,11,0,0
BRDA:335,11,1,0
BRDA:354,12,0,0
BRDA:354,12,1,0
BRDA:365,13,0,0
BRDA:365,13,1,0
BRDA:411,14,0,0
BRDA:411,14,1,0
BRDA:426,15,0,0
BRDA:426,15,1,0
BRDA:458,16,0,0
BRF:32
BRH:0
end_of_record
TN:
SF:src/components/admin/RealTimeDashboard.tsx
FN:56,(anonymous_1)
FN:69,(anonymous_2)
FN:75,(anonymous_3)
FN:77,(anonymous_4)
FN:78,(anonymous_5)
FN:86,(anonymous_6)
FN:91,(anonymous_7)
FN:92,(anonymous_8)
FN:103,(anonymous_9)
FN:109,(anonymous_10)
FN:115,(anonymous_11)
FN:150,(anonymous_12)
FN:283,(anonymous_13)
FN:284,(anonymous_14)
FN:342,(anonymous_15)
FN:343,(anonymous_16)
FN:395,(anonymous_17)
FN:504,(anonymous_18)
FN:508,(anonymous_19)
FNF:19
FNH:0
FNDA:0,(anonymous_1)
FNDA:0,(anonymous_2)
FNDA:0,(anonymous_3)
FNDA:0,(anonymous_4)
FNDA:0,(anonymous_5)
FNDA:0,(anonymous_6)
FNDA:0,(anonymous_7)
FNDA:0,(anonymous_8)
FNDA:0,(anonymous_9)
FNDA:0,(anonymous_10)
FNDA:0,(anonymous_11)
FNDA:0,(anonymous_12)
FNDA:0,(anonymous_13)
FNDA:0,(anonymous_14)
FNDA:0,(anonymous_15)
FNDA:0,(anonymous_16)
FNDA:0,(anonymous_17)
FNDA:0,(anonymous_18)
FNDA:0,(anonymous_19)
DA:3,0
DA:4,0
DA:5,0
DA:6,0
DA:7,0
DA:8,0
DA:24,0
DA:25,0
DA:26,0
DA:42,0
DA:56,0
DA:67,0
DA:69,0
DA:70,0
DA:71,0
DA:72,0
DA:75,0
DA:76,0
DA:77,0
DA:78,0
DA:79,0
DA:80,0
DA:82,0
DA:86,0
DA:91,0
DA:92,0
DA:93,0
DA:96,0
DA:97,0
DA:99,0
DA:103,0
DA:104,0
DA:105,0
DA:106,0
DA:109,0
DA:115,0
DA:116,0
DA:150,0
DA:283,0
DA:284,0
DA:342,0
DA:343,0
DA:396,0
DA:505,0
DA:508,0
LF:45
LH:0
BRDA:76,0,0,0
BRDA:99,1,0,0
BRDA:99,1,1,0
BRDA:104,2,0,0
BRDA:105,3,0,0
BRDA:130,4,0,0
BRDA:139,5,0,0
BRDA:153,6,0,0
BRDA:153,6,1,0
BRDA:156,7,0,0
BRDA:156,7,1,0
BRDA:157,8,0,0
BRDA:157,8,1,0
BRDA:173,9,0,0
BRDA:192,10,0,0
BRDA:192,10,1,0
BRDA:193,11,0,0
BRDA:195,12,0,0
BRDA:195,12,1,0
BRDA:195,13,0,0
BRDA:195,13,1,0
BRDA:197,14,0,0
BRDA:197,14,1,0
BRDA:197,15,0,0
BRDA:197,15,1,0
BRDA:205,16,0,0
BRDA:205,16,1,0
BRDA:217,17,0,0
BRDA:217,17,1,0
BRDA:218,18,0,0
BRDA:220,19,0,0
BRDA:220,19,1,0
BRDA:220,20,0,0
BRDA:220,20,1,0
BRDA:222,21,0,0
BRDA:222,21,1,0
BRDA:222,22,0,0
BRDA:222,22,1,0
BRDA:230,23,0,0
BRDA:230,23,1,0
BRDA:242,24,0,0
BRDA:242,24,1,0
BRDA:243,25,0,0
BRDA:245,26,0,0
BRDA:245,26,1,0
BRDA:245,27,0,0
BRDA:245,27,1,0
BRDA:247,28,0,0
BRDA:247,28,1,0
BRDA:247,29,0,0
BRDA:247,29,1,0
BRDA:386,30,0,0
BRDA:400,31,0,0
BRDA:400,31,1,0
BRDA:401,32,0,0
BRDA:401,32,1,0
BRDA:402,33,0,0
BRDA:402,33,1,0
BRDA:403,34,0,0
BRDA:403,34,1,0
BRDA:408,35,0,0
BRDA:408,35,1,0
BRDA:409,36,0,0
BRDA:409,36,1,0
BRDA:410,37,0,0
BRDA:410,37,1,0
BRDA:411,38,0,0
BRDA:411,38,1,0
BRDA:415,39,0,0
BRDA:415,39,1,0
BRDA:418,40,0,0
BRDA:418,40,1,0
BRDA:419,41,0,0
BRDA:419,41,1,0
BRDA:420,42,0,0
BRDA:420,42,1,0
BRDA:429,43,0,0
BRDA:429,43,1,0
BRDA:432,44,0,0
BRDA:432,44,1,0
BRDA:397,45,0,0
BRDA:397,45,1,0
BRDA:438,46,0,0
BRDA:460,47,0,0
BRDA:460,47,1,0
BRDA:490,48,0,0
BRDA:490,48,1,0
BRDA:491,49,0,0
BRDA:491,49,1,0
BRDA:492,50,0,0
BRDA:492,50,1,0
BRDA:501,51,0,0
BRDA:501,51,1,0
BRDA:502,52,0,0
BRDA:502,52,1,0
BRDA:503,53,0,0
BRDA:503,53,1,0
BRDA:524,54,0,0
BRDA:524,54,1,0
BRDA:525,55,0,0
BRDA:525,55,1,0
BRDA:531,56,0,0
BRDA:531,56,1,0
BRDA:532,57,0,0
BRDA:532,57,1,0
BRDA:546,58,0,0
BRDA:546,58,1,0
BRF:107
BRH:0
end_of_record
TN:
SF:src/components/admin/RolePermissionManager.tsx
FN:16,RolePermissionManager
FN:27,(anonymous_4)
FN:30,loadCatalog
FN:62,(anonymous_6)
FN:68,(anonymous_7)
FN:68,(anonymous_8)
FN:72,(anonymous_9)
FN:83,(anonymous_10)
FN:83,(anonymous_11)
FN:87,(anonymous_12)
FN:88,(anonymous_13)
FN:89,(anonymous_14)
FN:93,(anonymous_15)
FN:120,(anonymous_16)
FN:196,(anonymous_17)
FN:225,(anonymous_18)
FN:231,(anonymous_19)
FN:240,(anonymous_20)
FN:265,(anonymous_21)
FNF:19
FNH:0
FNDA:0,RolePermissionManager
FNDA:0,(anonymous_4)
FNDA:0,loadCatalog
FNDA:0,(anonymous_6)
FNDA:0,(anonymous_7)
FNDA:0,(anonymous_8)
FNDA:0,(anonymous_9)
FNDA:0,(anonymous_10)
FNDA:0,(anonymous_11)
FNDA:0,(anonymous_12)
FNDA:0,(anonymous_13)
FNDA:0,(anonymous_14)
FNDA:0,(anonymous_15)
FNDA:0,(anonymous_16)
FNDA:0,(anonymous_17)
FNDA:0,(anonymous_18)
FNDA:0,(anonymous_19)
FNDA:0,(anonymous_20)
FNDA:0,(anonymous_21)
DA:3,0
DA:4,0
DA:6,0
DA:7,0
DA:8,0
DA:9,0
DA:10,0
DA:11,0
DA:12,0
DA:13,0
DA:14,0
DA:16,0
DA:17,0
DA:18,0
DA:19,0
DA:20,0
DA:21,0
DA:22,0
DA:23,0
DA:24,0
DA:25,0
DA:27,0
DA:28,0
DA:31,0
DA:32,0
DA:34,0
DA:35,0
DA:40,0
DA:41,0
DA:44,0
DA:45,0
DA:47,0
DA:48,0
DA:55,0
DA:56,0
DA:61,0
DA:62,0
DA:63,0
DA:67,0
DA:68,0
DA:72,0
DA:73,0
DA:74,0
DA:75,0
DA:76,0
DA:79,0
DA:82,0
DA:83,0
DA:87,0
DA:88,0
DA:89,0
DA:93,0
DA:94,0
DA:95,0
DA:100,0
DA:103,0
DA:104,0
DA:106,0
DA:107,0
DA:108,0
DA:110,0
DA:116,0
DA:120,0
DA:121,0
DA:122,0
DA:127,0
DA:130,0
DA:131,0
DA:136,0
DA:139,0
DA:140,0
DA:142,0
DA:143,0
DA:144,0
DA:145,0
DA:150,0
DA:156,0
DA:196,0
DA:226,0
DA:231,0
DA:241,0
DA:266,0
DA:280,0
LF:83
LH:0
BRDA:40,0,0,0
BRDA:47,1,0,0
BRDA:49,2,0,0
BRDA:49,2,1,0
BRDA:55,3,0,0
BRDA:89,4,0,0
BRDA:89,4,1,0
BRDA:94,5,0,0
BRDA:111,6,0,0
BRDA:111,6,1,0
BRDA:121,7,0,0
BRDA:130,8,0,0
BRDA:151,9,0,0
BRDA:151,9,1,0
BRDA:175,10,0,0
BRDA:199,11,0,0
BRDA:199,11,1,0
BRDA:200,12,0,0
BRDA:200,12,1,0
BRDA:203,13,0,0
BRDA:203,13,1,0
BRDA:204,14,0,0
BRDA:219,15,0,0
BRDA:219,15,1,0
BRDA:260,16,0,0
BRDA:260,16,1,0
BRF:26
BRH:0
end_of_record
TN:
SF:src/components/admin/SecurityDashboard.tsx
FN:65,SecurityDashboard
FN:91,(anonymous_2)
FN:116,(anonymous_3)
FN:117,(anonymous_4)
FN:120,(anonymous_5)
FN:121,(anonymous_6)
FN:122,(anonymous_7)
FN:123,(anonymous_8)
FN:138,(anonymous_9)
FN:139,(anonymous_10)
FN:151,(anonymous_11)
FN:152,(anonymous_12)
FN:173,(anonymous_13)
FN:178,(anonymous_14)
FN:189,(anonymous_15)
FN:196,(anonymous_16)
FN:200,(anonymous_17)
FN:209,(anonymous_18)
FN:221,(anonymous_19)
FN:231,(anonymous_20)
FN:241,(anonymous_21)
FN:250,(anonymous_22)
FN:258,(anonymous_23)
FN:370,(anonymous_24)
FN:374,(anonymous_25)
FN:486,(anonymous_26)
FN:532,(anonymous_27)
FNF:27
FNH:0
FNDA:0,SecurityDashboard
FNDA:0,(anonymous_2)
FNDA:0,(anonymous_3)
FNDA:0,(anonymous_4)
FNDA:0,(anonymous_5)
FNDA:0,(anonymous_6)
FNDA:0,(anonymous_7)
FNDA:0,(anonymous_8)
FNDA:0,(anonymous_9)
FNDA:0,(anonymous_10)
FNDA:0,(anonymous_11)
FNDA:0,(anonymous_12)
FNDA:0,(anonymous_13)
FNDA:0,(anonymous_14)
FNDA:0,(anonymous_15)
FNDA:0,(anonymous_16)
FNDA:0,(anonymous_17)
FNDA:0,(anonymous_18)
FNDA:0,(anonymous_19)
FNDA:0,(anonymous_20)
FNDA:0,(anonymous_21)
FNDA:0,(anonymous_22)
FNDA:0,(anonymous_23)
FNDA:0,(anonymous_24)
FNDA:0,(anonymous_25)
FNDA:0,(anonymous_26)
FNDA:0,(anonymous_27)
DA:3,0
DA:4,0
DA:5,0
DA:6,0
DA:7,0
DA:8,0
DA:9,0
DA:18,0
DA:19,0
DA:43,0
DA:44,0
DA:65,0
DA:66,0
DA:67,0
DA:68,0
DA:69,0
DA:70,0
DA:83,0
DA:84,0
DA:85,0
DA:88,0
DA:91,0
DA:92,0
DA:93,0
DA:94,0
DA:97,0
DA:106,0
DA:107,0
DA:108,0
DA:109,0
DA:110,0
DA:113,0
DA:116,0
DA:117,0
DA:120,0
DA:121,0
DA:122,0
DA:123,0
DA:128,0
DA:131,0
DA:135,0
DA:138,0
DA:139,0
DA:151,0
DA:152,0
DA:161,0
DA:162,0
DA:165,0
DA:166,0
DA:168,0
DA:173,0
DA:174,0
DA:178,0
DA:179,0
DA:183,0
DA:185,0
DA:186,0
DA:188,0
DA:189,0
DA:196,0
DA:199,0
DA:200,0
DA:207,0
DA:208,0
DA:209,0
DA:221,0
DA:222,0
DA:223,0
DA:224,0
DA:225,0
DA:226,0
DA:227,0
DA:231,0
DA:232,0
DA:233,0
DA:234,0
DA:235,0
DA:236,0
DA:237,0
DA:241,0
DA:242,0
DA:243,0
DA:244,0
DA:245,0
DA:246,0
DA:250,0
DA:251,0
DA:252,0
DA:258,0
DA:259,0
DA:260,0
DA:261,0
DA:263,0
DA:264,0
DA:265,0
DA:371,0
DA:374,0
DA:487,0
DA:533,0
LF:99
LH:0
BRDA:106,0,0,0
BRDA:106,1,0,0
BRDA:106,1,1,0
BRDA:107,2,0,0
BRDA:107,3,0,0
BRDA:107,4,0,0
BRDA:107,4,1,0
BRDA:108,5,0,0
BRDA:108,5,1,0
BRDA:109,6,0,0
BRDA:109,7,0,0
BRDA:109,7,1,0
BRDA:110,8,0,0
BRDA:110,8,1,0
BRDA:114,9,0,0
BRDA:114,9,1,0
BRDA:114,10,0,0
BRDA:114,10,1,0
BRDA:118,11,0,0
BRDA:118,11,1,0
BRDA:118,11,2,0
BRDA:120,12,0,0
BRDA:120,12,1,0
BRDA:121,13,0,0
BRDA:121,13,1,0
BRDA:122,14,0,0
BRDA:122,14,1,0
BRDA:123,15,0,0
BRDA:123,15,1,0
BRDA:135,16,0,0
BRDA:135,17,0,0
BRDA:135,17,1,0
BRDA:138,18,0,0
BRDA:138,18,1,0
BRDA:141,19,0,0
BRDA:141,19,1,0
BRDA:141,19,2,0
BRDA:142,20,0,0
BRDA:142,20,1,0
BRDA:142,20,2,0
BRDA:143,21,0,0
BRDA:143,21,1,0
BRDA:144,22,0,0
BRDA:144,22,1,0
BRDA:144,22,2,0
BRDA:145,23,0,0
BRDA:145,23,1,0
BRDA:146,24,0,0
BRDA:146,24,1,0
BRDA:147,25,0,0
BRDA:147,25,1,0
BRDA:153,26,0,0
BRDA:153,26,1,0
BRDA:153,26,2,0
BRDA:154,27,0,0
BRDA:154,27,1,0
BRDA:154,27,2,0
BRDA:155,28,0,0
BRDA:155,28,1,0
BRDA:156,29,0,0
BRDA:156,29,1,0
BRDA:157,30,0,0
BRDA:157,30,1,0
BRDA:179,31,0,0
BRDA:183,32,0,0
BRDA:183,32,1,0
BRDA:183,33,0,0
BRDA:183,33,1,0
BRDA:186,34,0,0
BRDA:188,35,0,0
BRDA:199,36,0,0
BRDA:207,37,0,0
BRDA:208,38,0,0
BRDA:208,38,1,0
BRDA:213,39,0,0
BRDA:213,39,1,0
BRDA:222,40,0,0
BRDA:222,40,1,0
BRDA:222,40,2,0
BRDA:222,40,3,0
BRDA:222,40,4,0
BRDA:232,41,0,0
BRDA:232,41,1,0
BRDA:232,41,2,0
BRDA:232,41,3,0
BRDA:232,41,4,0
BRDA:242,42,0,0
BRDA:242,42,1,0
BRDA:242,42,2,0
BRDA:242,42,3,0
BRDA:263,43,0,0
BRDA:264,44,0,0
BRDA:284,45,0,0
BRDA:284,45,1,0
BRDA:291,46,0,0
BRDA:291,46,1,0
BRDA:402,47,0,0
BRDA:402,47,1,0
BRDA:403,48,0,0
BRDA:403,48,1,0
BRDA:404,49,0,0
BRDA:404,49,1,0
BRDA:538,50,0,0
BRDA:538,50,1,0
BRF:104
BRH:0
end_of_record
TN:
SF:src/components/admin/SystemConfiguration.tsx
FN:309,SystemConfiguration
FN:310,(anonymous_2)
FN:312,(anonymous_3)
FN:313,(anonymous_4)
FN:324,(anonymous_5)
FN:325,(anonymous_6)
FN:329,(anonymous_7)
FN:333,(anonymous_8)
FN:339,(anonymous_9)
FN:342,(anonymous_10)
FN:343,(anonymous_11)
FN:351,(anonymous_12)
FN:366,(anonymous_13)
FN:381,(anonymous_14)
FN:397,(anonymous_15)
FN:419,(anonymous_16)
FN:435,(anonymous_17)
FN:440,(anonymous_18)
FN:459,(anonymous_19)
FN:519,(anonymous_20)
FN:522,(anonymous_21)
FN:545,(anonymous_22)
FN:546,(anonymous_23)
FN:557,(anonymous_24)
FNF:24
FNH:0
FNDA:0,SystemConfiguration
FNDA:0,(anonymous_2)
FNDA:0,(anonymous_3)
FNDA:0,(anonymous_4)
FNDA:0,(anonymous_5)
FNDA:0,(anonymous_6)
FNDA:0,(anonymous_7)
FNDA:0,(anonymous_8)
FNDA:0,(anonymous_9)
FNDA:0,(anonymous_10)
FNDA:0,(anonymous_11)
FNDA:0,(anonymous_12)
FNDA:0,(anonymous_13)
FNDA:0,(anonymous_14)
FNDA:0,(anonymous_15)
FNDA:0,(anonymous_16)
FNDA:0,(anonymous_17)
FNDA:0,(anonymous_18)
FNDA:0,(anonymous_19)
FNDA:0,(anonymous_20)
FNDA:0,(anonymous_21)
FNDA:0,(anonymous_22)
FNDA:0,(anonymous_23)
FNDA:0,(anonymous_24)
DA:3,0
DA:4,0
DA:5,0
DA:6,0
DA:7,0
DA:8,0
DA:9,0
DA:10,0
DA:17,0
DA:18,0
DA:40,0
DA:41,0
DA:65,0
DA:309,0
DA:310,0
DA:311,0
DA:312,0
DA:313,0
DA:314,0
DA:317,0
DA:320,0
DA:321,0
DA:322,0
DA:324,0
DA:325,0
DA:326,0
DA:329,0
DA:330,0
DA:333,0
DA:335,0
DA:336,0
DA:339,0
DA:341,0
DA:342,0
DA:343,0
DA:344,0
DA:347,0
DA:348,0
DA:351,0
DA:352,0
DA:354,0
DA:366,0
DA:381,0
DA:397,0
DA:419,0
DA:435,0
DA:441,0
DA:459,0
DA:467,0
DA:520,0
DA:522,0
DA:545,0
DA:547,0
DA:558,0
LF:54
LH:0
BRDA:354,0,0,0
BRDA:379,1,0,0
BRDA:379,1,1,0
BRDA:411,2,0,0
BRDA:411,2,1,0
BRDA:418,3,0,0
BRDA:418,3,1,0
BRDA:486,4,0,0
BRDA:495,5,0,0
BRDA:495,5,1,0
BRDA:502,6,0,0
BRDA:502,6,1,0
BRDA:505,7,0,0
BRDA:505,7,1,0
BRDA:525,8,0,0
BRDA:525,8,1,0
BRF:16
BRH:0
end_of_record
TN:
SF:src/components/admin/UserManagement.tsx
FN:113,UserManagement
FN:122,(anonymous_2)
FN:132,(anonymous_3)
FN:136,(anonymous_4)
FN:138,(anonymous_5)
FN:138,(anonymous_6)
FN:157,(anonymous_7)
FN:166,(anonymous_8)
FN:175,(anonymous_9)
FN:269,(anonymous_10)
FN:325,(anonymous_11)
FN:385,(anonymous_12)
FN:397,(anonymous_13)
FN:409,(anonymous_14)
FN:420,(anonymous_15)
FNF:15
FNH:0
FNDA:0,UserManagement
FNDA:0,(anonymous_2)
FNDA:0,(anonymous_3)
FNDA:0,(anonymous_4)
FNDA:0,(anonymous_5)
FNDA:0,(anonymous_6)
FNDA:0,(anonymous_7)
FNDA:0,(anonymous_8)
FNDA:0,(anonymous_9)
FNDA:0,(anonymous_10)
FNDA:0,(anonymous_11)
FNDA:0,(anonymous_12)
FNDA:0,(anonymous_13)
FNDA:0,(anonymous_14)
FNDA:0,(anonymous_15)
DA:3,0
DA:4,0
DA:5,0
DA:6,0
DA:7,0
DA:15,0
DA:22,0
DA:25,0
DA:44,0
DA:48,0
DA:103,0
DA:113,0
DA:114,0
DA:115,0
DA:116,0
DA:117,0
DA:118,0
DA:119,0
DA:120,0
DA:122,0
DA:123,0
DA:126,0
DA:127,0
DA:129,0
DA:132,0
DA:133,0
DA:136,0
DA:138,0
DA:139,0
DA:140,0
DA:142,0
DA:144,0
DA:146,0
DA:148,0
DA:151,0
DA:154,0
DA:157,0
DA:158,0
DA:159,0
DA:160,0
DA:161,0
DA:162,0
DA:166,0
DA:167,0
DA:175,0
DA:176,0
DA:177,0
DA:269,0
DA:326,0
DA:385,0
DA:397,0
DA:409,0
DA:420,0
LF:53
LH:0
BRDA:123,0,0,0
BRDA:123,0,1,0
BRDA:123,0,2,0
BRDA:126,1,0,0
BRDA:126,1,1,0
BRDA:127,2,0,0
BRDA:127,2,1,0
BRDA:129,3,0,0
BRDA:129,3,1,0
BRDA:129,3,2,0
BRDA:139,4,0,0
BRDA:140,5,0,0
BRDA:140,5,1,0
BRDA:140,5,2,0
BRDA:140,5,3,0
BRDA:158,6,0,0
BRDA:158,6,1,0
BRDA:158,6,2,0
BRDA:158,6,3,0
BRDA:176,7,0,0
BRDA:340,8,0,0
BRDA:340,8,1,0
BRDA:340,9,0,0
BRDA:340,9,1,0
BRDA:367,10,0,0
BRDA:367,10,1,0
BRDA:368,11,0,0
BRDA:368,11,1,0
BRDA:373,12,0,0
BRDA:373,12,1,0
BRDA:374,13,0,0
BRDA:374,13,1,0
BRDA:382,14,0,0
BRDA:393,15,0,0
BRDA:405,16,0,0
BRF:35
BRH:0
end_of_record
TN:
SF:src/components/auth/AuthGuard.tsx
FN:15,AuthGuard
FN:24,(anonymous_2)
FN:29,(anonymous_3)
FNF:3
FNH:0
FNDA:0,AuthGuard
FNDA:0,(anonymous_2)
FNDA:0,(anonymous_3)
DA:3,0
DA:4,0
DA:5,0
DA:6,0
DA:7,0
DA:15,0
DA:20,0
DA:21,0
DA:22,0
DA:24,0
DA:25,0
DA:28,0
DA:29,0
DA:31,0
DA:32,0
DA:33,0
DA:36,0
DA:38,0
DA:39,0
DA:40,0
DA:43,0
DA:44,0
DA:45,0
DA:49,0
DA:50,0
DA:51,0
DA:54,0
DA:55,0
DA:56,0
DA:59,0
DA:60,0
DA:61,0
DA:65,0
DA:67,0
DA:68,0
DA:73,0
DA:85,0
DA:86,0
LF:38
LH:0
BRDA:17,0,0,0
BRDA:18,1,0,0
BRDA:25,2,0,0
BRDA:31,3,0,0
BRDA:31,4,0,0
BRDA:31,4,1,0
BRDA:31,4,2,0
BRDA:31,4,3,0
BRDA:38,5,0,0
BRDA:38,6,0,0
BRDA:38,6,1,0
BRDA:38,6,2,0
BRDA:43,7,0,0
BRDA:43,8,0,0
BRDA:43,8,1,0
BRDA:43,8,2,0
BRDA:49,9,0,0
BRDA:49,10,0,0
BRDA:49,10,1,0
BRDA:54,11,0,0
BRDA:54,12,0,0
BRDA:54,12,1,0
BRDA:54,12,2,0
BRDA:59,13,0,0
BRDA:59,14,0,0
BRDA:59,14,1,0
BRDA:59,14,2,0
BRDA:59,14,3,0
BRDA:65,15,0,0
BRDA:65,16,0,0
BRDA:65,16,1,0
BRDA:73,17,0,0
BRDA:85,18,0,0
BRDA:85,19,0,0
BRDA:85,19,1,0
BRDA:85,19,2,0
BRF:36
BRH:0
end_of_record
TN:
SF:src/components/auth/EmailVerificationFlow.tsx
FN:14,EmailVerificationFlow
FNF:1
FNH:0
FNDA:0,EmailVerificationFlow
DA:3,0
DA:4,0
DA:5,0
DA:6,0
DA:14,0
DA:19,0
LF:6
LH:0
BRF:0
BRH:0
end_of_record
TN:
SF:src/components/auth/LoginForm.tsx
FN:15,LoginForm
FN:19,(anonymous_2)
FN:37,(anonymous_3)
FN:50,(anonymous_4)
FNF:4
FNH:0
FNDA:0,LoginForm
FNDA:0,(anonymous_2)
FNDA:0,(anonymous_3)
FNDA:0,(anonymous_4)
DA:3,0
DA:4,0
DA:5,0
DA:6,0
DA:7,0
DA:15,0
DA:16,0
DA:17,0
DA:19,0
DA:20,0
DA:21,0
DA:37,0
DA:50,0
LF:13
LH:0
BRDA:55,0,0,0
BRF:1
BRH:0
end_of_record
TN:
SF:src/components/auth/PasswordStrengthIndicator.tsx
FN:15,PasswordStrengthIndicator
FN:26,(anonymous_2)
FN:39,(anonymous_3)
FN:101,(anonymous_4)
FN:179,(anonymous_5)
FNF:5
FNH:0
FNDA:0,PasswordStrengthIndicator
FNDA:0,(anonymous_2)
FNDA:0,(anonymous_3)
FNDA:0,(anonymous_4)
FNDA:0,(anonymous_5)
DA:3,0
DA:4,0
DA:5,0
DA:6,0
DA:7,0
DA:15,0
DA:20,0
DA:26,0
DA:27,0
DA:28,0
DA:29,0
DA:31,0
DA:39,0
DA:40,0
DA:41,0
DA:48,0
DA:55,0
DA:62,0
DA:69,0
DA:76,0
DA:86,0
DA:87,0
DA:89,0
DA:102,0
DA:180,0
LF:25
LH:0
BRDA:17,0,0,0
BRDA:27,1,0,0
BRDA:27,1,1,0
BRDA:40,2,0,0
BRDA:40,2,1,0
BRDA:40,2,2,0
BRDA:40,2,3,0
BRDA:40,2,4,0
BRDA:40,2,5,0
BRDA:89,3,0,0
BRDA:106,4,0,0
BRDA:106,4,1,0
BRDA:112,5,0,0
BRDA:112,5,1,0
BRDA:113,6,0,0
BRDA:113,6,1,0
BRDA:144,7,0,0
BRDA:165,8,0,0
BRDA:165,8,1,0
BRF:19
BRH:0
end_of_record
TN:
SF:src/components/auth/PermissionGate.tsx
FN:13,PermissionGate
FNF:1
FNH:0
FNDA:0,PermissionGate
DA:4,0
DA:13,0
DA:19,0
DA:21,0
DA:22,0
LF:5
LH:0
BRDA:21,0,0,0
BRDA:22,1,0,0
BRDA:22,1,1,0
BRF:3
BRH:0
end_of_record
TN:
SF:src/components/auth/ProtectedRoute.tsx
FN:14,ProtectedRoute
FN:22,(anonymous_2)
FN:48,(anonymous_3)
FNF:3
FNH:0
FNDA:0,ProtectedRoute
FNDA:0,(anonymous_2)
FNDA:0,(anonymous_3)
DA:3,0
DA:4,0
DA:5,0
DA:6,0
DA:14,0
DA:19,0
DA:20,0
DA:22,0
DA:23,0
DA:24,0
DA:28,0
DA:39,0
DA:40,0
DA:44,0
DA:47,0
DA:48,0
DA:49,0
DA:52,0
LF:18
LH:0
BRDA:16,0,0,0
BRDA:23,1,0,0
BRDA:23,2,0,0
BRDA:23,2,1,0
BRDA:28,3,0,0
BRDA:39,4,0,0
BRDA:40,5,0,0
BRDA:40,5,1,0
BRDA:44,6,0,0
BRDA:44,7,0,0
BRDA:44,7,1,0
BRDA:47,8,0,0
BRDA:47,8,1,0
BRDA:52,9,0,0
BRF:14
BRH:0
end_of_record
TN:
SF:src/components/auth/RBACGuard.tsx
FN:16,RBACGuard
FNF:1
FNH:0
FNDA:0,RBACGuard
DA:4,0
DA:5,0
DA:6,0
DA:16,0
DA:23,0
DA:25,0
DA:27,0
DA:28,0
DA:32,0
DA:44,0
LF:10
LH:0
BRDA:21,0,0,0
BRDA:27,1,0,0
BRDA:28,2,0,0
BRDA:32,3,0,0
BRF:4
BRH:0
end_of_record
TN:
SF:src/components/auth/RBACProvider.tsx
FN:30,(anonymous_9)
FN:35,(anonymous_10)
FN:40,(anonymous_11)
FN:45,(anonymous_12)
FNF:4
FNH:0
FNDA:0,(anonymous_9)
FNDA:0,(anonymous_10)
FNDA:0,(anonymous_11)
FNDA:0,(anonymous_12)
DA:9,0
DA:11,0
DA:26,0
DA:30,0
DA:31,0
DA:32,0
DA:35,0
DA:36,0
DA:37,0
DA:40,0
DA:41,0
DA:42,0
DA:45,0
DA:46,0
DA:47,0
DA:50,0
LF:16
LH:0
BRF:0
BRH:0
end_of_record
TN:
SF:src/components/auth/RegisterForm.tsx
FN:16,RegisterForm
FN:23,(anonymous_2)
FN:45,(anonymous_3)
FN:58,(anonymous_4)
FN:74,(anonymous_5)
FN:86,(anonymous_6)
FN:99,(anonymous_7)
FNF:7
FNH:0
FNDA:0,RegisterForm
FNDA:0,(anonymous_2)
FNDA:0,(anonymous_3)
FNDA:0,(anonymous_4)
FNDA:0,(anonymous_5)
FNDA:0,(anonymous_6)
FNDA:0,(anonymous_7)
DA:3,0
DA:4,0
DA:5,0
DA:6,0
DA:7,0
DA:8,0
DA:9,0
DA:16,0
DA:17,0
DA:18,0
DA:19,0
DA:20,0
DA:21,0
DA:23,0
DA:24,0
DA:25,0
DA:27,0
DA:28,0
DA:30,0
DA:45,0
DA:58,0
DA:74,0
DA:86,0
DA:99,0
LF:24
LH:0
BRDA:25,0,0,0
BRDA:102,1,0,0
BRDA:102,1,1,0
BRDA:107,2,0,0
BRF:4
BRH:0
end_of_record
TN:
SF:src/components/auth/RegistrationWizard.tsx
FN:31,RegistrationWizard
FN:58,(anonymous_2)
FN:78,(anonymous_3)
FN:97,(anonymous_4)
FN:103,(anonymous_5)
FN:108,(anonymous_6)
FN:112,(anonymous_7)
FN:115,(anonymous_8)
FN:119,(anonymous_9)
FN:156,(anonymous_10)
FN:163,(anonymous_11)
FN:164,(anonymous_12)
FN:215,(anonymous_13)
FN:237,(anonymous_14)
FN:325,(anonymous_15)
FN:326,(anonymous_16)
FN:335,(anonymous_17)
FN:336,(anonymous_18)
FN:349,(anonymous_19)
FN:351,(anonymous_20)
FN:388,(anonymous_21)
FN:404,(anonymous_22)
FN:405,(anonymous_23)
FN:413,(anonymous_24)
FN:417,(anonymous_25)
FN:464,(anonymous_26)
FN:465,(anonymous_27)
FN:477,(anonymous_28)
FN:478,(anonymous_29)
FN:491,(anonymous_30)
FN:510,(anonymous_31)
FN:511,(anonymous_32)
FNF:32
FNH:0
FNDA:0,RegistrationWizard
FNDA:0,(anonymous_2)
FNDA:0,(anonymous_3)
FNDA:0,(anonymous_4)
FNDA:0,(anonymous_5)
FNDA:0,(anonymous_6)
FNDA:0,(anonymous_7)
FNDA:0,(anonymous_8)
FNDA:0,(anonymous_9)
FNDA:0,(anonymous_10)
FNDA:0,(anonymous_11)
FNDA:0,(anonymous_12)
FNDA:0,(anonymous_13)
FNDA:0,(anonymous_14)
FNDA:0,(anonymous_15)
FNDA:0,(anonymous_16)
FNDA:0,(anonymous_17)
FNDA:0,(anonymous_18)
FNDA:0,(anonymous_19)
FNDA:0,(anonymous_20)
FNDA:0,(anonymous_21)
FNDA:0,(anonymous_22)
FNDA:0,(anonymous_23)
FNDA:0,(anonymous_24)
FNDA:0,(anonymous_25)
FNDA:0,(anonymous_26)
FNDA:0,(anonymous_27)
FNDA:0,(anonymous_28)
FNDA:0,(anonymous_29)
FNDA:0,(anonymous_30)
FNDA:0,(anonymous_31)
FNDA:0,(anonymous_32)
DA:3,0
DA:4,0
DA:5,0
DA:6,0
DA:7,0
DA:8,0
DA:9,0
DA:10,0
DA:11,0
DA:12,0
DA:13,0
DA:14,0
DA:15,0
DA:16,0
DA:17,0
DA:23,0
DA:24,0
DA:25,0
DA:31,0
DA:32,0
DA:33,0
DA:34,0
DA:35,0
DA:36,0
DA:37,0
DA:38,0
DA:40,0
DA:54,0
DA:55,0
DA:58,0
DA:59,0
DA:64,0
DA:65,0
DA:68,0
DA:74,0
DA:78,0
DA:79,0
DA:80,0
DA:81,0
DA:84,0
DA:85,0
DA:86,0
DA:87,0
DA:89,0
DA:91,0
DA:93,0
DA:97,0
DA:98,0
DA:99,0
DA:103,0
DA:104,0
DA:105,0
DA:108,0
DA:109,0
DA:112,0
DA:115,0
DA:116,0
DA:119,0
DA:120,0
DA:122,0
DA:123,0
DA:124,0
DA:127,0
DA:129,0
DA:130,0
DA:133,0
DA:134,0
DA:135,0
DA:136,0
DA:137,0
DA:139,0
DA:145,0
DA:148,0
DA:149,0
DA:151,0
DA:156,0
DA:157,0
DA:158,0
DA:159,0
DA:163,0
DA:164,0
DA:166,0
DA:167,0
DA:172,0
DA:216,0
DA:237,0
DA:325,0
DA:326,0
DA:335,0
DA:336,0
DA:349,0
DA:351,0
DA:388,0
DA:404,0
DA:405,0
DA:413,0
DA:417,0
DA:464,0
DA:465,0
DA:477,0
DA:478,0
DA:491,0
DA:510,0
DA:511,0
LF:104
LH:0
BRDA:54,0,0,0
BRDA:54,0,1,0
BRDA:64,1,0,0
BRDA:79,2,0,0
BRDA:79,3,0,0
BRDA:79,3,1,0
BRDA:98,4,0,0
BRDA:104,5,0,0
BRDA:122,6,0,0
BRDA:129,7,0,0
BRDA:129,7,1,0
BRDA:135,8,0,0
BRDA:135,8,1,0
BRDA:157,9,0,0
BRDA:166,10,0,0
BRDA:172,11,0,0
BRDA:204,12,0,0
BRDA:233,13,0,0
BRDA:244,14,0,0
BRDA:244,14,1,0
BRDA:278,15,0,0
BRDA:278,15,1,0
BRDA:316,16,0,0
BRDA:326,17,0,0
BRDA:326,17,1,0
BRDA:336,18,0,0
BRDA:336,18,1,0
BRDA:351,19,0,0
BRDA:351,19,1,0
BRDA:352,20,0,0
BRDA:352,20,1,0
BRDA:353,21,0,0
BRDA:353,21,1,0
BRDA:356,22,0,0
BRDA:361,23,0,0
BRDA:361,23,1,0
BRDA:368,24,0,0
BRDA:368,24,1,0
BRDA:376,25,0,0
BRDA:396,26,0,0
BRDA:396,26,1,0
BRDA:405,27,0,0
BRDA:405,27,1,0
BRDA:417,28,0,0
BRDA:417,28,1,0
BRDA:455,29,0,0
BRDA:455,29,1,0
BRDA:455,29,2,0
BRDA:455,29,3,0
BRDA:465,30,0,0
BRDA:465,30,1,0
BRDA:478,31,0,0
BRDA:478,31,1,0
BRDA:481,32,0,0
BRDA:481,32,1,0
BRDA:511,33,0,0
BRDA:511,33,1,0
BRDA:530,34,0,0
BRDA:548,35,0,0
BRDA:548,35,1,0
BRDA:563,36,0,0
BRDA:568,37,0,0
BRF:62
BRH:0
end_of_record
TN:
SF:src/components/auth/RoleSelector.tsx
FN:19,RoleSelector
FN:55,(anonymous_2)
FN:70,(anonymous_3)
FN:72,(anonymous_4)
FN:78,(anonymous_5)
FN:86,(anonymous_6)
FN:93,(anonymous_7)
FN:157,(anonymous_8)
FN:158,(anonymous_9)
FNF:9
FNH:0
FNDA:0,RoleSelector
FNDA:0,(anonymous_2)
FNDA:0,(anonymous_3)
FNDA:0,(anonymous_4)
FNDA:0,(anonymous_5)
FNDA:0,(anonymous_6)
FNDA:0,(anonymous_7)
FNDA:0,(anonymous_8)
FNDA:0,(anonymous_9)
DA:4,0
DA:5,0
DA:6,0
DA:8,0
DA:9,0
DA:10,0
DA:19,0
DA:25,0
DA:28,0
DA:55,0
DA:56,0
DA:70,0
DA:71,0
DA:72,0
DA:74,0
DA:78,0
DA:86,0
DA:94,0
DA:158,0
DA:159,0
LF:20
LH:0
BRDA:22,0,0,0
BRDA:23,1,0,0
BRDA:71,2,0,0
BRDA:71,2,1,0
BRDA:85,3,0,0
BRDA:85,3,1,0
BRDA:105,4,0,0
BRDA:105,4,1,0
BRDA:118,5,0,0
BRDA:125,6,0,0
BRDA:133,7,0,0
BRDA:140,8,0,0
BRDA:153,9,0,0
BRDA:159,10,0,0
BRDA:159,10,1,0
BRF:15
BRH:0
end_of_record
TN:
SF:src/components/auth/TwoFactorLogin.tsx
FN:19,TwoFactorLogin
FN:26,(anonymous_2)
FN:70,(anonymous_3)
FN:104,(anonymous_4)
FN:148,(anonymous_5)
FNF:5
FNH:0
FNDA:0,TwoFactorLogin
FNDA:0,(anonymous_2)
FNDA:0,(anonymous_3)
FNDA:0,(anonymous_4)
FNDA:0,(anonymous_5)
DA:3,0
DA:5,0
DA:6,0
DA:7,0
DA:8,0
DA:9,0
DA:10,0
DA:11,0
DA:19,0
DA:20,0
DA:21,0
DA:22,0
DA:23,0
DA:24,0
DA:26,0
DA:27,0
DA:29,0
DA:30,0
DA:31,0
DA:34,0
DA:35,0
DA:37,0
DA:40,0
DA:47,0
DA:49,0
DA:50,0
DA:52,0
DA:57,0
DA:59,0
DA:62,0
DA:63,0
DA:64,0
DA:66,0
DA:70,0
DA:71,0
DA:72,0
DA:105,0
DA:106,0
DA:149,0
DA:150,0
DA:151,0
LF:41
LH:0
BRDA:29,0,0,0
BRDA:29,1,0,0
BRDA:29,1,1,0
BRDA:30,2,0,0
BRDA:30,2,1,0
BRDA:47,3,0,0
BRDA:47,3,1,0
BRDA:63,4,0,0
BRDA:63,4,1,0
BRDA:83,5,0,0
BRDA:83,5,1,0
BRDA:94,6,0,0
BRDA:94,6,1,0
BRDA:99,7,0,0
BRDA:99,7,1,0
BRDA:100,8,0,0
BRDA:100,8,1,0
BRDA:101,9,0,0
BRDA:101,9,1,0
BRDA:102,10,0,0
BRDA:102,10,1,0
BRDA:105,11,0,0
BRDA:105,11,1,0
BRDA:108,12,0,0
BRDA:108,12,1,0
BRDA:112,13,0,0
BRDA:120,14,0,0
BRDA:120,14,1,0
BRDA:120,14,2,0
BRDA:120,14,3,0
BRDA:120,14,4,0
BRDA:124,15,0,0
BRDA:157,16,0,0
BRDA:157,16,1,0
BRF:34
BRH:0
end_of_record
TN:
SF:src/components/auth/TwoFactorSettings.tsx
FN:22,TwoFactorSettings
FN:33,(anonymous_2)
FN:37,(anonymous_3)
FN:54,(anonymous_4)
FN:81,(anonymous_5)
FN:108,(anonymous_6)
FN:116,(anonymous_7)
FN:224,(anonymous_8)
FN:275,(anonymous_9)
FN:291,(anonymous_10)
FNF:10
FNH:0
FNDA:0,TwoFactorSettings
FNDA:0,(anonymous_2)
FNDA:0,(anonymous_3)
FNDA:0,(anonymous_4)
FNDA:0,(anonymous_5)
FNDA:0,(anonymous_6)
FNDA:0,(anonymous_7)
FNDA:0,(anonymous_8)
FNDA:0,(anonymous_9)
FNDA:0,(anonymous_10)
DA:3,0
DA:4,0
DA:7,0
DA:8,0
DA:9,0
DA:10,0
DA:11,0
DA:12,0
DA:22,0
DA:23,0
DA:24,0
DA:25,0
DA:26,0
DA:27,0
DA:28,0
DA:29,0
DA:30,0
DA:31,0
DA:33,0
DA:34,0
DA:37,0
DA:38,0
DA:39,0
DA:40,0
DA:41,0
DA:43,0
DA:44,0
DA:50,0
DA:54,0
DA:55,0
DA:57,0
DA:58,0
DA:60,0
DA:65,0
DA:66,0
DA:67,0
DA:69,0
DA:70,0
DA:71,0
DA:77,0
DA:81,0
DA:82,0
DA:84,0
DA:85,0
DA:86,0
DA:87,0
DA:90,0
DA:92,0
DA:97,0
DA:98,0
DA:104,0
DA:108,0
DA:109,0
DA:116,0
DA:120,0
DA:121,0
DA:122,0
DA:123,0
DA:124,0
DA:125,0
DA:126,0
DA:127,0
DA:128,0
DA:131,0
DA:224,0
DA:276,0
DA:292,0
DA:293,0
LF:68
LH:0
BRDA:70,0,0,0
BRDA:70,0,1,0
BRDA:131,1,0,0
BRDA:161,2,0,0
BRDA:161,2,1,0
BRDA:162,3,0,0
BRDA:162,3,1,0
BRDA:165,4,0,0
BRDA:173,5,0,0
BRDA:187,6,0,0
BRDA:235,7,0,0
BRDA:235,7,1,0
BRDA:251,8,0,0
BRF:13
BRH:0
end_of_record
TN:
SF:src/components/auth/UserProfile.tsx
FN:27,UserProfile
FN:35,(anonymous_3)
FN:41,(anonymous_4)
FN:82,(anonymous_5)
FN:94,(anonymous_6)
FN:155,(anonymous_7)
FNF:6
FNH:0
FNDA:0,UserProfile
FNDA:0,(anonymous_3)
FNDA:0,(anonymous_4)
FNDA:0,(anonymous_5)
FNDA:0,(anonymous_6)
FNDA:0,(anonymous_7)
DA:4,0
DA:5,0
DA:6,0
DA:7,0
DA:8,0
DA:9,0
DA:10,0
DA:11,0
DA:20,0
DA:21,0
DA:27,0
DA:28,0
DA:29,0
DA:31,0
DA:32,0
DA:35,0
DA:36,0
DA:37,0
DA:38,0
DA:41,0
DA:42,0
DA:44,0
DA:46,0
DA:48,0
DA:50,0
DA:52,0
DA:56,0
DA:83,0
DA:95,0
DA:156,0
LF:30
LH:0
BRDA:27,0,0,0
BRDA:31,1,0,0
BRDA:36,2,0,0
BRDA:36,2,1,0
BRDA:37,3,0,0
BRDA:37,3,1,0
BRDA:42,4,0,0
BRDA:42,4,1,0
BRDA:42,4,2,0
BRDA:42,4,3,0
BRDA:42,4,4,0
BRDA:56,5,0,0
BRDA:99,6,0,0
BRF:13
BRH:0
end_of_record
TN:
SF:src/components/dashboard/UnifiedDashboard.tsx
FN:36,OverviewCard
FN:61,UnifiedDashboard
FN:70,(anonymous_4)
FN:73,loadOverview
FN:82,(anonymous_6)
FN:83,(anonymous_7)
FN:103,(anonymous_8)
FN:108,(anonymous_9)
FN:110,(anonymous_10)
FN:111,(anonymous_11)
FN:115,(anonymous_12)
FN:116,(anonymous_13)
FN:245,(anonymous_14)
FNF:13
FNH:0
FNDA:0,OverviewCard
FNDA:0,UnifiedDashboard
FNDA:0,(anonymous_4)
FNDA:0,loadOverview
FNDA:0,(anonymous_6)
FNDA:0,(anonymous_7)
FNDA:0,(anonymous_8)
FNDA:0,(anonymous_9)
FNDA:0,(anonymous_10)
FNDA:0,(anonymous_11)
FNDA:0,(anonymous_12)
FNDA:0,(anonymous_13)
FNDA:0,(anonymous_14)
DA:3,0
DA:4,0
DA:16,0
DA:18,0
DA:19,0
DA:20,0
DA:21,0
DA:22,0
DA:23,0
DA:24,0
DA:25,0
DA:26,0
DA:27,0
DA:61,0
DA:62,0
DA:63,0
DA:64,0
DA:65,0
DA:66,0
DA:67,0
DA:68,0
DA:70,0
DA:71,0
DA:74,0
DA:75,0
DA:76,0
DA:77,0
DA:79,0
DA:81,0
DA:82,0
DA:83,0
DA:86,0
DA:87,0
DA:88,0
DA:89,0
DA:92,0
DA:93,0
DA:102,0
DA:103,0
DA:104,0
DA:108,0
DA:109,0
DA:110,0
DA:111,0
DA:112,0
DA:115,0
DA:116,0
DA:117,0
DA:123,0
DA:130,0
DA:246,0
DA:247,0
LF:52
LH:0
BRDA:76,0,0,0
BRDA:86,1,0,0
BRDA:88,2,0,0
BRDA:88,2,1,0
BRDA:89,3,0,0
BRDA:89,3,1,0
BRDA:92,4,0,0
BRDA:94,5,0,0
BRDA:94,5,1,0
BRDA:124,6,0,0
BRDA:124,6,1,0
BRDA:125,7,0,0
BRDA:125,7,1,0
BRDA:126,8,0,0
BRDA:126,8,1,0
BRDA:127,9,0,0
BRDA:127,9,1,0
BRDA:153,10,0,0
BRDA:163,11,0,0
BRDA:163,11,1,0
BRDA:169,12,0,0
BRDA:169,12,1,0
BRDA:170,13,0,0
BRDA:170,13,1,0
BRDA:175,14,0,0
BRDA:175,14,1,0
BRDA:181,15,0,0
BRDA:181,15,1,0
BRDA:181,16,0,0
BRDA:181,16,1,0
BRDA:183,17,0,0
BRDA:183,17,1,0
BRDA:201,18,0,0
BRDA:201,18,1,0
BRDA:203,19,0,0
BRDA:203,19,1,0
BRDA:208,20,0,0
BRDA:208,20,1,0
BRDA:210,21,0,0
BRDA:210,21,1,0
BRDA:215,22,0,0
BRDA:215,22,1,0
BRDA:219,23,0,0
BRDA:219,23,1,0
BRF:44
BRH:0
end_of_record
TN:
SF:src/components/dashboard/charts.tsx
FN:18,LineChart
FN:24,(anonymous_5)
FN:25,(anonymous_6)
FN:60,(anonymous_7)
FN:75,(anonymous_8)
FN:75,(anonymous_9)
FN:91,(anonymous_10)
FN:103,(anonymous_11)
FN:131,PieChart
FN:136,(anonymous_13)
FN:143,(anonymous_14)
FN:160,(anonymous_15)
FN:195,(anonymous_16)
FNF:13
FNH:0
FNDA:0,LineChart
FNDA:0,(anonymous_5)
FNDA:0,(anonymous_6)
FNDA:0,(anonymous_7)
FNDA:0,(anonymous_8)
FNDA:0,(anonymous_9)
FNDA:0,(anonymous_10)
FNDA:0,(anonymous_11)
FNDA:0,PieChart
FNDA:0,(anonymous_13)
FNDA:0,(anonymous_14)
FNDA:0,(anonymous_15)
FNDA:0,(anonymous_16)
DA:3,0
DA:18,0
DA:19,0
DA:24,0
DA:25,0
DA:26,0
DA:61,0
DA:62,0
DA:63,0
DA:75,0
DA:76,0
DA:77,0
DA:92,0
DA:93,0
DA:94,0
DA:104,0
DA:105,0
DA:106,0
DA:131,0
DA:132,0
DA:136,0
DA:139,0
DA:142,0
DA:143,0
DA:144,0
DA:145,0
DA:146,0
DA:148,0
DA:161,0
DA:162,0
DA:165,0
DA:166,0
DA:167,0
DA:168,0
DA:170,0
DA:172,0
DA:179,0
DA:196,0
LF:38
LH:0
BRDA:19,0,0,0
BRDA:19,1,0,0
BRDA:19,1,1,0
BRDA:26,2,0,0
BRDA:26,2,1,0
BRDA:76,3,0,0
BRDA:76,3,1,0
BRDA:92,4,0,0
BRDA:92,4,1,0
BRDA:104,5,0,0
BRDA:104,5,1,0
BRDA:132,6,0,0
BRDA:132,7,0,0
BRDA:132,7,1,0
BRDA:170,8,0,0
BRDA:170,8,1,0
BRF:16
BRH:0
end_of_record
TN:
SF:src/components/dashboard/execution-statistics.tsx
FN:6,ExecutionStatistics
FNF:1
FNH:0
FNDA:0,ExecutionStatistics
DA:3,0
DA:4,0
DA:6,0
DA:8,0
LF:4
LH:0
BRF:0
BRH:0
end_of_record
TN:
SF:src/components/dashboard/execution-timeline.tsx
FN:15,ExecutionTimeline
FN:55,(anonymous_2)
FNF:2
FNH:0
FNDA:0,ExecutionTimeline
FNDA:0,(anonymous_2)
DA:3,0
DA:4,0
DA:5,0
DA:15,0
DA:17,0
DA:56,0
LF:6
LH:0
BRDA:59,0,0,0
BRDA:59,0,1,0
BRDA:60,1,0,0
BRDA:60,1,1,0
BRDA:62,2,0,0
BRDA:70,3,0,0
BRDA:70,3,1,0
BRDA:71,4,0,0
BRDA:71,4,1,0
BRDA:77,5,0,0
BRDA:77,5,1,0
BRF:11
BRH:0
end_of_record
TN:
SF:src/components/dashboard/job-execution-chart.tsx
FN:6,JobExecutionChart
FN:10,(anonymous_2)
FN:26,(anonymous_3)
FNF:3
FNH:0
FNDA:0,JobExecutionChart
FNDA:0,(anonymous_2)
FNDA:0,(anonymous_3)
DA:3,0
DA:4,0
DA:6,0
DA:7,0
DA:10,0
DA:11,0
DA:12,0
DA:13,0
DA:27,0
LF:9
LH:0
BRF:0
BRH:0
end_of_record
TN:
SF:src/components/dashboard/job-list.tsx
FN:29,JobList
FN:45,(anonymous_2)
FN:68,(anonymous_3)
FN:84,(anonymous_4)
FN:94,(anonymous_5)
FN:151,(anonymous_6)
FN:162,(anonymous_7)
FN:174,(anonymous_8)
FN:186,(anonymous_9)
FN:198,(anonymous_10)
FN:210,(anonymous_11)
FN:221,(anonymous_12)
FN:233,(anonymous_13)
FN:256,(anonymous_14)
FN:275,(anonymous_15)
FN:287,(anonymous_16)
FN:294,(anonymous_17)
FN:320,(anonymous_18)
FN:331,(anonymous_19)
FN:342,(anonymous_20)
FN:354,(anonymous_21)
FN:366,(anonymous_22)
FN:378,(anonymous_23)
FN:389,(anonymous_24)
FN:401,(anonymous_25)
FNF:25
FNH:0
FNDA:0,JobList
FNDA:0,(anonymous_2)
FNDA:0,(anonymous_3)
FNDA:0,(anonymous_4)
FNDA:0,(anonymous_5)
FNDA:0,(anonymous_6)
FNDA:0,(anonymous_7)
FNDA:0,(anonymous_8)
FNDA:0,(anonymous_9)
FNDA:0,(anonymous_10)
FNDA:0,(anonymous_11)
FNDA:0,(anonymous_12)
FNDA:0,(anonymous_13)
FNDA:0,(anonymous_14)
FNDA:0,(anonymous_15)
FNDA:0,(anonymous_16)
FNDA:0,(anonymous_17)
FNDA:0,(anonymous_18)
FNDA:0,(anonymous_19)
FNDA:0,(anonymous_20)
FNDA:0,(anonymous_21)
FNDA:0,(anonymous_22)
FNDA:0,(anonymous_23)
FNDA:0,(anonymous_24)
FNDA:0,(anonymous_25)
DA:3,0
DA:4,0
DA:5,0
DA:6,0
DA:7,0
DA:14,0
DA:15,0
DA:16,0
DA:17,0
DA:18,0
DA:26,0
DA:27,0
DA:29,0
DA:30,0
DA:31,0
DA:32,0
DA:33,0
DA:34,0
DA:45,0
DA:46,0
DA:47,0
DA:48,0
DA:52,0
DA:53,0
DA:64,0
DA:68,0
DA:69,0
DA:71,0
DA:72,0
DA:73,0
DA:77,0
DA:78,0
DA:80,0
DA:84,0
DA:85,0
DA:86,0
DA:87,0
DA:89,0
DA:94,0
DA:95,0
DA:96,0
DA:98,0
DA:100,0
DA:104,0
DA:117,0
DA:151,0
DA:162,0
DA:174,0
DA:186,0
DA:198,0
DA:210,0
DA:221,0
DA:233,0
DA:257,0
DA:276,0
DA:280,0
DA:287,0
DA:294,0
DA:320,0
DA:331,0
DA:342,0
DA:354,0
DA:366,0
DA:378,0
DA:389,0
DA:401,0
LF:66
LH:0
BRDA:47,0,0,0
BRDA:47,0,1,0
BRDA:69,1,0,0
BRDA:72,2,0,0
BRDA:72,2,1,0
BRDA:85,3,0,0
BRDA:104,4,0,0
BRDA:117,5,0,0
BRDA:256,6,0,0
BRDA:256,6,1,0
BRDA:262,7,0,0
BRDA:262,7,1,0
BRDA:263,8,0,0
BRDA:263,8,1,0
BRDA:267,9,0,0
BRDA:267,9,1,0
BRDA:278,10,0,0
BRDA:278,10,1,0
BRDA:311,11,0,0
BRF:19
BRH:0
end_of_record
TN:
SF:src/components/dashboard/metrics-card.tsx
FN:12,MetricsCard
FN:14,(anonymous_3)
FNF:2
FNH:0
FNDA:0,MetricsCard
FNDA:0,(anonymous_3)
DA:3,0
DA:12,0
DA:14,0
DA:15,0
DA:17,0
DA:23,0
DA:30,0
DA:38,0
LF:8
LH:0
BRDA:12,0,0,0
BRDA:15,1,0,0
BRDA:15,1,1,0
BRDA:15,1,2,0
BRDA:15,1,3,0
BRF:5
BRH:0
end_of_record
TN:
SF:src/components/dashboard/node-list.tsx
FN:24,NodeList
FN:41,(anonymous_3)
FN:81,(anonymous_4)
FN:88,(anonymous_5)
FN:95,(anonymous_6)
FNF:5
FNH:0
FNDA:0,NodeList
FNDA:0,(anonymous_3)
FNDA:0,(anonymous_4)
FNDA:0,(anonymous_5)
FNDA:0,(anonymous_6)
DA:3,0
DA:24,0
DA:42,0
DA:81,0
DA:88,0
DA:95,0
LF:6
LH:0
BRDA:46,0,0,0
BRDA:46,0,1,0
BRDA:53,1,0,0
BRDA:53,1,1,0
BRDA:87,2,0,0
BRDA:105,3,0,0
BRF:6
BRH:0
end_of_record
TN:
SF:src/components/dashboard/os-selector.tsx
FN:30,OSSelector
FN:35,(anonymous_2)
FN:38,(anonymous_3)
FN:42,(anonymous_4)
FN:127,(anonymous_5)
FN:128,(anonymous_6)
FN:140,(anonymous_7)
FN:141,(anonymous_8)
FN:153,(anonymous_9)
FN:154,(anonymous_10)
FNF:10
FNH:0
FNDA:0,OSSelector
FNDA:0,(anonymous_2)
FNDA:0,(anonymous_3)
FNDA:0,(anonymous_4)
FNDA:0,(anonymous_5)
FNDA:0,(anonymous_6)
FNDA:0,(anonymous_7)
FNDA:0,(anonymous_8)
FNDA:0,(anonymous_9)
FNDA:0,(anonymous_10)
DA:1,0
DA:8,0
DA:9,0
DA:30,0
DA:31,0
DA:32,0
DA:33,0
DA:35,0
DA:38,0
DA:39,0
DA:40,0
DA:42,0
DA:45,0
DA:93,0
DA:95,0
DA:96,0
DA:98,0
DA:102,0
DA:127,0
DA:129,0
DA:140,0
DA:142,0
DA:153,0
DA:155,0
LF:24
LH:0
BRDA:116,0,0,0
BRDA:116,0,1,0
BRDA:120,1,0,0
BRDA:122,2,0,0
BRF:4
BRH:0
end_of_record
TN:
SF:src/components/dashboard/scheduling-dashboard.tsx
FN:10,SchedulingDashboard
FNF:1
FNH:0
FNDA:0,SchedulingDashboard
DA:3,0
DA:4,0
DA:5,0
DA:6,0
DA:7,0
DA:8,0
DA:10,0
DA:11,0
DA:12,0
LF:9
LH:0
BRDA:19,0,0,0
BRDA:19,0,1,0
BRDA:21,1,0,0
BRDA:21,1,1,0
BRDA:26,2,0,0
BRF:5
BRH:0
end_of_record
TN:
SF:src/components/dashboard/system-status.tsx
FN:13,SystemStatus
FNF:1
FNH:0
FNDA:0,SystemStatus
DA:3,0
DA:13,0
DA:22,0
DA:23,0
DA:26,0
DA:27,0
DA:28,0
LF:7
LH:0
BRF:0
BRH:0
end_of_record
TN:
SF:src/components/dashboard/vm-list.tsx
FN:215,VMList
FN:243,(anonymous_5)
FN:271,(anonymous_6)
FN:289,(anonymous_7)
FN:296,(anonymous_8)
FN:299,(anonymous_9)
FN:312,(anonymous_10)
FN:313,(anonymous_11)
FN:314,(anonymous_12)
FN:343,(anonymous_13)
FN:366,(anonymous_14)
FN:376,(anonymous_15)
FN:402,(anonymous_16)
FN:403,(anonymous_17)
FN:404,(anonymous_18)
FN:440,(anonymous_19)
FN:453,(anonymous_20)
FN:476,(anonymous_21)
FN:500,(anonymous_22)
FN:503,(anonymous_23)
FN:522,(anonymous_24)
FN:569,(anonymous_25)
FN:580,(anonymous_26)
FN:594,(anonymous_27)
FN:608,(anonymous_28)
FN:620,(anonymous_29)
FN:630,(anonymous_30)
FN:639,(anonymous_31)
FN:654,(anonymous_32)
FN:683,(anonymous_33)
FN:706,(anonymous_34)
FN:716,(anonymous_35)
FN:734,(anonymous_36)
FN:747,(anonymous_37)
FN:768,(anonymous_38)
FN:786,(anonymous_39)
FN:804,(anonymous_40)
FN:812,(anonymous_41)
FN:832,(anonymous_42)
FN:868,(anonymous_43)
FN:874,(anonymous_44)
FNF:41
FNH:0
FNDA:0,VMList
FNDA:0,(anonymous_5)
FNDA:0,(anonymous_6)
FNDA:0,(anonymous_7)
FNDA:0,(anonymous_8)
FNDA:0,(anonymous_9)
FNDA:0,(anonymous_10)
FNDA:0,(anonymous_11)
FNDA:0,(anonymous_12)
FNDA:0,(anonymous_13)
FNDA:0,(anonymous_14)
FNDA:0,(anonymous_15)
FNDA:0,(anonymous_16)
FNDA:0,(anonymous_17)
FNDA:0,(anonymous_18)
FNDA:0,(anonymous_19)
FNDA:0,(anonymous_20)
FNDA:0,(anonymous_21)
FNDA:0,(anonymous_22)
FNDA:0,(anonymous_23)
FNDA:0,(anonymous_24)
FNDA:0,(anonymous_25)
FNDA:0,(anonymous_26)
FNDA:0,(anonymous_27)
FNDA:0,(anonymous_28)
FNDA:0,(anonymous_29)
FNDA:0,(anonymous_30)
FNDA:0,(anonymous_31)
FNDA:0,(anonymous_32)
FNDA:0,(anonymous_33)
FNDA:0,(anonymous_34)
FNDA:0,(anonymous_35)
FNDA:0,(anonymous_36)
FNDA:0,(anonymous_37)
FNDA:0,(anonymous_38)
FNDA:0,(anonymous_39)
FNDA:0,(anonymous_40)
FNDA:0,(anonymous_41)
FNDA:0,(anonymous_42)
FNDA:0,(anonymous_43)
FNDA:0,(anonymous_44)
DA:3,0
DA:4,0
DA:12,0
DA:20,0
DA:28,0
DA:37,0
DA:38,0
DA:39,0
DA:40,0
DA:41,0
DA:48,0
DA:50,0
DA:66,0
DA:67,0
DA:68,0
DA:101,0
DA:114,0
DA:215,0
DA:216,0
DA:217,0
DA:218,0
DA:219,0
DA:220,0
DA:221,0
DA:222,0
DA:233,0
DA:243,0
DA:269,0
DA:270,0
DA:272,0
DA:277,0
DA:279,0
DA:283,0
DA:284,0
DA:289,0
DA:290,0
DA:294,0
DA:296,0
DA:299,0
DA:300,0
DA:302,0
DA:304,0
DA:305,0
DA:307,0
DA:308,0
DA:310,0
DA:312,0
DA:313,0
DA:314,0
DA:315,0
DA:321,0
DA:323,0
DA:324,0
DA:327,0
DA:329,0
DA:332,0
DA:338,0
DA:342,0
DA:343,0
DA:345,0
DA:348,0
DA:353,0
DA:354,0
DA:360,0
DA:361,0
DA:366,0
DA:367,0
DA:369,0
DA:371,0
DA:372,0
DA:376,0
DA:379,0
DA:380,0
DA:399,0
DA:402,0
DA:403,0
DA:404,0
DA:405,0
DA:412,0
DA:418,0
DA:426,0
DA:428,0
DA:429,0
DA:435,0
DA:440,0
DA:441,0
DA:442,0
DA:443,0
DA:444,0
DA:453,0
DA:476,0
DA:501,0
DA:503,0
DA:523,0
DA:569,0
DA:581,0
DA:582,0
DA:595,0
DA:596,0
DA:609,0
DA:610,0
DA:621,0
DA:622,0
DA:631,0
DA:632,0
DA:640,0
DA:642,0
DA:643,0
DA:655,0
DA:656,0
DA:706,0
DA:716,0
DA:734,0
DA:747,0
DA:768,0
DA:786,0
DA:804,0
DA:812,0
DA:833,0
DA:868,0
DA:875,0
DA:876,0
LF:122
LH:0
BRDA:215,0,0,0
BRDA:269,1,0,0
BRDA:269,1,1,0
BRDA:272,2,0,0
BRDA:272,2,1,0
BRDA:272,2,2,0
BRDA:272,2,3,0
BRDA:283,3,0,0
BRDA:283,4,0,0
BRDA:283,4,1,0
BRDA:300,5,0,0
BRDA:302,6,0,0
BRDA:302,6,1,0
BRDA:302,6,2,0
BRDA:302,6,3,0
BRDA:302,6,4,0
BRDA:302,6,5,0
BRDA:315,7,0,0
BRDA:315,7,1,0
BRDA:342,8,0,0
BRDA:342,8,1,0
BRDA:371,9,0,0
BRDA:371,10,0,0
BRDA:371,10,1,0
BRDA:405,11,0,0
BRDA:405,11,1,0
BRDA:431,12,0,0
BRDA:431,12,1,0
BRDA:443,13,0,0
BRDA:464,14,0,0
BRDA:468,15,0,0
BRDA:472,16,0,0
BRDA:472,16,1,0
BRDA:474,17,0,0
BRDA:511,18,0,0
BRDA:511,18,1,0
BRDA:520,19,0,0
BRDA:536,20,0,0
BRDA:545,21,0,0
BRDA:562,22,0,0
BRDA:577,23,0,0
BRDA:618,24,0,0
BRDA:618,24,1,0
BRDA:678,25,0,0
BRDA:678,25,1,0
BRDA:730,26,0,0
BRDA:750,27,0,0
BRDA:750,27,1,0
BRDA:751,28,0,0
BRDA:751,28,1,0
BRDA:768,29,0,0
BRDA:768,29,1,0
BRDA:786,30,0,0
BRDA:786,30,1,0
BRDA:804,31,0,0
BRDA:804,31,1,0
BRDA:816,32,0,0
BRDA:816,32,1,0
BRDA:839,33,0,0
BRDA:839,33,1,0
BRDA:841,34,0,0
BRDA:841,34,1,0
BRDA:843,35,0,0
BRDA:843,35,1,0
BRDA:848,36,0,0
BRDA:848,36,1,0
BRDA:850,37,0,0
BRDA:850,37,1,0
BRDA:852,38,0,0
BRDA:852,38,1,0
BRDA:873,39,0,0
BRDA:873,39,1,0
BRDA:875,40,0,0
BRDA:875,41,0,0
BRDA:875,41,1,0
BRDA:881,42,0,0
BRDA:881,42,1,0
BRDA:887,43,0,0
BRDA:887,43,1,0
BRDA:889,44,0,0
BRDA:889,44,1,0
BRDA:891,45,0,0
BRDA:891,45,1,0
BRF:83
BRH:0
end_of_record
TN:
SF:src/components/dashboard/workflow-execution-chart.tsx
FN:6,WorkflowExecutionChart
FN:10,(anonymous_2)
FN:26,(anonymous_3)
FNF:3
FNH:0
FNDA:0,WorkflowExecutionChart
FNDA:0,(anonymous_2)
FNDA:0,(anonymous_3)
DA:3,0
DA:4,0
DA:6,0
DA:7,0
DA:10,0
DA:11,0
DA:12,0
DA:13,0
DA:27,0
LF:9
LH:0
BRF:0
BRH:0
end_of_record
TN:
SF:src/components/dashboard/workflow-execution-monitor.tsx
FN:20,WorkflowExecutionMonitor
FN:24,(anonymous_2)
FN:27,(anonymous_3)
FN:82,(anonymous_4)
FN:137,(anonymous_5)
FNF:5
FNH:0
FNDA:0,WorkflowExecutionMonitor
FNDA:0,(anonymous_2)
FNDA:0,(anonymous_3)
FNDA:0,(anonymous_4)
FNDA:0,(anonymous_5)
DA:3,0
DA:4,0
DA:5,0
DA:6,0
DA:7,0
DA:8,0
DA:20,0
DA:21,0
DA:22,0
DA:24,0
DA:25,0
DA:27,0
DA:37,0
DA:41,0
DA:54,0
DA:67,0
DA:81,0
DA:82,0
DA:83,0
DA:138,0
LF:20
LH:0
BRDA:25,0,0,0
BRDA:41,1,0,0
BRDA:54,2,0,0
BRDA:67,3,0,0
BRDA:83,4,0,0
BRDA:83,4,1,0
BRDA:97,5,0,0
BRDA:97,5,1,0
BRDA:97,6,0,0
BRDA:97,6,1,0
BRDA:112,7,0,0
BRDA:118,8,0,0
BRDA:124,9,0,0
BRDA:142,10,0,0
BRDA:142,10,1,0
BRDA:142,11,0,0
BRDA:142,11,1,0
BRDA:149,12,0,0
BRDA:155,13,0,0
BRDA:161,14,0,0
BRDA:169,15,0,0
BRF:21
BRH:0
end_of_record
TN:
SF:src/components/dashboard/workflow-list.tsx
FN:29,WorkflowList
FN:43,(anonymous_2)
FN:72,(anonymous_3)
FN:96,(anonymous_4)
FN:106,(anonymous_5)
FN:163,(anonymous_6)
FN:174,(anonymous_7)
FN:185,(anonymous_8)
FN:198,(anonymous_9)
FN:211,(anonymous_10)
FN:223,(anonymous_11)
FN:245,(anonymous_12)
FN:265,(anonymous_13)
FN:279,(anonymous_14)
FN:286,(anonymous_15)
FN:312,(anonymous_16)
FN:323,(anonymous_17)
FN:334,(anonymous_18)
FN:347,(anonymous_19)
FN:360,(anonymous_20)
FN:372,(anonymous_21)
FNF:21
FNH:0
FNDA:0,WorkflowList
FNDA:0,(anonymous_2)
FNDA:0,(anonymous_3)
FNDA:0,(anonymous_4)
FNDA:0,(anonymous_5)
FNDA:0,(anonymous_6)
FNDA:0,(anonymous_7)
FNDA:0,(anonymous_8)
FNDA:0,(anonymous_9)
FNDA:0,(anonymous_10)
FNDA:0,(anonymous_11)
FNDA:0,(anonymous_12)
FNDA:0,(anonymous_13)
FNDA:0,(anonymous_14)
FNDA:0,(anonymous_15)
FNDA:0,(anonymous_16)
FNDA:0,(anonymous_17)
FNDA:0,(anonymous_18)
FNDA:0,(anonymous_19)
FNDA:0,(anonymous_20)
FNDA:0,(anonymous_21)
DA:3,0
DA:4,0
DA:5,0
DA:6,0
DA:7,0
DA:14,0
DA:15,0
DA:16,0
DA:17,0
DA:18,0
DA:26,0
DA:27,0
DA:29,0
DA:30,0
DA:31,0
DA:32,0
DA:33,0
DA:34,0
DA:43,0
DA:44,0
DA:45,0
DA:46,0
DA:47,0
DA:49,0
DA:58,0
DA:59,0
DA:68,0
DA:72,0
DA:73,0
DA:75,0
DA:76,0
DA:77,0
DA:78,0
DA:80,0
DA:89,0
DA:90,0
DA:92,0
DA:96,0
DA:97,0
DA:98,0
DA:99,0
DA:101,0
DA:106,0
DA:107,0
DA:108,0
DA:110,0
DA:112,0
DA:116,0
DA:129,0
DA:163,0
DA:174,0
DA:185,0
DA:198,0
DA:211,0
DA:223,0
DA:246,0
DA:266,0
DA:272,0
DA:279,0
DA:286,0
DA:312,0
DA:323,0
DA:334,0
DA:347,0
DA:360,0
DA:372,0
LF:66
LH:0
BRDA:45,0,0,0
BRDA:45,0,1,0
BRDA:46,1,0,0
BRDA:46,1,1,0
BRDA:47,2,0,0
BRDA:47,2,1,0
BRDA:73,3,0,0
BRDA:76,4,0,0
BRDA:76,4,1,0
BRDA:77,5,0,0
BRDA:77,5,1,0
BRDA:78,6,0,0
BRDA:78,6,1,0
BRDA:97,7,0,0
BRDA:116,8,0,0
BRDA:129,9,0,0
BRDA:245,10,0,0
BRDA:245,10,1,0
BRDA:248,11,0,0
BRDA:248,11,1,0
BRDA:250,12,0,0
BRDA:250,12,1,0
BRDA:251,13,0,0
BRDA:251,13,1,0
BRDA:270,14,0,0
BRDA:270,14,1,0
BRDA:303,15,0,0
BRF:27
BRH:0
end_of_record
TN:
SF:src/components/dashboard/workflow-visualization.tsx
FN:31,WorkflowVisualization
FN:39,(anonymous_2)
FN:53,(anonymous_3)
FN:62,(anonymous_4)
FN:108,(anonymous_5)
FN:108,(anonymous_6)
FN:111,(anonymous_7)
FN:145,(anonymous_8)
FN:183,(anonymous_9)
FN:187,(anonymous_10)
FN:188,(anonymous_11)
FNF:11
FNH:0
FNDA:0,WorkflowVisualization
FNDA:0,(anonymous_2)
FNDA:0,(anonymous_3)
FNDA:0,(anonymous_4)
FNDA:0,(anonymous_5)
FNDA:0,(anonymous_6)
FNDA:0,(anonymous_7)
FNDA:0,(anonymous_8)
FNDA:0,(anonymous_9)
FNDA:0,(anonymous_10)
FNDA:0,(anonymous_11)
DA:3,0
DA:4,0
DA:5,0
DA:6,0
DA:7,0
DA:13,0
DA:14,0
DA:31,0
DA:32,0
DA:33,0
DA:34,0
DA:35,0
DA:36,0
DA:37,0
DA:39,0
DA:40,0
DA:42,0
DA:43,0
DA:44,0
DA:46,0
DA:48,0
DA:53,0
DA:62,0
DA:68,0
DA:81,0
DA:94,0
DA:108,0
DA:111,0
DA:112,0
DA:113,0
DA:114,0
DA:115,0
DA:116,0
DA:146,0
DA:147,0
DA:149,0
DA:151,0
DA:184,0
DA:188,0
DA:189,0
DA:190,0
DA:194,0
LF:42
LH:0
BRDA:40,0,0,0
BRDA:53,1,0,0
BRDA:53,1,1,0
BRDA:59,2,0,0
BRDA:59,2,1,0
BRDA:62,3,0,0
BRDA:62,3,1,0
BRDA:68,4,0,0
BRDA:81,5,0,0
BRDA:94,6,0,0
BRDA:112,7,0,0
BRDA:112,7,1,0
BRDA:112,7,2,0
BRDA:112,7,3,0
BRDA:131,8,0,0
BRDA:131,8,1,0
BRDA:149,9,0,0
BRDA:149,10,0,0
BRDA:149,10,1,0
BRDA:189,11,0,0
BRDA:205,12,0,0
BRDA:205,12,1,0
BRDA:232,13,0,0
BRDA:238,14,0,0
BRDA:238,14,1,0
BRDA:240,15,0,0
BRDA:247,16,0,0
BRDA:247,16,1,0
BRDA:247,17,0,0
BRDA:247,17,1,0
BRDA:253,18,0,0
BRDA:269,19,0,0
BRDA:278,20,0,0
BRDA:284,21,0,0
BRDA:284,21,1,0
BRDA:284,22,0,0
BRDA:284,22,1,0
BRDA:288,23,0,0
BRDA:291,24,0,0
BRDA:294,25,0,0
BRDA:297,26,0,0
BRF:41
BRH:0
end_of_record
TN:
SF:src/components/flows/BackupRecoveryFlow.tsx
FN:221,BackupRecoveryFlow
FN:274,(anonymous_5)
FN:276,(anonymous_6)
FN:277,(anonymous_7)
FN:290,(anonymous_8)
FN:295,(anonymous_9)
FN:297,(anonymous_10)
FN:298,(anonymous_11)
FN:311,(anonymous_12)
FN:315,(anonymous_13)
FN:324,(anonymous_14)
FN:342,(anonymous_15)
FN:351,(anonymous_16)
FN:361,(anonymous_17)
FN:367,(anonymous_18)
FN:382,(anonymous_19)
FN:461,(anonymous_20)
FN:500,(anonymous_21)
FN:573,(anonymous_22)
FN:614,(anonymous_23)
FN:618,(anonymous_24)
FN:689,(anonymous_25)
FN:737,(anonymous_26)
FN:749,(anonymous_27)
FN:793,(anonymous_28)
FN:794,(anonymous_29)
FN:835,(anonymous_30)
FN:835,(anonymous_31)
FN:841,(anonymous_32)
FN:841,(anonymous_33)
FN:859,(anonymous_34)
FN:859,(anonymous_35)
FN:876,(anonymous_36)
FN:876,(anonymous_37)
FN:882,(anonymous_38)
FN:903,(anonymous_39)
FN:903,(anonymous_40)
FN:912,(anonymous_41)
FN:912,(anonymous_42)
FN:948,(anonymous_43)
FN:968,(anonymous_44)
FN:1004,(anonymous_45)
FN:1005,(anonymous_46)
FN:1049,(anonymous_47)
FN:1054,(anonymous_48)
FN:1056,(anonymous_49)
FN:1061,(anonymous_50)
FN:1063,(anonymous_51)
FNF:48
FNH:0
FNDA:0,BackupRecoveryFlow
FNDA:0,(anonymous_5)
FNDA:0,(anonymous_6)
FNDA:0,(anonymous_7)
FNDA:0,(anonymous_8)
FNDA:0,(anonymous_9)
FNDA:0,(anonymous_10)
FNDA:0,(anonymous_11)
FNDA:0,(anonymous_12)
FNDA:0,(anonymous_13)
FNDA:0,(anonymous_14)
FNDA:0,(anonymous_15)
FNDA:0,(anonymous_16)
FNDA:0,(anonymous_17)
FNDA:0,(anonymous_18)
FNDA:0,(anonymous_19)
FNDA:0,(anonymous_20)
FNDA:0,(anonymous_21)
FNDA:0,(anonymous_22)
FNDA:0,(anonymous_23)
FNDA:0,(anonymous_24)
FNDA:0,(anonymous_25)
FNDA:0,(anonymous_26)
FNDA:0,(anonymous_27)
FNDA:0,(anonymous_28)
FNDA:0,(anonymous_29)
FNDA:0,(anonymous_30)
FNDA:0,(anonymous_31)
FNDA:0,(anonymous_32)
FNDA:0,(anonymous_33)
FNDA:0,(anonymous_34)
FNDA:0,(anonymous_35)
FNDA:0,(anonymous_36)
FNDA:0,(anonymous_37)
FNDA:0,(anonymous_38)
[...]
BRDA:238,32,1,0
BRDA:273,33,0,0
BRDA:273,33,1,0
BRDA:277,34,0,0
BRDA:277,34,1,0
BRDA:277,35,0,0
BRDA:277,35,1,0
BRDA:374,36,0,0
BRDA:374,36,1,0
BRF:59
BRH:0
end_of_record
TN:
SF:src/lib/api/networks.ts
FN:26,authHeaders
FN:35,request
FN:57,(anonymous_3)
FN:58,(anonymous_4)
FN:63,(anonymous_5)
FN:65,(anonymous_6)
FN:66,(anonymous_7)
FN:74,(anonymous_8)
FN:83,(anonymous_9)
FNF:9
FNH:0
FNDA:0,authHeaders
FNDA:0,request
FNDA:0,(anonymous_3)
FNDA:0,(anonymous_4)
FNDA:0,(anonymous_5)
FNDA:0,(anonymous_6)
FNDA:0,(anonymous_7)
FNDA:0,(anonymous_8)
FNDA:0,(anonymous_9)
DA:1,0
DA:27,0
DA:28,0
DA:36,0
DA:44,0
DA:45,0
DA:46,0
DA:49,0
DA:50,0
DA:53,0
DA:56,0
DA:57,0
DA:59,0
DA:64,0
DA:65,0
DA:70,0
DA:79,0
DA:84,0
LF:18
LH:0
BRDA:27,0,0,0
BRDA:27,0,1,0
BRDA:31,1,0,0
BRDA:31,1,1,0
BRDA:35,2,0,0
BRDA:40,3,0,0
BRDA:40,3,1,0
BRDA:44,4,0,0
BRDA:46,5,0,0
BRDA:46,5,1,0
BRDA:49,6,0,0
BRF:11
BRH:0
end_of_record
TN:
SF:src/lib/api/origin.ts
FN:3,trimTrailingSlash
FN:7,originFromUrl
FN:16,toWebSocketOrigin
FN:29,normalizePath
FN:37,replacePrefix
FN:45,buildApiUrl
FN:53,buildApiV1Url
FN:61,buildWebSocketUrls
FN:110,(anonymous_15)
FNF:9
FNH:0
FNDA:0,trimTrailingSlash
FNDA:0,originFromUrl
FNDA:0,toWebSocketOrigin
FNDA:0,normalizePath
FNDA:0,replacePrefix
FNDA:0,buildApiUrl
FNDA:0,buildApiV1Url
FNDA:0,buildWebSocketUrls
FNDA:0,(anonymous_15)
DA:1,0
DA:4,0
DA:8,0
DA:9,0
DA:10,0
DA:12,0
DA:17,0
DA:20,0
DA:21,0
DA:23,0
DA:24,0
DA:25,0
DA:30,0
DA:31,0
DA:34,0
DA:38,0
DA:39,0
DA:42,0
DA:45,0
DA:46,0
DA:47,0
DA:50,0
DA:53,0
DA:54,0
DA:55,0
DA:58,0
DA:61,0
DA:62,0
DA:63,0
DA:66,0
DA:67,0
DA:69,0
DA:71,0
DA:72,0
DA:73,0
DA:75,0
DA:76,0
DA:77,0
DA:79,0
DA:80,0
DA:82,0
DA:83,0
DA:86,0
DA:87,0
DA:88,0
DA:90,0
DA:91,0
DA:93,0
DA:94,0
DA:96,0
DA:97,0
DA:100,0
DA:101,0
DA:102,0
DA:105,0
DA:106,0
DA:107,0
DA:110,0
DA:111,0
LF:59
LH:0
BRDA:20,0,0,0
BRDA:20,0,1,0
BRDA:25,1,0,0
BRDA:25,1,1,0
BRDA:30,2,0,0
BRDA:38,3,0,0
BRDA:46,4,0,0
BRDA:54,5,0,0
BRDA:62,6,0,0
BRDA:69,7,0,0
BRDA:69,7,1,0
BRDA:69,7,2,0
BRDA:69,7,3,0
BRDA:69,7,4,0
BRDA:69,7,5,0
BRDA:69,7,6,0
BRDA:69,7,7,0
BRDA:69,7,8,0
BRDA:101,8,0,0
BRDA:106,9,0,0
BRF:20
BRH:0
end_of_record
TN:
SF:src/lib/api/security.ts
FN:11,(anonymous_7)
FN:17,isUnsupportedSecurityFeatureError
FN:23,unsupportedSecurityFeature
FN:162,normalizeSeverity
FN:175,normalizeComplianceStatus
FN:189,normalizeComplianceSeverity
FN:202,normalizeComplianceRequirements
FN:207,(anonymous_14)
FN:228,aggregateComplianceByCategory
FN:242,(anonymous_16)
FN:250,normalizeVulnerabilityFinding
FN:274,summarizeThreatLevel
FN:284,deriveSecurityScore
FN:296,(anonymous_20)
FN:332,(anonymous_21)
FN:337,(anonymous_22)
FN:358,(anonymous_23)
FN:366,(anonymous_24)
FN:371,(anonymous_25)
FN:380,(anonymous_26)
FN:389,(anonymous_27)
FN:395,(anonymous_28)
FN:428,(anonymous_29)
FN:440,(anonymous_30)
FN:446,(anonymous_31)
FN:452,(anonymous_32)
FN:456,(anonymous_33)
FN:465,(anonymous_34)
FN:477,(anonymous_35)
FN:504,(anonymous_36)
FN:514,(anonymous_37)
FN:518,(anonymous_38)
FN:523,(anonymous_39)
FN:530,(anonymous_40)
FN:535,(anonymous_41)
FN:543,(anonymous_42)
FN:549,(anonymous_43)
FN:573,(anonymous_44)
FN:586,(anonymous_45)
FN:606,(anonymous_46)
FN:617,(anonymous_47)
FNF:41
FNH:0
FNDA:0,(anonymous_7)
FNDA:0,isUnsupportedSecurityFeatureError
FNDA:0,unsupportedSecurityFeature
FNDA:0,normalizeSeverity
FNDA:0,normalizeComplianceStatus
FNDA:0,normalizeComplianceSeverity
FNDA:0,normalizeComplianceRequirements
FNDA:0,(anonymous_14)
FNDA:0,aggregateComplianceByCategory
FNDA:0,(anonymous_16)
FNDA:0,normalizeVulnerabilityFinding
FNDA:0,summarizeThreatLevel
FNDA:0,deriveSecurityScore
FNDA:0,(anonymous_20)
FNDA:0,(anonymous_21)
FNDA:0,(anonymous_22)
FNDA:0,(anonymous_23)
FNDA:0,(anonymous_24)
FNDA:0,(anonymous_25)
FNDA:0,(anonymous_26)
FNDA:0,(anonymous_27)
FNDA:0,(anonymous_28)
FNDA:0,(anonymous_29)
FNDA:0,(anonymous_30)
FNDA:0,(anonymous_31)
FNDA:0,(anonymous_32)
FNDA:0,(anonymous_33)
FNDA:0,(anonymous_34)
FNDA:0,(anonymous_35)
FNDA:0,(anonymous_36)
FNDA:0,(anonymous_37)
FNDA:0,(anonymous_38)
FNDA:0,(anonymous_39)
FNDA:0,(anonymous_40)
FNDA:0,(anonymous_41)
FNDA:0,(anonymous_42)
FNDA:0,(anonymous_43)
FNDA:0,(anonymous_44)
FNDA:0,(anonymous_45)
FNDA:0,(anonymous_46)
FNDA:0,(anonymous_47)
DA:3,0
DA:4,0
DA:8,0
DA:12,0
DA:13,0
DA:17,0
DA:20,0
DA:24,0
DA:27,0
DA:163,0
DA:169,0
DA:171,0
DA:176,0
DA:178,0
DA:181,0
DA:183,0
DA:185,0
DA:190,0
DA:192,0
DA:194,0
DA:196,0
DA:198,0
DA:203,0
DA:205,0
DA:207,0
DA:208,0
DA:209,0
DA:211,0
DA:215,0
DA:231,0
DA:233,0
DA:234,0
DA:235,0
DA:236,0
DA:237,0
DA:239,0
DA:242,0
DA:251,0
DA:252,0
DA:253,0
DA:257,0
DA:278,0
DA:279,0
DA:280,0
DA:281,0
DA:290,0
DA:292,0
DA:297,0
DA:298,0
DA:299,0
DA:304,0
DA:305,0
DA:308,0
DA:313,0
DA:314,0
DA:316,0
DA:317,0
DA:318,0
DA:321,0
DA:324,0
DA:325,0
DA:327,0
DA:328,0
DA:333,0
DA:344,0
DA:349,0
DA:350,0
DA:351,0
DA:353,0
DA:359,0
DA:367,0
DA:368,0
DA:375,0
DA:376,0
DA:377,0
DA:381,0
DA:390,0
DA:391,0
DA:396,0
DA:397,0
DA:400,0
DA:401,0
DA:402,0
DA:404,0
DA:405,0
DA:408,0
DA:432,0
DA:437,0
DA:441,0
DA:442,0
DA:443,0
DA:447,0
DA:448,0
DA:453,0
DA:460,0
DA:461,0
DA:462,0
DA:470,0
DA:471,0
DA:472,0
DA:473,0
DA:478,0
DA:484,0
DA:491,0
DA:492,0
DA:494,0
DA:508,0
DA:509,0
DA:510,0
DA:515,0
DA:519,0
DA:520,0
DA:524,0
DA:527,0
DA:531,0
DA:532,0
DA:536,0
DA:540,0
DA:544,0
DA:545,0
DA:557,0
DA:562,0
DA:563,0
DA:564,0
DA:565,0
DA:567,0
DA:582,0
DA:593,0
DA:603,0
DA:614,0
DA:619,0
DA:623,0
DA:624,0
DA:625,0
DA:629,0
DA:630,0
DA:633,0
DA:634,0
DA:635,0
DA:636,0
DA:637,0
DA:638,0
DA:639,0
DA:643,0
DA:644,0
LF:145
LH:0
BRDA:163,0,0,0
BRDA:163,0,1,0
BRDA:163,0,2,0
BRDA:163,0,3,0
BRDA:163,0,4,0
BRDA:163,0,5,0
BRDA:163,1,0,0
BRDA:163,1,1,0
BRDA:176,2,0,0
BRDA:176,2,1,0
BRDA:176,2,2,0
BRDA:176,2,3,0
BRDA:176,2,4,0
BRDA:176,3,0,0
BRDA:176,3,1,0
BRDA:190,4,0,0
BRDA:190,4,1,0
BRDA:190,4,2,0
BRDA:190,4,3,0
BRDA:203,5,0,0
BRDA:203,5,1,0
BRDA:205,6,0,0
BRDA:205,6,1,0
BRDA:209,7,0,0
BRDA:209,7,1,0
BRDA:211,8,0,0
BRDA:211,8,1,0
BRDA:216,9,0,0
BRDA:216,9,1,0
BRDA:216,9,2,0
BRDA:223,10,0,0
BRDA:223,10,1,0
BRDA:234,11,0,0
BRDA:234,11,1,0
BRDA:236,12,0,0
BRDA:246,13,0,0
BRDA:246,13,1,0
BRDA:251,14,0,0
BRDA:251,14,1,0
BRDA:252,15,0,0
BRDA:252,15,1,0
BRDA:253,16,0,0
BRDA:253,16,1,0
BRDA:258,17,0,0
BRDA:258,17,1,0
BRDA:258,17,2,0
BRDA:259,18,0,0
BRDA:259,18,1,0
BRDA:259,18,2,0
BRDA:259,18,3,0
BRDA:261,19,0,0
BRDA:261,19,1,0
BRDA:261,19,2,0
BRDA:262,20,0,0
BRDA:262,20,1,0
BRDA:264,21,0,0
BRDA:264,21,1,0
BRDA:268,22,0,0
BRDA:268,22,1,0
BRDA:269,23,0,0
BRDA:269,23,1,0
BRDA:270,24,0,0
BRDA:270,24,1,0
BRDA:278,25,0,0
BRDA:278,26,0,0
BRDA:278,26,1,0
BRDA:279,27,0,0
BRDA:280,28,0,0
BRDA:296,29,0,0
BRDA:301,30,0,0
BRDA:301,30,1,0
BRDA:304,31,0,0
BRDA:316,32,0,0
BRDA:317,33,0,0
BRDA:333,34,0,0
BRDA:333,34,1,0
BRDA:338,35,0,0
BRDA:339,36,0,0
BRDA:349,37,0,0
BRDA:349,38,0,0
BRDA:349,38,1,0
BRDA:350,39,0,0
BRDA:350,40,0,0
BRDA:350,40,1,0
BRDA:351,41,0,0
BRDA:384,42,0,0
BRDA:384,42,1,0
BRDA:397,43,0,0
BRDA:397,43,1,0
BRDA:400,44,0,0
BRDA:400,44,1,0
BRDA:401,45,0,0
BRDA:401,45,1,0
BRDA:402,46,0,0
BRDA:402,46,1,0
BRDA:404,47,0,0
BRDA:404,48,0,0
BRDA:404,48,1,0
BRDA:410,49,0,0
BRDA:410,49,1,0
BRDA:415,50,0,0
BRDA:415,50,1,0
BRDA:417,51,0,0
BRDA:417,51,1,0
BRDA:418,52,0,0
BRDA:418,52,1,0
BRDA:419,53,0,0
BRDA:419,53,1,0
BRDA:420,54,0,0
BRDA:420,54,1,0
BRDA:421,55,0,0
BRDA:421,55,1,0
BRDA:443,56,0,0
BRDA:443,56,1,0
BRDA:485,57,0,0
BRDA:485,57,1,0
BRDA:486,58,0,0
BRDA:486,58,1,0
BRDA:487,59,0,0
BRDA:487,59,1,0
BRDA:488,60,0,0
BRDA:488,60,1,0
BRDA:489,61,0,0
BRDA:489,61,1,0
BRDA:491,62,0,0
BRDA:491,62,1,0
BRDA:492,63,0,0
BRDA:492,63,1,0
BRDA:505,64,0,0
BRDA:506,65,0,0
BRDA:520,66,0,0
BRDA:520,66,1,0
BRDA:527,67,0,0
BRDA:527,67,1,0
BRDA:532,68,0,0
BRDA:532,68,1,0
BRDA:540,69,0,0
BRDA:540,69,1,0
BRDA:550,70,0,0
BRDA:551,71,0,0
BRDA:562,72,0,0
BRDA:563,73,0,0
BRDA:564,74,0,0
BRDA:565,75,0,0
BRDA:600,76,0,0
BRDA:600,76,1,0
BRDA:617,77,0,0
BRDA:619,78,0,0
BRDA:619,78,1,0
BRDA:626,79,0,0
BRDA:626,79,1,0
BRDA:629,80,0,0
BRF:152
BRH:0
end_of_record
TN:
SF:src/lib/api/users.ts
FN:53,(anonymous_3)
FN:75,(anonymous_4)
FN:82,(anonymous_5)
FN:89,(anonymous_6)
FN:96,(anonymous_7)
FN:103,(anonymous_8)
FN:110,(anonymous_9)
FN:117,(anonymous_10)
FN:124,(anonymous_11)
FN:131,(anonymous_12)
FNF:10
FNH:0
FNDA:0,(anonymous_3)
FNDA:0,(anonymous_4)
FNDA:0,(anonymous_5)
FNDA:0,(anonymous_6)
FNDA:0,(anonymous_7)
FNDA:0,(anonymous_8)
FNDA:0,(anonymous_9)
FNDA:0,(anonymous_10)
FNDA:0,(anonymous_11)
FNDA:0,(anonymous_12)
DA:5,0
DA:49,0
DA:60,0
DA:62,0
DA:63,0
DA:64,0
DA:65,0
DA:66,0
DA:68,0
DA:69,0
DA:76,0
DA:83,0
DA:90,0
DA:97,0
DA:104,0
DA:111,0
DA:118,0
DA:125,0
DA:132,0
DA:136,0
LF:20
LH:0
BRDA:62,0,0,0
BRDA:63,1,0,0
BRDA:64,2,0,0
BRDA:65,3,0,0
BRDA:66,4,0,0
BRDA:68,5,0,0
BRDA:68,5,1,0
BRF:7
BRH:0
end_of_record
TN:
SF:src/lib/api/vms.ts
FN:14,(anonymous_4)
FN:15,(anonymous_5)
FN:16,(anonymous_6)
FNF:3
FNH:0
FNDA:0,(anonymous_4)
FNDA:0,(anonymous_5)
FNDA:0,(anonymous_6)
DA:1,0
DA:14,0
DA:15,0
DA:16,0
DA:17,0
LF:5
LH:0
BRF:0
BRH:0
end_of_record
TN:
SF:src/lib/api/hooks/useAdmin.ts
FN:31,(anonymous_23)
FN:42,(anonymous_24)
FN:51,(anonymous_25)
FN:73,(anonymous_26)
FN:77,(anonymous_27)
FN:80,(anonymous_28)
FN:86,(anonymous_29)
FN:90,(anonymous_30)
FN:93,(anonymous_31)
FN:99,(anonymous_32)
FN:103,(anonymous_33)
FN:106,(anonymous_34)
FN:112,(anonymous_35)
FN:115,(anonymous_36)
FN:126,(anonymous_37)
FN:130,(anonymous_38)
FN:133,(anonymous_39)
FN:140,(anonymous_40)
FN:151,(anonymous_41)
FN:174,(anonymous_42)
FN:177,(anonymous_43)
FN:187,(anonymous_44)
FN:196,(anonymous_45)
FN:217,(anonymous_46)
FN:221,(anonymous_47)
FN:224,(anonymous_48)
FN:231,(anonymous_49)
FN:234,(anonymous_50)
FN:242,(anonymous_51)
FN:246,(anonymous_52)
FN:252,(anonymous_53)
FN:259,(anonymous_54)
FN:266,(anonymous_55)
FN:278,(anonymous_56)
FN:282,(anonymous_57)
FN:285,(anonymous_58)
FN:292,(anonymous_59)
FN:295,(anonymous_60)
FN:302,(anonymous_61)
FN:306,(anonymous_62)
FN:309,(anonymous_63)
FN:315,(anonymous_64)
FN:319,(anonymous_65)
FN:322,(anonymous_66)
FN:329,(anonymous_67)
FN:332,(anonymous_68)
FN:341,(anonymous_69)
FN:346,(anonymous_70)
FN:350,(anonymous_71)
FN:365,(anonymous_72)
FN:373,(anonymous_73)
FN:376,(anonymous_74)
FNF:52
FNH:0
FNDA:0,(anonymous_23)
FNDA:0,(anonymous_24)
FNDA:0,(anonymous_25)
FNDA:0,(anonymous_26)
FNDA:0,(anonymous_27)
FNDA:0,(anonymous_28)
FNDA:0,(anonymous_29)
FNDA:0,(anonymous_30)
FNDA:0,(anonymous_31)
FNDA:0,(anonymous_32)
FNDA:0,(anonymous_33)
FNDA:0,(anonymous_34)
FNDA:0,(anonymous_35)
FNDA:0,(anonymous_36)
FNDA:0,(anonymous_37)
FNDA:0,(anonymous_38)
FNDA:0,(anonymous_39)
FNDA:0,(anonymous_40)
FNDA:0,(anonymous_41)
FNDA:0,(anonymous_42)
FNDA:0,(anonymous_43)
FNDA:0,(anonymous_44)
FNDA:0,(anonymous_45)
FNDA:0,(anonymous_46)
FNDA:0,(anonymous_47)
FNDA:0,(anonymous_48)
FNDA:0,(anonymous_49)
FNDA:0,(anonymous_50)
FNDA:0,(anonymous_51)
FNDA:0,(anonymous_52)
FNDA:0,(anonymous_53)
FNDA:0,(anonymous_54)
FNDA:0,(anonymous_55)
FNDA:0,(anonymous_56)
FNDA:0,(anonymous_57)
FNDA:0,(anonymous_58)
FNDA:0,(anonymous_59)
FNDA:0,(anonymous_60)
FNDA:0,(anonymous_61)
FNDA:0,(anonymous_62)
FNDA:0,(anonymous_63)
FNDA:0,(anonymous_64)
FNDA:0,(anonymous_65)
FNDA:0,(anonymous_66)
FNDA:0,(anonymous_67)
FNDA:0,(anonymous_68)
FNDA:0,(anonymous_69)
FNDA:0,(anonymous_70)
FNDA:0,(anonymous_71)
FNDA:0,(anonymous_72)
FNDA:0,(anonymous_73)
FNDA:0,(anonymous_74)
DA:1,0
DA:2,0
DA:16,0
DA:29,0
DA:31,0
DA:42,0
DA:49,0
DA:52,0
DA:53,0
DA:54,0
DA:55,0
DA:56,0
DA:57,0
DA:59,0
DA:66,0
DA:73,0
DA:74,0
DA:76,0
DA:78,0
DA:81,0
DA:86,0
DA:87,0
DA:89,0
DA:91,0
DA:94,0
DA:99,0
DA:100,0
DA:102,0
DA:104,0
DA:107,0
DA:112,0
DA:113,0
DA:116,0
DA:119,0
DA:126,0
DA:127,0
DA:129,0
DA:131,0
DA:134,0
DA:140,0
DA:149,0
DA:152,0
DA:153,0
DA:154,0
DA:155,0
DA:156,0
DA:157,0
DA:158,0
DA:159,0
DA:161,0
DA:174,0
DA:175,0
DA:178,0
DA:179,0
DA:187,0
DA:194,0
DA:197,0
DA:198,0
DA:199,0
DA:200,0
DA:201,0
DA:202,0
DA:204,0
DA:217,0
DA:218,0
DA:220,0
DA:222,0
DA:225,0
DA:231,0
DA:232,0
DA:235,0
DA:236,0
DA:242,0
DA:243,0
DA:245,0
DA:247,0
DA:253,0
DA:259,0
DA:264,0
DA:267,0
DA:268,0
DA:269,0
DA:270,0
DA:272,0
DA:278,0
DA:279,0
DA:281,0
DA:283,0
DA:286,0
DA:292,0
DA:293,0
DA:296,0
DA:302,0
DA:303,0
DA:305,0
DA:307,0
DA:310,0
DA:315,0
DA:316,0
DA:318,0
DA:320,0
DA:323,0
DA:329,0
DA:330,0
DA:333,0
DA:334,0
DA:341,0
DA:342,0
DA:346,0
DA:347,0
DA:349,0
DA:359,0
DA:366,0
DA:367,0
DA:373,0
DA:374,0
DA:377,0
LF:117
LH:0
BRDA:53,0,0,0
BRDA:54,1,0,0
BRDA:55,2,0,0
BRDA:56,3,0,0
BRDA:57,4,0,0
BRDA:116,5,0,0
BRDA:116,5,1,0
BRDA:121,6,0,0
BRDA:121,6,1,0
BRDA:153,7,0,0
BRDA:154,8,0,0
BRDA:155,9,0,0
BRDA:156,10,0,0
BRDA:157,11,0,0
BRDA:158,12,0,0
BRDA:159,13,0,0
BRDA:178,14,0,0
BRDA:178,14,1,0
BRDA:198,15,0,0
BRDA:199,16,0,0
BRDA:200,17,0,0
BRDA:201,18,0,0
BRDA:202,19,0,0
BRDA:235,20,0,0
BRDA:235,20,1,0
BRDA:268,21,0,0
BRDA:269,22,0,0
BRDA:270,23,0,0
BRDA:333,24,0,0
BRDA:333,24,1,0
BRF:30
BRH:0
end_of_record
TN:
SF:src/lib/api/hooks/useApi.ts
FN:18,useApi
FN:32,(anonymous_5)
FN:48,(anonymous_6)
FN:71,useMutation
FN:84,(anonymous_8)
FN:124,(anonymous_9)
FN:153,usePaginatedApi
FN:168,(anonymous_11)
FN:175,(anonymous_12)
FN:177,(anonymous_13)
FN:181,(anonymous_14)
FN:183,(anonymous_15)
FNF:12
FNH:0
FNDA:0,useApi
FNDA:0,(anonymous_5)
FNDA:0,(anonymous_6)
FNDA:0,useMutation
FNDA:0,(anonymous_8)
FNDA:0,(anonymous_9)
FNDA:0,usePaginatedApi
FNDA:0,(anonymous_11)
FNDA:0,(anonymous_12)
FNDA:0,(anonymous_13)
FNDA:0,(anonymous_14)
FNDA:0,(anonymous_15)
DA:5,0
DA:6,0
DA:18,0
DA:25,0
DA:26,0
DA:27,0
DA:29,0
DA:30,0
DA:32,0
DA:33,0
DA:35,0
DA:36,0
DA:38,0
DA:39,0
DA:40,0
DA:42,0
DA:44,0
DA:48,0
DA:49,0
DA:52,0
DA:71,0
DA:79,0
DA:80,0
DA:81,0
DA:83,0
DA:85,0
DA:86,0
DA:88,0
DA:89,0
DA:92,0
DA:94,0
DA:95,0
DA:97,0
DA:98,0
DA:100,0
DA:101,0
DA:103,0
DA:104,0
DA:106,0
DA:109,0
DA:110,0
DA:111,0
DA:113,0
DA:114,0
DA:115,0
DA:116,0
DA:118,0
DA:124,0
DA:125,0
DA:126,0
DA:127,0
DA:130,0
DA:153,0
DA:157,0
DA:158,0
DA:159,0
DA:160,0
DA:162,0
DA:164,0
DA:168,0
DA:169,0
DA:170,0
DA:171,0
DA:175,0
DA:176,0
DA:177,0
DA:181,0
DA:182,0
DA:183,0
DA:187,0
LF:70
LH:0
BRDA:30,0,0,0
BRDA:30,0,1,0
BRDA:33,1,0,0
BRDA:89,2,0,0
BRDA:89,2,1,0
BRDA:92,3,0,0
BRDA:92,3,1,0
BRDA:92,3,2,0
BRDA:92,3,3,0
BRDA:92,3,4,0
BRDA:155,4,0,0
BRDA:169,5,0,0
BRDA:170,6,0,0
BRDA:170,6,1,0
BRDA:170,7,0,0
BRDA:170,7,1,0
BRDA:171,8,0,0
BRDA:171,8,1,0
BRDA:176,9,0,0
BRDA:182,10,0,0
BRF:20
BRH:0
end_of_record
TN:
SF:src/lib/api/hooks/useVM.ts
FN:7,useVM
FN:10,(anonymous_2)
FNF:2
FNH:0
FNDA:0,useVM
FNDA:0,(anonymous_2)
DA:3,0
DA:4,0
DA:7,0
DA:8,0
DA:10,0
DA:14,0
LF:6
LH:0
BRDA:15,0,0,0
BRDA:15,0,1,0
BRF:2
BRH:0
end_of_record
TN:
SF:src/lib/api/hooks/useVMAction.ts
FN:7,useVMAction
FN:11,(anonymous_2)
FN:12,(anonymous_3)
FN:15,(anonymous_4)
FNF:4
FNH:0
FNDA:0,useVMAction
FNDA:0,(anonymous_2)
FNDA:0,(anonymous_3)
FNDA:0,(anonymous_4)
DA:3,0
DA:4,0
DA:7,0
DA:8,0
DA:9,0
DA:11,0
DA:16,0
LF:7
LH:0
BRF:0
BRH:0
end_of_record
TN:
SF:src/lib/api/hooks/useVMs.ts
FN:7,useVMs
FN:10,(anonymous_2)
FNF:2
FNH:0
FNDA:0,useVMs
FNDA:0,(anonymous_2)
DA:3,0
DA:4,0
DA:7,0
DA:8,0
DA:10,0
DA:14,0
LF:6
LH:0
BRDA:15,0,0,0
BRDA:15,0,1,0
BRDA:16,1,0,0
BRDA:16,1,1,0
BRF:4
BRH:0
end_of_record
TN:
SF:src/lib/graphql/volumes.ts
FN:21,executeGraphQL
FN:34,(anonymous_6)
FN:45,listVolumes
FN:52,createVolume
FN:65,changeVolumeTier
FNF:5
FNH:0
FNDA:0,executeGraphQL
FNDA:0,(anonymous_6)
FNDA:0,listVolumes
FNDA:0,createVolume
FNDA:0,changeVolumeTier
DA:1,0
DA:2,0
DA:22,0
DA:23,0
DA:32,0
DA:33,0
DA:34,0
DA:35,0
DA:38,0
DA:39,0
DA:42,0
DA:45,0
DA:46,0
DA:49,0
DA:52,0
DA:58,0
DA:62,0
DA:65,0
DA:66,0
DA:70,0
LF:20
LH:0
BRDA:27,0,0,0
BRDA:27,0,1,0
BRDA:33,1,0,0
BRDA:33,2,0,0
BRDA:33,2,1,0
BRDA:34,3,0,0
BRDA:34,3,1,0
BRDA:38,4,0,0
BRDA:49,5,0,0
BRDA:49,5,1,0
BRF:10
BRH:0
end_of_record
TN:
SF:src/lib/ws/client.ts
FN:10,getAuthToken
FN:20,connectEvents
FN:30,(anonymous_5)
FN:42,(anonymous_6)
FN:43,(anonymous_7)
FN:44,(anonymous_8)
FN:62,(anonymous_9)
FN:63,(anonymous_10)
FN:64,(anonymous_11)
FN:65,(anonymous_12)
FNF:10
FNH:0
FNDA:0,getAuthToken
FNDA:0,connectEvents
FNDA:0,(anonymous_5)
FNDA:0,(anonymous_6)
FNDA:0,(anonymous_7)
FNDA:0,(anonymous_8)
FNDA:0,(anonymous_9)
FNDA:0,(anonymous_10)
FNDA:0,(anonymous_11)
FNDA:0,(anonymous_12)
DA:1,0
DA:3,0
DA:5,0
DA:11,0
DA:12,0
DA:14,0
DA:20,0
DA:21,0
DA:23,0
DA:24,0
DA:25,0
DA:27,0
DA:28,0
DA:30,0
DA:31,0
DA:34,0
DA:35,0
DA:42,0
DA:43,0
DA:44,0
DA:45,0
DA:46,0
DA:47,0
DA:48,0
DA:49,0
DA:50,0
DA:53,0
DA:57,0
DA:59,0
DA:61,0
LF:30
LH:0
BRDA:5,0,0,0
BRDA:5,0,1,0
BRDA:11,1,0,0
BRDA:24,2,0,0
BRDA:24,2,1,0
BRDA:25,3,0,0
BRDA:25,3,1,0
BRDA:34,4,0,0
BRDA:48,5,0,0
BRF:9
BRH:0
end_of_record
TN:
SF:src/lib/ws/useAdminWebSocket.ts
FN:24,(anonymous_7)
FN:43,(anonymous_8)
FN:45,(anonymous_9)
FN:75,(anonymous_10)
FN:77,(anonymous_11)
FN:89,(anonymous_12)
FN:94,(anonymous_13)
FN:100,(anonymous_14)
FN:102,(anonymous_15)
FN:107,(anonymous_16)
FN:112,(anonymous_17)
FN:120,(anonymous_18)
FN:124,(anonymous_19)
FN:136,(anonymous_20)
FN:142,(anonymous_21)
FN:153,(anonymous_22)
FN:190,(anonymous_23)
FN:194,(anonymous_24)
FN:216,(anonymous_25)
FN:243,(anonymous_26)
FN:244,(anonymous_27)
FN:252,(anonymous_28)
FN:253,(anonymous_29)
FN:261,(anonymous_30)
FN:270,(anonymous_31)
FN:279,(anonymous_32)
FN:288,(anonymous_33)
FN:310,(anonymous_34)
FN:316,(anonymous_35)
FN:322,(anonymous_36)
FN:331,(anonymous_37)
FN:332,(anonymous_38)
FN:357,(anonymous_39)
FNF:33
FNH:0
FNDA:0,(anonymous_7)
FNDA:0,(anonymous_8)
FNDA:0,(anonymous_9)
FNDA:0,(anonymous_10)
FNDA:0,(anonymous_11)
FNDA:0,(anonymous_12)
FNDA:0,(anonymous_13)
FNDA:0,(anonymous_14)
FNDA:0,(anonymous_15)
FNDA:0,(anonymous_16)
FNDA:0,(anonymous_17)
FNDA:0,(anonymous_18)
FNDA:0,(anonymous_19)
FNDA:0,(anonymous_20)
FNDA:0,(anonymous_21)
FNDA:0,(anonymous_22)
FNDA:0,(anonymous_23)
FNDA:0,(anonymous_24)
FNDA:0,(anonymous_25)
FNDA:0,(anonymous_26)
FNDA:0,(anonymous_27)
FNDA:0,(anonymous_28)
FNDA:0,(anonymous_29)
FNDA:0,(anonymous_30)
FNDA:0,(anonymous_31)
FNDA:0,(anonymous_32)
FNDA:0,(anonymous_33)
FNDA:0,(anonymous_34)
FNDA:0,(anonymous_35)
FNDA:0,(anonymous_36)
FNDA:0,(anonymous_37)
FNDA:0,(anonymous_38)
FNDA:0,(anonymous_39)
DA:3,0
DA:4,0
DA:5,0
DA:6,0
DA:7,0
DA:8,0
DA:24,0
DA:25,0
DA:26,0
DA:27,0
DA:34,0
DA:36,0
DA:42,0
DA:44,0
DA:45,0
DA:54,0
DA:55,0
DA:56,0
DA:63,0
DA:76,0
DA:77,0
DA:85,0
DA:86,0
DA:87,0
DA:89,0
DA:94,0
DA:95,0
DA:96,0
DA:101,0
DA:102,0
DA:108,0
DA:109,0
DA:110,0
DA:112,0
DA:117,0
DA:122,0
DA:125,0
DA:136,0
DA:137,0
DA:140,0
DA:143,0
DA:144,0
DA:147,0
DA:151,0
DA:154,0
DA:155,0
DA:164,0
DA:165,0
DA:171,0
DA:175,0
DA:177,0
DA:178,0
DA:184,0
DA:188,0
DA:191,0
DA:192,0
DA:195,0
DA:204,0
DA:205,0
DA:210,0
DA:214,0
DA:217,0
DA:218,0
DA:225,0
DA:229,0
DA:231,0
DA:235,0
DA:238,0
DA:243,0
DA:244,0
DA:252,0
DA:253,0
DA:254,0
DA:255,0
DA:261,0
DA:262,0
DA:263,0
DA:270,0
DA:271,0
DA:272,0
DA:279,0
DA:280,0
DA:281,0
DA:288,0
DA:289,0
DA:290,0
DA:298,0
DA:310,0
DA:311,0
DA:312,0
DA:313,0
DA:314,0
DA:316,0
DA:318,0
DA:319,0
DA:320,0
DA:322,0
DA:324,0
DA:325,0
DA:326,0
DA:331,0
DA:332,0
DA:333,0
DA:334,0
DA:335,0
DA:337,0
DA:338,0
DA:339,0
DA:344,0
DA:347,0
DA:357,0
DA:358,0
DA:360,0
DA:362,0
DA:364,0
DA:366,0
DA:368,0
LF:117
LH:0
BRDA:55,0,0,0
BRDA:81,1,0,0
BRDA:81,1,1,0
BRDA:85,2,0,0
BRDA:122,3,0,0
BRDA:122,3,1,0
BRDA:137,4,0,0
BRDA:137,4,1,0
BRDA:137,4,2,0
BRDA:137,4,3,0
BRDA:137,4,4,0
BRDA:137,4,5,0
BRDA:137,4,6,0
BRDA:143,5,0,0
BRDA:154,6,0,0
BRDA:164,7,0,0
BRDA:168,8,0,0
BRDA:168,8,1,0
BRDA:177,9,0,0
BRDA:177,10,0,0
BRDA:177,10,1,0
BRDA:191,11,0,0
BRDA:195,12,0,0
BRDA:195,12,1,0
BRDA:204,13,0,0
BRDA:204,14,0,0
BRDA:204,14,1,0
BRDA:217,15,0,0
BRDA:254,16,0,0
BRDA:262,17,0,0
BRDA:271,18,0,0
BRDA:280,19,0,0
BRDA:289,20,0,0
BRDA:333,21,0,0
BRDA:334,22,0,0
BRDA:334,23,0,0
BRDA:334,23,1,0
BRDA:335,24,0,0
BRDA:335,24,1,0
BRDA:337,25,0,0
BRDA:337,26,0,0
BRDA:337,26,1,0
BRDA:339,27,0,0
BRDA:339,27,1,0
BRDA:358,28,0,0
BRDA:358,28,1,0
BRDA:358,28,2,0
BRDA:358,28,3,0
BRDA:358,28,4,0
BRF:49
BRH:0
end_of_record
TN:
SF:src/providers/query-provider.tsx
FN:7,QueryProvider
FN:9,(anonymous_2)
FNF:2
FNH:0
FNDA:0,QueryProvider
FNDA:0,(anonymous_2)
DA:3,0
DA:4,0
DA:5,0
DA:7,0
DA:8,0
DA:10,0
LF:6
LH:0
BRF:0
BRH:0
end_of_record
