mode: set
github.com/khryptorgraphics/novacron/backend/community/advocacy/dev_rel.go:389.40,410.2 3 0
github.com/khryptorgraphics/novacron/backend/community/advocacy/dev_rel.go:413.50,416.26 2 0
github.com/khryptorgraphics/novacron/backend/community/advocacy/dev_rel.go:416.26,438.3 3 0
github.com/khryptorgraphics/novacron/backend/community/advocacy/dev_rel.go:441.2,442.27 2 0
github.com/khryptorgraphics/novacron/backend/community/advocacy/dev_rel.go:442.27,454.3 2 0
github.com/khryptorgraphics/novacron/backend/community/advocacy/dev_rel.go:457.2,457.27 1 0
github.com/khryptorgraphics/novacron/backend/community/advocacy/dev_rel.go:457.27,467.3 2 0
github.com/khryptorgraphics/novacron/backend/community/advocacy/dev_rel.go:471.86,475.23 3 0
github.com/khryptorgraphics/novacron/backend/community/advocacy/dev_rel.go:475.23,477.3 1 0
github.com/khryptorgraphics/novacron/backend/community/advocacy/dev_rel.go:479.2,488.12 7 0
github.com/khryptorgraphics/novacron/backend/community/advocacy/dev_rel.go:492.83,496.21 3 0
github.com/khryptorgraphics/novacron/backend/community/advocacy/dev_rel.go:496.21,498.3 1 0
github.com/khryptorgraphics/novacron/backend/community/advocacy/dev_rel.go:500.2,509.12 7 0
github.com/khryptorgraphics/novacron/backend/community/advocacy/dev_rel.go:513.97,517.25 3 0
github.com/khryptorgraphics/novacron/backend/community/advocacy/dev_rel.go:517.25,519.3 1 0
github.com/khryptorgraphics/novacron/backend/community/advocacy/dev_rel.go:521.2,528.12 5 0
github.com/khryptorgraphics/novacron/backend/community/advocacy/dev_rel.go:532.106,537.13 4 0
github.com/khryptorgraphics/novacron/backend/community/advocacy/dev_rel.go:537.13,539.3 1 0
github.com/khryptorgraphics/novacron/backend/community/advocacy/dev_rel.go:541.2,541.22 1 0
github.com/khryptorgraphics/novacron/backend/community/advocacy/dev_rel.go:541.22,543.3 1 0
github.com/khryptorgraphics/novacron/backend/community/advocacy/dev_rel.go:545.2,555.12 8 0
github.com/khryptorgraphics/novacron/backend/community/advocacy/dev_rel.go:559.75,567.41 5 0
github.com/khryptorgraphics/novacron/backend/community/advocacy/dev_rel.go:567.41,568.34 1 0
github.com/khryptorgraphics/novacron/backend/community/advocacy/dev_rel.go:568.34,570.4 1 0
github.com/khryptorgraphics/novacron/backend/community/advocacy/dev_rel.go:572.2,585.14 6 0
github.com/khryptorgraphics/novacron/backend/community/advocacy/dev_rel.go:589.60,593.2 3 0
github.com/khryptorgraphics/novacron/backend/community/advocacy/dev_rel.go:596.102,601.13 4 0
github.com/khryptorgraphics/novacron/backend/community/advocacy/dev_rel.go:601.13,603.3 1 0
github.com/khryptorgraphics/novacron/backend/community/advocacy/dev_rel.go:605.2,605.47 1 0
github.com/khryptorgraphics/novacron/backend/business/verticals/domination.go:115.66,133.2 6 0
github.com/khryptorgraphics/novacron/backend/business/verticals/domination.go:136.60,352.2 6 0
github.com/khryptorgraphics/novacron/backend/business/verticals/domination.go:355.71,415.2 3 0
github.com/khryptorgraphics/novacron/backend/business/verticals/domination.go:418.60,492.2 2 0
github.com/khryptorgraphics/novacron/backend/business/verticals/domination.go:495.92,500.60 3 0
github.com/khryptorgraphics/novacron/backend/business/verticals/domination.go:500.60,502.3 1 0
github.com/khryptorgraphics/novacron/backend/business/verticals/domination.go:504.2,510.12 4 0
github.com/khryptorgraphics/novacron/backend/business/verticals/domination.go:514.79,520.39 4 0
github.com/khryptorgraphics/novacron/backend/business/verticals/domination.go:520.39,521.40 1 0
github.com/khryptorgraphics/novacron/backend/business/verticals/domination.go:521.40,524.4 2 0
github.com/khryptorgraphics/novacron/backend/business/verticals/domination.go:527.2,530.35 4 0
github.com/khryptorgraphics/novacron/backend/business/verticals/domination.go:534.88,549.48 12 0
github.com/khryptorgraphics/novacron/backend/business/verticals/domination.go:549.48,559.52 7 0
github.com/khryptorgraphics/novacron/backend/business/verticals/domination.go:559.52,560.69 1 0
github.com/khryptorgraphics/novacron/backend/business/verticals/domination.go:560.69,561.86 1 0
github.com/khryptorgraphics/novacron/backend/business/verticals/domination.go:561.86,563.6 1 0
github.com/khryptorgraphics/novacron/backend/business/verticals/domination.go:568.3,568.40 1 0
github.com/khryptorgraphics/novacron/backend/business/verticals/domination.go:568.40,569.82 1 0
github.com/khryptorgraphics/novacron/backend/business/verticals/domination.go:569.82,571.5 1 0
github.com/khryptorgraphics/novacron/backend/business/verticals/domination.go:572.4,572.78 1 0
github.com/khryptorgraphics/novacron/backend/business/verticals/domination.go:572.78,574.5 1 0
github.com/khryptorgraphics/novacron/backend/business/verticals/domination.go:578.2,579.27 2 0
github.com/khryptorgraphics/novacron/backend/business/verticals/domination.go:579.27,581.3 1 0
github.com/khryptorgraphics/novacron/backend/business/verticals/domination.go:583.2,596.16 3 0
github.com/khryptorgraphics/novacron/backend/business/verticals/domination.go:600.84,605.39 4 0
github.com/khryptorgraphics/novacron/backend/business/verticals/domination.go:605.39,607.3 1 0
github.com/khryptorgraphics/novacron/backend/business/verticals/domination.go:610.2,610.44 1 0
github.com/khryptorgraphics/novacron/backend/business/verticals/domination.go:610.44,614.3 3 0
github.com/khryptorgraphics/novacron/backend/business/verticals/domination.go:616.2,616.18 1 0
github.com/khryptorgraphics/novacron/backend/business/verticals/domination.go:620.114,625.39 4 0
github.com/khryptorgraphics/novacron/backend/business/verticals/domination.go:625.39,626.40 1 0
github.com/khryptorgraphics/novacron/backend/business/verticals/domination.go:626.40,628.4 1 0
github.com/khryptorgraphics/novacron/backend/business/verticals/domination.go:631.2,631.44 1 0
github.com/khryptorgraphics/novacron/backend/business/verticals/domination.go:631.44,633.3 1 0
github.com/khryptorgraphics/novacron/backend/business/verticals/domination.go:635.2,635.28 1 0
github.com/khryptorgraphics/novacron/backend/business/verticals/domination.go:635.28,637.3 1 0
github.com/khryptorgraphics/novacron/backend/business/verticals/domination.go:639.2,639.26 1 0
github.com/khryptorgraphics/novacron/backend/business/verticals/domination.go:643.114,652.32 6 0
github.com/khryptorgraphics/novacron/backend/business/verticals/domination.go:652.32,666.3 4 0
github.com/khryptorgraphics/novacron/backend/business/verticals/domination.go:668.2,668.20 1 0
github.com/khryptorgraphics/novacron/backend/business/verticals/domination.go:672.91,676.2 3 0
github.com/khryptorgraphics/novacron/backend/business/verticals/domination.go:689.79,698.38 6 0
github.com/khryptorgraphics/novacron/backend/business/verticals/domination.go:698.38,700.3 1 0
github.com/khryptorgraphics/novacron/backend/business/verticals/domination.go:702.2,713.15 2 0
github.com/khryptorgraphics/novacron/backend/business/verticals/domination.go:717.77,719.39 2 0
github.com/khryptorgraphics/novacron/backend/business/verticals/domination.go:719.39,721.3 1 0
github.com/khryptorgraphics/novacron/backend/business/verticals/domination.go:722.2,722.18 1 0
github.com/khryptorgraphics/novacron/backend/business/verticals/domination.go:726.81,728.51 2 0
github.com/khryptorgraphics/novacron/backend/business/verticals/domination.go:728.51,730.3 1 0
github.com/khryptorgraphics/novacron/backend/business/verticals/domination.go:731.2,731.19 1 0
github.com/khryptorgraphics/novacron/backend/business/verticals/domination.go:735.68,738.40 2 0
github.com/khryptorgraphics/novacron/backend/business/verticals/domination.go:738.40,740.3 1 0
github.com/khryptorgraphics/novacron/backend/business/verticals/domination.go:740.8,740.47 1 0
github.com/khryptorgraphics/novacron/backend/business/verticals/domination.go:740.47,742.3 1 0
github.com/khryptorgraphics/novacron/backend/business/verticals/domination.go:742.8,742.47 1 0
github.com/khryptorgraphics/novacron/backend/business/verticals/domination.go:742.47,744.3 1 0
github.com/khryptorgraphics/novacron/backend/business/verticals/domination.go:746.2,746.26 1 0
github.com/khryptorgraphics/novacron/backend/business/verticals/domination.go:750.81,754.39 2 0
github.com/khryptorgraphics/novacron/backend/business/verticals/domination.go:754.39,756.17 2 0
github.com/khryptorgraphics/novacron/backend/business/verticals/domination.go:756.17,760.4 1 0
github.com/khryptorgraphics/novacron/backend/business/verticals/domination.go:763.3,764.52 2 0
github.com/khryptorgraphics/novacron/backend/business/verticals/domination.go:764.52,765.69 1 0
github.com/khryptorgraphics/novacron/backend/business/verticals/domination.go:765.69,766.95 1 0
github.com/khryptorgraphics/novacron/backend/business/verticals/domination.go:766.95,768.6 1 0
github.com/khryptorgraphics/novacron/backend/business/verticals/domination.go:772.3,772.55 1 0
github.com/khryptorgraphics/novacron/backend/business/verticals/domination.go:772.55,776.4 1 0
github.com/khryptorgraphics/novacron/backend/business/verticals/domination.go:779.2,779.24 1 0
github.com/khryptorgraphics/novacron/backend/business/verticals/domination.go:795.70,798.2 2 0
github.com/khryptorgraphics/novacron/backend/business/verticals/domination.go:801.52,804.2 2 0
github.com/khryptorgraphics/novacron/backend/corporate/integration/orchestration.go:476.60,484.2 1 0
github.com/khryptorgraphics/novacron/backend/corporate/integration/orchestration.go:487.106,509.2 9 0
github.com/khryptorgraphics/novacron/backend/corporate/integration/orchestration.go:512.135,517.13 4 0
github.com/khryptorgraphics/novacron/backend/corporate/integration/orchestration.go:517.13,519.3 1 0
github.com/khryptorgraphics/novacron/backend/corporate/integration/orchestration.go:522.2,522.37 1 0
github.com/khryptorgraphics/novacron/backend/corporate/integration/orchestration.go:522.37,523.48 1 0
github.com/khryptorgraphics/novacron/backend/corporate/integration/orchestration.go:523.48,525.9 2 0
github.com/khryptorgraphics/novacron/backend/corporate/integration/orchestration.go:530.2,531.41 2 0
github.com/khryptorgraphics/novacron/backend/corporate/integration/orchestration.go:531.41,533.3 1 0
github.com/khryptorgraphics/novacron/backend/corporate/integration/orchestration.go:534.2,539.12 4 0
github.com/khryptorgraphics/novacron/backend/corporate/integration/orchestration.go:543.133,548.13 4 0
github.com/khryptorgraphics/novacron/backend/corporate/integration/orchestration.go:548.13,550.3 1 0
github.com/khryptorgraphics/novacron/backend/corporate/integration/orchestration.go:553.2,553.64 1 0
github.com/khryptorgraphics/novacron/backend/corporate/integration/orchestration.go:553.64,554.75 1 0
github.com/khryptorgraphics/novacron/backend/corporate/integration/orchestration.go:554.75,556.9 2 0
github.com/khryptorgraphics/novacron/backend/corporate/integration/orchestration.go:559.2,559.61 1 0
github.com/khryptorgraphics/novacron/backend/corporate/integration/orchestration.go:559.61,560.72 1 0
github.com/khryptorgraphics/novacron/backend/corporate/integration/orchestration.go:560.72,562.9 2 0
github.com/khryptorgraphics/novacron/backend/corporate/integration/orchestration.go:567.2,568.70 2 0
github.com/khryptorgraphics/novacron/backend/corporate/integration/orchestration.go:568.70,570.3 1 0
github.com/khryptorgraphics/novacron/backend/corporate/integration/orchestration.go:571.2,571.67 1 0
github.com/khryptorgraphics/novacron/backend/corporate/integration/orchestration.go:571.67,573.3 1 0
github.com/khryptorgraphics/novacron/backend/corporate/integration/orchestration.go:575.2,581.12 5 0
github.com/khryptorgraphics/novacron/backend/corporate/integration/orchestration.go:585.102,590.13 4 0
github.com/khryptorgraphics/novacron/backend/corporate/integration/orchestration.go:590.13,592.3 1 0
github.com/khryptorgraphics/novacron/backend/corporate/integration/orchestration.go:594.2,602.12 7 0
github.com/khryptorgraphics/novacron/backend/corporate/integration/orchestration.go:606.105,611.13 4 0
github.com/khryptorgraphics/novacron/backend/corporate/integration/orchestration.go:611.13,613.3 1 0
github.com/khryptorgraphics/novacron/backend/corporate/integration/orchestration.go:615.2,623.12 7 0
github.com/khryptorgraphics/novacron/backend/corporate/integration/orchestration.go:627.119,632.13 4 0
github.com/khryptorgraphics/novacron/backend/corporate/integration/orchestration.go:632.13,634.3 1 0
github.com/khryptorgraphics/novacron/backend/corporate/integration/orchestration.go:636.2,636.36 1 0
github.com/khryptorgraphics/novacron/backend/corporate/integration/orchestration.go:636.36,637.46 1 0
github.com/khryptorgraphics/novacron/backend/corporate/integration/orchestration.go:637.46,641.9 4 0
github.com/khryptorgraphics/novacron/backend/corporate/integration/orchestration.go:645.2,648.12 3 0
github.com/khryptorgraphics/novacron/backend/corporate/integration/orchestration.go:652.94,657.13 4 0
github.com/khryptorgraphics/novacron/backend/corporate/integration/orchestration.go:657.13,659.3 1 0
github.com/khryptorgraphics/novacron/backend/corporate/integration/orchestration.go:661.2,661.21 1 0
github.com/khryptorgraphics/novacron/backend/corporate/integration/orchestration.go:665.97,670.32 4 0
github.com/khryptorgraphics/novacron/backend/corporate/integration/orchestration.go:670.32,671.41 1 0
github.com/khryptorgraphics/novacron/backend/corporate/integration/orchestration.go:671.41,672.12 1 0
github.com/khryptorgraphics/novacron/backend/corporate/integration/orchestration.go:674.3,674.33 1 0
github.com/khryptorgraphics/novacron/backend/corporate/integration/orchestration.go:677.2,677.17 1 0
github.com/khryptorgraphics/novacron/backend/corporate/integration/orchestration.go:681.69,685.2 3 0
github.com/khryptorgraphics/novacron/backend/corporate/integration/orchestration.go:688.52,697.32 8 0
github.com/khryptorgraphics/novacron/backend/corporate/integration/orchestration.go:697.32,698.92 1 0
github.com/khryptorgraphics/novacron/backend/corporate/integration/orchestration.go:698.92,700.4 1 0
github.com/khryptorgraphics/novacron/backend/corporate/integration/orchestration.go:701.3,701.34 1 0
github.com/khryptorgraphics/novacron/backend/corporate/integration/orchestration.go:701.34,703.4 1 0
github.com/khryptorgraphics/novacron/backend/corporate/integration/orchestration.go:704.3,704.60 1 0
github.com/khryptorgraphics/novacron/backend/corporate/integration/orchestration.go:704.60,706.4 1 0
github.com/khryptorgraphics/novacron/backend/corporate/integration/orchestration.go:708.3,711.34 3 0
github.com/khryptorgraphics/novacron/backend/corporate/integration/orchestration.go:711.34,714.4 2 0
github.com/khryptorgraphics/novacron/backend/corporate/integration/orchestration.go:717.2,717.26 1 0
github.com/khryptorgraphics/novacron/backend/corporate/integration/orchestration.go:717.26,721.3 3 0
github.com/khryptorgraphics/novacron/backend/corporate/integration/orchestration.go:727.42,729.2 1 0
github.com/khryptorgraphics/novacron/backend/corporate/integration/orchestration.go:734.46,736.2 1 0
github.com/khryptorgraphics/novacron/backend/corporate/integration/orchestration.go:741.44,743.2 1 0
github.com/khryptorgraphics/novacron/backend/corporate/integration/orchestration.go:746.67,758.32 4 0
github.com/khryptorgraphics/novacron/backend/corporate/integration/orchestration.go:758.32,760.3 1 0
github.com/khryptorgraphics/novacron/backend/corporate/integration/orchestration.go:762.2,762.43 1 0
github.com/khryptorgraphics/novacron/backend/deployment/observability/deployment_tracker.go:268.22,281.2 2 0
github.com/khryptorgraphics/novacron/backend/deployment/observability/deployment_tracker.go:291.9,297.16 4 0
github.com/khryptorgraphics/novacron/backend/deployment/observability/deployment_tracker.go:297.16,299.3 1 0
github.com/khryptorgraphics/novacron/backend/deployment/observability/deployment_tracker.go:302.2,303.22 2 0
github.com/khryptorgraphics/novacron/backend/deployment/observability/deployment_tracker.go:303.22,305.34 2 0
github.com/khryptorgraphics/novacron/backend/deployment/observability/deployment_tracker.go:305.34,306.47 1 0
github.com/khryptorgraphics/novacron/backend/deployment/observability/deployment_tracker.go:306.47,308.5 1 0
github.com/khryptorgraphics/novacron/backend/deployment/observability/deployment_tracker.go:310.3,310.40 1 0
github.com/khryptorgraphics/novacron/backend/deployment/observability/deployment_tracker.go:313.2,347.12 9 0
github.com/khryptorgraphics/novacron/backend/deployment/observability/deployment_tracker.go:351.105,356.13 4 0
github.com/khryptorgraphics/novacron/backend/deployment/observability/deployment_tracker.go:356.13,358.3 1 0
github.com/khryptorgraphics/novacron/backend/deployment/observability/deployment_tracker.go:360.2,374.12 5 0
github.com/khryptorgraphics/novacron/backend/deployment/observability/deployment_tracker.go:378.90,383.13 4 0
github.com/khryptorgraphics/novacron/backend/deployment/observability/deployment_tracker.go:383.13,385.3 1 0
github.com/khryptorgraphics/novacron/backend/deployment/observability/deployment_tracker.go:387.2,391.13 4 0
github.com/khryptorgraphics/novacron/backend/deployment/observability/deployment_tracker.go:391.13,393.3 1 0
github.com/khryptorgraphics/novacron/backend/deployment/observability/deployment_tracker.go:393.8,396.3 2 0
github.com/khryptorgraphics/novacron/backend/deployment/observability/deployment_tracker.go:399.2,403.14 4 0
github.com/khryptorgraphics/novacron/backend/deployment/observability/deployment_tracker.go:403.14,407.3 3 0
github.com/khryptorgraphics/novacron/backend/deployment/observability/deployment_tracker.go:409.2,420.12 4 0
github.com/khryptorgraphics/novacron/backend/deployment/observability/deployment_tracker.go:424.100,429.13 4 0
github.com/khryptorgraphics/novacron/backend/deployment/observability/deployment_tracker.go:429.13,431.3 1 0
github.com/khryptorgraphics/novacron/backend/deployment/observability/deployment_tracker.go:433.2,449.12 7 0
github.com/khryptorgraphics/novacron/backend/deployment/observability/deployment_tracker.go:453.69,459.6 4 0
github.com/khryptorgraphics/novacron/backend/deployment/observability/deployment_tracker.go:459.6,460.10 1 0
github.com/khryptorgraphics/novacron/backend/deployment/observability/deployment_tracker.go:461.19,464.15 3 0
github.com/khryptorgraphics/novacron/backend/deployment/observability/deployment_tracker.go:464.15,467.5 2 0
github.com/khryptorgraphics/novacron/backend/deployment/observability/deployment_tracker.go:470.4,472.43 1 0
github.com/khryptorgraphics/novacron/backend/deployment/observability/deployment_tracker.go:472.43,475.5 2 0
github.com/khryptorgraphics/novacron/backend/deployment/observability/deployment_tracker.go:476.4,476.19 1 0
github.com/khryptorgraphics/novacron/backend/deployment/observability/deployment_tracker.go:481.24,482.10 1 0
github.com/khryptorgraphics/novacron/backend/deployment/observability/deployment_tracker.go:488.89,490.2 1 0
github.com/khryptorgraphics/novacron/backend/deployment/observability/deployment_tracker.go:493.93,498.13 4 0
github.com/khryptorgraphics/novacron/backend/deployment/observability/deployment_tracker.go:498.13,500.3 1 0
github.com/khryptorgraphics/novacron/backend/deployment/observability/deployment_tracker.go:502.2,502.24 1 0
github.com/khryptorgraphics/novacron/backend/deployment/observability/deployment_tracker.go:506.85,511.44 4 0
github.com/khryptorgraphics/novacron/backend/deployment/observability/deployment_tracker.go:511.44,512.57 1 0
github.com/khryptorgraphics/novacron/backend/deployment/observability/deployment_tracker.go:512.57,514.4 1 0
github.com/khryptorgraphics/novacron/backend/deployment/observability/deployment_tracker.go:517.2,517.20 1 0
github.com/khryptorgraphics/novacron/backend/deployment/observability/deployment_tracker.go:521.66,525.12 3 0
github.com/khryptorgraphics/novacron/backend/deployment/observability/deployment_tracker.go:525.12,528.3 2 0
github.com/khryptorgraphics/novacron/backend/deployment/observability/deployment_tracker.go:530.2,530.9 1 0
github.com/khryptorgraphics/novacron/backend/deployment/observability/deployment_tracker.go:531.14,532.13 1 0
github.com/khryptorgraphics/novacron/backend/deployment/observability/deployment_tracker.go:533.20,534.49 1 0
github.com/khryptorgraphics/novacron/backend/deployment/observability/deployment_tracker.go:539.69,540.20 1 0
github.com/khryptorgraphics/novacron/backend/deployment/observability/deployment_tracker.go:540.20,542.3 1 0
github.com/khryptorgraphics/novacron/backend/deployment/observability/deployment_tracker.go:544.2,549.40 4 0
github.com/khryptorgraphics/novacron/backend/deployment/observability/deployment_tracker.go:549.40,550.59 1 0
github.com/khryptorgraphics/novacron/backend/deployment/observability/deployment_tracker.go:550.59,552.4 1 0
github.com/khryptorgraphics/novacron/backend/deployment/observability/deployment_tracker.go:552.9,552.67 1 0
github.com/khryptorgraphics/novacron/backend/deployment/observability/deployment_tracker.go:552.67,554.4 1 0
github.com/khryptorgraphics/novacron/backend/deployment/observability/deployment_tracker.go:554.9,554.68 1 0
github.com/khryptorgraphics/novacron/backend/deployment/observability/deployment_tracker.go:554.68,556.4 1 0
github.com/khryptorgraphics/novacron/backend/deployment/observability/deployment_tracker.go:560.2,560.29 1 0
github.com/khryptorgraphics/novacron/backend/deployment/observability/deployment_tracker.go:560.29,561.53 1 0
github.com/khryptorgraphics/novacron/backend/deployment/observability/deployment_tracker.go:561.53,563.4 1 0
github.com/khryptorgraphics/novacron/backend/deployment/observability/deployment_tracker.go:563.9,563.62 1 0
github.com/khryptorgraphics/novacron/backend/deployment/observability/deployment_tracker.go:563.62,565.4 1 0
github.com/khryptorgraphics/novacron/backend/deployment/observability/deployment_tracker.go:565.9,565.63 1 0
github.com/khryptorgraphics/novacron/backend/deployment/observability/deployment_tracker.go:565.63,567.4 1 0
github.com/khryptorgraphics/novacron/backend/deployment/observability/deployment_tracker.go:571.2,571.38 1 0
github.com/khryptorgraphics/novacron/backend/deployment/observability/deployment_tracker.go:571.38,572.57 1 0
github.com/khryptorgraphics/novacron/backend/deployment/observability/deployment_tracker.go:572.57,574.4 1 0
github.com/khryptorgraphics/novacron/backend/deployment/observability/deployment_tracker.go:574.9,574.65 1 0
github.com/khryptorgraphics/novacron/backend/deployment/observability/deployment_tracker.go:574.65,576.4 1 0
github.com/khryptorgraphics/novacron/backend/deployment/observability/deployment_tracker.go:576.9,576.67 1 0
github.com/khryptorgraphics/novacron/backend/deployment/observability/deployment_tracker.go:576.67,578.4 1 0
github.com/khryptorgraphics/novacron/backend/deployment/observability/deployment_tracker.go:582.2,582.38 1 0
github.com/khryptorgraphics/novacron/backend/deployment/observability/deployment_tracker.go:582.38,583.51 1 0
github.com/khryptorgraphics/novacron/backend/deployment/observability/deployment_tracker.go:583.51,585.4 1 0
github.com/khryptorgraphics/novacron/backend/deployment/observability/deployment_tracker.go:585.9,585.58 1 0
github.com/khryptorgraphics/novacron/backend/deployment/observability/deployment_tracker.go:585.58,587.4 1 0
github.com/khryptorgraphics/novacron/backend/deployment/observability/deployment_tracker.go:587.9,587.58 1 0
github.com/khryptorgraphics/novacron/backend/deployment/observability/deployment_tracker.go:587.58,589.4 1 0
github.com/khryptorgraphics/novacron/backend/deployment/observability/deployment_tracker.go:593.2,593.21 1 0
github.com/khryptorgraphics/novacron/backend/deployment/observability/deployment_tracker.go:593.21,595.3 1 0
github.com/khryptorgraphics/novacron/backend/deployment/observability/deployment_tracker.go:595.8,595.66 1 0
github.com/khryptorgraphics/novacron/backend/deployment/observability/deployment_tracker.go:595.66,597.3 1 0
github.com/khryptorgraphics/novacron/backend/deployment/observability/deployment_tracker.go:597.8,597.29 1 0
github.com/khryptorgraphics/novacron/backend/deployment/observability/deployment_tracker.go:597.29,599.3 1 0
github.com/khryptorgraphics/novacron/backend/deployment/observability/deployment_tracker.go:601.2,601.16 1 0
github.com/khryptorgraphics/novacron/backend/deployment/observability/deployment_tracker.go:605.60,617.2 2 0
github.com/khryptorgraphics/novacron/backend/pkg/config/config.go:77.30,100.44 5 0
github.com/khryptorgraphics/novacron/backend/pkg/config/config.go:100.44,102.3 1 0
github.com/khryptorgraphics/novacron/backend/pkg/config/config.go:104.2,117.39 3 0
github.com/khryptorgraphics/novacron/backend/pkg/config/config.go:117.39,119.3 1 0
github.com/khryptorgraphics/novacron/backend/pkg/config/config.go:121.2,140.40 4 0
github.com/khryptorgraphics/novacron/backend/pkg/config/config.go:140.40,142.3 1 0
github.com/khryptorgraphics/novacron/backend/pkg/config/config.go:144.2,145.40 2 0
github.com/khryptorgraphics/novacron/backend/pkg/config/config.go:145.40,147.3 1 0
github.com/khryptorgraphics/novacron/backend/pkg/config/config.go:149.2,150.40 2 0
github.com/khryptorgraphics/novacron/backend/pkg/config/config.go:150.40,152.3 1 0
github.com/khryptorgraphics/novacron/backend/pkg/config/config.go:154.2,160.20 2 0
github.com/khryptorgraphics/novacron/backend/pkg/config/config.go:164.35,165.70 1 0
github.com/khryptorgraphics/novacron/backend/pkg/config/config.go:165.70,167.3 1 0
github.com/khryptorgraphics/novacron/backend/pkg/config/config.go:169.2,169.34 1 0
github.com/khryptorgraphics/novacron/backend/pkg/config/config.go:169.34,171.3 1 0
github.com/khryptorgraphics/novacron/backend/pkg/config/config.go:173.2,173.26 1 0
github.com/khryptorgraphics/novacron/backend/pkg/config/config.go:173.26,175.3 1 0
github.com/khryptorgraphics/novacron/backend/pkg/config/config.go:177.2,177.36 1 0
github.com/khryptorgraphics/novacron/backend/pkg/config/config.go:177.36,179.3 1 0
github.com/khryptorgraphics/novacron/backend/pkg/config/config.go:181.2,183.39 3 0
github.com/khryptorgraphics/novacron/backend/pkg/config/config.go:183.39,184.31 1 0
github.com/khryptorgraphics/novacron/backend/pkg/config/config.go:184.31,186.9 2 0
github.com/khryptorgraphics/novacron/backend/pkg/config/config.go:189.2,189.17 1 0
github.com/khryptorgraphics/novacron/backend/pkg/config/config.go:189.17,191.3 1 0
github.com/khryptorgraphics/novacron/backend/pkg/config/config.go:193.2,193.12 1 0
github.com/khryptorgraphics/novacron/backend/pkg/config/config.go:198.55,199.42 1 0
github.com/khryptorgraphics/novacron/backend/pkg/config/config.go:199.42,201.3 1 0
github.com/khryptorgraphics/novacron/backend/pkg/config/config.go:202.2,202.21 1 0
github.com/khryptorgraphics/novacron/backend/pkg/config/config.go:205.59,206.42 1 0
github.com/khryptorgraphics/novacron/backend/pkg/config/config.go:206.42,207.53 1 0
github.com/khryptorgraphics/novacron/backend/pkg/config/config.go:207.53,209.4 1 0
github.com/khryptorgraphics/novacron/backend/pkg/config/config.go:211.2,211.21 1 0
github.com/khryptorgraphics/novacron/backend/pkg/config/config.go:214.62,215.42 1 0
github.com/khryptorgraphics/novacron/backend/pkg/config/config.go:215.42,216.59 1 0
github.com/khryptorgraphics/novacron/backend/pkg/config/config.go:216.59,218.4 1 0
github.com/khryptorgraphics/novacron/backend/pkg/config/config.go:220.2,220.21 1 0
github.com/khryptorgraphics/novacron/backend/pkg/config/config.go:223.84,224.42 1 0
github.com/khryptorgraphics/novacron/backend/pkg/config/config.go:224.42,225.61 1 0
github.com/khryptorgraphics/novacron/backend/pkg/config/config.go:225.61,227.4 1 0
github.com/khryptorgraphics/novacron/backend/pkg/config/config.go:229.2,229.21 1 0
github.com/khryptorgraphics/novacron/backend/community/standards/standards_leadership.go:797.64,817.2 3 0
github.com/khryptorgraphics/novacron/backend/community/standards/standards_leadership.go:820.63,821.36 1 0
github.com/khryptorgraphics/novacron/backend/community/standards/standards_leadership.go:821.36,823.3 1 0
github.com/khryptorgraphics/novacron/backend/community/standards/standards_leadership.go:827.81,834.39 4 0
github.com/khryptorgraphics/novacron/backend/community/standards/standards_leadership.go:834.39,835.67 1 0
github.com/khryptorgraphics/novacron/backend/community/standards/standards_leadership.go:835.67,837.4 1 0
github.com/khryptorgraphics/novacron/backend/community/standards/standards_leadership.go:838.3,838.38 1 0
github.com/khryptorgraphics/novacron/backend/community/standards/standards_leadership.go:842.2,842.36 1 0
github.com/khryptorgraphics/novacron/backend/community/standards/standards_leadership.go:842.36,843.70 1 0
github.com/khryptorgraphics/novacron/backend/community/standards/standards_leadership.go:843.70,845.4 1 0
github.com/khryptorgraphics/novacron/backend/community/standards/standards_leadership.go:846.3,847.55 2 0
github.com/khryptorgraphics/novacron/backend/community/standards/standards_leadership.go:851.2,851.77 1 0
github.com/khryptorgraphics/novacron/backend/community/standards/standards_leadership.go:851.77,853.3 1 0
github.com/khryptorgraphics/novacron/backend/community/standards/standards_leadership.go:856.2,856.75 1 0
github.com/khryptorgraphics/novacron/backend/community/standards/standards_leadership.go:856.75,858.3 1 0
github.com/khryptorgraphics/novacron/backend/community/standards/standards_leadership.go:861.2,861.70 1 0
github.com/khryptorgraphics/novacron/backend/community/standards/standards_leadership.go:861.70,863.3 1 0
github.com/khryptorgraphics/novacron/backend/community/standards/standards_leadership.go:866.2,866.65 1 0
github.com/khryptorgraphics/novacron/backend/community/standards/standards_leadership.go:866.65,868.3 1 0
github.com/khryptorgraphics/novacron/backend/community/standards/standards_leadership.go:871.2,871.62 1 0
github.com/khryptorgraphics/novacron/backend/community/standards/standards_leadership.go:871.62,873.3 1 0
github.com/khryptorgraphics/novacron/backend/community/standards/standards_leadership.go:875.2,876.12 2 0
github.com/khryptorgraphics/novacron/backend/community/standards/standards_leadership.go:880.78,897.2 3 0
github.com/khryptorgraphics/novacron/backend/community/standards/standards_leadership.go:900.56,908.2 1 0
github.com/khryptorgraphics/novacron/backend/community/standards/standards_leadership.go:910.70,917.2 1 0
github.com/khryptorgraphics/novacron/backend/community/standards/standards_leadership.go:919.62,926.2 1 0
github.com/khryptorgraphics/novacron/backend/community/standards/standards_leadership.go:928.66,934.2 1 0
github.com/khryptorgraphics/novacron/backend/community/standards/standards_leadership.go:936.66,943.2 1 0
github.com/khryptorgraphics/novacron/backend/community/standards/standards_leadership.go:945.56,951.2 1 0
github.com/khryptorgraphics/novacron/backend/community/standards/standards_leadership.go:953.50,960.2 1 0
github.com/khryptorgraphics/novacron/backend/community/standards/standards_leadership.go:963.78,976.2 3 0
github.com/khryptorgraphics/novacron/backend/community/standards/standards_leadership.go:978.87,982.36 3 0
github.com/khryptorgraphics/novacron/backend/community/standards/standards_leadership.go:982.36,986.3 3 0
github.com/khryptorgraphics/novacron/backend/community/standards/standards_leadership.go:987.2,987.12 1 0
github.com/khryptorgraphics/novacron/backend/community/standards/standards_leadership.go:990.77,1002.2 5 0
github.com/khryptorgraphics/novacron/backend/community/standards/standards_leadership.go:1004.94,1006.2 1 0
github.com/khryptorgraphics/novacron/backend/community/standards/standards_leadership.go:1008.92,1010.2 1 0
github.com/khryptorgraphics/novacron/backend/community/standards/standards_leadership.go:1012.86,1014.2 1 0
github.com/khryptorgraphics/novacron/backend/community/standards/standards_leadership.go:1016.80,1018.2 1 0
github.com/khryptorgraphics/novacron/backend/community/standards/standards_leadership.go:1020.75,1022.2 1 0
github.com/khryptorgraphics/novacron/backend/business/validation/metrics_validator.go:70.46,105.2 2 0
github.com/khryptorgraphics/novacron/backend/business/validation/metrics_validator.go:108.111,115.23 5 0
github.com/khryptorgraphics/novacron/backend/business/validation/metrics_validator.go:115.23,117.3 1 0
github.com/khryptorgraphics/novacron/backend/business/validation/metrics_validator.go:117.8,117.30 1 0
github.com/khryptorgraphics/novacron/backend/business/validation/metrics_validator.go:117.30,119.3 1 0
github.com/khryptorgraphics/novacron/backend/business/validation/metrics_validator.go:119.8,119.30 1 0
github.com/khryptorgraphics/novacron/backend/business/validation/metrics_validator.go:119.30,121.3 1 0
github.com/khryptorgraphics/novacron/backend/business/validation/metrics_validator.go:123.2,126.26 3 0
github.com/khryptorgraphics/novacron/backend/business/validation/metrics_validator.go:126.26,135.3 1 0
github.com/khryptorgraphics/novacron/backend/business/validation/metrics_validator.go:137.2,150.15 3 0
github.com/khryptorgraphics/novacron/backend/business/validation/metrics_validator.go:154.115,161.26 5 0
github.com/khryptorgraphics/novacron/backend/business/validation/metrics_validator.go:161.26,163.3 1 0
github.com/khryptorgraphics/novacron/backend/business/validation/metrics_validator.go:163.8,163.33 1 0
github.com/khryptorgraphics/novacron/backend/business/validation/metrics_validator.go:163.33,165.3 1 0
github.com/khryptorgraphics/novacron/backend/business/validation/metrics_validator.go:165.8,165.33 1 0
github.com/khryptorgraphics/novacron/backend/business/validation/metrics_validator.go:165.33,167.3 1 0
github.com/khryptorgraphics/novacron/backend/business/validation/metrics_validator.go:169.2,172.26 3 0
github.com/khryptorgraphics/novacron/backend/business/validation/metrics_validator.go:172.26,181.3 1 0
github.com/khryptorgraphics/novacron/backend/business/validation/metrics_validator.go:183.2,196.15 3 0
github.com/khryptorgraphics/novacron/backend/business/validation/metrics_validator.go:200.94,207.25 5 0
github.com/khryptorgraphics/novacron/backend/business/validation/metrics_validator.go:207.25,209.3 1 0
github.com/khryptorgraphics/novacron/backend/business/validation/metrics_validator.go:209.8,209.32 1 0
github.com/khryptorgraphics/novacron/backend/business/validation/metrics_validator.go:209.32,211.3 1 0
github.com/khryptorgraphics/novacron/backend/business/validation/metrics_validator.go:211.8,211.32 1 0
github.com/khryptorgraphics/novacron/backend/business/validation/metrics_validator.go:211.32,213.3 1 0
github.com/khryptorgraphics/novacron/backend/business/validation/metrics_validator.go:215.2,219.26 4 0
github.com/khryptorgraphics/novacron/backend/business/validation/metrics_validator.go:219.26,228.3 1 0
github.com/khryptorgraphics/novacron/backend/business/validation/metrics_validator.go:230.2,243.15 3 0
github.com/khryptorgraphics/novacron/backend/business/validation/metrics_validator.go:247.138,326.2 24 0
github.com/khryptorgraphics/novacron/backend/business/validation/metrics_validator.go:329.124,356.2 16 0
github.com/khryptorgraphics/novacron/backend/business/validation/metrics_validator.go:359.115,402.2 14 0
github.com/khryptorgraphics/novacron/backend/business/validation/metrics_validator.go:405.126,406.38 1 0
github.com/khryptorgraphics/novacron/backend/business/validation/metrics_validator.go:406.38,408.3 1 0
github.com/khryptorgraphics/novacron/backend/business/validation/metrics_validator.go:408.8,408.44 1 0
github.com/khryptorgraphics/novacron/backend/business/validation/metrics_validator.go:408.44,410.3 1 0
github.com/khryptorgraphics/novacron/backend/business/validation/metrics_validator.go:410.8,410.43 1 0
github.com/khryptorgraphics/novacron/backend/business/validation/metrics_validator.go:410.43,412.3 1 0
github.com/khryptorgraphics/novacron/backend/business/validation/metrics_validator.go:413.2,413.19 1 0
github.com/khryptorgraphics/novacron/backend/business/validation/metrics_validator.go:417.112,423.26 5 0
github.com/khryptorgraphics/novacron/backend/business/validation/metrics_validator.go:423.26,428.3 1 0
github.com/khryptorgraphics/novacron/backend/business/validation/metrics_validator.go:430.2,440.3 1 0
github.com/khryptorgraphics/novacron/backend/business/validation/metrics_validator.go:444.105,445.21 1 0
github.com/khryptorgraphics/novacron/backend/business/validation/metrics_validator.go:445.21,447.3 1 0
github.com/khryptorgraphics/novacron/backend/business/validation/metrics_validator.go:449.2,456.79 2 0
github.com/khryptorgraphics/novacron/backend/business/validation/metrics_validator.go:460.73,470.43 7 0
github.com/khryptorgraphics/novacron/backend/business/validation/metrics_validator.go:470.43,471.28 1 0
github.com/khryptorgraphics/novacron/backend/business/validation/metrics_validator.go:472.19,473.14 1 0
github.com/khryptorgraphics/novacron/backend/business/validation/metrics_validator.go:474.19,475.13 1 0
github.com/khryptorgraphics/novacron/backend/business/validation/metrics_validator.go:476.18,477.12 1 0
github.com/khryptorgraphics/novacron/backend/business/validation/metrics_validator.go:478.19,479.14 1 0
github.com/khryptorgraphics/novacron/backend/business/validation/metrics_validator.go:483.2,484.34 2 0
github.com/khryptorgraphics/novacron/backend/business/validation/metrics_validator.go:484.34,486.3 1 0
github.com/khryptorgraphics/novacron/backend/business/validation/metrics_validator.go:486.8,486.26 1 0
github.com/khryptorgraphics/novacron/backend/business/validation/metrics_validator.go:486.26,488.3 1 0
github.com/khryptorgraphics/novacron/backend/business/validation/metrics_validator.go:488.8,488.26 1 0
github.com/khryptorgraphics/novacron/backend/business/validation/metrics_validator.go:488.26,490.3 1 0
github.com/khryptorgraphics/novacron/backend/business/validation/metrics_validator.go:492.2,503.3 1 0
github.com/khryptorgraphics/novacron/backend/business/validation/metrics_validator.go:524.63,527.2 2 0
github.com/khryptorgraphics/novacron/backend/business/validation/metrics_validator.go:530.42,533.2 2 0
github.com/khryptorgraphics/novacron/backend/deployment/gitops/workflow_engine.go:324.19,338.2 2 0
github.com/khryptorgraphics/novacron/backend/deployment/gitops/workflow_engine.go:347.28,369.25 6 0
github.com/khryptorgraphics/novacron/backend/deployment/gitops/workflow_engine.go:369.25,372.3 2 0
github.com/khryptorgraphics/novacron/backend/deployment/gitops/workflow_engine.go:375.2,375.56 1 0
github.com/khryptorgraphics/novacron/backend/deployment/gitops/workflow_engine.go:375.56,378.3 2 0
github.com/khryptorgraphics/novacron/backend/deployment/gitops/workflow_engine.go:380.2,380.22 1 0
github.com/khryptorgraphics/novacron/backend/deployment/gitops/workflow_engine.go:384.67,387.13 3 0
github.com/khryptorgraphics/novacron/backend/deployment/gitops/workflow_engine.go:387.13,390.3 2 0
github.com/khryptorgraphics/novacron/backend/deployment/gitops/workflow_engine.go:391.2,394.31 2 0
github.com/khryptorgraphics/novacron/backend/deployment/gitops/workflow_engine.go:394.31,397.17 2 0
github.com/khryptorgraphics/novacron/backend/deployment/gitops/workflow_engine.go:397.17,399.4 1 0
github.com/khryptorgraphics/novacron/backend/deployment/gitops/workflow_engine.go:402.3,403.41 2 0
github.com/khryptorgraphics/novacron/backend/deployment/gitops/workflow_engine.go:403.41,405.18 2 0
github.com/khryptorgraphics/novacron/backend/deployment/gitops/workflow_engine.go:405.18,407.5 1 0
github.com/khryptorgraphics/novacron/backend/deployment/gitops/workflow_engine.go:411.3,412.17 2 0
github.com/khryptorgraphics/novacron/backend/deployment/gitops/workflow_engine.go:412.17,414.4 1 0
github.com/khryptorgraphics/novacron/backend/deployment/gitops/workflow_engine.go:416.3,421.13 5 0
github.com/khryptorgraphics/novacron/backend/deployment/gitops/workflow_engine.go:425.2,425.37 1 0
github.com/khryptorgraphics/novacron/backend/deployment/gitops/workflow_engine.go:429.101,432.13 3 0
github.com/khryptorgraphics/novacron/backend/deployment/gitops/workflow_engine.go:432.13,435.3 2 0
github.com/khryptorgraphics/novacron/backend/deployment/gitops/workflow_engine.go:437.2,437.34 1 0
github.com/khryptorgraphics/novacron/backend/deployment/gitops/workflow_engine.go:437.34,440.3 2 0
github.com/khryptorgraphics/novacron/backend/deployment/gitops/workflow_engine.go:442.2,446.101 3 0
github.com/khryptorgraphics/novacron/backend/deployment/gitops/workflow_engine.go:446.101,448.3 1 0
github.com/khryptorgraphics/novacron/backend/deployment/gitops/workflow_engine.go:451.2,462.37 9 0
github.com/khryptorgraphics/novacron/backend/deployment/gitops/workflow_engine.go:466.66,469.13 3 0
github.com/khryptorgraphics/novacron/backend/deployment/gitops/workflow_engine.go:469.13,472.3 2 0
github.com/khryptorgraphics/novacron/backend/deployment/gitops/workflow_engine.go:473.2,480.89 5 0
github.com/khryptorgraphics/novacron/backend/deployment/gitops/workflow_engine.go:480.89,485.3 4 0
github.com/khryptorgraphics/novacron/backend/deployment/gitops/workflow_engine.go:488.2,488.50 1 0
github.com/khryptorgraphics/novacron/backend/deployment/gitops/workflow_engine.go:488.50,507.72 2 0
github.com/khryptorgraphics/novacron/backend/deployment/gitops/workflow_engine.go:507.72,509.4 1 0
github.com/khryptorgraphics/novacron/backend/deployment/gitops/workflow_engine.go:512.3,513.89 2 0
github.com/khryptorgraphics/novacron/backend/deployment/gitops/workflow_engine.go:513.89,515.4 1 0
github.com/khryptorgraphics/novacron/backend/deployment/gitops/workflow_engine.go:517.3,519.17 3 0
github.com/khryptorgraphics/novacron/backend/deployment/gitops/workflow_engine.go:523.2,530.12 7 0
github.com/khryptorgraphics/novacron/backend/deployment/gitops/workflow_engine.go:534.59,539.6 3 0
github.com/khryptorgraphics/novacron/backend/deployment/gitops/workflow_engine.go:539.6,540.10 1 0
github.com/khryptorgraphics/novacron/backend/deployment/gitops/workflow_engine.go:541.35,544.14 3 0
github.com/khryptorgraphics/novacron/backend/deployment/gitops/workflow_engine.go:544.14,548.61 2 0
github.com/khryptorgraphics/novacron/backend/deployment/gitops/workflow_engine.go:548.61,549.47 1 0
github.com/khryptorgraphics/novacron/backend/deployment/gitops/workflow_engine.go:549.47,551.7 1 0
github.com/khryptorgraphics/novacron/backend/deployment/gitops/workflow_engine.go:554.4,554.18 1 0
github.com/khryptorgraphics/novacron/backend/deployment/gitops/workflow_engine.go:556.24,557.10 1 0
github.com/khryptorgraphics/novacron/backend/deployment/gitops/workflow_engine.go:563.55,568.13 4 0
github.com/khryptorgraphics/novacron/backend/deployment/gitops/workflow_engine.go:568.13,571.3 2 0
github.com/khryptorgraphics/novacron/backend/deployment/gitops/workflow_engine.go:572.2,578.6 5 0
github.com/khryptorgraphics/novacron/backend/deployment/gitops/workflow_engine.go:578.6,579.10 1 0
github.com/khryptorgraphics/novacron/backend/deployment/gitops/workflow_engine.go:580.19,581.52 1 0
github.com/khryptorgraphics/novacron/backend/deployment/gitops/workflow_engine.go:583.24,584.10 1 0
github.com/khryptorgraphics/novacron/backend/deployment/gitops/workflow_engine.go:590.83,595.13 4 0
github.com/khryptorgraphics/novacron/backend/deployment/gitops/workflow_engine.go:595.13,597.3 1 0
github.com/khryptorgraphics/novacron/backend/deployment/gitops/workflow_engine.go:599.2,599.22 1 0
github.com/khryptorgraphics/novacron/backend/deployment/gitops/workflow_engine.go:603.61,608.40 4 0
github.com/khryptorgraphics/novacron/backend/deployment/gitops/workflow_engine.go:608.40,610.3 1 0
github.com/khryptorgraphics/novacron/backend/deployment/gitops/workflow_engine.go:612.2,612.18 1 0
github.com/khryptorgraphics/novacron/backend/deployment/gitops/workflow_engine.go:616.63,620.12 3 0
github.com/khryptorgraphics/novacron/backend/deployment/gitops/workflow_engine.go:620.12,623.3 2 0
github.com/khryptorgraphics/novacron/backend/deployment/gitops/workflow_engine.go:625.2,625.9 1 0
github.com/khryptorgraphics/novacron/backend/deployment/gitops/workflow_engine.go:626.14,627.13 1 0
github.com/khryptorgraphics/novacron/backend/deployment/gitops/workflow_engine.go:628.20,629.49 1 0
github.com/khryptorgraphics/novacron/backend/deployment/gitops/workflow_engine.go:634.45,638.2 3 0
github.com/khryptorgraphics/novacron/backend/deployment/gitops/workflow_engine.go:641.57,651.2 2 0
github.com/khryptorgraphics/novacron/backend/community/analytics/innovation_metrics.go:265.66,277.2 3 0
github.com/khryptorgraphics/novacron/backend/community/analytics/innovation_metrics.go:280.67,282.26 1 0
github.com/khryptorgraphics/novacron/backend/community/analytics/innovation_metrics.go:282.26,390.3 5 0
github.com/khryptorgraphics/novacron/backend/community/analytics/innovation_metrics.go:394.126,429.2 11 0
github.com/khryptorgraphics/novacron/backend/community/analytics/innovation_metrics.go:432.138,438.13 5 0
github.com/khryptorgraphics/novacron/backend/community/analytics/innovation_metrics.go:438.13,440.3 1 0
github.com/khryptorgraphics/novacron/backend/community/analytics/innovation_metrics.go:442.2,442.21 1 0
github.com/khryptorgraphics/novacron/backend/community/analytics/innovation_metrics.go:446.142,451.76 4 0
github.com/khryptorgraphics/novacron/backend/community/analytics/innovation_metrics.go:451.76,452.45 1 0
github.com/khryptorgraphics/novacron/backend/community/analytics/innovation_metrics.go:452.45,454.4 1 0
github.com/khryptorgraphics/novacron/backend/community/analytics/innovation_metrics.go:457.2,457.20 1 0
github.com/khryptorgraphics/novacron/backend/community/analytics/innovation_metrics.go:461.97,466.2 3 0
github.com/khryptorgraphics/novacron/backend/community/analytics/innovation_metrics.go:469.130,474.16 4 0
github.com/khryptorgraphics/novacron/backend/community/analytics/innovation_metrics.go:474.16,476.3 1 0
github.com/khryptorgraphics/novacron/backend/community/analytics/innovation_metrics.go:478.2,485.45 2 0
github.com/khryptorgraphics/novacron/backend/community/analytics/innovation_metrics.go:489.116,490.16 1 0
github.com/khryptorgraphics/novacron/backend/community/analytics/innovation_metrics.go:491.19,493.39 2 0
github.com/khryptorgraphics/novacron/backend/community/analytics/innovation_metrics.go:494.20,496.39 2 0
github.com/khryptorgraphics/novacron/backend/community/analytics/innovation_metrics.go:497.21,499.39 2 0
github.com/khryptorgraphics/novacron/backend/community/analytics/innovation_metrics.go:500.23,503.39 3 0
github.com/khryptorgraphics/novacron/backend/community/analytics/innovation_metrics.go:504.20,506.39 2 0
github.com/khryptorgraphics/novacron/backend/community/analytics/innovation_metrics.go:508.2,508.19 1 0
github.com/khryptorgraphics/novacron/backend/community/analytics/innovation_metrics.go:512.92,515.18 3 0
github.com/khryptorgraphics/novacron/backend/community/analytics/innovation_metrics.go:515.18,517.3 1 0
github.com/khryptorgraphics/novacron/backend/community/analytics/innovation_metrics.go:519.2,520.16 2 0
github.com/khryptorgraphics/novacron/backend/community/analytics/innovation_metrics.go:520.16,522.3 1 0
github.com/khryptorgraphics/novacron/backend/community/analytics/innovation_metrics.go:522.8,522.23 1 0
github.com/khryptorgraphics/novacron/backend/community/analytics/innovation_metrics.go:522.23,524.3 1 0
github.com/khryptorgraphics/novacron/backend/community/analytics/innovation_metrics.go:526.2,532.3 1 0
github.com/khryptorgraphics/novacron/backend/deployment/bluegreen/orchestrator.go:325.26,338.2 2 0
github.com/khryptorgraphics/novacron/backend/deployment/bluegreen/orchestrator.go:344.33,384.2 9 0
github.com/khryptorgraphics/novacron/backend/deployment/bluegreen/orchestrator.go:400.9,403.13 3 0
github.com/khryptorgraphics/novacron/backend/deployment/bluegreen/orchestrator.go:403.13,406.3 2 0
github.com/khryptorgraphics/novacron/backend/deployment/bluegreen/orchestrator.go:407.2,412.16 4 0
github.com/khryptorgraphics/novacron/backend/deployment/bluegreen/orchestrator.go:412.16,414.3 1 0
github.com/khryptorgraphics/novacron/backend/deployment/bluegreen/orchestrator.go:416.2,421.85 4 0
github.com/khryptorgraphics/novacron/backend/deployment/bluegreen/orchestrator.go:421.85,422.73 1 0
github.com/khryptorgraphics/novacron/backend/deployment/bluegreen/orchestrator.go:422.73,424.4 1 0
github.com/khryptorgraphics/novacron/backend/deployment/bluegreen/orchestrator.go:428.2,428.68 1 0
github.com/khryptorgraphics/novacron/backend/deployment/bluegreen/orchestrator.go:428.68,430.3 1 0
github.com/khryptorgraphics/novacron/backend/deployment/bluegreen/orchestrator.go:433.2,433.70 1 0
github.com/khryptorgraphics/novacron/backend/deployment/bluegreen/orchestrator.go:433.70,435.3 1 0
github.com/khryptorgraphics/novacron/backend/deployment/bluegreen/orchestrator.go:438.2,438.54 1 0
github.com/khryptorgraphics/novacron/backend/deployment/bluegreen/orchestrator.go:438.54,440.3 1 0
github.com/khryptorgraphics/novacron/backend/deployment/bluegreen/orchestrator.go:443.2,443.43 1 0
github.com/khryptorgraphics/novacron/backend/deployment/bluegreen/orchestrator.go:451.25,460.16 7 0
github.com/khryptorgraphics/novacron/backend/deployment/bluegreen/orchestrator.go:460.16,462.3 1 0
github.com/khryptorgraphics/novacron/backend/deployment/bluegreen/orchestrator.go:464.2,465.17 2 0
github.com/khryptorgraphics/novacron/backend/deployment/bluegreen/orchestrator.go:472.9,480.16 5 0
github.com/khryptorgraphics/novacron/backend/deployment/bluegreen/orchestrator.go:480.16,482.3 1 0
github.com/khryptorgraphics/novacron/backend/deployment/bluegreen/orchestrator.go:485.2,486.16 2 0
github.com/khryptorgraphics/novacron/backend/deployment/bluegreen/orchestrator.go:486.16,488.3 1 0
github.com/khryptorgraphics/novacron/backend/deployment/bluegreen/orchestrator.go:491.2,491.76 1 0
github.com/khryptorgraphics/novacron/backend/deployment/bluegreen/orchestrator.go:491.76,495.3 2 0
github.com/khryptorgraphics/novacron/backend/deployment/bluegreen/orchestrator.go:497.2,501.12 4 0
github.com/khryptorgraphics/novacron/backend/deployment/bluegreen/orchestrator.go:508.9,525.81 8 0
github.com/khryptorgraphics/novacron/backend/deployment/bluegreen/orchestrator.go:525.81,527.3 1 0
github.com/khryptorgraphics/novacron/backend/deployment/bluegreen/orchestrator.go:530.2,530.90 1 0
github.com/khryptorgraphics/novacron/backend/deployment/bluegreen/orchestrator.go:530.90,532.3 1 0
github.com/khryptorgraphics/novacron/backend/deployment/bluegreen/orchestrator.go:534.2,538.12 4 0
github.com/khryptorgraphics/novacron/backend/deployment/bluegreen/orchestrator.go:545.9,555.16 7 0
github.com/khryptorgraphics/novacron/backend/deployment/bluegreen/orchestrator.go:555.16,557.3 1 0
github.com/khryptorgraphics/novacron/backend/deployment/bluegreen/orchestrator.go:560.2,561.31 2 0
github.com/khryptorgraphics/novacron/backend/deployment/bluegreen/orchestrator.go:561.31,562.20 1 0
github.com/khryptorgraphics/novacron/backend/deployment/bluegreen/orchestrator.go:562.20,564.9 2 0
github.com/khryptorgraphics/novacron/backend/deployment/bluegreen/orchestrator.go:568.2,568.16 1 0
github.com/khryptorgraphics/novacron/backend/deployment/bluegreen/orchestrator.go:568.16,570.3 1 0
github.com/khryptorgraphics/novacron/backend/deployment/bluegreen/orchestrator.go:572.2,577.12 5 0
github.com/khryptorgraphics/novacron/backend/deployment/bluegreen/orchestrator.go:581.88,590.23 7 0
github.com/khryptorgraphics/novacron/backend/deployment/bluegreen/orchestrator.go:591.25,592.44 1 0
github.com/khryptorgraphics/novacron/backend/deployment/bluegreen/orchestrator.go:593.25,594.44 1 0
github.com/khryptorgraphics/novacron/backend/deployment/bluegreen/orchestrator.go:595.27,596.46 1 0
github.com/khryptorgraphics/novacron/backend/deployment/bluegreen/orchestrator.go:597.10,598.62 1 0
github.com/khryptorgraphics/novacron/backend/deployment/bluegreen/orchestrator.go:606.9,608.92 1 0
github.com/khryptorgraphics/novacron/backend/deployment/bluegreen/orchestrator.go:608.92,610.3 1 0
github.com/khryptorgraphics/novacron/backend/deployment/bluegreen/orchestrator.go:612.2,623.50 6 0
github.com/khryptorgraphics/novacron/backend/deployment/bluegreen/orchestrator.go:630.9,639.31 2 0
github.com/khryptorgraphics/novacron/backend/deployment/bluegreen/orchestrator.go:639.31,640.88 1 0
github.com/khryptorgraphics/novacron/backend/deployment/bluegreen/orchestrator.go:640.88,642.4 1 0
github.com/khryptorgraphics/novacron/backend/deployment/bluegreen/orchestrator.go:644.3,652.97 5 0
github.com/khryptorgraphics/novacron/backend/deployment/bluegreen/orchestrator.go:652.97,655.4 1 0
github.com/khryptorgraphics/novacron/backend/deployment/bluegreen/orchestrator.go:658.2,663.50 5 0
github.com/khryptorgraphics/novacron/backend/deployment/bluegreen/orchestrator.go:670.9,677.96 2 0
github.com/khryptorgraphics/novacron/backend/deployment/bluegreen/orchestrator.go:677.96,679.3 1 0
github.com/khryptorgraphics/novacron/backend/deployment/bluegreen/orchestrator.go:681.2,692.6 8 0
github.com/khryptorgraphics/novacron/backend/deployment/bluegreen/orchestrator.go:692.6,693.10 1 0
github.com/khryptorgraphics/novacron/backend/deployment/bluegreen/orchestrator.go:694.31,695.25 1 0
github.com/khryptorgraphics/novacron/backend/deployment/bluegreen/orchestrator.go:695.25,698.5 2 0
github.com/khryptorgraphics/novacron/backend/deployment/bluegreen/orchestrator.go:700.31,702.25 1 0
github.com/khryptorgraphics/novacron/backend/deployment/bluegreen/orchestrator.go:702.25,705.5 1 0
github.com/khryptorgraphics/novacron/backend/deployment/bluegreen/orchestrator.go:706.4,706.42 1 0
github.com/khryptorgraphics/novacron/backend/deployment/bluegreen/orchestrator.go:715.9,721.24 5 0
github.com/khryptorgraphics/novacron/backend/deployment/bluegreen/orchestrator.go:721.24,723.3 1 0
github.com/khryptorgraphics/novacron/backend/deployment/bluegreen/orchestrator.go:725.2,725.100 1 0
github.com/khryptorgraphics/novacron/backend/deployment/bluegreen/orchestrator.go:729.93,738.2 6 0
github.com/khryptorgraphics/novacron/backend/deployment/bluegreen/orchestrator.go:745.9,751.91 4 0
github.com/khryptorgraphics/novacron/backend/deployment/bluegreen/orchestrator.go:751.91,753.3 1 0
github.com/khryptorgraphics/novacron/backend/deployment/bluegreen/orchestrator.go:755.2,765.58 5 0
github.com/khryptorgraphics/novacron/backend/deployment/bluegreen/orchestrator.go:765.58,766.116 1 0
github.com/khryptorgraphics/novacron/backend/deployment/bluegreen/orchestrator.go:766.116,768.4 1 0
github.com/khryptorgraphics/novacron/backend/deployment/bluegreen/orchestrator.go:772.2,772.102 1 0
github.com/khryptorgraphics/novacron/backend/deployment/bluegreen/orchestrator.go:772.102,774.3 1 0
github.com/khryptorgraphics/novacron/backend/deployment/bluegreen/orchestrator.go:776.2,782.12 6 0
github.com/khryptorgraphics/novacron/backend/deployment/bluegreen/orchestrator.go:786.100,791.13 4 0
github.com/khryptorgraphics/novacron/backend/deployment/bluegreen/orchestrator.go:791.13,793.3 1 0
github.com/khryptorgraphics/novacron/backend/deployment/bluegreen/orchestrator.go:795.2,795.24 1 0
github.com/khryptorgraphics/novacron/backend/deployment/bluegreen/orchestrator.go:799.76,804.45 4 0
github.com/khryptorgraphics/novacron/backend/deployment/bluegreen/orchestrator.go:804.45,806.3 1 0
github.com/khryptorgraphics/novacron/backend/deployment/bluegreen/orchestrator.go:808.2,808.20 1 0
github.com/khryptorgraphics/novacron/backend/deployment/bluegreen/orchestrator.go:812.71,816.12 3 0
github.com/khryptorgraphics/novacron/backend/deployment/bluegreen/orchestrator.go:816.12,819.3 2 0
github.com/khryptorgraphics/novacron/backend/deployment/bluegreen/orchestrator.go:821.2,821.9 1 0
github.com/khryptorgraphics/novacron/backend/deployment/bluegreen/orchestrator.go:822.14,823.13 1 0
github.com/khryptorgraphics/novacron/backend/deployment/bluegreen/orchestrator.go:824.20,825.49 1 0
github.com/khryptorgraphics/novacron/backend/deployment/bluegreen/orchestrator.go:830.53,840.2 2 0
github.com/khryptorgraphics/novacron/backend/corporate/strategy/planning.go:574.46,582.2 1 0
github.com/khryptorgraphics/novacron/backend/corporate/strategy/planning.go:585.88,596.2 7 0
github.com/khryptorgraphics/novacron/backend/corporate/strategy/planning.go:599.119,604.13 4 0
github.com/khryptorgraphics/novacron/backend/corporate/strategy/planning.go:604.13,606.3 1 0
github.com/khryptorgraphics/novacron/backend/corporate/strategy/planning.go:608.2,608.28 1 0
github.com/khryptorgraphics/novacron/backend/corporate/strategy/planning.go:608.28,609.33 1 0
github.com/khryptorgraphics/novacron/backend/corporate/strategy/planning.go:609.33,612.9 3 0
github.com/khryptorgraphics/novacron/backend/corporate/strategy/planning.go:616.2,619.12 3 0
github.com/khryptorgraphics/novacron/backend/corporate/strategy/planning.go:623.92,628.13 4 0
github.com/khryptorgraphics/novacron/backend/corporate/strategy/planning.go:628.13,630.3 1 0
github.com/khryptorgraphics/novacron/backend/corporate/strategy/planning.go:632.2,639.12 6 0
github.com/khryptorgraphics/novacron/backend/corporate/strategy/planning.go:643.124,648.13 4 0
github.com/khryptorgraphics/novacron/backend/corporate/strategy/planning.go:648.13,650.3 1 0
github.com/khryptorgraphics/novacron/backend/corporate/strategy/planning.go:652.2,659.12 6 0
github.com/khryptorgraphics/novacron/backend/corporate/strategy/planning.go:663.115,668.13 4 0
github.com/khryptorgraphics/novacron/backend/corporate/strategy/planning.go:668.13,670.3 1 0
github.com/khryptorgraphics/novacron/backend/corporate/strategy/planning.go:672.2,675.40 3 0
github.com/khryptorgraphics/novacron/backend/corporate/strategy/planning.go:675.40,677.3 1 0
github.com/khryptorgraphics/novacron/backend/corporate/strategy/planning.go:678.2,683.12 4 0
github.com/khryptorgraphics/novacron/backend/corporate/strategy/planning.go:687.103,692.13 4 0
github.com/khryptorgraphics/novacron/backend/corporate/strategy/planning.go:692.13,694.3 1 0
github.com/khryptorgraphics/novacron/backend/corporate/strategy/planning.go:696.2,704.23 2 0
github.com/khryptorgraphics/novacron/backend/corporate/strategy/planning.go:707.87,743.2 1 0
github.com/khryptorgraphics/novacron/backend/corporate/strategy/planning.go:745.81,749.47 2 0
github.com/khryptorgraphics/novacron/backend/corporate/strategy/planning.go:749.47,758.3 1 0
github.com/khryptorgraphics/novacron/backend/corporate/strategy/planning.go:760.2,760.19 1 0
github.com/khryptorgraphics/novacron/backend/corporate/strategy/planning.go:763.73,767.45 2 0
github.com/khryptorgraphics/novacron/backend/corporate/strategy/planning.go:767.45,778.3 1 0
github.com/khryptorgraphics/novacron/backend/corporate/strategy/planning.go:780.2,780.15 1 0
github.com/khryptorgraphics/novacron/backend/corporate/strategy/planning.go:783.91,787.51 2 0
github.com/khryptorgraphics/novacron/backend/corporate/strategy/planning.go:787.51,799.3 1 0
github.com/khryptorgraphics/novacron/backend/corporate/strategy/planning.go:801.2,801.24 1 0
github.com/khryptorgraphics/novacron/backend/corporate/strategy/planning.go:805.76,810.13 4 0
github.com/khryptorgraphics/novacron/backend/corporate/strategy/planning.go:810.13,812.3 1 0
github.com/khryptorgraphics/novacron/backend/corporate/strategy/planning.go:814.2,814.18 1 0
github.com/khryptorgraphics/novacron/backend/corporate/strategy/planning.go:818.58,822.2 3 0
github.com/khryptorgraphics/novacron/backend/corporate/strategy/planning.go:825.45,834.29 8 0
github.com/khryptorgraphics/novacron/backend/corporate/strategy/planning.go:834.29,835.29 1 0
github.com/khryptorgraphics/novacron/backend/corporate/strategy/planning.go:835.29,839.28 3 0
github.com/khryptorgraphics/novacron/backend/corporate/strategy/planning.go:839.28,841.5 1 0
github.com/khryptorgraphics/novacron/backend/corporate/strategy/planning.go:844.3,846.59 3 0
github.com/khryptorgraphics/novacron/backend/corporate/strategy/planning.go:849.2,849.32 1 0
github.com/khryptorgraphics/novacron/backend/corporate/strategy/planning.go:849.32,851.3 1 0
github.com/khryptorgraphics/novacron/backend/corporate/strategy/planning.go:853.2,853.23 1 0
github.com/khryptorgraphics/novacron/backend/corporate/strategy/planning.go:853.23,855.3 1 0
github.com/khryptorgraphics/novacron/backend/corporate/strategy/planning.go:858.2,858.96 1 0
github.com/khryptorgraphics/novacron/backend/corporate/strategy/planning.go:864.44,866.2 1 0
github.com/khryptorgraphics/novacron/backend/corporate/strategy/planning.go:871.48,873.2 1 0
github.com/khryptorgraphics/novacron/backend/corporate/strategy/planning.go:878.44,880.2 1 0
github.com/khryptorgraphics/novacron/backend/corporate/strategy/planning.go:883.60,895.29 4 0
github.com/khryptorgraphics/novacron/backend/corporate/strategy/planning.go:895.29,897.3 1 0
github.com/khryptorgraphics/novacron/backend/corporate/strategy/planning.go:899.2,899.43 1 0
github.com/khryptorgraphics/novacron/backend/deployment/canary/canary_controller.go:280.21,295.2 2 0
github.com/khryptorgraphics/novacron/backend/deployment/canary/canary_controller.go:298.82,302.25 3 0
github.com/khryptorgraphics/novacron/backend/deployment/canary/canary_controller.go:302.25,304.3 1 0
github.com/khryptorgraphics/novacron/backend/deployment/canary/canary_controller.go:306.2,306.56 1 0
github.com/khryptorgraphics/novacron/backend/deployment/canary/canary_controller.go:306.56,308.3 1 0
github.com/khryptorgraphics/novacron/backend/deployment/canary/canary_controller.go:311.2,311.33 1 0
github.com/khryptorgraphics/novacron/backend/deployment/canary/canary_controller.go:311.33,313.3 1 0
github.com/khryptorgraphics/novacron/backend/deployment/canary/canary_controller.go:316.2,328.12 9 0
github.com/khryptorgraphics/novacron/backend/deployment/canary/canary_controller.go:332.62,375.2 1 0
github.com/khryptorgraphics/novacron/backend/deployment/canary/canary_controller.go:378.72,381.13 3 0
github.com/khryptorgraphics/novacron/backend/deployment/canary/canary_controller.go:381.13,384.3 2 0
github.com/khryptorgraphics/novacron/backend/deployment/canary/canary_controller.go:385.2,388.59 2 0
github.com/khryptorgraphics/novacron/backend/deployment/canary/canary_controller.go:388.59,389.84 1 0
github.com/khryptorgraphics/novacron/backend/deployment/canary/canary_controller.go:389.84,391.4 1 0
github.com/khryptorgraphics/novacron/backend/deployment/canary/canary_controller.go:395.2,395.38 1 0
github.com/khryptorgraphics/novacron/backend/deployment/canary/canary_controller.go:395.38,396.54 1 0
github.com/khryptorgraphics/novacron/backend/deployment/canary/canary_controller.go:396.54,397.15 1 0
github.com/khryptorgraphics/novacron/backend/deployment/canary/canary_controller.go:397.15,398.80 1 0
github.com/khryptorgraphics/novacron/backend/deployment/canary/canary_controller.go:398.80,400.6 1 0
github.com/khryptorgraphics/novacron/backend/deployment/canary/canary_controller.go:406.2,410.45 4 0
github.com/khryptorgraphics/novacron/backend/deployment/canary/canary_controller.go:414.76,417.13 3 0
github.com/khryptorgraphics/novacron/backend/deployment/canary/canary_controller.go:417.13,420.3 2 0
github.com/khryptorgraphics/novacron/backend/deployment/canary/canary_controller.go:422.2,422.55 1 0
github.com/khryptorgraphics/novacron/backend/deployment/canary/canary_controller.go:422.55,425.3 2 0
github.com/khryptorgraphics/novacron/backend/deployment/canary/canary_controller.go:427.2,431.98 3 0
github.com/khryptorgraphics/novacron/backend/deployment/canary/canary_controller.go:431.98,433.3 1 0
github.com/khryptorgraphics/novacron/backend/deployment/canary/canary_controller.go:436.2,441.6 5 0
github.com/khryptorgraphics/novacron/backend/deployment/canary/canary_controller.go:441.6,442.10 1 0
github.com/khryptorgraphics/novacron/backend/deployment/canary/canary_controller.go:443.18,445.57 1 0
github.com/khryptorgraphics/novacron/backend/deployment/canary/canary_controller.go:445.57,447.5 1 0
github.com/khryptorgraphics/novacron/backend/deployment/canary/canary_controller.go:449.4,453.47 4 0
github.com/khryptorgraphics/novacron/backend/deployment/canary/canary_controller.go:455.19,457.60 1 0
github.com/khryptorgraphics/novacron/backend/deployment/canary/canary_controller.go:457.60,459.5 1 0
github.com/khryptorgraphics/novacron/backend/deployment/canary/canary_controller.go:461.24,462.45 1 0
github.com/khryptorgraphics/novacron/backend/deployment/canary/canary_controller.go:468.70,471.13 3 0
github.com/khryptorgraphics/novacron/backend/deployment/canary/canary_controller.go:471.13,474.3 2 0
github.com/khryptorgraphics/novacron/backend/deployment/canary/canary_controller.go:476.2,476.55 1 0
github.com/khryptorgraphics/novacron/backend/deployment/canary/canary_controller.go:476.55,479.3 2 0
github.com/khryptorgraphics/novacron/backend/deployment/canary/canary_controller.go:481.2,486.16 4 0
github.com/khryptorgraphics/novacron/backend/deployment/canary/canary_controller.go:486.16,488.3 1 0
github.com/khryptorgraphics/novacron/backend/deployment/canary/canary_controller.go:491.2,492.16 2 0
github.com/khryptorgraphics/novacron/backend/deployment/canary/canary_controller.go:492.16,494.3 1 0
github.com/khryptorgraphics/novacron/backend/deployment/canary/canary_controller.go:497.2,500.46 2 0
github.com/khryptorgraphics/novacron/backend/deployment/canary/canary_controller.go:500.46,502.3 1 0
github.com/khryptorgraphics/novacron/backend/deployment/canary/canary_controller.go:504.2,504.46 1 0
github.com/khryptorgraphics/novacron/backend/deployment/canary/canary_controller.go:504.46,506.3 1 0
github.com/khryptorgraphics/novacron/backend/deployment/canary/canary_controller.go:508.2,508.41 1 0
github.com/khryptorgraphics/novacron/backend/deployment/canary/canary_controller.go:508.41,510.3 1 0
github.com/khryptorgraphics/novacron/backend/deployment/canary/canary_controller.go:513.2,513.37 1 0
github.com/khryptorgraphics/novacron/backend/deployment/canary/canary_controller.go:513.37,515.37 2 0
github.com/khryptorgraphics/novacron/backend/deployment/canary/canary_controller.go:515.37,516.38 1 0
github.com/khryptorgraphics/novacron/backend/deployment/canary/canary_controller.go:516.38,518.5 1 0
github.com/khryptorgraphics/novacron/backend/deployment/canary/canary_controller.go:523.2,530.59 6 0
github.com/khryptorgraphics/novacron/backend/deployment/canary/canary_controller.go:530.59,532.17 2 0
github.com/khryptorgraphics/novacron/backend/deployment/canary/canary_controller.go:532.17,534.4 1 0
github.com/khryptorgraphics/novacron/backend/deployment/canary/canary_controller.go:536.3,536.70 1 0
github.com/khryptorgraphics/novacron/backend/deployment/canary/canary_controller.go:536.70,538.4 1 0
github.com/khryptorgraphics/novacron/backend/deployment/canary/canary_controller.go:541.2,541.12 1 0
github.com/khryptorgraphics/novacron/backend/deployment/canary/canary_controller.go:545.73,548.13 3 0
github.com/khryptorgraphics/novacron/backend/deployment/canary/canary_controller.go:548.13,551.3 2 0
github.com/khryptorgraphics/novacron/backend/deployment/canary/canary_controller.go:552.2,556.16 3 0
github.com/khryptorgraphics/novacron/backend/deployment/canary/canary_controller.go:556.16,558.3 1 0
github.com/khryptorgraphics/novacron/backend/deployment/canary/canary_controller.go:560.2,560.27 1 0
github.com/khryptorgraphics/novacron/backend/deployment/canary/canary_controller.go:560.27,562.3 1 0
github.com/khryptorgraphics/novacron/backend/deployment/canary/canary_controller.go:565.2,566.16 2 0
github.com/khryptorgraphics/novacron/backend/deployment/canary/canary_controller.go:566.16,568.3 1 0
github.com/khryptorgraphics/novacron/backend/deployment/canary/canary_controller.go:570.2,570.29 1 0
github.com/khryptorgraphics/novacron/backend/deployment/canary/canary_controller.go:570.29,572.3 1 0
github.com/khryptorgraphics/novacron/backend/deployment/canary/canary_controller.go:575.2,576.16 2 0
github.com/khryptorgraphics/novacron/backend/deployment/canary/canary_controller.go:576.16,578.3 1 0
github.com/khryptorgraphics/novacron/backend/deployment/canary/canary_controller.go:581.2,581.43 1 0
github.com/khryptorgraphics/novacron/backend/deployment/canary/canary_controller.go:581.43,583.3 1 0
github.com/khryptorgraphics/novacron/backend/deployment/canary/canary_controller.go:585.2,585.57 1 0
github.com/khryptorgraphics/novacron/backend/deployment/canary/canary_controller.go:585.57,587.3 1 0
github.com/khryptorgraphics/novacron/backend/deployment/canary/canary_controller.go:589.2,589.12 1 0
github.com/khryptorgraphics/novacron/backend/deployment/canary/canary_controller.go:593.88,596.13 3 0
github.com/khryptorgraphics/novacron/backend/deployment/canary/canary_controller.go:596.13,599.3 2 0
github.com/khryptorgraphics/novacron/backend/deployment/canary/canary_controller.go:601.2,605.90 3 0
github.com/khryptorgraphics/novacron/backend/deployment/canary/canary_controller.go:605.90,607.3 1 0
github.com/khryptorgraphics/novacron/backend/deployment/canary/canary_controller.go:610.2,610.68 1 0
github.com/khryptorgraphics/novacron/backend/deployment/canary/canary_controller.go:610.68,612.3 1 0
github.com/khryptorgraphics/novacron/backend/deployment/canary/canary_controller.go:615.2,615.59 1 0
github.com/khryptorgraphics/novacron/backend/deployment/canary/canary_controller.go:615.59,617.3 1 0
github.com/khryptorgraphics/novacron/backend/deployment/canary/canary_controller.go:620.2,623.6 3 0
github.com/khryptorgraphics/novacron/backend/deployment/canary/canary_controller.go:623.6,624.10 1 0
github.com/khryptorgraphics/novacron/backend/deployment/canary/canary_controller.go:625.19,627.18 2 0
github.com/khryptorgraphics/novacron/backend/deployment/canary/canary_controller.go:627.18,629.5 1 0
github.com/khryptorgraphics/novacron/backend/deployment/canary/canary_controller.go:631.4,631.26 1 0
github.com/khryptorgraphics/novacron/backend/deployment/canary/canary_controller.go:631.26,632.23 1 0
github.com/khryptorgraphics/novacron/backend/deployment/canary/canary_controller.go:632.23,639.6 6 0
github.com/khryptorgraphics/novacron/backend/deployment/canary/canary_controller.go:640.5,640.41 1 0
github.com/khryptorgraphics/novacron/backend/deployment/canary/canary_controller.go:643.24,644.43 1 0
github.com/khryptorgraphics/novacron/backend/deployment/canary/canary_controller.go:650.75,653.13 3 0
github.com/khryptorgraphics/novacron/backend/deployment/canary/canary_controller.go:653.13,656.3 2 0
github.com/khryptorgraphics/novacron/backend/deployment/canary/canary_controller.go:658.2,664.59 5 0
github.com/khryptorgraphics/novacron/backend/deployment/canary/canary_controller.go:664.59,666.20 2 0
github.com/khryptorgraphics/novacron/backend/deployment/canary/canary_controller.go:666.20,669.4 2 0
github.com/khryptorgraphics/novacron/backend/deployment/canary/canary_controller.go:670.3,670.45 1 0
github.com/khryptorgraphics/novacron/backend/deployment/canary/canary_controller.go:673.2,673.12 1 0
github.com/khryptorgraphics/novacron/backend/deployment/canary/canary_controller.go:677.68,683.6 4 0
github.com/khryptorgraphics/novacron/backend/deployment/canary/canary_controller.go:683.6,684.10 1 0
github.com/khryptorgraphics/novacron/backend/deployment/canary/canary_controller.go:685.19,688.15 3 0
github.com/khryptorgraphics/novacron/backend/deployment/canary/canary_controller.go:688.15,691.5 2 0
github.com/khryptorgraphics/novacron/backend/deployment/canary/canary_controller.go:694.4,694.81 1 0
github.com/khryptorgraphics/novacron/backend/deployment/canary/canary_controller.go:694.81,697.5 2 0
github.com/khryptorgraphics/novacron/backend/deployment/canary/canary_controller.go:698.4,702.18 3 0
github.com/khryptorgraphics/novacron/backend/deployment/canary/canary_controller.go:702.18,706.5 3 0
github.com/khryptorgraphics/novacron/backend/deployment/canary/canary_controller.go:709.4,710.18 2 0
github.com/khryptorgraphics/novacron/backend/deployment/canary/canary_controller.go:710.18,717.5 5 0
github.com/khryptorgraphics/novacron/backend/deployment/canary/canary_controller.go:719.24,720.10 1 0
github.com/khryptorgraphics/novacron/backend/deployment/canary/canary_controller.go:726.91,731.13 4 0
github.com/khryptorgraphics/novacron/backend/deployment/canary/canary_controller.go:731.13,733.3 1 0
github.com/khryptorgraphics/novacron/backend/deployment/canary/canary_controller.go:736.2,737.29 2 0
github.com/khryptorgraphics/novacron/backend/deployment/canary/canary_controller.go:741.67,746.44 4 0
github.com/khryptorgraphics/novacron/backend/deployment/canary/canary_controller.go:746.44,749.3 2 0
github.com/khryptorgraphics/novacron/backend/deployment/canary/canary_controller.go:751.2,751.20 1 0
github.com/khryptorgraphics/novacron/backend/deployment/canary/canary_controller.go:755.72,760.13 4 0
github.com/khryptorgraphics/novacron/backend/deployment/canary/canary_controller.go:760.13,762.3 1 0
github.com/khryptorgraphics/novacron/backend/deployment/canary/canary_controller.go:764.2,764.44 1 0
github.com/khryptorgraphics/novacron/backend/deployment/canary/canary_controller.go:764.44,766.3 1 0
github.com/khryptorgraphics/novacron/backend/deployment/canary/canary_controller.go:768.2,769.12 2 0
github.com/khryptorgraphics/novacron/backend/deployment/canary/canary_controller.go:773.73,776.13 3 0
github.com/khryptorgraphics/novacron/backend/deployment/canary/canary_controller.go:776.13,779.3 2 0
github.com/khryptorgraphics/novacron/backend/deployment/canary/canary_controller.go:781.2,781.39 1 0
github.com/khryptorgraphics/novacron/backend/deployment/canary/canary_controller.go:781.39,784.3 2 0
github.com/khryptorgraphics/novacron/backend/deployment/canary/canary_controller.go:786.2,790.45 3 0
github.com/khryptorgraphics/novacron/backend/deployment/canary/canary_controller.go:794.73,796.2 1 0
github.com/khryptorgraphics/novacron/backend/deployment/canary/canary_controller.go:799.99,804.13 4 0
github.com/khryptorgraphics/novacron/backend/deployment/canary/canary_controller.go:804.13,806.3 1 0
github.com/khryptorgraphics/novacron/backend/deployment/canary/canary_controller.go:808.2,808.31 1 0
github.com/khryptorgraphics/novacron/backend/deployment/canary/canary_controller.go:808.31,810.3 1 0
github.com/khryptorgraphics/novacron/backend/deployment/canary/canary_controller.go:812.2,813.26 2 0
github.com/khryptorgraphics/novacron/backend/deployment/canary/canary_controller.go:817.91,822.13 4 0
github.com/khryptorgraphics/novacron/backend/deployment/canary/canary_controller.go:822.13,824.3 1 0
github.com/khryptorgraphics/novacron/backend/deployment/canary/canary_controller.go:826.2,826.37 1 0
github.com/khryptorgraphics/novacron/backend/deployment/canary/canary_controller.go:826.37,828.3 1 0
github.com/khryptorgraphics/novacron/backend/deployment/canary/canary_controller.go:830.2,831.26 2 0
github.com/khryptorgraphics/novacron/backend/deployment/canary/canary_controller.go:835.65,839.12 3 0
github.com/khryptorgraphics/novacron/backend/deployment/canary/canary_controller.go:839.12,842.3 2 0
github.com/khryptorgraphics/novacron/backend/deployment/canary/canary_controller.go:844.2,844.9 1 0
github.com/khryptorgraphics/novacron/backend/deployment/canary/canary_controller.go:845.14,846.13 1 0
github.com/khryptorgraphics/novacron/backend/deployment/canary/canary_controller.go:847.20,848.49 1 0
github.com/khryptorgraphics/novacron/backend/deployment/canary/canary_controller.go:853.59,854.20 1 0
github.com/khryptorgraphics/novacron/backend/deployment/canary/canary_controller.go:854.20,856.3 1 0
github.com/khryptorgraphics/novacron/backend/deployment/canary/canary_controller.go:859.2,878.50 7 0
github.com/khryptorgraphics/novacron/backend/deployment/canary/canary_controller.go:882.60,883.20 1 0
github.com/khryptorgraphics/novacron/backend/deployment/canary/canary_controller.go:883.20,885.3 1 0
github.com/khryptorgraphics/novacron/backend/deployment/canary/canary_controller.go:888.2,890.30 2 0
github.com/khryptorgraphics/novacron/backend/deployment/canary/canary_controller.go:890.30,892.3 1 0
github.com/khryptorgraphics/novacron/backend/deployment/canary/canary_controller.go:895.2,898.44 3 0
github.com/khryptorgraphics/novacron/backend/deployment/canary/canary_controller.go:902.60,903.20 1 0
github.com/khryptorgraphics/novacron/backend/deployment/canary/canary_controller.go:903.20,905.3 1 0
github.com/khryptorgraphics/novacron/backend/deployment/canary/canary_controller.go:908.2,908.66 1 0
github.com/khryptorgraphics/novacron/backend/deployment/canary/canary_controller.go:908.66,910.3 1 0
github.com/khryptorgraphics/novacron/backend/deployment/canary/canary_controller.go:912.2,912.12 1 0
github.com/khryptorgraphics/novacron/backend/deployment/canary/canary_controller.go:916.69,917.23 1 0
github.com/khryptorgraphics/novacron/backend/deployment/canary/canary_controller.go:917.23,919.3 1 0
github.com/khryptorgraphics/novacron/backend/deployment/canary/canary_controller.go:922.2,928.52 2 0
github.com/khryptorgraphics/novacron/backend/deployment/canary/canary_controller.go:928.52,930.3 1 0
github.com/khryptorgraphics/novacron/backend/deployment/canary/canary_controller.go:932.2,932.26 1 0
github.com/khryptorgraphics/novacron/backend/deployment/canary/canary_controller.go:932.26,935.3 1 0
github.com/khryptorgraphics/novacron/backend/deployment/canary/canary_controller.go:938.2,938.26 1 0
github.com/khryptorgraphics/novacron/backend/deployment/canary/canary_controller.go:938.26,940.3 1 0
github.com/khryptorgraphics/novacron/backend/deployment/canary/canary_controller.go:942.2,942.37 1 0
github.com/khryptorgraphics/novacron/backend/deployment/canary/canary_controller.go:946.59,954.27 2 0
github.com/khryptorgraphics/novacron/backend/deployment/canary/canary_controller.go:954.27,955.25 1 0
github.com/khryptorgraphics/novacron/backend/deployment/canary/canary_controller.go:955.25,957.5 1 0
github.com/khryptorgraphics/novacron/backend/deployment/canary/canary_controller.go:958.4,958.44 1 0
github.com/khryptorgraphics/novacron/backend/deployment/canary/canary_controller.go:964.44,966.2 1 0
github.com/khryptorgraphics/novacron/backend/deployment/canary/canary_controller.go:969.46,971.2 1 0
github.com/khryptorgraphics/novacron/backend/deployment/canary/canary_controller.go:974.44,976.2 1 0
github.com/khryptorgraphics/novacron/backend/deployment/progressive/rollout_manager.go:340.19,354.2 2 0
github.com/khryptorgraphics/novacron/backend/deployment/progressive/rollout_manager.go:361.32,380.16 6 0
github.com/khryptorgraphics/novacron/backend/deployment/progressive/rollout_manager.go:380.16,382.3 1 0
github.com/khryptorgraphics/novacron/backend/deployment/progressive/rollout_manager.go:383.2,391.21 5 0
github.com/khryptorgraphics/novacron/backend/deployment/progressive/rollout_manager.go:395.93,398.23 2 0
github.com/khryptorgraphics/novacron/backend/deployment/progressive/rollout_manager.go:399.26,400.47 1 0
github.com/khryptorgraphics/novacron/backend/deployment/progressive/rollout_manager.go:401.25,402.46 1 0
github.com/khryptorgraphics/novacron/backend/deployment/progressive/rollout_manager.go:403.25,404.46 1 0
github.com/khryptorgraphics/novacron/backend/deployment/progressive/rollout_manager.go:405.24,406.45 1 0
github.com/khryptorgraphics/novacron/backend/deployment/progressive/rollout_manager.go:407.10,408.72 1 0
github.com/khryptorgraphics/novacron/backend/deployment/progressive/rollout_manager.go:413.103,416.40 2 0
github.com/khryptorgraphics/novacron/backend/deployment/progressive/rollout_manager.go:416.40,418.3 1 0
github.com/khryptorgraphics/novacron/backend/deployment/progressive/rollout_manager.go:421.2,433.59 4 0
github.com/khryptorgraphics/novacron/backend/deployment/progressive/rollout_manager.go:433.59,442.3 1 0
github.com/khryptorgraphics/novacron/backend/deployment/progressive/rollout_manager.go:445.2,445.58 1 0
github.com/khryptorgraphics/novacron/backend/deployment/progressive/rollout_manager.go:445.58,454.3 1 0
github.com/khryptorgraphics/novacron/backend/deployment/progressive/rollout_manager.go:456.2,456.20 1 0
github.com/khryptorgraphics/novacron/backend/deployment/progressive/rollout_manager.go:460.102,463.40 2 0
github.com/khryptorgraphics/novacron/backend/deployment/progressive/rollout_manager.go:463.40,465.3 1 0
github.com/khryptorgraphics/novacron/backend/deployment/progressive/rollout_manager.go:467.2,467.51 1 0
github.com/khryptorgraphics/novacron/backend/deployment/progressive/rollout_manager.go:467.51,476.3 1 0
github.com/khryptorgraphics/novacron/backend/deployment/progressive/rollout_manager.go:478.2,478.20 1 0
github.com/khryptorgraphics/novacron/backend/deployment/progressive/rollout_manager.go:482.102,509.2 2 0
github.com/khryptorgraphics/novacron/backend/deployment/progressive/rollout_manager.go:512.101,539.2 2 0
github.com/khryptorgraphics/novacron/backend/deployment/progressive/rollout_manager.go:542.64,545.13 3 0
github.com/khryptorgraphics/novacron/backend/deployment/progressive/rollout_manager.go:545.13,548.3 2 0
github.com/khryptorgraphics/novacron/backend/deployment/progressive/rollout_manager.go:550.2,553.39 3 0
github.com/khryptorgraphics/novacron/backend/deployment/progressive/rollout_manager.go:557.68,560.13 3 0
github.com/khryptorgraphics/novacron/backend/deployment/progressive/rollout_manager.go:560.13,563.3 2 0
github.com/khryptorgraphics/novacron/backend/deployment/progressive/rollout_manager.go:565.2,565.49 1 0
github.com/khryptorgraphics/novacron/backend/deployment/progressive/rollout_manager.go:565.49,568.3 2 0
github.com/khryptorgraphics/novacron/backend/deployment/progressive/rollout_manager.go:570.2,579.39 6 0
github.com/khryptorgraphics/novacron/backend/deployment/progressive/rollout_manager.go:579.39,580.112 1 0
github.com/khryptorgraphics/novacron/backend/deployment/progressive/rollout_manager.go:580.112,582.4 1 0
github.com/khryptorgraphics/novacron/backend/deployment/progressive/rollout_manager.go:586.2,586.41 1 0
github.com/khryptorgraphics/novacron/backend/deployment/progressive/rollout_manager.go:586.41,587.117 1 0
github.com/khryptorgraphics/novacron/backend/deployment/progressive/rollout_manager.go:587.117,589.4 1 0
github.com/khryptorgraphics/novacron/backend/deployment/progressive/rollout_manager.go:593.2,598.6 5 0
github.com/khryptorgraphics/novacron/backend/deployment/progressive/rollout_manager.go:598.6,599.10 1 0
github.com/khryptorgraphics/novacron/backend/deployment/progressive/rollout_manager.go:600.18,602.43 1 0
github.com/khryptorgraphics/novacron/backend/deployment/progressive/rollout_manager.go:604.19,606.32 1 0
github.com/khryptorgraphics/novacron/backend/deployment/progressive/rollout_manager.go:606.32,607.63 1 0
github.com/khryptorgraphics/novacron/backend/deployment/progressive/rollout_manager.go:607.63,609.6 1 0
github.com/khryptorgraphics/novacron/backend/deployment/progressive/rollout_manager.go:612.24,613.42 1 0
github.com/khryptorgraphics/novacron/backend/deployment/progressive/rollout_manager.go:619.70,622.13 3 0
github.com/khryptorgraphics/novacron/backend/deployment/progressive/rollout_manager.go:622.13,625.3 2 0
github.com/khryptorgraphics/novacron/backend/deployment/progressive/rollout_manager.go:627.2,632.16 4 0
github.com/khryptorgraphics/novacron/backend/deployment/progressive/rollout_manager.go:632.16,634.3 1 0
github.com/khryptorgraphics/novacron/backend/deployment/progressive/rollout_manager.go:636.2,640.16 3 0
github.com/khryptorgraphics/novacron/backend/deployment/progressive/rollout_manager.go:640.16,642.3 1 0
github.com/khryptorgraphics/novacron/backend/deployment/progressive/rollout_manager.go:644.2,645.13 2 0
github.com/khryptorgraphics/novacron/backend/deployment/progressive/rollout_manager.go:645.13,649.3 3 0
github.com/khryptorgraphics/novacron/backend/deployment/progressive/rollout_manager.go:652.2,664.39 8 0
github.com/khryptorgraphics/novacron/backend/deployment/progressive/rollout_manager.go:668.73,671.13 3 0
github.com/khryptorgraphics/novacron/backend/deployment/progressive/rollout_manager.go:671.13,674.3 2 0
github.com/khryptorgraphics/novacron/backend/deployment/progressive/rollout_manager.go:675.2,679.16 3 0
github.com/khryptorgraphics/novacron/backend/deployment/progressive/rollout_manager.go:679.16,681.3 1 0
github.com/khryptorgraphics/novacron/backend/deployment/progressive/rollout_manager.go:684.2,692.32 5 0
github.com/khryptorgraphics/novacron/backend/deployment/progressive/rollout_manager.go:692.32,694.3 1 0
github.com/khryptorgraphics/novacron/backend/deployment/progressive/rollout_manager.go:696.2,696.12 1 0
github.com/khryptorgraphics/novacron/backend/deployment/progressive/rollout_manager.go:700.96,701.25 1 0
github.com/khryptorgraphics/novacron/backend/deployment/progressive/rollout_manager.go:702.30,703.42 1 0
github.com/khryptorgraphics/novacron/backend/deployment/progressive/rollout_manager.go:704.26,705.53 1 0
github.com/khryptorgraphics/novacron/backend/deployment/progressive/rollout_manager.go:706.30,707.57 1 0
github.com/khryptorgraphics/novacron/backend/deployment/progressive/rollout_manager.go:708.29,710.13 1 0
github.com/khryptorgraphics/novacron/backend/deployment/progressive/rollout_manager.go:711.29,713.13 1 0
github.com/khryptorgraphics/novacron/backend/deployment/progressive/rollout_manager.go:714.10,715.68 1 0
github.com/khryptorgraphics/novacron/backend/deployment/progressive/rollout_manager.go:720.83,723.13 3 0
github.com/khryptorgraphics/novacron/backend/deployment/progressive/rollout_manager.go:723.13,726.3 2 0
github.com/khryptorgraphics/novacron/backend/deployment/progressive/rollout_manager.go:728.2,743.12 9 0
github.com/khryptorgraphics/novacron/backend/deployment/progressive/rollout_manager.go:747.67,750.13 3 0
github.com/khryptorgraphics/novacron/backend/deployment/progressive/rollout_manager.go:750.13,753.3 2 0
github.com/khryptorgraphics/novacron/backend/deployment/progressive/rollout_manager.go:755.2,763.12 6 0
github.com/khryptorgraphics/novacron/backend/deployment/progressive/rollout_manager.go:767.79,772.13 4 0
github.com/khryptorgraphics/novacron/backend/deployment/progressive/rollout_manager.go:772.13,774.3 1 0
github.com/khryptorgraphics/novacron/backend/deployment/progressive/rollout_manager.go:776.2,779.12 3 0
github.com/khryptorgraphics/novacron/backend/deployment/progressive/rollout_manager.go:783.65,786.13 3 0
github.com/khryptorgraphics/novacron/backend/deployment/progressive/rollout_manager.go:786.13,789.3 2 0
github.com/khryptorgraphics/novacron/backend/deployment/progressive/rollout_manager.go:791.2,791.43 1 0
github.com/khryptorgraphics/novacron/backend/deployment/progressive/rollout_manager.go:791.43,794.3 2 0
github.com/khryptorgraphics/novacron/backend/deployment/progressive/rollout_manager.go:796.2,800.39 4 0
github.com/khryptorgraphics/novacron/backend/deployment/progressive/rollout_manager.go:804.60,810.6 4 0
github.com/khryptorgraphics/novacron/backend/deployment/progressive/rollout_manager.go:810.6,811.10 1 0
github.com/khryptorgraphics/novacron/backend/deployment/progressive/rollout_manager.go:812.19,815.15 3 0
github.com/khryptorgraphics/novacron/backend/deployment/progressive/rollout_manager.go:815.15,818.5 2 0
github.com/khryptorgraphics/novacron/backend/deployment/progressive/rollout_manager.go:821.4,821.89 1 0
github.com/khryptorgraphics/novacron/backend/deployment/progressive/rollout_manager.go:821.89,824.5 2 0
github.com/khryptorgraphics/novacron/backend/deployment/progressive/rollout_manager.go:825.4,829.18 3 0
github.com/khryptorgraphics/novacron/backend/deployment/progressive/rollout_manager.go:829.18,833.5 3 0
github.com/khryptorgraphics/novacron/backend/deployment/progressive/rollout_manager.go:836.4,837.18 2 0
github.com/khryptorgraphics/novacron/backend/deployment/progressive/rollout_manager.go:837.18,842.5 4 0
github.com/khryptorgraphics/novacron/backend/deployment/progressive/rollout_manager.go:844.24,845.10 1 0
github.com/khryptorgraphics/novacron/backend/deployment/progressive/rollout_manager.go:851.85,856.13 4 0
github.com/khryptorgraphics/novacron/backend/deployment/progressive/rollout_manager.go:856.13,858.3 1 0
github.com/khryptorgraphics/novacron/backend/deployment/progressive/rollout_manager.go:860.2,860.21 1 0
github.com/khryptorgraphics/novacron/backend/deployment/progressive/rollout_manager.go:864.64,869.38 4 0
github.com/khryptorgraphics/novacron/backend/deployment/progressive/rollout_manager.go:869.38,871.3 1 0
github.com/khryptorgraphics/novacron/backend/deployment/progressive/rollout_manager.go:873.2,873.17 1 0
github.com/khryptorgraphics/novacron/backend/deployment/progressive/rollout_manager.go:877.63,881.12 3 0
github.com/khryptorgraphics/novacron/backend/deployment/progressive/rollout_manager.go:881.12,884.3 2 0
github.com/khryptorgraphics/novacron/backend/deployment/progressive/rollout_manager.go:886.2,886.9 1 0
github.com/khryptorgraphics/novacron/backend/deployment/progressive/rollout_manager.go:887.14,888.13 1 0
github.com/khryptorgraphics/novacron/backend/deployment/progressive/rollout_manager.go:889.20,890.49 1 0
github.com/khryptorgraphics/novacron/backend/deployment/progressive/rollout_manager.go:895.61,904.28 2 0
github.com/khryptorgraphics/novacron/backend/deployment/progressive/rollout_manager.go:904.28,905.27 1 0
github.com/khryptorgraphics/novacron/backend/deployment/progressive/rollout_manager.go:905.27,907.5 1 0
github.com/khryptorgraphics/novacron/backend/deployment/progressive/rollout_manager.go:908.4,908.61 1 0
github.com/khryptorgraphics/novacron/backend/deployment/progressive/rollout_manager.go:910.27,911.25 1 0
github.com/khryptorgraphics/novacron/backend/deployment/progressive/rollout_manager.go:911.25,913.5 1 0
github.com/khryptorgraphics/novacron/backend/deployment/progressive/rollout_manager.go:914.4,914.44 1 0
github.com/khryptorgraphics/novacron/backend/business/rev_ops/rev_ops_automation.go:382.65,396.2 1 0
github.com/khryptorgraphics/novacron/backend/business/rev_ops/rev_ops_automation.go:399.128,422.33 6 0
github.com/khryptorgraphics/novacron/backend/business/rev_ops/rev_ops_automation.go:422.33,425.3 2 0
github.com/khryptorgraphics/novacron/backend/business/rev_ops/rev_ops_automation.go:427.2,441.19 10 0
github.com/khryptorgraphics/novacron/backend/business/rev_ops/rev_ops_automation.go:445.56,449.2 1 0
github.com/khryptorgraphics/novacron/backend/business/rev_ops/rev_ops_automation.go:451.47,462.2 1 0
github.com/khryptorgraphics/novacron/backend/business/rev_ops/rev_ops_automation.go:464.55,469.2 1 0
github.com/khryptorgraphics/novacron/backend/business/rev_ops/rev_ops_automation.go:471.61,476.2 1 0
github.com/khryptorgraphics/novacron/backend/business/rev_ops/rev_ops_automation.go:479.67,493.2 3 0
github.com/khryptorgraphics/novacron/backend/business/rev_ops/rev_ops_automation.go:496.58,508.2 3 0
github.com/khryptorgraphics/novacron/backend/corporate/ecosystem/value.go:342.46,352.2 1 0
github.com/khryptorgraphics/novacron/backend/corporate/ecosystem/value.go:355.106,366.2 7 0
github.com/khryptorgraphics/novacron/backend/corporate/ecosystem/value.go:369.124,374.13 4 0
github.com/khryptorgraphics/novacron/backend/corporate/ecosystem/value.go:374.13,376.3 1 0
github.com/khryptorgraphics/novacron/backend/corporate/ecosystem/value.go:378.2,378.26 1 0
github.com/khryptorgraphics/novacron/backend/corporate/ecosystem/value.go:378.26,380.3 1 0
github.com/khryptorgraphics/novacron/backend/corporate/ecosystem/value.go:381.2,381.33 1 0
github.com/khryptorgraphics/novacron/backend/corporate/ecosystem/value.go:381.33,383.3 1 0
github.com/khryptorgraphics/novacron/backend/corporate/ecosystem/value.go:385.2,388.12 3 0
github.com/khryptorgraphics/novacron/backend/corporate/ecosystem/value.go:392.108,397.13 4 0
github.com/khryptorgraphics/novacron/backend/corporate/ecosystem/value.go:397.13,399.3 1 0
github.com/khryptorgraphics/novacron/backend/corporate/ecosystem/value.go:401.2,405.12 4 0
github.com/khryptorgraphics/novacron/backend/corporate/ecosystem/value.go:409.114,414.13 4 0
github.com/khryptorgraphics/novacron/backend/corporate/ecosystem/value.go:414.13,416.3 1 0
github.com/khryptorgraphics/novacron/backend/corporate/ecosystem/value.go:418.2,422.24 3 0
github.com/khryptorgraphics/novacron/backend/corporate/ecosystem/value.go:423.17,424.105 1 0
github.com/khryptorgraphics/novacron/backend/corporate/ecosystem/value.go:425.20,426.99 1 0
github.com/khryptorgraphics/novacron/backend/corporate/ecosystem/value.go:429.2,431.12 2 0
github.com/khryptorgraphics/novacron/backend/corporate/ecosystem/value.go:435.94,440.13 4 0
github.com/khryptorgraphics/novacron/backend/corporate/ecosystem/value.go:440.13,442.3 1 0
github.com/khryptorgraphics/novacron/backend/corporate/ecosystem/value.go:444.2,444.24 1 0
github.com/khryptorgraphics/novacron/backend/corporate/ecosystem/value.go:448.122,453.35 4 0
github.com/khryptorgraphics/novacron/backend/corporate/ecosystem/value.go:453.35,454.55 1 0
github.com/khryptorgraphics/novacron/backend/corporate/ecosystem/value.go:454.55,455.12 1 0
github.com/khryptorgraphics/novacron/backend/corporate/ecosystem/value.go:457.3,457.41 1 0
github.com/khryptorgraphics/novacron/backend/corporate/ecosystem/value.go:457.41,458.12 1 0
github.com/khryptorgraphics/novacron/backend/corporate/ecosystem/value.go:460.3,460.39 1 0
github.com/khryptorgraphics/novacron/backend/corporate/ecosystem/value.go:463.2,463.20 1 0
github.com/khryptorgraphics/novacron/backend/corporate/ecosystem/value.go:467.60,471.2 3 0
github.com/khryptorgraphics/novacron/backend/corporate/ecosystem/value.go:474.45,488.35 13 0
github.com/khryptorgraphics/novacron/backend/corporate/ecosystem/value.go:488.35,489.31 1 0
github.com/khryptorgraphics/novacron/backend/corporate/ecosystem/value.go:489.31,491.4 1 0
github.com/khryptorgraphics/novacron/backend/corporate/ecosystem/value.go:492.3,501.32 8 0
github.com/khryptorgraphics/novacron/backend/corporate/ecosystem/value.go:501.32,503.30 2 0
github.com/khryptorgraphics/novacron/backend/corporate/ecosystem/value.go:503.30,505.5 1 0
github.com/khryptorgraphics/novacron/backend/corporate/ecosystem/value.go:506.4,506.30 1 0
github.com/khryptorgraphics/novacron/backend/corporate/ecosystem/value.go:506.30,508.5 1 0
github.com/khryptorgraphics/novacron/backend/corporate/ecosystem/value.go:512.2,514.29 2 0
github.com/khryptorgraphics/novacron/backend/corporate/ecosystem/value.go:514.29,516.3 1 0
github.com/khryptorgraphics/novacron/backend/corporate/ecosystem/value.go:522.44,524.2 1 0
github.com/khryptorgraphics/novacron/backend/corporate/ecosystem/value.go:529.50,531.2 1 0
github.com/khryptorgraphics/novacron/backend/corporate/ecosystem/value.go:536.46,538.2 1 0
github.com/khryptorgraphics/novacron/backend/corporate/ecosystem/value.go:541.60,553.35 4 0
github.com/khryptorgraphics/novacron/backend/corporate/ecosystem/value.go:553.35,555.3 1 0
github.com/khryptorgraphics/novacron/backend/corporate/ecosystem/value.go:557.2,557.43 1 0
github.com/khryptorgraphics/novacron/backend/ipo/governance/governance_structure.go:1151.72,1176.2 1 0
github.com/khryptorgraphics/novacron/backend/ipo/governance/governance_structure.go:1179.94,1188.30 6 0
github.com/khryptorgraphics/novacron/backend/ipo/governance/governance_structure.go:1188.30,1189.20 1 0
github.com/khryptorgraphics/novacron/backend/ipo/governance/governance_structure.go:1189.20,1191.4 1 0
github.com/khryptorgraphics/novacron/backend/ipo/governance/governance_structure.go:1193.2,1195.12 2 0
github.com/khryptorgraphics/novacron/backend/ipo/governance/governance_structure.go:1199.76,1228.2 6 0
github.com/khryptorgraphics/novacron/backend/ipo/governance/governance_structure.go:1231.61,1237.2 4 0
github.com/khryptorgraphics/novacron/backend/ipo/governance/governance_structure.go:1240.81,1244.16 3 0
github.com/khryptorgraphics/novacron/backend/ipo/governance/governance_structure.go:1245.14,1246.25 1 0
github.com/khryptorgraphics/novacron/backend/ipo/governance/governance_structure.go:1247.10,1248.59 1 0
