mode: atomic
github.com/khryptorgraphics/novacron/backend/core/network/dwcp/health/health_checker.go:53.75,62.2 1 4
github.com/khryptorgraphics/novacron/backend/core/network/dwcp/health/health_checker.go:65.63,69.2 3 6
github.com/khryptorgraphics/novacron/backend/core/network/dwcp/health/health_checker.go:72.46,79.6 4 0
github.com/khryptorgraphics/novacron/backend/core/network/dwcp/health/health_checker.go:79.6,80.10 1 0
github.com/khryptorgraphics/novacron/backend/core/network/dwcp/health/health_checker.go:81.19,82.20 1 0
github.com/khryptorgraphics/novacron/backend/core/network/dwcp/health/health_checker.go:83.19,84.10 1 0
github.com/khryptorgraphics/novacron/backend/core/network/dwcp/health/health_checker.go:85.21,86.10 1 0
github.com/khryptorgraphics/novacron/backend/core/network/dwcp/health/health_checker.go:92.26,94.2 1 0
github.com/khryptorgraphics/novacron/backend/core/network/dwcp/health/health_checker.go:97.50,100.40 3 3
github.com/khryptorgraphics/novacron/backend/core/network/dwcp/health/health_checker.go:100.40,102.3 1 7
github.com/khryptorgraphics/novacron/backend/core/network/dwcp/health/health_checker.go:103.2,109.38 5 3
github.com/khryptorgraphics/novacron/backend/core/network/dwcp/health/health_checker.go:109.38,111.35 2 7
github.com/khryptorgraphics/novacron/backend/core/network/dwcp/health/health_checker.go:111.35,118.18 5 7
github.com/khryptorgraphics/novacron/backend/core/network/dwcp/health/health_checker.go:118.18,125.5 1 0
github.com/khryptorgraphics/novacron/backend/core/network/dwcp/health/health_checker.go:127.4,129.22 3 7
github.com/khryptorgraphics/novacron/backend/core/network/dwcp/health/health_checker.go:133.2,137.15 4 3
github.com/khryptorgraphics/novacron/backend/core/network/dwcp/health/health_checker.go:141.44,153.38 4 3
github.com/khryptorgraphics/novacron/backend/core/network/dwcp/health/health_checker.go:153.38,157.24 2 7
github.com/khryptorgraphics/novacron/backend/core/network/dwcp/health/health_checker.go:158.24,159.35 1 0
github.com/khryptorgraphics/novacron/backend/core/network/dwcp/health/health_checker.go:160.23,161.38 1 1
github.com/khryptorgraphics/novacron/backend/core/network/dwcp/health/health_checker.go:161.38,163.5 1 1
github.com/khryptorgraphics/novacron/backend/core/network/dwcp/health/health_checker.go:167.2,167.33 1 3
github.com/khryptorgraphics/novacron/backend/core/network/dwcp/health/health_checker.go:167.33,169.3 1 0
github.com/khryptorgraphics/novacron/backend/core/network/dwcp/health/health_checker.go:171.2,171.15 1 3
github.com/khryptorgraphics/novacron/backend/core/network/dwcp/health/health_checker.go:175.36,178.2 2 2
github.com/khryptorgraphics/novacron/backend/core/network/dwcp/health/health_checker.go:181.75,182.61 1 7
github.com/khryptorgraphics/novacron/backend/core/network/dwcp/health/health_checker.go:182.61,194.33 2 8
github.com/khryptorgraphics/novacron/backend/core/network/dwcp/health/health_checker.go:194.33,197.4 2 3
github.com/khryptorgraphics/novacron/backend/core/network/dwcp/health/health_checker.go:197.9,197.40 1 5
github.com/khryptorgraphics/novacron/backend/core/network/dwcp/health/health_checker.go:197.40,200.4 2 1
github.com/khryptorgraphics/novacron/backend/core/network/dwcp/health/health_checker.go:200.9,200.32 1 4
github.com/khryptorgraphics/novacron/backend/core/network/dwcp/health/health_checker.go:200.32,203.4 2 0
github.com/khryptorgraphics/novacron/backend/core/network/dwcp/health/health_checker.go:203.9,206.4 2 4
github.com/khryptorgraphics/novacron/backend/core/network/dwcp/health/health_checker.go:208.3,208.21 1 8
github.com/khryptorgraphics/novacron/backend/core/network/dwcp/health/health_checker.go:213.103,214.61 1 6
github.com/khryptorgraphics/novacron/backend/core/network/dwcp/health/health_checker.go:214.61,226.26 2 7
github.com/khryptorgraphics/novacron/backend/core/network/dwcp/health/health_checker.go:226.26,230.4 3 1
github.com/khryptorgraphics/novacron/backend/core/network/dwcp/health/health_checker.go:233.3,233.26 1 6
github.com/khryptorgraphics/novacron/backend/core/network/dwcp/health/health_checker.go:233.26,236.4 2 1
github.com/khryptorgraphics/novacron/backend/core/network/dwcp/health/health_checker.go:236.9,236.32 1 5
github.com/khryptorgraphics/novacron/backend/core/network/dwcp/health/health_checker.go:236.32,239.4 2 1
github.com/khryptorgraphics/novacron/backend/core/network/dwcp/health/health_checker.go:239.9,242.4 2 4
github.com/khryptorgraphics/novacron/backend/core/network/dwcp/health/health_checker.go:244.3,244.21 1 6
github.com/khryptorgraphics/novacron/backend/core/network/dwcp/health/health_checker.go:249.55,250.61 1 0
github.com/khryptorgraphics/novacron/backend/core/network/dwcp/health/health_checker.go:250.61,260.45 2 0
github.com/khryptorgraphics/novacron/backend/core/network/dwcp/health/health_checker.go:260.45,263.4 2 0
github.com/khryptorgraphics/novacron/backend/core/network/dwcp/health/health_checker.go:263.9,266.4 2 0
github.com/khryptorgraphics/novacron/backend/core/network/dwcp/health/health_checker.go:268.3,268.21 1 0
github.com/khryptorgraphics/novacron/backend/core/network/dwcp/health/health_checker.go:273.72,274.61 1 0
github.com/khryptorgraphics/novacron/backend/core/network/dwcp/health/health_checker.go:274.61,283.19 2 0
github.com/khryptorgraphics/novacron/backend/core/network/dwcp/health/health_checker.go:283.19,286.4 2 0
github.com/khryptorgraphics/novacron/backend/core/network/dwcp/health/health_checker.go:286.9,289.4 2 0
github.com/khryptorgraphics/novacron/backend/core/network/dwcp/health/health_checker.go:291.3,291.21 1 0
github.com/khryptorgraphics/novacron/backend/core/network/dwcp/health/health_checker.go:296.90,297.61 1 4
github.com/khryptorgraphics/novacron/backend/core/network/dwcp/health/health_checker.go:297.61,304.24 3 4
github.com/khryptorgraphics/novacron/backend/core/network/dwcp/health/health_checker.go:304.24,306.4 1 3
github.com/khryptorgraphics/novacron/backend/core/network/dwcp/health/health_checker.go:308.3,315.31 2 4
github.com/khryptorgraphics/novacron/backend/core/network/dwcp/health/health_checker.go:315.31,318.4 2 1
github.com/khryptorgraphics/novacron/backend/core/network/dwcp/health/health_checker.go:318.9,318.42 1 3
github.com/khryptorgraphics/novacron/backend/core/network/dwcp/health/health_checker.go:318.42,321.4 2 1
github.com/khryptorgraphics/novacron/backend/core/network/dwcp/health/health_checker.go:321.9,324.4 2 2
github.com/khryptorgraphics/novacron/backend/core/network/dwcp/health/health_checker.go:326.3,326.21 1 4
github.com/khryptorgraphics/novacron/backend/core/network/dwcp/health/health_checker.go:331.119,332.61 1 4
github.com/khryptorgraphics/novacron/backend/core/network/dwcp/health/health_checker.go:332.61,346.22 4 4
github.com/khryptorgraphics/novacron/backend/core/network/dwcp/health/health_checker.go:346.22,349.4 2 1
github.com/khryptorgraphics/novacron/backend/core/network/dwcp/health/health_checker.go:349.9,349.53 1 3
github.com/khryptorgraphics/novacron/backend/core/network/dwcp/health/health_checker.go:349.53,352.4 2 2
github.com/khryptorgraphics/novacron/backend/core/network/dwcp/health/health_checker.go:352.9,355.4 2 1
github.com/khryptorgraphics/novacron/backend/core/network/dwcp/health/health_checker.go:357.3,357.21 1 4
