mode: atomic
github.com/khryptorgraphics/novacron/backend/core/network/dwcp/loadbalancing/config.go:71.42,92.2 1 49
github.com/khryptorgraphics/novacron/backend/core/network/dwcp/loadbalancing/config.go:95.47,96.41 1 15
github.com/khryptorgraphics/novacron/backend/core/network/dwcp/loadbalancing/config.go:96.41,98.3 1 1
github.com/khryptorgraphics/novacron/backend/core/network/dwcp/loadbalancing/config.go:99.2,99.30 1 14
github.com/khryptorgraphics/novacron/backend/core/network/dwcp/loadbalancing/config.go:99.30,101.3 1 1
github.com/khryptorgraphics/novacron/backend/core/network/dwcp/loadbalancing/config.go:102.2,102.28 1 13
github.com/khryptorgraphics/novacron/backend/core/network/dwcp/loadbalancing/config.go:102.28,104.3 1 0
github.com/khryptorgraphics/novacron/backend/core/network/dwcp/loadbalancing/config.go:105.2,105.48 1 13
github.com/khryptorgraphics/novacron/backend/core/network/dwcp/loadbalancing/config.go:105.48,107.3 1 0
github.com/khryptorgraphics/novacron/backend/core/network/dwcp/loadbalancing/config.go:108.2,108.26 1 13
github.com/khryptorgraphics/novacron/backend/core/network/dwcp/loadbalancing/config.go:108.26,110.3 1 0
github.com/khryptorgraphics/novacron/backend/core/network/dwcp/loadbalancing/config.go:111.2,111.39 1 13
github.com/khryptorgraphics/novacron/backend/core/network/dwcp/loadbalancing/config.go:111.39,113.3 1 1
github.com/khryptorgraphics/novacron/backend/core/network/dwcp/loadbalancing/config.go:114.2,114.12 1 12
github.com/khryptorgraphics/novacron/backend/core/network/dwcp/loadbalancing/config.go:142.52,151.2 1 15
github.com/khryptorgraphics/novacron/backend/core/network/dwcp/loadbalancing/geo_lb.go:26.79,27.42 1 11
github.com/khryptorgraphics/novacron/backend/core/network/dwcp/loadbalancing/geo_lb.go:27.42,29.3 1 0
github.com/khryptorgraphics/novacron/backend/core/network/dwcp/loadbalancing/geo_lb.go:31.2,35.16 4 11
github.com/khryptorgraphics/novacron/backend/core/network/dwcp/loadbalancing/geo_lb.go:35.16,38.3 2 0
github.com/khryptorgraphics/novacron/backend/core/network/dwcp/loadbalancing/geo_lb.go:40.2,56.16 5 11
github.com/khryptorgraphics/novacron/backend/core/network/dwcp/loadbalancing/geo_lb.go:60.42,64.2 3 10
github.com/khryptorgraphics/novacron/backend/core/network/dwcp/loadbalancing/geo_lb.go:67.41,72.2 4 10
github.com/khryptorgraphics/novacron/backend/core/network/dwcp/loadbalancing/geo_lb.go:75.60,76.50 1 24
github.com/khryptorgraphics/novacron/backend/core/network/dwcp/loadbalancing/geo_lb.go:76.50,78.3 1 0
github.com/khryptorgraphics/novacron/backend/core/network/dwcp/loadbalancing/geo_lb.go:81.2,81.37 1 24
github.com/khryptorgraphics/novacron/backend/core/network/dwcp/loadbalancing/geo_lb.go:81.37,83.3 1 17
github.com/khryptorgraphics/novacron/backend/core/network/dwcp/loadbalancing/geo_lb.go:85.2,85.12 1 24
github.com/khryptorgraphics/novacron/backend/core/network/dwcp/loadbalancing/geo_lb.go:89.64,90.55 1 0
github.com/khryptorgraphics/novacron/backend/core/network/dwcp/loadbalancing/geo_lb.go:90.55,92.3 1 0
github.com/khryptorgraphics/novacron/backend/core/network/dwcp/loadbalancing/geo_lb.go:95.2,95.37 1 0
github.com/khryptorgraphics/novacron/backend/core/network/dwcp/loadbalancing/geo_lb.go:95.37,97.3 1 0
github.com/khryptorgraphics/novacron/backend/core/network/dwcp/loadbalancing/geo_lb.go:99.2,99.12 1 0
github.com/khryptorgraphics/novacron/backend/core/network/dwcp/loadbalancing/geo_lb.go:103.102,110.56 4 138
github.com/khryptorgraphics/novacron/backend/core/network/dwcp/loadbalancing/geo_lb.go:110.56,112.17 2 4
github.com/khryptorgraphics/novacron/backend/core/network/dwcp/loadbalancing/geo_lb.go:112.17,116.4 3 2
github.com/khryptorgraphics/novacron/backend/core/network/dwcp/loadbalancing/geo_lb.go:120.2,120.29 1 136
github.com/khryptorgraphics/novacron/backend/core/network/dwcp/loadbalancing/geo_lb.go:121.29,122.52 1 105
github.com/khryptorgraphics/novacron/backend/core/network/dwcp/loadbalancing/geo_lb.go:123.29,124.52 1 0
github.com/khryptorgraphics/novacron/backend/core/network/dwcp/loadbalancing/geo_lb.go:125.33,126.48 1 1
github.com/khryptorgraphics/novacron/backend/core/network/dwcp/loadbalancing/geo_lb.go:127.35,128.50 1 0
github.com/khryptorgraphics/novacron/backend/core/network/dwcp/loadbalancing/geo_lb.go:129.23,130.46 1 0
github.com/khryptorgraphics/novacron/backend/core/network/dwcp/loadbalancing/geo_lb.go:131.27,132.14 1 30
github.com/khryptorgraphics/novacron/backend/core/network/dwcp/loadbalancing/geo_lb.go:133.10,134.42 1 30
github.com/khryptorgraphics/novacron/backend/core/network/dwcp/loadbalancing/geo_lb.go:137.2,137.16 1 136
github.com/khryptorgraphics/novacron/backend/core/network/dwcp/loadbalancing/geo_lb.go:137.16,140.3 2 1
github.com/khryptorgraphics/novacron/backend/core/network/dwcp/loadbalancing/geo_lb.go:142.2,146.56 3 135
github.com/khryptorgraphics/novacron/backend/core/network/dwcp/loadbalancing/geo_lb.go:146.56,148.3 1 2
github.com/khryptorgraphics/novacron/backend/core/network/dwcp/loadbalancing/geo_lb.go:150.2,150.22 1 135
github.com/khryptorgraphics/novacron/backend/core/network/dwcp/loadbalancing/geo_lb.go:154.101,156.16 2 4
github.com/khryptorgraphics/novacron/backend/core/network/dwcp/loadbalancing/geo_lb.go:156.16,158.3 1 2
github.com/khryptorgraphics/novacron/backend/core/network/dwcp/loadbalancing/geo_lb.go:161.2,162.16 2 2
github.com/khryptorgraphics/novacron/backend/core/network/dwcp/loadbalancing/geo_lb.go:162.16,164.3 1 0
github.com/khryptorgraphics/novacron/backend/core/network/dwcp/loadbalancing/geo_lb.go:166.2,170.14 4 2
github.com/khryptorgraphics/novacron/backend/core/network/dwcp/loadbalancing/geo_lb.go:170.14,173.3 1 1
github.com/khryptorgraphics/novacron/backend/core/network/dwcp/loadbalancing/geo_lb.go:176.2,184.8 2 1
github.com/khryptorgraphics/novacron/backend/core/network/dwcp/loadbalancing/geo_lb.go:188.105,193.16 3 1
github.com/khryptorgraphics/novacron/backend/core/network/dwcp/loadbalancing/geo_lb.go:193.16,195.3 1 0
github.com/khryptorgraphics/novacron/backend/core/network/dwcp/loadbalancing/geo_lb.go:198.2,206.22 6 1
github.com/khryptorgraphics/novacron/backend/core/network/dwcp/loadbalancing/geo_lb.go:210.92,213.16 2 106
github.com/khryptorgraphics/novacron/backend/core/network/dwcp/loadbalancing/geo_lb.go:213.16,216.3 1 0
github.com/khryptorgraphics/novacron/backend/core/network/dwcp/loadbalancing/geo_lb.go:219.2,220.23 2 106
github.com/khryptorgraphics/novacron/backend/core/network/dwcp/loadbalancing/geo_lb.go:220.23,222.3 1 1
github.com/khryptorgraphics/novacron/backend/core/network/dwcp/loadbalancing/geo_lb.go:225.2,226.26 2 105
github.com/khryptorgraphics/novacron/backend/core/network/dwcp/loadbalancing/geo_lb.go:226.26,228.3 1 0
github.com/khryptorgraphics/novacron/backend/core/network/dwcp/loadbalancing/geo_lb.go:230.2,236.8 1 105
github.com/khryptorgraphics/novacron/backend/core/network/dwcp/loadbalancing/geo_lb.go:240.92,242.23 2 0
github.com/khryptorgraphics/novacron/backend/core/network/dwcp/loadbalancing/geo_lb.go:242.23,244.3 1 0
github.com/khryptorgraphics/novacron/backend/core/network/dwcp/loadbalancing/geo_lb.go:246.2,249.33 3 0
github.com/khryptorgraphics/novacron/backend/core/network/dwcp/loadbalancing/geo_lb.go:249.33,254.27 4 0
github.com/khryptorgraphics/novacron/backend/core/network/dwcp/loadbalancing/geo_lb.go:254.27,257.4 2 0
github.com/khryptorgraphics/novacron/backend/core/network/dwcp/loadbalancing/geo_lb.go:260.2,260.23 1 0
github.com/khryptorgraphics/novacron/backend/core/network/dwcp/loadbalancing/geo_lb.go:260.23,262.3 1 0
github.com/khryptorgraphics/novacron/backend/core/network/dwcp/loadbalancing/geo_lb.go:264.2,270.8 1 0
github.com/khryptorgraphics/novacron/backend/core/network/dwcp/loadbalancing/geo_lb.go:274.81,276.23 2 1
github.com/khryptorgraphics/novacron/backend/core/network/dwcp/loadbalancing/geo_lb.go:276.23,278.3 1 0
github.com/khryptorgraphics/novacron/backend/core/network/dwcp/loadbalancing/geo_lb.go:280.2,283.33 3 1
github.com/khryptorgraphics/novacron/backend/core/network/dwcp/loadbalancing/geo_lb.go:283.33,285.23 2 2
github.com/khryptorgraphics/novacron/backend/core/network/dwcp/loadbalancing/geo_lb.go:285.23,288.4 2 2
github.com/khryptorgraphics/novacron/backend/core/network/dwcp/loadbalancing/geo_lb.go:291.2,291.23 1 1
github.com/khryptorgraphics/novacron/backend/core/network/dwcp/loadbalancing/geo_lb.go:291.23,293.3 1 0
github.com/khryptorgraphics/novacron/backend/core/network/dwcp/loadbalancing/geo_lb.go:295.2,301.8 1 1
github.com/khryptorgraphics/novacron/backend/core/network/dwcp/loadbalancing/geo_lb.go:305.83,307.23 2 0
github.com/khryptorgraphics/novacron/backend/core/network/dwcp/loadbalancing/geo_lb.go:307.23,309.3 1 0
github.com/khryptorgraphics/novacron/backend/core/network/dwcp/loadbalancing/geo_lb.go:312.2,313.33 2 0
github.com/khryptorgraphics/novacron/backend/core/network/dwcp/loadbalancing/geo_lb.go:313.33,317.3 3 0
github.com/khryptorgraphics/novacron/backend/core/network/dwcp/loadbalancing/geo_lb.go:319.2,319.22 1 0
github.com/khryptorgraphics/novacron/backend/core/network/dwcp/loadbalancing/geo_lb.go:319.22,321.3 1 0
github.com/khryptorgraphics/novacron/backend/core/network/dwcp/loadbalancing/geo_lb.go:324.2,327.33 3 0
github.com/khryptorgraphics/novacron/backend/core/network/dwcp/loadbalancing/geo_lb.go:327.33,333.28 5 0
github.com/khryptorgraphics/novacron/backend/core/network/dwcp/loadbalancing/geo_lb.go:333.28,341.4 1 0
github.com/khryptorgraphics/novacron/backend/core/network/dwcp/loadbalancing/geo_lb.go:345.2,345.32 1 0
github.com/khryptorgraphics/novacron/backend/core/network/dwcp/loadbalancing/geo_lb.go:349.75,351.23 2 30
github.com/khryptorgraphics/novacron/backend/core/network/dwcp/loadbalancing/geo_lb.go:351.23,353.3 1 0
github.com/khryptorgraphics/novacron/backend/core/network/dwcp/loadbalancing/geo_lb.go:355.2,364.8 3 30
github.com/khryptorgraphics/novacron/backend/core/network/dwcp/loadbalancing/geo_lb.go:368.86,370.16 2 0
github.com/khryptorgraphics/novacron/backend/core/network/dwcp/loadbalancing/geo_lb.go:370.16,372.3 1 0
github.com/khryptorgraphics/novacron/backend/core/network/dwcp/loadbalancing/geo_lb.go:374.2,375.16 2 0
github.com/khryptorgraphics/novacron/backend/core/network/dwcp/loadbalancing/geo_lb.go:375.16,377.3 1 0
github.com/khryptorgraphics/novacron/backend/core/network/dwcp/loadbalancing/geo_lb.go:379.2,383.14 4 0
github.com/khryptorgraphics/novacron/backend/core/network/dwcp/loadbalancing/geo_lb.go:383.14,386.3 1 0
github.com/khryptorgraphics/novacron/backend/core/network/dwcp/loadbalancing/geo_lb.go:388.2,394.8 1 0
github.com/khryptorgraphics/novacron/backend/core/network/dwcp/loadbalancing/geo_lb.go:398.108,406.2 3 1
github.com/khryptorgraphics/novacron/backend/core/network/dwcp/loadbalancing/geo_lb.go:409.58,411.2 1 0
github.com/khryptorgraphics/novacron/backend/core/network/dwcp/loadbalancing/geo_lb.go:414.70,416.2 1 0
github.com/khryptorgraphics/novacron/backend/core/network/dwcp/loadbalancing/geo_router.go:32.67,34.16 2 17
github.com/khryptorgraphics/novacron/backend/core/network/dwcp/loadbalancing/geo_router.go:34.16,39.3 1 0
github.com/khryptorgraphics/novacron/backend/core/network/dwcp/loadbalancing/geo_router.go:41.2,47.8 1 17
github.com/khryptorgraphics/novacron/backend/core/network/dwcp/loadbalancing/geo_router.go:51.61,65.2 2 17
github.com/khryptorgraphics/novacron/backend/core/network/dwcp/loadbalancing/geo_router.go:68.79,71.55 2 110
github.com/khryptorgraphics/novacron/backend/core/network/dwcp/loadbalancing/geo_router.go:71.55,74.3 2 100
github.com/khryptorgraphics/novacron/backend/core/network/dwcp/loadbalancing/geo_router.go:75.2,79.15 3 10
github.com/khryptorgraphics/novacron/backend/core/network/dwcp/loadbalancing/geo_router.go:79.15,81.3 1 1
github.com/khryptorgraphics/novacron/backend/core/network/dwcp/loadbalancing/geo_router.go:84.2,85.21 2 9
github.com/khryptorgraphics/novacron/backend/core/network/dwcp/loadbalancing/geo_router.go:85.21,94.3 1 0
github.com/khryptorgraphics/novacron/backend/core/network/dwcp/loadbalancing/geo_router.go:97.2,101.22 4 9
github.com/khryptorgraphics/novacron/backend/core/network/dwcp/loadbalancing/geo_router.go:105.55,113.39 1 9
github.com/khryptorgraphics/novacron/backend/core/network/dwcp/loadbalancing/geo_router.go:113.39,116.51 3 1
github.com/khryptorgraphics/novacron/backend/core/network/dwcp/loadbalancing/geo_router.go:116.51,118.4 1 1
github.com/khryptorgraphics/novacron/backend/core/network/dwcp/loadbalancing/geo_router.go:123.2,129.3 1 8
github.com/khryptorgraphics/novacron/backend/core/network/dwcp/loadbalancing/geo_router.go:133.91,134.23 1 106
github.com/khryptorgraphics/novacron/backend/core/network/dwcp/loadbalancing/geo_router.go:134.23,136.3 1 0
github.com/khryptorgraphics/novacron/backend/core/network/dwcp/loadbalancing/geo_router.go:138.2,141.33 3 106
github.com/khryptorgraphics/novacron/backend/core/network/dwcp/loadbalancing/geo_router.go:141.33,145.29 2 313
github.com/khryptorgraphics/novacron/backend/core/network/dwcp/loadbalancing/geo_router.go:145.29,148.4 2 126
github.com/khryptorgraphics/novacron/backend/core/network/dwcp/loadbalancing/geo_router.go:151.2,151.22 1 106
github.com/khryptorgraphics/novacron/backend/core/network/dwcp/loadbalancing/geo_router.go:155.114,156.23 1 1
github.com/khryptorgraphics/novacron/backend/core/network/dwcp/loadbalancing/geo_router.go:156.23,158.3 1 0
github.com/khryptorgraphics/novacron/backend/core/network/dwcp/loadbalancing/geo_router.go:161.2,167.33 3 1
github.com/khryptorgraphics/novacron/backend/core/network/dwcp/loadbalancing/geo_router.go:167.33,171.3 2 4
github.com/khryptorgraphics/novacron/backend/core/network/dwcp/loadbalancing/geo_router.go:174.2,174.38 1 1
github.com/khryptorgraphics/novacron/backend/core/network/dwcp/loadbalancing/geo_router.go:174.38,177.54 3 3
github.com/khryptorgraphics/novacron/backend/core/network/dwcp/loadbalancing/geo_router.go:177.54,180.4 2 0
github.com/khryptorgraphics/novacron/backend/core/network/dwcp/loadbalancing/geo_router.go:181.3,181.23 1 3
github.com/khryptorgraphics/novacron/backend/core/network/dwcp/loadbalancing/geo_router.go:185.2,186.28 2 1
github.com/khryptorgraphics/novacron/backend/core/network/dwcp/loadbalancing/geo_router.go:186.28,188.3 1 0
github.com/khryptorgraphics/novacron/backend/core/network/dwcp/loadbalancing/geo_router.go:190.2,191.29 2 1
github.com/khryptorgraphics/novacron/backend/core/network/dwcp/loadbalancing/geo_router.go:191.29,193.3 1 2
github.com/khryptorgraphics/novacron/backend/core/network/dwcp/loadbalancing/geo_router.go:195.2,195.15 1 1
github.com/khryptorgraphics/novacron/backend/core/network/dwcp/loadbalancing/geo_router.go:200.80,220.2 10 319
github.com/khryptorgraphics/novacron/backend/core/network/dwcp/loadbalancing/geo_router.go:223.77,227.45 3 0
github.com/khryptorgraphics/novacron/backend/core/network/dwcp/loadbalancing/geo_router.go:227.45,229.3 1 0
github.com/khryptorgraphics/novacron/backend/core/network/dwcp/loadbalancing/geo_router.go:231.2,231.30 1 0
github.com/khryptorgraphics/novacron/backend/core/network/dwcp/loadbalancing/geo_router.go:235.35,239.2 3 1
github.com/khryptorgraphics/novacron/backend/core/network/dwcp/loadbalancing/health_checker.go:24.113,42.2 2 15
github.com/khryptorgraphics/novacron/backend/core/network/dwcp/loadbalancing/health_checker.go:45.34,53.2 3 11
github.com/khryptorgraphics/novacron/backend/core/network/dwcp/loadbalancing/health_checker.go:56.33,59.2 2 11
github.com/khryptorgraphics/novacron/backend/core/network/dwcp/loadbalancing/health_checker.go:62.50,68.6 4 11
github.com/khryptorgraphics/novacron/backend/core/network/dwcp/loadbalancing/health_checker.go:68.6,69.10 1 12
github.com/khryptorgraphics/novacron/backend/core/network/dwcp/loadbalancing/health_checker.go:70.24,71.10 1 11
github.com/khryptorgraphics/novacron/backend/core/network/dwcp/loadbalancing/health_checker.go:72.19,73.24 1 1
github.com/khryptorgraphics/novacron/backend/core/network/dwcp/loadbalancing/health_checker.go:79.44,82.41 3 1
github.com/khryptorgraphics/novacron/backend/core/network/dwcp/loadbalancing/health_checker.go:82.41,84.3 1 0
github.com/khryptorgraphics/novacron/backend/core/network/dwcp/loadbalancing/health_checker.go:85.2,89.33 3 1
github.com/khryptorgraphics/novacron/backend/core/network/dwcp/loadbalancing/health_checker.go:89.33,91.22 2 0
github.com/khryptorgraphics/novacron/backend/core/network/dwcp/loadbalancing/health_checker.go:91.22,94.4 2 0
github.com/khryptorgraphics/novacron/backend/core/network/dwcp/loadbalancing/health_checker.go:96.2,96.11 1 1
github.com/khryptorgraphics/novacron/backend/core/network/dwcp/loadbalancing/health_checker.go:100.54,103.37 2 0
github.com/khryptorgraphics/novacron/backend/core/network/dwcp/loadbalancing/health_checker.go:103.37,106.3 2 0
github.com/khryptorgraphics/novacron/backend/core/network/dwcp/loadbalancing/health_checker.go:107.2,112.26 4 0
github.com/khryptorgraphics/novacron/backend/core/network/dwcp/loadbalancing/health_checker.go:113.22,114.32 1 0
github.com/khryptorgraphics/novacron/backend/core/network/dwcp/loadbalancing/health_checker.go:115.41,116.33 1 0
github.com/khryptorgraphics/novacron/backend/core/network/dwcp/loadbalancing/health_checker.go:117.25,118.35 1 0
github.com/khryptorgraphics/novacron/backend/core/network/dwcp/loadbalancing/health_checker.go:119.10,120.32 1 0
github.com/khryptorgraphics/novacron/backend/core/network/dwcp/loadbalancing/health_checker.go:123.2,129.13 3 0
github.com/khryptorgraphics/novacron/backend/core/network/dwcp/loadbalancing/health_checker.go:129.13,131.3 1 0
github.com/khryptorgraphics/novacron/backend/core/network/dwcp/loadbalancing/health_checker.go:135.56,138.16 3 0
github.com/khryptorgraphics/novacron/backend/core/network/dwcp/loadbalancing/health_checker.go:138.16,140.3 1 0
github.com/khryptorgraphics/novacron/backend/core/network/dwcp/loadbalancing/health_checker.go:141.2,142.13 2 0
github.com/khryptorgraphics/novacron/backend/core/network/dwcp/loadbalancing/health_checker.go:146.57,148.42 2 0
github.com/khryptorgraphics/novacron/backend/core/network/dwcp/loadbalancing/health_checker.go:148.42,150.3 1 0
github.com/khryptorgraphics/novacron/backend/core/network/dwcp/loadbalancing/health_checker.go:152.2,155.16 3 0
github.com/khryptorgraphics/novacron/backend/core/network/dwcp/loadbalancing/health_checker.go:155.16,157.3 1 0
github.com/khryptorgraphics/novacron/backend/core/network/dwcp/loadbalancing/health_checker.go:160.2,160.46 1 0
github.com/khryptorgraphics/novacron/backend/core/network/dwcp/loadbalancing/health_checker.go:160.46,162.3 1 0
github.com/khryptorgraphics/novacron/backend/core/network/dwcp/loadbalancing/health_checker.go:164.2,165.16 2 0
github.com/khryptorgraphics/novacron/backend/core/network/dwcp/loadbalancing/health_checker.go:165.16,167.3 1 0
github.com/khryptorgraphics/novacron/backend/core/network/dwcp/loadbalancing/health_checker.go:168.2,170.52 2 0
github.com/khryptorgraphics/novacron/backend/core/network/dwcp/loadbalancing/health_checker.go:174.59,178.2 1 0
github.com/khryptorgraphics/novacron/backend/core/network/dwcp/loadbalancing/health_checker.go:181.47,187.6 4 11
github.com/khryptorgraphics/novacron/backend/core/network/dwcp/loadbalancing/health_checker.go:187.6,188.10 1 11
github.com/khryptorgraphics/novacron/backend/core/network/dwcp/loadbalancing/health_checker.go:189.24,190.10 1 11
github.com/khryptorgraphics/novacron/backend/core/network/dwcp/loadbalancing/health_checker.go:191.19,192.32 1 0
github.com/khryptorgraphics/novacron/backend/core/network/dwcp/loadbalancing/health_checker.go:198.104,199.13 1 9
github.com/khryptorgraphics/novacron/backend/core/network/dwcp/loadbalancing/health_checker.go:199.13,202.17 2 6
github.com/khryptorgraphics/novacron/backend/core/network/dwcp/loadbalancing/health_checker.go:202.17,204.4 1 0
github.com/khryptorgraphics/novacron/backend/core/network/dwcp/loadbalancing/health_checker.go:206.3,207.37 2 6
github.com/khryptorgraphics/novacron/backend/core/network/dwcp/loadbalancing/health_checker.go:207.37,209.4 1 0
github.com/khryptorgraphics/novacron/backend/core/network/dwcp/loadbalancing/health_checker.go:210.3,212.60 2 6
github.com/khryptorgraphics/novacron/backend/core/network/dwcp/loadbalancing/health_checker.go:213.8,217.3 2 3
github.com/khryptorgraphics/novacron/backend/core/network/dwcp/loadbalancing/health_checker.go:221.68,226.42 4 1
github.com/khryptorgraphics/novacron/backend/core/network/dwcp/loadbalancing/health_checker.go:226.42,230.3 3 2
github.com/khryptorgraphics/novacron/backend/core/network/dwcp/loadbalancing/health_checker.go:232.2,232.15 1 1
github.com/khryptorgraphics/novacron/backend/core/network/dwcp/loadbalancing/metrics.go:38.72,50.2 2 20
github.com/khryptorgraphics/novacron/backend/core/network/dwcp/loadbalancing/metrics.go:53.37,55.2 1 11
github.com/khryptorgraphics/novacron/backend/core/network/dwcp/loadbalancing/metrics.go:58.36,60.2 1 11
github.com/khryptorgraphics/novacron/backend/core/network/dwcp/loadbalancing/metrics.go:63.78,70.38 4 203
github.com/khryptorgraphics/novacron/backend/core/network/dwcp/loadbalancing/metrics.go:70.38,72.3 1 203
github.com/khryptorgraphics/novacron/backend/core/network/dwcp/loadbalancing/metrics.go:72.8,76.3 2 0
github.com/khryptorgraphics/novacron/backend/core/network/dwcp/loadbalancing/metrics.go:79.2,79.28 1 203
github.com/khryptorgraphics/novacron/backend/core/network/dwcp/loadbalancing/metrics.go:79.28,81.3 1 203
github.com/khryptorgraphics/novacron/backend/core/network/dwcp/loadbalancing/metrics.go:84.2,84.25 1 203
github.com/khryptorgraphics/novacron/backend/core/network/dwcp/loadbalancing/metrics.go:84.25,86.3 1 1
github.com/khryptorgraphics/novacron/backend/core/network/dwcp/loadbalancing/metrics.go:90.86,91.14 1 25
github.com/khryptorgraphics/novacron/backend/core/network/dwcp/loadbalancing/metrics.go:91.14,93.3 1 3
github.com/khryptorgraphics/novacron/backend/core/network/dwcp/loadbalancing/metrics.go:95.2,99.39 3 25
github.com/khryptorgraphics/novacron/backend/core/network/dwcp/loadbalancing/metrics.go:99.39,101.3 1 25
github.com/khryptorgraphics/novacron/backend/core/network/dwcp/loadbalancing/metrics.go:101.8,105.3 2 0
github.com/khryptorgraphics/novacron/backend/core/network/dwcp/loadbalancing/metrics.go:109.72,115.34 4 4
github.com/khryptorgraphics/novacron/backend/core/network/dwcp/loadbalancing/metrics.go:115.34,117.3 1 4
github.com/khryptorgraphics/novacron/backend/core/network/dwcp/loadbalancing/metrics.go:117.8,121.3 2 0
github.com/khryptorgraphics/novacron/backend/core/network/dwcp/loadbalancing/metrics.go:125.45,127.2 1 2
github.com/khryptorgraphics/novacron/backend/core/network/dwcp/loadbalancing/metrics.go:130.52,133.2 2 11
github.com/khryptorgraphics/novacron/backend/core/network/dwcp/loadbalancing/metrics.go:136.52,138.2 1 3
github.com/khryptorgraphics/novacron/backend/core/network/dwcp/loadbalancing/metrics.go:141.53,148.6 5 11
github.com/khryptorgraphics/novacron/backend/core/network/dwcp/loadbalancing/metrics.go:148.6,149.10 1 18
github.com/khryptorgraphics/novacron/backend/core/network/dwcp/loadbalancing/metrics.go:150.24,151.10 1 11
github.com/khryptorgraphics/novacron/backend/core/network/dwcp/loadbalancing/metrics.go:152.19,158.19 4 7
github.com/khryptorgraphics/novacron/backend/core/network/dwcp/loadbalancing/metrics.go:158.19,161.5 2 7
github.com/khryptorgraphics/novacron/backend/core/network/dwcp/loadbalancing/metrics.go:163.4,164.26 2 7
github.com/khryptorgraphics/novacron/backend/core/network/dwcp/loadbalancing/metrics.go:170.61,183.34 4 8
github.com/khryptorgraphics/novacron/backend/core/network/dwcp/loadbalancing/metrics.go:183.34,185.3 1 2
github.com/khryptorgraphics/novacron/backend/core/network/dwcp/loadbalancing/metrics.go:188.2,188.35 1 8
github.com/khryptorgraphics/novacron/backend/core/network/dwcp/loadbalancing/metrics.go:188.35,192.3 3 2
github.com/khryptorgraphics/novacron/backend/core/network/dwcp/loadbalancing/metrics.go:195.2,195.31 1 8
github.com/khryptorgraphics/novacron/backend/core/network/dwcp/loadbalancing/metrics.go:195.31,197.3 1 1
github.com/khryptorgraphics/novacron/backend/core/network/dwcp/loadbalancing/metrics.go:199.2,199.14 1 8
github.com/khryptorgraphics/novacron/backend/core/network/dwcp/loadbalancing/metrics.go:203.87,204.25 1 3
github.com/khryptorgraphics/novacron/backend/core/network/dwcp/loadbalancing/metrics.go:204.25,206.3 1 0
github.com/khryptorgraphics/novacron/backend/core/network/dwcp/loadbalancing/metrics.go:208.2,209.30 2 3
github.com/khryptorgraphics/novacron/backend/core/network/dwcp/loadbalancing/metrics.go:209.30,211.3 1 54
github.com/khryptorgraphics/novacron/backend/core/network/dwcp/loadbalancing/metrics.go:213.2,213.46 1 3
github.com/khryptorgraphics/novacron/backend/core/network/dwcp/loadbalancing/metrics.go:217.110,218.25 1 6
github.com/khryptorgraphics/novacron/backend/core/network/dwcp/loadbalancing/metrics.go:218.25,220.3 1 0
github.com/khryptorgraphics/novacron/backend/core/network/dwcp/loadbalancing/metrics.go:223.2,227.35 3 6
github.com/khryptorgraphics/novacron/backend/core/network/dwcp/loadbalancing/metrics.go:227.35,230.33 3 63
github.com/khryptorgraphics/novacron/backend/core/network/dwcp/loadbalancing/metrics.go:230.33,233.4 2 0
github.com/khryptorgraphics/novacron/backend/core/network/dwcp/loadbalancing/metrics.go:234.3,234.20 1 63
github.com/khryptorgraphics/novacron/backend/core/network/dwcp/loadbalancing/metrics.go:238.2,239.26 2 6
github.com/khryptorgraphics/novacron/backend/core/network/dwcp/loadbalancing/metrics.go:239.26,241.3 1 0
github.com/khryptorgraphics/novacron/backend/core/network/dwcp/loadbalancing/metrics.go:243.2,243.22 1 6
github.com/khryptorgraphics/novacron/backend/core/network/dwcp/loadbalancing/metrics.go:247.71,252.49 4 1
github.com/khryptorgraphics/novacron/backend/core/network/dwcp/loadbalancing/metrics.go:252.49,254.3 1 3
github.com/khryptorgraphics/novacron/backend/core/network/dwcp/loadbalancing/metrics.go:256.2,256.13 1 1
github.com/khryptorgraphics/novacron/backend/core/network/dwcp/loadbalancing/metrics.go:260.37,275.2 12 1
github.com/khryptorgraphics/novacron/backend/core/network/dwcp/loadbalancing/server_pool.go:19.60,26.2 1 22
github.com/khryptorgraphics/novacron/backend/core/network/dwcp/loadbalancing/server_pool.go:29.55,33.48 3 41
github.com/khryptorgraphics/novacron/backend/core/network/dwcp/loadbalancing/server_pool.go:33.48,35.3 1 1
github.com/khryptorgraphics/novacron/backend/core/network/dwcp/loadbalancing/server_pool.go:37.2,47.12 7 40
github.com/khryptorgraphics/novacron/backend/core/network/dwcp/loadbalancing/server_pool.go:51.59,56.13 4 1
github.com/khryptorgraphics/novacron/backend/core/network/dwcp/loadbalancing/server_pool.go:56.13,58.3 1 0
github.com/khryptorgraphics/novacron/backend/core/network/dwcp/loadbalancing/server_pool.go:61.2,68.12 5 1
github.com/khryptorgraphics/novacron/backend/core/network/dwcp/loadbalancing/server_pool.go:72.51,78.6 5 1
github.com/khryptorgraphics/novacron/backend/core/network/dwcp/loadbalancing/server_pool.go:78.6,79.10 1 1
github.com/khryptorgraphics/novacron/backend/core/network/dwcp/loadbalancing/server_pool.go:80.20,83.10 2 0
github.com/khryptorgraphics/novacron/backend/core/network/dwcp/loadbalancing/server_pool.go:84.19,85.56 1 1
github.com/khryptorgraphics/novacron/backend/core/network/dwcp/loadbalancing/server_pool.go:85.56,88.5 2 1
github.com/khryptorgraphics/novacron/backend/core/network/dwcp/loadbalancing/server_pool.go:94.58,99.13 4 1
github.com/khryptorgraphics/novacron/backend/core/network/dwcp/loadbalancing/server_pool.go:99.13,101.3 1 0
github.com/khryptorgraphics/novacron/backend/core/network/dwcp/loadbalancing/server_pool.go:104.2,105.34 2 1
github.com/khryptorgraphics/novacron/backend/core/network/dwcp/loadbalancing/server_pool.go:105.34,106.23 1 1
github.com/khryptorgraphics/novacron/backend/core/network/dwcp/loadbalancing/server_pool.go:106.23,108.9 2 1
github.com/khryptorgraphics/novacron/backend/core/network/dwcp/loadbalancing/server_pool.go:112.2,112.30 1 1
github.com/khryptorgraphics/novacron/backend/core/network/dwcp/loadbalancing/server_pool.go:116.67,121.13 4 57
github.com/khryptorgraphics/novacron/backend/core/network/dwcp/loadbalancing/server_pool.go:121.13,123.3 1 1
github.com/khryptorgraphics/novacron/backend/core/network/dwcp/loadbalancing/server_pool.go:125.2,125.20 1 56
github.com/khryptorgraphics/novacron/backend/core/network/dwcp/loadbalancing/server_pool.go:129.53,134.36 4 138
github.com/khryptorgraphics/novacron/backend/core/network/dwcp/loadbalancing/server_pool.go:134.36,136.84 2 409
github.com/khryptorgraphics/novacron/backend/core/network/dwcp/loadbalancing/server_pool.go:136.84,138.4 1 406
github.com/khryptorgraphics/novacron/backend/core/network/dwcp/loadbalancing/server_pool.go:139.3,139.22 1 409
github.com/khryptorgraphics/novacron/backend/core/network/dwcp/loadbalancing/server_pool.go:142.2,142.16 1 138
github.com/khryptorgraphics/novacron/backend/core/network/dwcp/loadbalancing/server_pool.go:146.67,152.33 5 2
github.com/khryptorgraphics/novacron/backend/core/network/dwcp/loadbalancing/server_pool.go:152.33,154.84 2 3
github.com/khryptorgraphics/novacron/backend/core/network/dwcp/loadbalancing/server_pool.go:154.84,156.4 1 3
github.com/khryptorgraphics/novacron/backend/core/network/dwcp/loadbalancing/server_pool.go:157.3,157.22 1 3
github.com/khryptorgraphics/novacron/backend/core/network/dwcp/loadbalancing/server_pool.go:160.2,160.16 1 2
github.com/khryptorgraphics/novacron/backend/core/network/dwcp/loadbalancing/server_pool.go:164.79,166.16 2 8
github.com/khryptorgraphics/novacron/backend/core/network/dwcp/loadbalancing/server_pool.go:166.16,168.3 1 0
github.com/khryptorgraphics/novacron/backend/core/network/dwcp/loadbalancing/server_pool.go:170.2,173.13 3 8
github.com/khryptorgraphics/novacron/backend/core/network/dwcp/loadbalancing/server_pool.go:173.13,177.64 3 2
github.com/khryptorgraphics/novacron/backend/core/network/dwcp/loadbalancing/server_pool.go:177.64,181.4 3 1
github.com/khryptorgraphics/novacron/backend/core/network/dwcp/loadbalancing/server_pool.go:182.8,186.65 3 6
github.com/khryptorgraphics/novacron/backend/core/network/dwcp/loadbalancing/server_pool.go:186.65,191.103 3 2
github.com/khryptorgraphics/novacron/backend/core/network/dwcp/loadbalancing/server_pool.go:191.103,194.5 2 0
github.com/khryptorgraphics/novacron/backend/core/network/dwcp/loadbalancing/server_pool.go:195.9,195.44 1 4
github.com/khryptorgraphics/novacron/backend/core/network/dwcp/loadbalancing/server_pool.go:195.44,198.4 2 4
github.com/khryptorgraphics/novacron/backend/core/network/dwcp/loadbalancing/server_pool.go:201.2,203.12 2 8
github.com/khryptorgraphics/novacron/backend/core/network/dwcp/loadbalancing/server_pool.go:207.108,209.16 2 9
github.com/khryptorgraphics/novacron/backend/core/network/dwcp/loadbalancing/server_pool.go:209.16,211.3 1 0
github.com/khryptorgraphics/novacron/backend/core/network/dwcp/loadbalancing/server_pool.go:213.2,217.14 4 9
github.com/khryptorgraphics/novacron/backend/core/network/dwcp/loadbalancing/server_pool.go:217.14,219.3 1 3
github.com/khryptorgraphics/novacron/backend/core/network/dwcp/loadbalancing/server_pool.go:222.2,228.12 4 9
github.com/khryptorgraphics/novacron/backend/core/network/dwcp/loadbalancing/server_pool.go:232.58,238.51 3 9
github.com/khryptorgraphics/novacron/backend/core/network/dwcp/loadbalancing/server_pool.go:238.51,240.3 1 0
github.com/khryptorgraphics/novacron/backend/core/network/dwcp/loadbalancing/server_pool.go:243.2,247.16 3 9
github.com/khryptorgraphics/novacron/backend/core/network/dwcp/loadbalancing/server_pool.go:247.16,249.3 1 1
github.com/khryptorgraphics/novacron/backend/core/network/dwcp/loadbalancing/server_pool.go:250.2,250.18 1 9
github.com/khryptorgraphics/novacron/backend/core/network/dwcp/loadbalancing/server_pool.go:250.18,252.3 1 0
github.com/khryptorgraphics/novacron/backend/core/network/dwcp/loadbalancing/server_pool.go:254.2,254.24 1 9
github.com/khryptorgraphics/novacron/backend/core/network/dwcp/loadbalancing/server_pool.go:258.67,260.16 2 13
github.com/khryptorgraphics/novacron/backend/core/network/dwcp/loadbalancing/server_pool.go:260.16,262.3 1 0
github.com/khryptorgraphics/novacron/backend/core/network/dwcp/loadbalancing/server_pool.go:264.2,265.12 2 13
github.com/khryptorgraphics/novacron/backend/core/network/dwcp/loadbalancing/server_pool.go:269.67,271.16 2 5
github.com/khryptorgraphics/novacron/backend/core/network/dwcp/loadbalancing/server_pool.go:271.16,273.3 1 0
github.com/khryptorgraphics/novacron/backend/core/network/dwcp/loadbalancing/server_pool.go:275.2,276.12 2 5
github.com/khryptorgraphics/novacron/backend/core/network/dwcp/loadbalancing/server_pool.go:280.53,294.36 10 0
github.com/khryptorgraphics/novacron/backend/core/network/dwcp/loadbalancing/server_pool.go:294.36,296.24 2 0
github.com/khryptorgraphics/novacron/backend/core/network/dwcp/loadbalancing/server_pool.go:297.22,298.29 1 0
github.com/khryptorgraphics/novacron/backend/core/network/dwcp/loadbalancing/server_pool.go:299.23,300.30 1 0
github.com/khryptorgraphics/novacron/backend/core/network/dwcp/loadbalancing/server_pool.go:301.24,302.31 1 0
github.com/khryptorgraphics/novacron/backend/core/network/dwcp/loadbalancing/server_pool.go:303.23,304.30 1 0
github.com/khryptorgraphics/novacron/backend/core/network/dwcp/loadbalancing/server_pool.go:306.3,307.22 2 0
github.com/khryptorgraphics/novacron/backend/core/network/dwcp/loadbalancing/server_pool.go:310.2,310.17 1 0
github.com/khryptorgraphics/novacron/backend/core/network/dwcp/loadbalancing/server_pool.go:314.44,319.36 4 1
github.com/khryptorgraphics/novacron/backend/core/network/dwcp/loadbalancing/server_pool.go:319.36,321.48 2 1
github.com/khryptorgraphics/novacron/backend/core/network/dwcp/loadbalancing/server_pool.go:321.48,322.73 1 1
github.com/khryptorgraphics/novacron/backend/core/network/dwcp/loadbalancing/server_pool.go:322.73,327.5 3 1
github.com/khryptorgraphics/novacron/backend/core/network/dwcp/loadbalancing/server_pool.go:329.3,329.21 1 1
github.com/khryptorgraphics/novacron/backend/core/network/dwcp/loadbalancing/session_affinity.go:31.84,42.2 3 17
github.com/khryptorgraphics/novacron/backend/core/network/dwcp/loadbalancing/session_affinity.go:45.64,52.2 1 19
github.com/khryptorgraphics/novacron/backend/core/network/dwcp/loadbalancing/session_affinity.go:55.59,59.27 3 23
github.com/khryptorgraphics/novacron/backend/core/network/dwcp/loadbalancing/session_affinity.go:59.27,61.3 1 0
github.com/khryptorgraphics/novacron/backend/core/network/dwcp/loadbalancing/session_affinity.go:64.2,64.38 1 23
github.com/khryptorgraphics/novacron/backend/core/network/dwcp/loadbalancing/session_affinity.go:64.38,68.3 3 3450
github.com/khryptorgraphics/novacron/backend/core/network/dwcp/loadbalancing/session_affinity.go:71.2,71.51 1 23
github.com/khryptorgraphics/novacron/backend/core/network/dwcp/loadbalancing/session_affinity.go:71.51,73.3 1 53501
github.com/khryptorgraphics/novacron/backend/core/network/dwcp/loadbalancing/session_affinity.go:75.2,75.30 1 23
github.com/khryptorgraphics/novacron/backend/core/network/dwcp/loadbalancing/session_affinity.go:79.62,83.28 3 1
github.com/khryptorgraphics/novacron/backend/core/network/dwcp/loadbalancing/session_affinity.go:83.28,85.3 1 0
github.com/khryptorgraphics/novacron/backend/core/network/dwcp/loadbalancing/session_affinity.go:88.2,89.40 2 1
github.com/khryptorgraphics/novacron/backend/core/network/dwcp/loadbalancing/session_affinity.go:89.40,90.41 1 450
github.com/khryptorgraphics/novacron/backend/core/network/dwcp/loadbalancing/session_affinity.go:90.41,92.4 1 300
github.com/khryptorgraphics/novacron/backend/core/network/dwcp/loadbalancing/session_affinity.go:92.9,94.4 1 150
github.com/khryptorgraphics/novacron/backend/core/network/dwcp/loadbalancing/session_affinity.go:97.2,98.31 2 1
github.com/khryptorgraphics/novacron/backend/core/network/dwcp/loadbalancing/session_affinity.go:102.70,106.32 3 1119
github.com/khryptorgraphics/novacron/backend/core/network/dwcp/loadbalancing/session_affinity.go:106.32,108.3 1 0
github.com/khryptorgraphics/novacron/backend/core/network/dwcp/loadbalancing/session_affinity.go:110.2,113.61 2 1119
github.com/khryptorgraphics/novacron/backend/core/network/dwcp/loadbalancing/session_affinity.go:113.61,115.3 1 9958
github.com/khryptorgraphics/novacron/backend/core/network/dwcp/loadbalancing/session_affinity.go:118.2,118.34 1 1119
github.com/khryptorgraphics/novacron/backend/core/network/dwcp/loadbalancing/session_affinity.go:118.34,120.3 1 0
github.com/khryptorgraphics/novacron/backend/core/network/dwcp/loadbalancing/session_affinity.go:122.2,122.53 1 1119
github.com/khryptorgraphics/novacron/backend/core/network/dwcp/loadbalancing/session_affinity.go:126.56,128.2 1 4569
github.com/khryptorgraphics/novacron/backend/core/network/dwcp/loadbalancing/session_affinity.go:131.95,145.2 5 7
github.com/khryptorgraphics/novacron/backend/core/network/dwcp/loadbalancing/session_affinity.go:148.91,153.13 4 9
github.com/khryptorgraphics/novacron/backend/core/network/dwcp/loadbalancing/session_affinity.go:153.13,155.3 1 3
github.com/khryptorgraphics/novacron/backend/core/network/dwcp/loadbalancing/session_affinity.go:158.2,158.41 1 6
github.com/khryptorgraphics/novacron/backend/core/network/dwcp/loadbalancing/session_affinity.go:158.41,160.3 1 1
github.com/khryptorgraphics/novacron/backend/core/network/dwcp/loadbalancing/session_affinity.go:162.2,162.21 1 5
github.com/khryptorgraphics/novacron/backend/core/network/dwcp/loadbalancing/session_affinity.go:166.74,171.13 4 2
github.com/khryptorgraphics/novacron/backend/core/network/dwcp/loadbalancing/session_affinity.go:171.13,173.3 1 0
github.com/khryptorgraphics/novacron/backend/core/network/dwcp/loadbalancing/session_affinity.go:176.2,179.12 3 2
github.com/khryptorgraphics/novacron/backend/core/network/dwcp/loadbalancing/session_affinity.go:183.68,188.2 3 1
github.com/khryptorgraphics/novacron/backend/core/network/dwcp/loadbalancing/session_affinity.go:191.88,196.13 4 2
github.com/khryptorgraphics/novacron/backend/core/network/dwcp/loadbalancing/session_affinity.go:196.13,198.3 1 0
github.com/khryptorgraphics/novacron/backend/core/network/dwcp/loadbalancing/session_affinity.go:200.2,203.12 3 2
github.com/khryptorgraphics/novacron/backend/core/network/dwcp/loadbalancing/session_affinity.go:207.61,211.21 3 17
github.com/khryptorgraphics/novacron/backend/core/network/dwcp/loadbalancing/session_affinity.go:211.21,214.41 3 0
github.com/khryptorgraphics/novacron/backend/core/network/dwcp/loadbalancing/session_affinity.go:214.41,215.36 1 0
github.com/khryptorgraphics/novacron/backend/core/network/dwcp/loadbalancing/session_affinity.go:215.36,217.5 1 0
github.com/khryptorgraphics/novacron/backend/core/network/dwcp/loadbalancing/session_affinity.go:219.3,219.18 1 0
github.com/khryptorgraphics/novacron/backend/core/network/dwcp/loadbalancing/session_affinity.go:224.84,226.2 1 0
github.com/khryptorgraphics/novacron/backend/core/network/dwcp/loadbalancing/session_affinity.go:229.80,231.2 1 0
github.com/khryptorgraphics/novacron/backend/core/network/dwcp/loadbalancing/session_affinity.go:234.69,236.2 1 17
github.com/khryptorgraphics/novacron/backend/core/network/dwcp/loadbalancing/session_affinity.go:239.74,241.2 1 0
github.com/khryptorgraphics/novacron/backend/core/network/dwcp/loadbalancing/session_affinity.go:244.58,248.2 3 0
github.com/khryptorgraphics/novacron/backend/core/network/dwcp/loadbalancing/session_affinity.go:251.66,255.2 3 2
github.com/khryptorgraphics/novacron/backend/core/network/dwcp/loadbalancing/session_affinity.go:258.38,261.2 2 0
