mode: atomic
github.com/khryptorgraphics/novacron/backend/core/network/dwcp/compression/adaptive_compression.go:44.46,53.2 1 8
github.com/khryptorgraphics/novacron/backend/core/network/dwcp/compression/adaptive_compression.go:56.92,57.19 1 8
github.com/khryptorgraphics/novacron/backend/core/network/dwcp/compression/adaptive_compression.go:57.19,59.3 1 0
github.com/khryptorgraphics/novacron/backend/core/network/dwcp/compression/adaptive_compression.go:61.2,61.19 1 8
github.com/khryptorgraphics/novacron/backend/core/network/dwcp/compression/adaptive_compression.go:61.19,63.3 1 0
github.com/khryptorgraphics/novacron/backend/core/network/dwcp/compression/adaptive_compression.go:65.2,76.11 2 8
github.com/khryptorgraphics/novacron/backend/core/network/dwcp/compression/adaptive_compression.go:80.74,81.24 1 0
github.com/khryptorgraphics/novacron/backend/core/network/dwcp/compression/adaptive_compression.go:81.24,83.3 1 0
github.com/khryptorgraphics/novacron/backend/core/network/dwcp/compression/adaptive_compression.go:85.2,90.60 4 0
github.com/khryptorgraphics/novacron/backend/core/network/dwcp/compression/adaptive_compression.go:90.60,92.3 1 0
github.com/khryptorgraphics/novacron/backend/core/network/dwcp/compression/adaptive_compression.go:94.2,94.14 1 0
github.com/khryptorgraphics/novacron/backend/core/network/dwcp/compression/adaptive_compression.go:98.94,107.45 5 1
github.com/khryptorgraphics/novacron/backend/core/network/dwcp/compression/adaptive_compression.go:107.45,109.3 1 0
github.com/khryptorgraphics/novacron/backend/core/network/dwcp/compression/adaptive_compression.go:110.2,110.48 1 1
github.com/khryptorgraphics/novacron/backend/core/network/dwcp/compression/adaptive_compression.go:110.48,112.3 1 0
github.com/khryptorgraphics/novacron/backend/core/network/dwcp/compression/adaptive_compression.go:116.65,117.24 1 47
github.com/khryptorgraphics/novacron/backend/core/network/dwcp/compression/adaptive_compression.go:117.24,119.3 1 0
github.com/khryptorgraphics/novacron/backend/core/network/dwcp/compression/adaptive_compression.go:122.2,122.20 1 47
github.com/khryptorgraphics/novacron/backend/core/network/dwcp/compression/adaptive_compression.go:122.20,124.3 1 13
github.com/khryptorgraphics/novacron/backend/core/network/dwcp/compression/adaptive_compression.go:127.2,128.46 2 34
github.com/khryptorgraphics/novacron/backend/core/network/dwcp/compression/adaptive_compression.go:128.46,131.3 1 0
github.com/khryptorgraphics/novacron/backend/core/network/dwcp/compression/adaptive_compression.go:133.2,133.13 1 34
github.com/khryptorgraphics/novacron/backend/core/network/dwcp/compression/adaptive_compression.go:137.56,150.22 10 0
github.com/khryptorgraphics/novacron/backend/core/network/dwcp/compression/adaptive_compression.go:150.22,152.3 1 0
github.com/khryptorgraphics/novacron/backend/core/network/dwcp/compression/adaptive_compression.go:153.2,153.22 1 0
github.com/khryptorgraphics/novacron/backend/core/network/dwcp/compression/adaptive_compression.go:153.22,155.3 1 0
github.com/khryptorgraphics/novacron/backend/core/network/dwcp/compression/adaptive_compression.go:157.2,166.38 6 0
github.com/khryptorgraphics/novacron/backend/core/network/dwcp/compression/adaptive_compression.go:166.38,168.49 1 0
github.com/khryptorgraphics/novacron/backend/core/network/dwcp/compression/adaptive_compression.go:168.49,170.4 1 0
github.com/khryptorgraphics/novacron/backend/core/network/dwcp/compression/adaptive_compression.go:171.8,171.49 1 0
github.com/khryptorgraphics/novacron/backend/core/network/dwcp/compression/adaptive_compression.go:171.49,174.3 1 0
github.com/khryptorgraphics/novacron/backend/core/network/dwcp/compression/adaptive_compression.go:177.2,177.40 1 0
github.com/khryptorgraphics/novacron/backend/core/network/dwcp/compression/adaptive_compression.go:177.40,180.3 1 0
github.com/khryptorgraphics/novacron/backend/core/network/dwcp/compression/adaptive_compression.go:183.2,183.24 1 0
github.com/khryptorgraphics/novacron/backend/core/network/dwcp/compression/adaptive_compression.go:183.24,186.3 1 0
github.com/khryptorgraphics/novacron/backend/core/network/dwcp/compression/adaptive_compression.go:188.2,188.26 1 0
github.com/khryptorgraphics/novacron/backend/core/network/dwcp/compression/adaptive_compression.go:188.26,196.3 2 0
github.com/khryptorgraphics/novacron/backend/core/network/dwcp/compression/adaptive_compression.go:198.2,198.30 1 0
github.com/khryptorgraphics/novacron/backend/core/network/dwcp/compression/adaptive_compression.go:201.90,202.17 1 0
github.com/khryptorgraphics/novacron/backend/core/network/dwcp/compression/adaptive_compression.go:203.25,204.27 1 0
github.com/khryptorgraphics/novacron/backend/core/network/dwcp/compression/adaptive_compression.go:205.25,206.37 1 0
github.com/khryptorgraphics/novacron/backend/core/network/dwcp/compression/adaptive_compression.go:207.35,208.35 1 0
github.com/khryptorgraphics/novacron/backend/core/network/dwcp/compression/adaptive_compression.go:209.10,210.35 1 0
github.com/khryptorgraphics/novacron/backend/core/network/dwcp/compression/adaptive_compression.go:214.90,215.17 1 0
github.com/khryptorgraphics/novacron/backend/core/network/dwcp/compression/adaptive_compression.go:216.33,217.37 1 0
github.com/khryptorgraphics/novacron/backend/core/network/dwcp/compression/adaptive_compression.go:218.35,219.27 1 0
github.com/khryptorgraphics/novacron/backend/core/network/dwcp/compression/adaptive_compression.go:220.25,221.27 1 0
github.com/khryptorgraphics/novacron/backend/core/network/dwcp/compression/adaptive_compression.go:222.10,223.27 1 0
github.com/khryptorgraphics/novacron/backend/core/network/dwcp/compression/adaptive_compression.go:227.77,228.15 1 2
github.com/khryptorgraphics/novacron/backend/core/network/dwcp/compression/adaptive_compression.go:229.25,230.19 1 0
github.com/khryptorgraphics/novacron/backend/core/network/dwcp/compression/adaptive_compression.go:231.25,232.19 1 2
github.com/khryptorgraphics/novacron/backend/core/network/dwcp/compression/adaptive_compression.go:233.35,234.18 1 0
github.com/khryptorgraphics/novacron/backend/core/network/dwcp/compression/adaptive_compression.go:235.33,236.16 1 0
github.com/khryptorgraphics/novacron/backend/core/network/dwcp/compression/adaptive_compression.go:237.10,238.19 1 0
github.com/khryptorgraphics/novacron/backend/core/network/dwcp/compression/adaptive_compression.go:242.57,246.2 3 34
github.com/khryptorgraphics/novacron/backend/core/network/dwcp/compression/adaptive_compression.go:248.63,249.31 1 36
github.com/khryptorgraphics/novacron/backend/core/network/dwcp/compression/adaptive_compression.go:249.31,251.3 1 36
github.com/khryptorgraphics/novacron/backend/core/network/dwcp/compression/adaptive_compression.go:253.2,254.40 2 0
github.com/khryptorgraphics/novacron/backend/core/network/dwcp/compression/adaptive_compression.go:254.40,256.3 1 0
github.com/khryptorgraphics/novacron/backend/core/network/dwcp/compression/adaptive_compression.go:257.2,257.44 1 0
github.com/khryptorgraphics/novacron/backend/core/network/dwcp/compression/adaptive_compression.go:260.72,261.34 1 2
github.com/khryptorgraphics/novacron/backend/core/network/dwcp/compression/adaptive_compression.go:261.34,263.3 1 2
github.com/khryptorgraphics/novacron/backend/core/network/dwcp/compression/adaptive_compression.go:265.2,266.41 2 0
github.com/khryptorgraphics/novacron/backend/core/network/dwcp/compression/adaptive_compression.go:266.41,268.3 1 0
github.com/khryptorgraphics/novacron/backend/core/network/dwcp/compression/adaptive_compression.go:269.2,269.53 1 0
github.com/khryptorgraphics/novacron/backend/core/network/dwcp/compression/adaptive_compression.go:273.65,293.2 9 2
github.com/khryptorgraphics/novacron/backend/core/network/dwcp/compression/baseline_sync.go:68.54,76.2 1 0
github.com/khryptorgraphics/novacron/backend/core/network/dwcp/compression/baseline_sync.go:79.100,80.19 1 0
github.com/khryptorgraphics/novacron/backend/core/network/dwcp/compression/baseline_sync.go:80.19,82.3 1 0
github.com/khryptorgraphics/novacron/backend/core/network/dwcp/compression/baseline_sync.go:84.2,84.19 1 0
github.com/khryptorgraphics/novacron/backend/core/network/dwcp/compression/baseline_sync.go:84.19,86.3 1 0
github.com/khryptorgraphics/novacron/backend/core/network/dwcp/compression/baseline_sync.go:88.2,97.47 2 0
github.com/khryptorgraphics/novacron/backend/core/network/dwcp/compression/baseline_sync.go:97.47,99.3 1 0
github.com/khryptorgraphics/novacron/backend/core/network/dwcp/compression/baseline_sync.go:101.2,101.11 1 0
github.com/khryptorgraphics/novacron/backend/core/network/dwcp/compression/baseline_sync.go:105.76,122.2 5 0
github.com/khryptorgraphics/novacron/backend/core/network/dwcp/compression/baseline_sync.go:125.63,132.2 4 0
github.com/khryptorgraphics/novacron/backend/core/network/dwcp/compression/baseline_sync.go:135.82,142.23 4 0
github.com/khryptorgraphics/novacron/backend/core/network/dwcp/compression/baseline_sync.go:142.23,144.3 1 0
github.com/khryptorgraphics/novacron/backend/core/network/dwcp/compression/baseline_sync.go:148.80,154.2 4 0
github.com/khryptorgraphics/novacron/backend/core/network/dwcp/compression/baseline_sync.go:157.60,164.2 4 0
github.com/khryptorgraphics/novacron/backend/core/network/dwcp/compression/baseline_sync.go:167.76,168.24 1 0
github.com/khryptorgraphics/novacron/backend/core/network/dwcp/compression/baseline_sync.go:168.24,170.3 1 0
github.com/khryptorgraphics/novacron/backend/core/network/dwcp/compression/baseline_sync.go:172.2,174.38 3 0
github.com/khryptorgraphics/novacron/backend/core/network/dwcp/compression/baseline_sync.go:174.38,176.3 1 0
github.com/khryptorgraphics/novacron/backend/core/network/dwcp/compression/baseline_sync.go:177.2,180.29 2 0
github.com/khryptorgraphics/novacron/backend/core/network/dwcp/compression/baseline_sync.go:180.29,181.10 1 0
github.com/khryptorgraphics/novacron/backend/core/network/dwcp/compression/baseline_sync.go:182.21,183.20 1 0
github.com/khryptorgraphics/novacron/backend/core/network/dwcp/compression/baseline_sync.go:184.11,185.53 1 0
github.com/khryptorgraphics/novacron/backend/core/network/dwcp/compression/baseline_sync.go:185.53,189.5 1 0
github.com/khryptorgraphics/novacron/backend/core/network/dwcp/compression/baseline_sync.go:193.2,193.12 1 0
github.com/khryptorgraphics/novacron/backend/core/network/dwcp/compression/baseline_sync.go:197.91,207.9 4 0
github.com/khryptorgraphics/novacron/backend/core/network/dwcp/compression/baseline_sync.go:208.43,208.43 0 0
github.com/khryptorgraphics/novacron/backend/core/network/dwcp/compression/baseline_sync.go:209.20,210.19 1 0
github.com/khryptorgraphics/novacron/backend/core/network/dwcp/compression/baseline_sync.go:214.2,219.12 5 0
github.com/khryptorgraphics/novacron/backend/core/network/dwcp/compression/baseline_sync.go:223.83,230.2 1 0
github.com/khryptorgraphics/novacron/backend/core/network/dwcp/compression/baseline_sync.go:233.94,234.38 1 0
github.com/khryptorgraphics/novacron/backend/core/network/dwcp/compression/baseline_sync.go:235.13,236.46 1 0
github.com/khryptorgraphics/novacron/backend/core/network/dwcp/compression/baseline_sync.go:236.46,238.4 1 0
github.com/khryptorgraphics/novacron/backend/core/network/dwcp/compression/baseline_sync.go:239.3,239.15 1 0
github.com/khryptorgraphics/novacron/backend/core/network/dwcp/compression/baseline_sync.go:241.16,242.46 1 0
github.com/khryptorgraphics/novacron/backend/core/network/dwcp/compression/baseline_sync.go:242.46,244.4 1 0
github.com/khryptorgraphics/novacron/backend/core/network/dwcp/compression/baseline_sync.go:245.3,245.15 1 0
github.com/khryptorgraphics/novacron/backend/core/network/dwcp/compression/baseline_sync.go:247.16,252.15 2 0
github.com/khryptorgraphics/novacron/backend/core/network/dwcp/compression/baseline_sync.go:254.10,255.15 1 0
github.com/khryptorgraphics/novacron/backend/core/network/dwcp/compression/baseline_sync.go:260.95,265.13 4 0
github.com/khryptorgraphics/novacron/backend/core/network/dwcp/compression/baseline_sync.go:265.13,267.3 1 0
github.com/khryptorgraphics/novacron/backend/core/network/dwcp/compression/baseline_sync.go:271.2,278.12 3 0
github.com/khryptorgraphics/novacron/backend/core/network/dwcp/compression/baseline_sync.go:282.67,287.47 4 0
github.com/khryptorgraphics/novacron/backend/core/network/dwcp/compression/baseline_sync.go:287.47,289.3 1 0
github.com/khryptorgraphics/novacron/backend/core/network/dwcp/compression/baseline_sync.go:291.2,292.16 2 0
github.com/khryptorgraphics/novacron/backend/core/network/dwcp/compression/baseline_sync.go:292.16,294.3 1 0
github.com/khryptorgraphics/novacron/backend/core/network/dwcp/compression/baseline_sync.go:296.2,296.18 1 0
github.com/khryptorgraphics/novacron/backend/core/network/dwcp/compression/baseline_sync.go:300.68,302.56 2 0
github.com/khryptorgraphics/novacron/backend/core/network/dwcp/compression/baseline_sync.go:302.56,304.3 1 0
github.com/khryptorgraphics/novacron/backend/core/network/dwcp/compression/baseline_sync.go:306.2,309.38 3 0
github.com/khryptorgraphics/novacron/backend/core/network/dwcp/compression/baseline_sync.go:309.38,311.3 1 0
github.com/khryptorgraphics/novacron/backend/core/network/dwcp/compression/baseline_sync.go:313.2,315.12 2 0
github.com/khryptorgraphics/novacron/backend/core/network/dwcp/compression/baseline_sync.go:319.77,321.35 2 0
github.com/khryptorgraphics/novacron/backend/core/network/dwcp/compression/baseline_sync.go:321.35,323.3 1 0
github.com/khryptorgraphics/novacron/backend/core/network/dwcp/compression/baseline_sync.go:325.2,329.37 4 0
github.com/khryptorgraphics/novacron/backend/core/network/dwcp/compression/baseline_sync.go:329.37,333.31 2 0
github.com/khryptorgraphics/novacron/backend/core/network/dwcp/compression/baseline_sync.go:333.31,334.55 1 0
github.com/khryptorgraphics/novacron/backend/core/network/dwcp/compression/baseline_sync.go:334.55,336.10 2 0
github.com/khryptorgraphics/novacron/backend/core/network/dwcp/compression/baseline_sync.go:340.3,340.16 1 0
github.com/khryptorgraphics/novacron/backend/core/network/dwcp/compression/baseline_sync.go:340.16,343.4 2 0
github.com/khryptorgraphics/novacron/backend/core/network/dwcp/compression/baseline_sync.go:346.2,346.17 1 0
github.com/khryptorgraphics/novacron/backend/core/network/dwcp/compression/baseline_sync.go:346.17,348.3 1 0
github.com/khryptorgraphics/novacron/backend/core/network/dwcp/compression/baseline_sync.go:350.2,350.16 1 0
github.com/khryptorgraphics/novacron/backend/core/network/dwcp/compression/baseline_sync.go:354.54,357.12 2 0
github.com/khryptorgraphics/novacron/backend/core/network/dwcp/compression/baseline_sync.go:357.12,358.7 1 0
github.com/khryptorgraphics/novacron/backend/core/network/dwcp/compression/baseline_sync.go:358.7,359.11 1 0
github.com/khryptorgraphics/novacron/backend/core/network/dwcp/compression/baseline_sync.go:360.27,362.51 2 0
github.com/khryptorgraphics/novacron/backend/core/network/dwcp/compression/baseline_sync.go:362.51,364.6 1 0
github.com/khryptorgraphics/novacron/backend/core/network/dwcp/compression/baseline_sync.go:365.5,365.13 1 0
github.com/khryptorgraphics/novacron/backend/core/network/dwcp/compression/baseline_sync.go:367.23,369.11 2 0
github.com/khryptorgraphics/novacron/backend/core/network/dwcp/compression/baseline_sync.go:374.2,375.52 1 0
github.com/khryptorgraphics/novacron/backend/core/network/dwcp/compression/baseline_sync.go:379.67,387.38 7 0
github.com/khryptorgraphics/novacron/backend/core/network/dwcp/compression/baseline_sync.go:387.38,388.38 1 0
github.com/khryptorgraphics/novacron/backend/core/network/dwcp/compression/baseline_sync.go:388.38,390.4 1 0
github.com/khryptorgraphics/novacron/backend/core/network/dwcp/compression/baseline_sync.go:392.2,400.3 2 0
github.com/khryptorgraphics/novacron/backend/core/network/dwcp/compression/baseline_sync.go:404.47,405.26 1 0
github.com/khryptorgraphics/novacron/backend/core/network/dwcp/compression/baseline_sync.go:405.26,407.3 1 0
github.com/khryptorgraphics/novacron/backend/core/network/dwcp/compression/baseline_sync.go:408.2,408.12 1 0
github.com/khryptorgraphics/novacron/backend/core/network/dwcp/compression/delta_algorithms.go:29.42,31.2 1 4
github.com/khryptorgraphics/novacron/backend/core/network/dwcp/compression/delta_algorithms.go:33.83,35.27 2 6
github.com/khryptorgraphics/novacron/backend/core/network/dwcp/compression/delta_algorithms.go:35.27,37.3 1 0
github.com/khryptorgraphics/novacron/backend/core/network/dwcp/compression/delta_algorithms.go:39.2,43.27 3 6
github.com/khryptorgraphics/novacron/backend/core/network/dwcp/compression/delta_algorithms.go:43.27,45.3 1 0
github.com/khryptorgraphics/novacron/backend/core/network/dwcp/compression/delta_algorithms.go:47.2,47.30 1 6
github.com/khryptorgraphics/novacron/backend/core/network/dwcp/compression/delta_algorithms.go:47.30,49.3 1 1081449
github.com/khryptorgraphics/novacron/backend/core/network/dwcp/compression/delta_algorithms.go:52.2,52.34 1 6
github.com/khryptorgraphics/novacron/backend/core/network/dwcp/compression/delta_algorithms.go:52.34,54.3 1 0
github.com/khryptorgraphics/novacron/backend/core/network/dwcp/compression/delta_algorithms.go:54.8,54.41 1 6
github.com/khryptorgraphics/novacron/backend/core/network/dwcp/compression/delta_algorithms.go:54.41,56.49 1 0
github.com/khryptorgraphics/novacron/backend/core/network/dwcp/compression/delta_algorithms.go:56.49,58.4 1 0
github.com/khryptorgraphics/novacron/backend/core/network/dwcp/compression/delta_algorithms.go:61.2,61.19 1 6
github.com/khryptorgraphics/novacron/backend/core/network/dwcp/compression/delta_algorithms.go:64.79,66.25 2 2
github.com/khryptorgraphics/novacron/backend/core/network/dwcp/compression/delta_algorithms.go:66.25,68.3 1 0
github.com/khryptorgraphics/novacron/backend/core/network/dwcp/compression/delta_algorithms.go:70.2,74.25 3 2
github.com/khryptorgraphics/novacron/backend/core/network/dwcp/compression/delta_algorithms.go:74.25,76.3 1 0
github.com/khryptorgraphics/novacron/backend/core/network/dwcp/compression/delta_algorithms.go:78.2,78.30 1 2
github.com/khryptorgraphics/novacron/backend/core/network/dwcp/compression/delta_algorithms.go:78.30,80.3 1 1081344
github.com/khryptorgraphics/novacron/backend/core/network/dwcp/compression/delta_algorithms.go:83.2,83.32 1 2
github.com/khryptorgraphics/novacron/backend/core/network/dwcp/compression/delta_algorithms.go:83.32,85.3 1 0
github.com/khryptorgraphics/novacron/backend/core/network/dwcp/compression/delta_algorithms.go:87.2,87.27 1 2
github.com/khryptorgraphics/novacron/backend/core/network/dwcp/compression/delta_algorithms.go:95.63,96.20 1 9
github.com/khryptorgraphics/novacron/backend/core/network/dwcp/compression/delta_algorithms.go:96.20,98.3 1 0
github.com/khryptorgraphics/novacron/backend/core/network/dwcp/compression/delta_algorithms.go:99.2,99.50 1 9
github.com/khryptorgraphics/novacron/backend/core/network/dwcp/compression/delta_algorithms.go:102.44,104.2 1 1
github.com/khryptorgraphics/novacron/backend/core/network/dwcp/compression/delta_algorithms.go:106.85,116.23 5 1
github.com/khryptorgraphics/novacron/backend/core/network/dwcp/compression/delta_algorithms.go:116.23,119.36 2 16
github.com/khryptorgraphics/novacron/backend/core/network/dwcp/compression/delta_algorithms.go:119.36,123.59 3 16
github.com/khryptorgraphics/novacron/backend/core/network/dwcp/compression/delta_algorithms.go:123.59,129.5 4 11
github.com/khryptorgraphics/novacron/backend/core/network/dwcp/compression/delta_algorithms.go:132.3,132.18 1 16
github.com/khryptorgraphics/novacron/backend/core/network/dwcp/compression/delta_algorithms.go:132.18,135.27 2 5
github.com/khryptorgraphics/novacron/backend/core/network/dwcp/compression/delta_algorithms.go:135.27,137.5 1 0
github.com/khryptorgraphics/novacron/backend/core/network/dwcp/compression/delta_algorithms.go:139.4,143.16 5 5
github.com/khryptorgraphics/novacron/backend/core/network/dwcp/compression/delta_algorithms.go:147.2,147.27 1 1
github.com/khryptorgraphics/novacron/backend/core/network/dwcp/compression/delta_algorithms.go:150.81,155.21 4 1
github.com/khryptorgraphics/novacron/backend/core/network/dwcp/compression/delta_algorithms.go:155.21,156.22 1 16
github.com/khryptorgraphics/novacron/backend/core/network/dwcp/compression/delta_algorithms.go:156.22,157.9 1 0
github.com/khryptorgraphics/novacron/backend/core/network/dwcp/compression/delta_algorithms.go:160.3,163.21 3 16
github.com/khryptorgraphics/novacron/backend/core/network/dwcp/compression/delta_algorithms.go:163.21,165.24 1 11
github.com/khryptorgraphics/novacron/backend/core/network/dwcp/compression/delta_algorithms.go:165.24,167.5 1 0
github.com/khryptorgraphics/novacron/backend/core/network/dwcp/compression/delta_algorithms.go:168.4,172.49 3 11
github.com/khryptorgraphics/novacron/backend/core/network/dwcp/compression/delta_algorithms.go:172.49,174.5 1 0
github.com/khryptorgraphics/novacron/backend/core/network/dwcp/compression/delta_algorithms.go:175.4,175.67 1 11
github.com/khryptorgraphics/novacron/backend/core/network/dwcp/compression/delta_algorithms.go:177.9,177.28 1 5
github.com/khryptorgraphics/novacron/backend/core/network/dwcp/compression/delta_algorithms.go:177.28,179.24 1 5
github.com/khryptorgraphics/novacron/backend/core/network/dwcp/compression/delta_algorithms.go:179.24,181.5 1 0
github.com/khryptorgraphics/novacron/backend/core/network/dwcp/compression/delta_algorithms.go:182.4,185.38 3 5
github.com/khryptorgraphics/novacron/backend/core/network/dwcp/compression/delta_algorithms.go:185.38,187.5 1 0
github.com/khryptorgraphics/novacron/backend/core/network/dwcp/compression/delta_algorithms.go:188.4,189.26 2 5
github.com/khryptorgraphics/novacron/backend/core/network/dwcp/compression/delta_algorithms.go:191.9,193.4 1 0
github.com/khryptorgraphics/novacron/backend/core/network/dwcp/compression/delta_algorithms.go:196.2,196.28 1 1
github.com/khryptorgraphics/novacron/backend/core/network/dwcp/compression/delta_algorithms.go:199.77,203.63 3 1
github.com/khryptorgraphics/novacron/backend/core/network/dwcp/compression/delta_algorithms.go:203.63,207.3 3 16
github.com/khryptorgraphics/novacron/backend/core/network/dwcp/compression/delta_algorithms.go:209.2,209.19 1 1
github.com/khryptorgraphics/novacron/backend/core/network/dwcp/compression/delta_algorithms.go:215.45,217.2 1 1
github.com/khryptorgraphics/novacron/backend/core/network/dwcp/compression/delta_algorithms.go:219.86,224.2 2 2
github.com/khryptorgraphics/novacron/backend/core/network/dwcp/compression/delta_algorithms.go:226.82,231.2 2 2
github.com/khryptorgraphics/novacron/backend/core/network/dwcp/compression/delta_algorithms.go:240.56,246.2 1 8
github.com/khryptorgraphics/novacron/backend/core/network/dwcp/compression/delta_algorithms.go:248.47,250.2 1 1
github.com/khryptorgraphics/novacron/backend/core/network/dwcp/compression/delta_algorithms.go:252.88,257.24 2 1
github.com/khryptorgraphics/novacron/backend/core/network/dwcp/compression/delta_algorithms.go:257.24,259.3 1 0
github.com/khryptorgraphics/novacron/backend/core/network/dwcp/compression/delta_algorithms.go:262.2,262.26 1 1
github.com/khryptorgraphics/novacron/backend/core/network/dwcp/compression/delta_algorithms.go:262.26,264.3 1 0
github.com/khryptorgraphics/novacron/backend/core/network/dwcp/compression/delta_algorithms.go:267.2,267.49 1 1
github.com/khryptorgraphics/novacron/backend/core/network/dwcp/compression/delta_algorithms.go:270.84,275.69 1 1
github.com/khryptorgraphics/novacron/backend/core/network/dwcp/compression/delta_algorithms.go:275.69,277.3 1 1
github.com/khryptorgraphics/novacron/backend/core/network/dwcp/compression/delta_algorithms.go:280.2,280.68 1 0
github.com/khryptorgraphics/novacron/backend/core/network/dwcp/compression/delta_algorithms.go:280.68,282.3 1 0
github.com/khryptorgraphics/novacron/backend/core/network/dwcp/compression/delta_algorithms.go:285.2,285.42 1 0
github.com/khryptorgraphics/novacron/backend/core/network/dwcp/compression/delta_algorithms.go:290.37,297.2 1 16
github.com/khryptorgraphics/novacron/backend/core/network/dwcp/compression/delta_algorithms.go:299.37,301.2 1 16
github.com/khryptorgraphics/novacron/backend/core/network/dwcp/compression/delta_algorithms.go:304.68,305.19 1 16
github.com/khryptorgraphics/novacron/backend/core/network/dwcp/compression/delta_algorithms.go:306.25,307.29 1 2
github.com/khryptorgraphics/novacron/backend/core/network/dwcp/compression/delta_algorithms.go:308.27,309.37 1 1
github.com/khryptorgraphics/novacron/backend/core/network/dwcp/compression/delta_algorithms.go:310.28,311.32 1 1
github.com/khryptorgraphics/novacron/backend/core/network/dwcp/compression/delta_algorithms.go:312.26,313.36 1 8
github.com/khryptorgraphics/novacron/backend/core/network/dwcp/compression/delta_algorithms.go:314.10,315.29 1 4
github.com/khryptorgraphics/novacron/backend/core/network/dwcp/compression/delta_encoder.go:73.56,87.2 1 6
github.com/khryptorgraphics/novacron/backend/core/network/dwcp/compression/delta_encoder.go:90.94,91.19 1 16
github.com/khryptorgraphics/novacron/backend/core/network/dwcp/compression/delta_encoder.go:91.19,93.3 1 0
github.com/khryptorgraphics/novacron/backend/core/network/dwcp/compression/delta_encoder.go:95.2,95.19 1 16
github.com/khryptorgraphics/novacron/backend/core/network/dwcp/compression/delta_encoder.go:95.19,97.3 1 0
github.com/khryptorgraphics/novacron/backend/core/network/dwcp/compression/delta_encoder.go:100.2,104.16 2 16
github.com/khryptorgraphics/novacron/backend/core/network/dwcp/compression/delta_encoder.go:104.16,106.3 1 0
github.com/khryptorgraphics/novacron/backend/core/network/dwcp/compression/delta_encoder.go:109.2,112.16 2 16
github.com/khryptorgraphics/novacron/backend/core/network/dwcp/compression/delta_encoder.go:112.16,115.3 2 0
github.com/khryptorgraphics/novacron/backend/core/network/dwcp/compression/delta_encoder.go:117.2,129.29 2 16
github.com/khryptorgraphics/novacron/backend/core/network/dwcp/compression/delta_encoder.go:129.29,132.17 3 8
github.com/khryptorgraphics/novacron/backend/core/network/dwcp/compression/delta_encoder.go:132.17,134.4 1 0
github.com/khryptorgraphics/novacron/backend/core/network/dwcp/compression/delta_encoder.go:138.2,141.27 2 16
github.com/khryptorgraphics/novacron/backend/core/network/dwcp/compression/delta_encoder.go:141.27,146.3 4 8
github.com/khryptorgraphics/novacron/backend/core/network/dwcp/compression/delta_encoder.go:149.2,149.31 1 16
github.com/khryptorgraphics/novacron/backend/core/network/dwcp/compression/delta_encoder.go:149.31,153.3 3 0
github.com/khryptorgraphics/novacron/backend/core/network/dwcp/compression/delta_encoder.go:155.2,161.16 2 16
github.com/khryptorgraphics/novacron/backend/core/network/dwcp/compression/delta_encoder.go:166.84,169.24 2 69
github.com/khryptorgraphics/novacron/backend/core/network/dwcp/compression/delta_encoder.go:169.24,172.3 1 2
github.com/khryptorgraphics/novacron/backend/core/network/dwcp/compression/delta_encoder.go:175.2,175.33 1 67
github.com/khryptorgraphics/novacron/backend/core/network/dwcp/compression/delta_encoder.go:175.33,177.3 1 27
github.com/khryptorgraphics/novacron/backend/core/network/dwcp/compression/delta_encoder.go:180.2,180.74 1 67
github.com/khryptorgraphics/novacron/backend/core/network/dwcp/compression/delta_encoder.go:180.74,190.3 2 13
github.com/khryptorgraphics/novacron/backend/core/network/dwcp/compression/delta_encoder.go:192.2,201.19 5 54
github.com/khryptorgraphics/novacron/backend/core/network/dwcp/compression/delta_encoder.go:201.19,203.38 2 47
github.com/khryptorgraphics/novacron/backend/core/network/dwcp/compression/delta_encoder.go:203.38,206.4 2 47
github.com/khryptorgraphics/novacron/backend/core/network/dwcp/compression/delta_encoder.go:207.3,207.21 1 47
github.com/khryptorgraphics/novacron/backend/core/network/dwcp/compression/delta_encoder.go:211.2,212.16 2 7
github.com/khryptorgraphics/novacron/backend/core/network/dwcp/compression/delta_encoder.go:212.16,214.3 1 0
github.com/khryptorgraphics/novacron/backend/core/network/dwcp/compression/delta_encoder.go:217.2,217.23 1 7
github.com/khryptorgraphics/novacron/backend/core/network/dwcp/compression/delta_encoder.go:217.23,219.3 1 7
github.com/khryptorgraphics/novacron/backend/core/network/dwcp/compression/delta_encoder.go:222.2,223.16 2 7
github.com/khryptorgraphics/novacron/backend/core/network/dwcp/compression/delta_encoder.go:223.16,225.3 1 0
github.com/khryptorgraphics/novacron/backend/core/network/dwcp/compression/delta_encoder.go:228.2,239.23 9 7
github.com/khryptorgraphics/novacron/backend/core/network/dwcp/compression/delta_encoder.go:239.23,241.3 1 7
github.com/khryptorgraphics/novacron/backend/core/network/dwcp/compression/delta_encoder.go:244.2,244.28 1 7
github.com/khryptorgraphics/novacron/backend/core/network/dwcp/compression/delta_encoder.go:244.28,247.3 2 1
github.com/khryptorgraphics/novacron/backend/core/network/dwcp/compression/delta_encoder.go:249.2,256.8 1 7
github.com/khryptorgraphics/novacron/backend/core/network/dwcp/compression/delta_encoder.go:260.87,261.44 1 28
github.com/khryptorgraphics/novacron/backend/core/network/dwcp/compression/delta_encoder.go:261.44,264.3 1 25
github.com/khryptorgraphics/novacron/backend/core/network/dwcp/compression/delta_encoder.go:267.2,268.16 2 3
github.com/khryptorgraphics/novacron/backend/core/network/dwcp/compression/delta_encoder.go:268.16,270.3 1 0
github.com/khryptorgraphics/novacron/backend/core/network/dwcp/compression/delta_encoder.go:273.2,277.18 4 3
github.com/khryptorgraphics/novacron/backend/core/network/dwcp/compression/delta_encoder.go:277.18,279.3 1 0
github.com/khryptorgraphics/novacron/backend/core/network/dwcp/compression/delta_encoder.go:282.2,288.27 5 3
github.com/khryptorgraphics/novacron/backend/core/network/dwcp/compression/delta_encoder.go:292.92,295.16 2 47
github.com/khryptorgraphics/novacron/backend/core/network/dwcp/compression/delta_encoder.go:295.16,297.3 1 0
github.com/khryptorgraphics/novacron/backend/core/network/dwcp/compression/delta_encoder.go:300.2,326.8 10 47
github.com/khryptorgraphics/novacron/backend/core/network/dwcp/compression/delta_encoder.go:330.71,332.16 2 0
github.com/khryptorgraphics/novacron/backend/core/network/dwcp/compression/delta_encoder.go:332.16,337.3 3 0
github.com/khryptorgraphics/novacron/backend/core/network/dwcp/compression/delta_encoder.go:338.2,338.14 1 0
github.com/khryptorgraphics/novacron/backend/core/network/dwcp/compression/delta_encoder.go:342.67,344.16 2 3
github.com/khryptorgraphics/novacron/backend/core/network/dwcp/compression/delta_encoder.go:344.16,349.3 3 0
github.com/khryptorgraphics/novacron/backend/core/network/dwcp/compression/delta_encoder.go:350.2,350.22 1 3
github.com/khryptorgraphics/novacron/backend/core/network/dwcp/compression/delta_encoder.go:354.63,361.53 5 56
github.com/khryptorgraphics/novacron/backend/core/network/dwcp/compression/delta_encoder.go:361.53,363.3 1 0
github.com/khryptorgraphics/novacron/backend/core/network/dwcp/compression/delta_encoder.go:365.2,365.46 1 56
github.com/khryptorgraphics/novacron/backend/core/network/dwcp/compression/delta_encoder.go:365.46,367.3 1 0
github.com/khryptorgraphics/novacron/backend/core/network/dwcp/compression/delta_encoder.go:369.2,369.25 1 56
github.com/khryptorgraphics/novacron/backend/core/network/dwcp/compression/delta_encoder.go:373.65,378.2 3 28
github.com/khryptorgraphics/novacron/backend/core/network/dwcp/compression/delta_encoder.go:381.73,383.16 2 2
github.com/khryptorgraphics/novacron/backend/core/network/dwcp/compression/delta_encoder.go:383.16,385.3 1 0
github.com/khryptorgraphics/novacron/backend/core/network/dwcp/compression/delta_encoder.go:387.2,397.8 4 2
github.com/khryptorgraphics/novacron/backend/core/network/dwcp/compression/delta_encoder.go:401.49,408.47 5 1
github.com/khryptorgraphics/novacron/backend/core/network/dwcp/compression/delta_encoder.go:408.47,409.54 1 5
github.com/khryptorgraphics/novacron/backend/core/network/dwcp/compression/delta_encoder.go:409.54,412.4 2 5
github.com/khryptorgraphics/novacron/backend/core/network/dwcp/compression/delta_encoder.go:415.2,415.16 1 1
github.com/khryptorgraphics/novacron/backend/core/network/dwcp/compression/delta_encoder.go:415.16,417.3 1 1
github.com/khryptorgraphics/novacron/backend/core/network/dwcp/compression/delta_encoder.go:419.2,419.15 1 1
github.com/khryptorgraphics/novacron/backend/core/network/dwcp/compression/delta_encoder.go:423.61,432.25 7 5
github.com/khryptorgraphics/novacron/backend/core/network/dwcp/compression/delta_encoder.go:432.25,434.3 1 5
github.com/khryptorgraphics/novacron/backend/core/network/dwcp/compression/delta_encoder.go:436.2,444.3 1 5
github.com/khryptorgraphics/novacron/backend/core/network/dwcp/compression/delta_encoder.go:448.39,452.27 3 16
github.com/khryptorgraphics/novacron/backend/core/network/dwcp/compression/delta_encoder.go:452.27,454.3 1 0
github.com/khryptorgraphics/novacron/backend/core/network/dwcp/compression/delta_encoder.go:455.2,455.27 1 16
github.com/khryptorgraphics/novacron/backend/core/network/dwcp/compression/delta_encoder.go:455.27,457.3 1 0
github.com/khryptorgraphics/novacron/backend/core/network/dwcp/compression/delta_encoder.go:458.2,458.33 1 16
github.com/khryptorgraphics/novacron/backend/core/network/dwcp/compression/delta_encoder.go:458.33,460.3 1 8
github.com/khryptorgraphics/novacron/backend/core/network/dwcp/compression/delta_encoder.go:461.2,461.28 1 16
github.com/khryptorgraphics/novacron/backend/core/network/dwcp/compression/delta_encoder.go:461.28,463.3 1 0
github.com/khryptorgraphics/novacron/backend/core/network/dwcp/compression/delta_encoder.go:465.2,465.12 1 16
github.com/khryptorgraphics/novacron/backend/core/network/dwcp/compression/delta_encoder.go:472.69,474.48 1 34
github.com/khryptorgraphics/novacron/backend/core/network/dwcp/compression/delta_encoder.go:474.48,477.43 2 34
github.com/khryptorgraphics/novacron/backend/core/network/dwcp/compression/delta_encoder.go:477.43,478.26 1 109
github.com/khryptorgraphics/novacron/backend/core/network/dwcp/compression/delta_encoder.go:478.26,480.10 2 34
github.com/khryptorgraphics/novacron/backend/core/network/dwcp/compression/delta_encoder.go:483.3,483.49 1 34
github.com/khryptorgraphics/novacron/backend/core/network/dwcp/compression/delta_encoder.go:483.49,485.4 1 34
github.com/khryptorgraphics/novacron/backend/core/network/dwcp/compression/delta_encoder.go:487.2,487.18 1 0
github.com/khryptorgraphics/novacron/backend/core/network/dwcp/compression/delta_encoder.go:491.94,495.33 2 7
github.com/khryptorgraphics/novacron/backend/core/network/dwcp/compression/delta_encoder.go:495.33,496.79 1 1
github.com/khryptorgraphics/novacron/backend/core/network/dwcp/compression/delta_encoder.go:496.79,498.18 2 0
github.com/khryptorgraphics/novacron/backend/core/network/dwcp/compression/delta_encoder.go:498.18,500.5 1 0
github.com/khryptorgraphics/novacron/backend/core/network/dwcp/compression/delta_encoder.go:501.4,503.20 1 0
github.com/khryptorgraphics/novacron/backend/core/network/dwcp/compression/delta_encoder.go:508.2,509.31 2 7
github.com/khryptorgraphics/novacron/backend/core/network/dwcp/compression/delta_encoder.go:513.90,518.52 3 0
github.com/khryptorgraphics/novacron/backend/core/network/dwcp/compression/delta_encoder.go:518.52,524.17 3 0
github.com/khryptorgraphics/novacron/backend/core/network/dwcp/compression/delta_encoder.go:524.17,526.4 1 0
github.com/khryptorgraphics/novacron/backend/core/network/dwcp/compression/delta_encoder.go:528.3,532.17 2 0
github.com/khryptorgraphics/novacron/backend/core/network/dwcp/compression/delta_encoder.go:532.17,534.4 1 0
github.com/khryptorgraphics/novacron/backend/core/network/dwcp/compression/delta_encoder.go:537.2,540.54 3 0
github.com/khryptorgraphics/novacron/backend/core/network/dwcp/compression/delta_encoder.go:540.54,542.3 1 0
github.com/khryptorgraphics/novacron/backend/core/network/dwcp/compression/delta_encoder.go:544.2,544.47 1 0
github.com/khryptorgraphics/novacron/backend/core/network/dwcp/compression/delta_encoder.go:544.47,546.3 1 0
github.com/khryptorgraphics/novacron/backend/core/network/dwcp/compression/delta_encoder.go:548.2,548.25 1 0
github.com/khryptorgraphics/novacron/backend/core/network/dwcp/compression/delta_encoder.go:552.51,553.33 1 2
github.com/khryptorgraphics/novacron/backend/core/network/dwcp/compression/delta_encoder.go:553.33,555.3 1 0
github.com/khryptorgraphics/novacron/backend/core/network/dwcp/compression/delta_encoder.go:557.2,557.52 1 2
github.com/khryptorgraphics/novacron/backend/core/network/dwcp/compression/delta_encoder.go:561.69,565.23 2 1
github.com/khryptorgraphics/novacron/backend/core/network/dwcp/compression/delta_encoder.go:565.23,567.35 2 1
github.com/khryptorgraphics/novacron/backend/core/network/dwcp/compression/delta_encoder.go:567.35,569.4 1 24
github.com/khryptorgraphics/novacron/backend/core/network/dwcp/compression/delta_encoder.go:572.2,572.33 1 1
github.com/khryptorgraphics/novacron/backend/core/network/dwcp/compression/delta_encoder.go:572.33,574.31 2 1
github.com/khryptorgraphics/novacron/backend/core/network/dwcp/compression/delta_encoder.go:574.31,576.4 1 4
github.com/khryptorgraphics/novacron/backend/core/network/dwcp/compression/delta_encoder.go:579.2,579.28 1 1
github.com/khryptorgraphics/novacron/backend/core/network/dwcp/compression/delta_encoder.go:579.28,581.35 2 1
github.com/khryptorgraphics/novacron/backend/core/network/dwcp/compression/delta_encoder.go:581.35,583.4 1 7
github.com/khryptorgraphics/novacron/backend/core/network/dwcp/compression/delta_encoder.go:586.2,586.28 1 1
github.com/khryptorgraphics/novacron/backend/core/network/dwcp/compression/delta_encoder.go:586.28,588.31 2 0
github.com/khryptorgraphics/novacron/backend/core/network/dwcp/compression/delta_encoder.go:588.31,590.4 1 0
github.com/khryptorgraphics/novacron/backend/core/network/dwcp/compression/delta_encoder.go:593.2,593.15 1 1
github.com/khryptorgraphics/novacron/backend/core/network/dwcp/compression/delta_encoder.go:607.51,608.28 1 2
github.com/khryptorgraphics/novacron/backend/core/network/dwcp/compression/delta_encoder.go:608.28,610.3 1 0
github.com/khryptorgraphics/novacron/backend/core/network/dwcp/compression/delta_encoder.go:611.2,611.62 1 2
github.com/khryptorgraphics/novacron/backend/core/network/dwcp/compression/dictionary_trainer.go:57.66,66.2 1 8
github.com/khryptorgraphics/novacron/backend/core/network/dwcp/compression/dictionary_trainer.go:69.109,70.19 1 8
github.com/khryptorgraphics/novacron/backend/core/network/dwcp/compression/dictionary_trainer.go:70.19,72.3 1 0
github.com/khryptorgraphics/novacron/backend/core/network/dwcp/compression/dictionary_trainer.go:74.2,74.19 1 8
github.com/khryptorgraphics/novacron/backend/core/network/dwcp/compression/dictionary_trainer.go:74.19,76.3 1 0
github.com/khryptorgraphics/novacron/backend/core/network/dwcp/compression/dictionary_trainer.go:79.2,79.62 1 8
github.com/khryptorgraphics/novacron/backend/core/network/dwcp/compression/dictionary_trainer.go:79.62,81.3 1 0
github.com/khryptorgraphics/novacron/backend/core/network/dwcp/compression/dictionary_trainer.go:83.2,94.46 2 8
github.com/khryptorgraphics/novacron/backend/core/network/dwcp/compression/dictionary_trainer.go:94.46,96.3 1 0
github.com/khryptorgraphics/novacron/backend/core/network/dwcp/compression/dictionary_trainer.go:99.2,99.49 1 8
github.com/khryptorgraphics/novacron/backend/core/network/dwcp/compression/dictionary_trainer.go:99.49,101.3 1 8
github.com/khryptorgraphics/novacron/backend/core/network/dwcp/compression/dictionary_trainer.go:103.2,103.16 1 8
github.com/khryptorgraphics/novacron/backend/core/network/dwcp/compression/dictionary_trainer.go:107.74,108.24 1 177
github.com/khryptorgraphics/novacron/backend/core/network/dwcp/compression/dictionary_trainer.go:108.24,110.3 1 0
github.com/khryptorgraphics/novacron/backend/core/network/dwcp/compression/dictionary_trainer.go:113.2,113.41 1 177
github.com/khryptorgraphics/novacron/backend/core/network/dwcp/compression/dictionary_trainer.go:113.41,115.3 1 13
github.com/khryptorgraphics/novacron/backend/core/network/dwcp/compression/dictionary_trainer.go:117.2,120.37 3 164
github.com/khryptorgraphics/novacron/backend/core/network/dwcp/compression/dictionary_trainer.go:120.37,122.3 1 15
github.com/khryptorgraphics/novacron/backend/core/network/dwcp/compression/dictionary_trainer.go:125.2,130.51 4 164
github.com/khryptorgraphics/novacron/backend/core/network/dwcp/compression/dictionary_trainer.go:130.51,132.3 1 0
github.com/khryptorgraphics/novacron/backend/core/network/dwcp/compression/dictionary_trainer.go:136.73,141.38 4 2
github.com/khryptorgraphics/novacron/backend/core/network/dwcp/compression/dictionary_trainer.go:141.38,143.3 1 0
github.com/khryptorgraphics/novacron/backend/core/network/dwcp/compression/dictionary_trainer.go:145.2,154.16 3 2
github.com/khryptorgraphics/novacron/backend/core/network/dwcp/compression/dictionary_trainer.go:154.16,156.3 1 2
github.com/khryptorgraphics/novacron/backend/core/network/dwcp/compression/dictionary_trainer.go:159.2,172.55 5 0
github.com/khryptorgraphics/novacron/backend/core/network/dwcp/compression/dictionary_trainer.go:172.55,174.3 1 0
github.com/khryptorgraphics/novacron/backend/core/network/dwcp/compression/dictionary_trainer.go:176.2,181.12 2 0
github.com/khryptorgraphics/novacron/backend/core/network/dwcp/compression/dictionary_trainer.go:185.80,190.13 4 1
github.com/khryptorgraphics/novacron/backend/core/network/dwcp/compression/dictionary_trainer.go:190.13,192.3 1 1
github.com/khryptorgraphics/novacron/backend/core/network/dwcp/compression/dictionary_trainer.go:194.2,194.30 1 0
github.com/khryptorgraphics/novacron/backend/core/network/dwcp/compression/dictionary_trainer.go:198.59,201.29 3 2
github.com/khryptorgraphics/novacron/backend/core/network/dwcp/compression/dictionary_trainer.go:201.29,203.3 1 2
github.com/khryptorgraphics/novacron/backend/core/network/dwcp/compression/dictionary_trainer.go:204.2,207.35 3 2
github.com/khryptorgraphics/novacron/backend/core/network/dwcp/compression/dictionary_trainer.go:207.35,208.48 1 2
github.com/khryptorgraphics/novacron/backend/core/network/dwcp/compression/dictionary_trainer.go:208.48,213.4 2 2
github.com/khryptorgraphics/novacron/backend/core/network/dwcp/compression/dictionary_trainer.go:216.2,216.21 1 2
github.com/khryptorgraphics/novacron/backend/core/network/dwcp/compression/dictionary_trainer.go:216.21,218.3 1 2
github.com/khryptorgraphics/novacron/backend/core/network/dwcp/compression/dictionary_trainer.go:220.2,221.12 2 0
github.com/khryptorgraphics/novacron/backend/core/network/dwcp/compression/dictionary_trainer.go:225.76,229.16 3 0
github.com/khryptorgraphics/novacron/backend/core/network/dwcp/compression/dictionary_trainer.go:229.16,231.3 1 0
github.com/khryptorgraphics/novacron/backend/core/network/dwcp/compression/dictionary_trainer.go:233.2,233.59 1 0
github.com/khryptorgraphics/novacron/backend/core/network/dwcp/compression/dictionary_trainer.go:233.59,235.3 1 0
github.com/khryptorgraphics/novacron/backend/core/network/dwcp/compression/dictionary_trainer.go:237.2,237.12 1 0
github.com/khryptorgraphics/novacron/backend/core/network/dwcp/compression/dictionary_trainer.go:241.55,243.16 2 8
github.com/khryptorgraphics/novacron/backend/core/network/dwcp/compression/dictionary_trainer.go:243.16,245.3 1 0
github.com/khryptorgraphics/novacron/backend/core/network/dwcp/compression/dictionary_trainer.go:247.2,247.29 1 8
github.com/khryptorgraphics/novacron/backend/core/network/dwcp/compression/dictionary_trainer.go:247.29,248.43 1 0
github.com/khryptorgraphics/novacron/backend/core/network/dwcp/compression/dictionary_trainer.go:248.43,249.12 1 0
github.com/khryptorgraphics/novacron/backend/core/network/dwcp/compression/dictionary_trainer.go:252.3,254.17 3 0
github.com/khryptorgraphics/novacron/backend/core/network/dwcp/compression/dictionary_trainer.go:254.17,258.12 2 0
github.com/khryptorgraphics/novacron/backend/core/network/dwcp/compression/dictionary_trainer.go:261.3,262.53 2 0
github.com/khryptorgraphics/novacron/backend/core/network/dwcp/compression/dictionary_trainer.go:262.53,266.12 2 0
github.com/khryptorgraphics/novacron/backend/core/network/dwcp/compression/dictionary_trainer.go:269.3,272.49 3 0
github.com/khryptorgraphics/novacron/backend/core/network/dwcp/compression/dictionary_trainer.go:272.49,274.4 1 0
github.com/khryptorgraphics/novacron/backend/core/network/dwcp/compression/dictionary_trainer.go:275.3,280.43 2 0
github.com/khryptorgraphics/novacron/backend/core/network/dwcp/compression/dictionary_trainer.go:283.2,283.12 1 8
github.com/khryptorgraphics/novacron/backend/core/network/dwcp/compression/dictionary_trainer.go:287.70,291.63 3 0
github.com/khryptorgraphics/novacron/backend/core/network/dwcp/compression/dictionary_trainer.go:291.63,293.3 1 0
github.com/khryptorgraphics/novacron/backend/core/network/dwcp/compression/dictionary_trainer.go:294.2,294.10 1 0
github.com/khryptorgraphics/novacron/backend/core/network/dwcp/compression/dictionary_trainer.go:298.55,301.12 2 8
github.com/khryptorgraphics/novacron/backend/core/network/dwcp/compression/dictionary_trainer.go:301.12,302.7 1 8
github.com/khryptorgraphics/novacron/backend/core/network/dwcp/compression/dictionary_trainer.go:302.7,303.11 1 8
github.com/khryptorgraphics/novacron/backend/core/network/dwcp/compression/dictionary_trainer.go:304.28,306.53 2 0
github.com/khryptorgraphics/novacron/backend/core/network/dwcp/compression/dictionary_trainer.go:306.53,308.6 1 0
github.com/khryptorgraphics/novacron/backend/core/network/dwcp/compression/dictionary_trainer.go:310.23,312.11 2 8
github.com/khryptorgraphics/novacron/backend/core/network/dwcp/compression/dictionary_trainer.go:317.2,318.54 1 8
github.com/khryptorgraphics/novacron/backend/core/network/dwcp/compression/dictionary_trainer.go:322.64,329.37 6 1
github.com/khryptorgraphics/novacron/backend/core/network/dwcp/compression/dictionary_trainer.go:329.37,331.3 1 10
github.com/khryptorgraphics/novacron/backend/core/network/dwcp/compression/dictionary_trainer.go:332.2,340.3 3 1
github.com/khryptorgraphics/novacron/backend/core/network/dwcp/compression/dictionary_trainer.go:344.44,345.27 1 8
github.com/khryptorgraphics/novacron/backend/core/network/dwcp/compression/dictionary_trainer.go:345.27,347.3 1 8
github.com/khryptorgraphics/novacron/backend/core/network/dwcp/compression/dictionary_trainer.go:348.2,348.12 1 8
github.com/khryptorgraphics/novacron/backend/core/network/dwcp/compression/metrics.go:49.50,53.2 1 16
github.com/khryptorgraphics/novacron/backend/core/network/dwcp/compression/metrics.go:56.135,64.13 6 54
github.com/khryptorgraphics/novacron/backend/core/network/dwcp/compression/metrics.go:64.13,67.3 2 7
github.com/khryptorgraphics/novacron/backend/core/network/dwcp/compression/metrics.go:67.8,69.3 1 47
github.com/khryptorgraphics/novacron/backend/core/network/dwcp/compression/metrics.go:71.2,71.14 1 54
github.com/khryptorgraphics/novacron/backend/core/network/dwcp/compression/metrics.go:71.14,73.3 1 0
github.com/khryptorgraphics/novacron/backend/core/network/dwcp/compression/metrics.go:73.8,75.3 1 54
github.com/khryptorgraphics/novacron/backend/core/network/dwcp/compression/metrics.go:77.2,79.37 2 54
github.com/khryptorgraphics/novacron/backend/core/network/dwcp/compression/metrics.go:79.37,81.3 1 29
github.com/khryptorgraphics/novacron/backend/core/network/dwcp/compression/metrics.go:82.2,82.37 1 54
github.com/khryptorgraphics/novacron/backend/core/network/dwcp/compression/metrics.go:82.37,84.3 1 15
github.com/khryptorgraphics/novacron/backend/core/network/dwcp/compression/metrics.go:88.74,93.2 3 0
github.com/khryptorgraphics/novacron/backend/core/network/dwcp/compression/metrics.go:96.54,101.2 3 0
github.com/khryptorgraphics/novacron/backend/core/network/dwcp/compression/metrics.go:104.69,108.19 3 7
github.com/khryptorgraphics/novacron/backend/core/network/dwcp/compression/metrics.go:109.13,110.20 1 4
github.com/khryptorgraphics/novacron/backend/core/network/dwcp/compression/metrics.go:111.15,112.22 1 1
github.com/khryptorgraphics/novacron/backend/core/network/dwcp/compression/metrics.go:113.16,114.23 1 1
github.com/khryptorgraphics/novacron/backend/core/network/dwcp/compression/metrics.go:115.14,116.22 1 1
github.com/khryptorgraphics/novacron/backend/core/network/dwcp/compression/metrics.go:121.64,127.2 4 0
github.com/khryptorgraphics/novacron/backend/core/network/dwcp/compression/metrics.go:130.54,135.2 3 0
github.com/khryptorgraphics/novacron/backend/core/network/dwcp/compression/metrics.go:138.57,143.2 3 13
github.com/khryptorgraphics/novacron/backend/core/network/dwcp/compression/metrics.go:146.61,151.2 3 0
github.com/khryptorgraphics/novacron/backend/core/network/dwcp/compression/metrics.go:154.60,158.33 3 0
github.com/khryptorgraphics/novacron/backend/core/network/dwcp/compression/metrics.go:158.33,160.3 1 0
github.com/khryptorgraphics/novacron/backend/core/network/dwcp/compression/metrics.go:161.2,161.72 1 0
github.com/khryptorgraphics/novacron/backend/core/network/dwcp/compression/metrics.go:165.56,170.16 4 0
github.com/khryptorgraphics/novacron/backend/core/network/dwcp/compression/metrics.go:170.16,172.3 1 0
github.com/khryptorgraphics/novacron/backend/core/network/dwcp/compression/metrics.go:173.2,173.54 1 0
github.com/khryptorgraphics/novacron/backend/core/network/dwcp/compression/metrics.go:177.64,182.16 4 0
github.com/khryptorgraphics/novacron/backend/core/network/dwcp/compression/metrics.go:182.16,184.3 1 0
github.com/khryptorgraphics/novacron/backend/core/network/dwcp/compression/metrics.go:185.2,185.59 1 0
github.com/khryptorgraphics/novacron/backend/core/network/dwcp/compression/metrics.go:189.72,193.28 3 0
github.com/khryptorgraphics/novacron/backend/core/network/dwcp/compression/metrics.go:193.28,195.3 1 0
github.com/khryptorgraphics/novacron/backend/core/network/dwcp/compression/metrics.go:196.2,196.66 1 0
github.com/khryptorgraphics/novacron/backend/core/network/dwcp/compression/metrics.go:200.74,204.28 3 0
github.com/khryptorgraphics/novacron/backend/core/network/dwcp/compression/metrics.go:204.28,206.3 1 0
github.com/khryptorgraphics/novacron/backend/core/network/dwcp/compression/metrics.go:207.2,207.68 1 0
github.com/khryptorgraphics/novacron/backend/core/network/dwcp/compression/metrics.go:211.67,216.32 4 1
github.com/khryptorgraphics/novacron/backend/core/network/dwcp/compression/metrics.go:216.32,218.3 1 1
github.com/khryptorgraphics/novacron/backend/core/network/dwcp/compression/metrics.go:220.2,221.35 2 1
github.com/khryptorgraphics/novacron/backend/core/network/dwcp/compression/metrics.go:221.35,223.3 1 1
github.com/khryptorgraphics/novacron/backend/core/network/dwcp/compression/metrics.go:225.2,226.45 2 1
github.com/khryptorgraphics/novacron/backend/core/network/dwcp/compression/metrics.go:226.45,228.3 1 1
github.com/khryptorgraphics/novacron/backend/core/network/dwcp/compression/metrics.go:230.2,231.27 2 1
github.com/khryptorgraphics/novacron/backend/core/network/dwcp/compression/metrics.go:231.27,233.3 1 1
github.com/khryptorgraphics/novacron/backend/core/network/dwcp/compression/metrics.go:235.2,271.3 1 1
github.com/khryptorgraphics/novacron/backend/core/network/dwcp/compression/metrics.go:275.38,282.2 3 0
